Mplus VERSION 8.3
MUTHEN & MUTHEN
01/15/2024   6:25 PM

INPUT INSTRUCTIONS

  TITLE:

      Mediation;

  DATA:
  FILE = "./OUTPUT/SEM/Mplus/SEM.med_30257049ed629f3bcf9e438ceeb59b32.dat";

  VARIABLE:
  NAMES = ASC1 ASC2 ASC3 ASC4 ASC5 OSC1 OSC2 OSC3 OSC4 OSC6 OSC7 RD1 RD2 RD3 RD4 RD5
       POS1 POS2 POS3 POS5 POS6 LS1 LS2 LS3 LS4 LS5;
   MISSING=.;

  ANALYSIS:

      TYPE =general;
      bootstrap = 5000;
      process=16;

  MODEL:

      ASC by ASC1-ASC5;
      OSC by OSC1-OSC4 OSC6 OSC7;
      SCO by ASC OSC;

      RD by RD1-RD5;
      POS by POS1-POS3 POS5 POS6;

      LS by LS1-LS5;

      RD on SCO(a1);
      POS on SCO(a2);
      LS on SCO(c)
            RD(b1)
            POS(b2);

  MODEL CONSTRAINT:

     NEW(IE_RD
         IE_POS);

      IE_RD = a1*b1;
      IE_POS = a2*b2;

  OUTPUT:

      CINT(bcbootstrap);
      STDYX



INPUT READING TERMINATED NORMALLY





Mediation;

SUMMARY OF ANALYSIS

Number of groups                                                 1
Number of observations                                         303

Number of dependent variables                                   26
Number of independent variables                                  0
Number of continuous latent variables                            6

Observed dependent variables

  Continuous
   ASC1        ASC2        ASC3        ASC4        ASC5        OSC1
   OSC2        OSC3        OSC4        OSC6        OSC7        RD1
   RD2         RD3         RD4         RD5         POS1        POS2
   POS3        POS5        POS6        LS1         LS2         LS3
   LS4         LS5

Continuous latent variables
   ASC         OSC         SCO         RD          POS         LS


Estimator                                                       ML
Information matrix                                        OBSERVED
Maximum number of iterations                                  1000
Convergence criterion                                    0.500D-04
Maximum number of steepest descent iterations                   20
Maximum number of iterations for H1                           2000
Convergence criterion for H1                             0.100D-03
Number of bootstrap draws
    Requested                                                 5000
    Completed                                                 5000

Input data file(s)
  ./OUTPUT/SEM/Mplus/SEM.med_30257049ed629f3bcf9e438ceeb59b32.dat

Input data format  FREE


SUMMARY OF DATA

     Number of missing data patterns             1


COVARIANCE COVERAGE OF DATA

Minimum covariance coverage value   0.100


     PROPORTION OF DATA PRESENT


           Covariance Coverage
              ASC1          ASC2          ASC3          ASC4          ASC5
              ________      ________      ________      ________      ________
 ASC1           1.000
 ASC2           1.000         1.000
 ASC3           1.000         1.000         1.000
 ASC4           1.000         1.000         1.000         1.000
 ASC5           1.000         1.000         1.000         1.000         1.000
 OSC1           1.000         1.000         1.000         1.000         1.000
 OSC2           1.000         1.000         1.000         1.000         1.000
 OSC3           1.000         1.000         1.000         1.000         1.000
 OSC4           1.000         1.000         1.000         1.000         1.000
 OSC6           1.000         1.000         1.000         1.000         1.000
 OSC7           1.000         1.000         1.000         1.000         1.000
 RD1            1.000         1.000         1.000         1.000         1.000
 RD2            1.000         1.000         1.000         1.000         1.000
 RD3            1.000         1.000         1.000         1.000         1.000
 RD4            1.000         1.000         1.000         1.000         1.000
 RD5            1.000         1.000         1.000         1.000         1.000
 POS1           1.000         1.000         1.000         1.000         1.000
 POS2           1.000         1.000         1.000         1.000         1.000
 POS3           1.000         1.000         1.000         1.000         1.000
 POS5           1.000         1.000         1.000         1.000         1.000
 POS6           1.000         1.000         1.000         1.000         1.000
 LS1            1.000         1.000         1.000         1.000         1.000
 LS2            1.000         1.000         1.000         1.000         1.000
 LS3            1.000         1.000         1.000         1.000         1.000
 LS4            1.000         1.000         1.000         1.000         1.000
 LS5            1.000         1.000         1.000         1.000         1.000


           Covariance Coverage
              OSC1          OSC2          OSC3          OSC4          OSC6
              ________      ________      ________      ________      ________
 OSC1           1.000
 OSC2           1.000         1.000
 OSC3           1.000         1.000         1.000
 OSC4           1.000         1.000         1.000         1.000
 OSC6           1.000         1.000         1.000         1.000         1.000
 OSC7           1.000         1.000         1.000         1.000         1.000
 RD1            1.000         1.000         1.000         1.000         1.000
 RD2            1.000         1.000         1.000         1.000         1.000
 RD3            1.000         1.000         1.000         1.000         1.000
 RD4            1.000         1.000         1.000         1.000         1.000
 RD5            1.000         1.000         1.000         1.000         1.000
 POS1           1.000         1.000         1.000         1.000         1.000
 POS2           1.000         1.000         1.000         1.000         1.000
 POS3           1.000         1.000         1.000         1.000         1.000
 POS5           1.000         1.000         1.000         1.000         1.000
 POS6           1.000         1.000         1.000         1.000         1.000
 LS1            1.000         1.000         1.000         1.000         1.000
 LS2            1.000         1.000         1.000         1.000         1.000
 LS3            1.000         1.000         1.000         1.000         1.000
 LS4            1.000         1.000         1.000         1.000         1.000
 LS5            1.000         1.000         1.000         1.000         1.000


           Covariance Coverage
              OSC7          RD1           RD2           RD3           RD4
              ________      ________      ________      ________      ________
 OSC7           1.000
 RD1            1.000         1.000
 RD2            1.000         1.000         1.000
 RD3            1.000         1.000         1.000         1.000
 RD4            1.000         1.000         1.000         1.000         1.000
 RD5            1.000         1.000         1.000         1.000         1.000
 POS1           1.000         1.000         1.000         1.000         1.000
 POS2           1.000         1.000         1.000         1.000         1.000
 POS3           1.000         1.000         1.000         1.000         1.000
 POS5           1.000         1.000         1.000         1.000         1.000
 POS6           1.000         1.000         1.000         1.000         1.000
 LS1            1.000         1.000         1.000         1.000         1.000
 LS2            1.000         1.000         1.000         1.000         1.000
 LS3            1.000         1.000         1.000         1.000         1.000
 LS4            1.000         1.000         1.000         1.000         1.000
 LS5            1.000         1.000         1.000         1.000         1.000


           Covariance Coverage
              RD5           POS1          POS2          POS3          POS5
              ________      ________      ________      ________      ________
 RD5            1.000
 POS1           1.000         1.000
 POS2           1.000         1.000         1.000
 POS3           1.000         1.000         1.000         1.000
 POS5           1.000         1.000         1.000         1.000         1.000
 POS6           1.000         1.000         1.000         1.000         1.000
 LS1            1.000         1.000         1.000         1.000         1.000
 LS2            1.000         1.000         1.000         1.000         1.000
 LS3            1.000         1.000         1.000         1.000         1.000
 LS4            1.000         1.000         1.000         1.000         1.000
 LS5            1.000         1.000         1.000         1.000         1.000


           Covariance Coverage
              POS6          LS1           LS2           LS3           LS4
              ________      ________      ________      ________      ________
 POS6           1.000
 LS1            1.000         1.000
 LS2            1.000         1.000         1.000
 LS3            1.000         1.000         1.000         1.000
 LS4            1.000         1.000         1.000         1.000         1.000
 LS5            1.000         1.000         1.000         1.000         1.000


           Covariance Coverage
              LS5
              ________
 LS5            1.000



UNIVARIATE SAMPLE STATISTICS


     UNIVARIATE HIGHER-ORDER MOMENT DESCRIPTIVE STATISTICS

         Variable/         Mean/     Skewness/   Minimum/ % with                Percentiles
        Sample Size      Variance    Kurtosis    Maximum  Min/Max      20%/60%    40%/80%    Median

     ASC1                  4.211      -0.188       1.000    3.96%       3.000      4.000      4.000
             303.000       2.266      -0.665       7.000    5.28%       5.000      6.000
     ASC2                  4.858      -0.664       1.000    1.98%       4.000      5.000      5.000
             303.000       2.056      -0.094       7.000    9.57%       5.000      6.000
     ASC3                  5.135      -0.863       1.000    1.65%       4.000      5.000      5.000
             303.000       1.708       0.614       7.000   11.55%       6.000      6.000
     ASC4                  4.449      -0.356       1.000    4.29%       3.000      4.000      5.000
             303.000       2.630      -0.750       7.000    8.58%       5.000      6.000
     ASC5                  3.980      -0.144       1.000   11.22%       2.000      3.000      4.000
             303.000       3.188      -1.072       7.000    6.60%       5.000      6.000
     OSC1                  4.340      -0.312       1.000    3.30%       3.000      4.000      5.000
             303.000       2.409      -0.794       7.000    5.61%       5.000      6.000
     OSC2                  4.594      -0.457       1.000    3.63%       3.000      4.000      5.000
             303.000       2.380      -0.557       7.000    8.25%       5.000      6.000
     OSC3                  4.904      -0.646       1.000    2.64%       4.000      5.000      5.000
             303.000       2.318      -0.217       7.000   13.53%       6.000      6.000
     OSC4                  4.805      -0.543       1.000    2.64%       3.000      5.000      5.000
             303.000       2.375      -0.407       7.000   12.87%       5.000      6.000
     OSC6                  4.469      -0.314       1.000    4.29%       3.000      4.000      5.000
             303.000       2.553      -0.651       7.000    9.90%       5.000      6.000
     OSC7                  4.284      -0.199       1.000    5.28%       3.000      4.000      4.000
             303.000       2.797      -0.869       7.000    9.24%       5.000      6.000
     RD1                   4.188      -0.136       1.000    3.63%       3.000      4.000      4.000
             303.000       2.588      -0.972       7.000    6.27%       5.000      6.000
     RD2                   3.083       0.516       1.000   18.48%       2.000      2.000      3.000
             303.000       2.551      -0.478       7.000    2.97%       3.000      4.000
     RD3                   2.818       0.541       1.000   24.09%       1.000      2.000      3.000
             303.000       2.274      -0.512       7.000    0.99%       3.000      4.000
     RD4                   3.964      -0.072       1.000    9.57%       2.000      3.000      4.000
             303.000       3.104      -1.112       7.000    5.94%       5.000      6.000
     RD5                   3.419       0.303       1.000   14.19%       2.000      3.000      3.000
             303.000       2.857      -0.828       7.000    4.62%       4.000      5.000
     POS1                  3.475       0.104       1.000    7.92%       2.000      3.000      4.000
             303.000       1.913      -0.434       7.000    2.31%       4.000      5.000
     POS2                  3.158       0.363       1.000   16.83%       2.000      3.000      3.000
             303.000       2.430      -0.702       7.000    1.65%       3.000      5.000
     POS3                  4.112      -0.164       1.000    3.30%       3.000      4.000      4.000
             303.000       1.822      -0.181       7.000    3.63%       4.000      5.000
     POS5                  3.149       0.119       1.000   12.54%       2.000      3.000      3.000
             303.000       1.750      -0.637       7.000    0.33%       3.000      4.000
     POS6                  4.063      -0.170       1.000    3.96%       3.000      4.000      4.000
             303.000       2.072      -0.607       7.000    2.97%       5.000      5.000
     LS1                   4.046      -0.248       1.000    6.93%       2.000      4.000      4.000
             303.000       2.612      -0.927       7.000    3.96%       5.000      5.000
     LS2                   4.132      -0.141       1.000    3.96%       3.000      4.000      4.000
             303.000       2.167      -0.610       7.000    4.29%       5.000      5.000
     LS3                   4.611      -0.553       1.000    6.27%       3.000      4.000      5.000
             303.000       2.858      -0.617       7.000   10.23%       5.000      6.000
     LS4                   4.264      -0.311       1.000    8.25%       3.000      4.000      5.000
             303.000       3.046      -0.923       7.000    8.58%       5.000      6.000
     LS5                   3.182       0.424       1.000   23.43%       1.000      2.000      3.000
             303.000       3.251      -0.957       7.000    3.63%       3.000      5.000


THE MODEL ESTIMATION TERMINATED NORMALLY



MODEL FIT INFORMATION

Number of Free Parameters                       85

Loglikelihood

          H0 Value                      -12458.062
          H1 Value                      -11989.838

Information Criteria

          Akaike (AIC)                   25086.125
          Bayesian (BIC)                 25401.792
          Sample-Size Adjusted BIC       25132.217
            (n* = (n + 2) / 24)

Chi-Square Test of Model Fit

          Value                            936.449
          Degrees of Freedom                   292
          P-Value                           0.0000

RMSEA (Root Mean Square Error Of Approximation)

          Estimate                           0.085
          90 Percent C.I.                    0.079  0.092
          Probability RMSEA <= .05           0.000

CFI/TLI

          CFI                                0.872
          TLI                                0.857

Chi-Square Test of Model Fit for the Baseline Model

          Value                           5349.336
          Degrees of Freedom                   325
          P-Value                           0.0000

SRMR (Standardized Root Mean Square Residual)

          Value                              0.119



MODEL RESULTS

                                                    Two-Tailed
                    Estimate       S.E.  Est./S.E.    P-Value

 ASC      BY
    ASC1               1.000      0.000    999.000    999.000
    ASC2               0.923      0.080     11.544      0.000
    ASC3               0.734      0.080      9.198      0.000
    ASC4               1.202      0.092     13.012      0.000
    ASC5               1.436      0.099     14.465      0.000

 OSC      BY
    OSC1               1.000      0.000    999.000    999.000
    OSC2               0.847      0.052     16.242      0.000
    OSC3               0.762      0.071     10.763      0.000
    OSC4               0.659      0.074      8.914      0.000
    OSC6               0.778      0.067     11.564      0.000
    OSC7               1.005      0.060     16.722      0.000

 RD       BY
    RD1                1.000      0.000    999.000    999.000
    RD2                1.088      0.073     14.952      0.000
    RD3                0.939      0.077     12.140      0.000
    RD4                1.179      0.084     14.034      0.000
    RD5                1.168      0.084     13.886      0.000

 POS      BY
    POS1               1.000      0.000    999.000    999.000
    POS2               1.139      0.059     19.278      0.000
    POS3               1.023      0.087     11.747      0.000
    POS5               0.618      0.076      8.151      0.000
    POS6               1.049      0.088     11.989      0.000

 LS       BY
    LS1                1.000      0.000    999.000    999.000
    LS2                0.888      0.048     18.457      0.000
    LS3                1.075      0.045     23.997      0.000
    LS4                0.936      0.054     17.185      0.000
    LS5                0.808      0.063     12.813      0.000

 SCO      BY
    ASC                1.000      0.000    999.000    999.000
    OSC                1.248      0.257      4.856      0.000

 RD       ON
    SCO                0.273      0.115      2.373      0.018

 POS      ON
    SCO                0.320      0.079      4.045      0.000

 LS       ON
    SCO                0.125      0.084      1.480      0.139
    RD                -0.568      0.086     -6.619      0.000
    POS                0.727      0.095      7.610      0.000

 Intercepts
    ASC1               4.211      0.086     48.782      0.000
    ASC2               4.858      0.082     58.890      0.000
    ASC3               5.135      0.075     68.062      0.000
    ASC4               4.449      0.093     47.627      0.000
    ASC5               3.980      0.103     38.503      0.000
    OSC1               4.340      0.091     47.852      0.000
    OSC2               4.594      0.089     51.669      0.000
    OSC3               4.904      0.088     55.640      0.000
    OSC4               4.805      0.089     54.236      0.000
    OSC6               4.469      0.092     48.823      0.000
    OSC7               4.284      0.098     43.608      0.000
    RD1                4.188      0.092     45.584      0.000
    RD2                3.083      0.092     33.585      0.000
    RD3                2.818      0.086     32.609      0.000
    RD4                3.964      0.100     39.609      0.000
    RD5                3.419      0.098     34.954      0.000
    POS1               3.475      0.079     44.020      0.000
    POS2               3.158      0.089     35.337      0.000
    POS3               4.112      0.078     52.761      0.000
    POS5               3.149      0.076     41.678      0.000
    POS6               4.063      0.083     48.963      0.000
    LS1                4.046      0.094     43.262      0.000
    LS2                4.132      0.085     48.410      0.000
    LS3                4.611      0.099     46.696      0.000
    LS4                4.264      0.101     42.330      0.000
    LS5                3.182      0.104     30.709      0.000

 Variances
    SCO                1.088      0.253      4.292      0.000

 Residual Variances
    ASC1               1.104      0.139      7.964      0.000
    ASC2               1.065      0.109      9.740      0.000
    ASC3               1.081      0.102     10.555      0.000
    ASC4               0.952      0.100      9.546      0.000
    ASC5               0.792      0.092      8.596      0.000
    OSC1               0.686      0.080      8.559      0.000
    OSC2               1.144      0.126      9.065      0.000
    OSC3               1.317      0.137      9.584      0.000
    OSC4               1.627      0.169      9.631      0.000
    OSC6               1.511      0.145     10.395      0.000
    OSC7               1.058      0.127      8.358      0.000
    RD1                1.204      0.131      9.197      0.000
    RD2                0.911      0.104      8.753      0.000
    RD3                1.053      0.100     10.497      0.000
    RD4                1.181      0.131      9.025      0.000
    RD5                0.970      0.147      6.592      0.000
    POS1               0.741      0.103      7.230      0.000
    POS2               0.912      0.117      7.807      0.000
    POS3               0.598      0.083      7.193      0.000
    POS5               1.303      0.114     11.393      0.000
    POS6               0.783      0.101      7.760      0.000
    LS1                0.633      0.077      8.237      0.000
    LS2                0.606      0.069      8.771      0.000
    LS3                0.570      0.067      8.537      0.000
    LS4                1.314      0.153      8.608      0.000
    LS5                1.960      0.160     12.242      0.000
    ASC                0.074      0.199      0.371      0.711
    OSC                0.029      0.317      0.090      0.928
    RD                 1.304      0.151      8.609      0.000
    POS                1.060      0.130      8.140      0.000
    LS                 0.506      0.082      6.168      0.000

New/Additional Parameters
    IE_RD             -0.155      0.067     -2.317      0.020
    IE_POS             0.232      0.061      3.783      0.000


STANDARDIZED MODEL RESULTS


STDYX Standardization

                                                    Two-Tailed
                    Estimate       S.E.  Est./S.E.    P-Value

 ASC      BY
    ASC1               0.716      0.040     18.026      0.000
    ASC2               0.694      0.033     20.726      0.000
    ASC3               0.606      0.040     15.105      0.000
    ASC4               0.799      0.026     30.720      0.000
    ASC5               0.867      0.018     48.165      0.000

 OSC      BY
    OSC1               0.846      0.020     42.139      0.000
    OSC2               0.721      0.034     21.130      0.000
    OSC3               0.657      0.041     15.897      0.000
    OSC4               0.561      0.051     10.964      0.000
    OSC6               0.639      0.041     15.407      0.000
    OSC7               0.788      0.030     26.051      0.000

 RD       BY
    RD1                0.731      0.034     21.338      0.000
    RD2                0.802      0.025     32.070      0.000
    RD3                0.733      0.029     24.877      0.000
    RD4                0.787      0.028     27.912      0.000
    RD5                0.813      0.030     26.941      0.000

 POS      BY
    POS1               0.783      0.034     23.219      0.000
    POS2               0.791      0.033     23.857      0.000
    POS3               0.820      0.031     26.347      0.000
    POS5               0.506      0.053      9.479      0.000
    POS6               0.789      0.032     24.328      0.000

 LS       BY
    LS1                0.841      0.021     39.995      0.000
    LS2                0.816      0.023     34.861      0.000
    LS3                0.870      0.016     52.731      0.000
    LS4                0.710      0.036     19.707      0.000
    LS5                0.581      0.039     14.849      0.000

 SCO      BY
    ASC                0.968      0.087     11.068      0.000
    OSC                0.992      0.091     10.867      0.000

 RD       ON
    SCO                0.242      0.080      3.001      0.003

 POS      ON
    SCO                0.308      0.077      4.012      0.000

 LS       ON
    SCO                0.105      0.067      1.578      0.114
    RD                -0.540      0.070     -7.759      0.000
    POS                0.636      0.068      9.286      0.000

 Intercepts
    ASC1               2.798      0.119     23.563      0.000
    ASC2               3.388      0.172     19.732      0.000
    ASC3               3.930      0.223     17.605      0.000
    ASC4               2.743      0.121     22.723      0.000
    ASC5               2.229      0.092     24.164      0.000
    OSC1               2.796      0.121     23.197      0.000
    OSC2               2.978      0.139     21.430      0.000
    OSC3               3.222      0.164     19.696      0.000
    OSC4               3.118      0.151     20.706      0.000
    OSC6               2.797      0.121     23.054      0.000
    OSC7               2.561      0.108     23.686      0.000
    RD1                2.603      0.100     25.959      0.000
    RD2                1.930      0.069     27.996      0.000
    RD3                1.869      0.065     28.843      0.000
    RD4                2.250      0.087     25.801      0.000
    RD5                2.023      0.073     27.867      0.000
    POS1               2.513      0.103     24.427      0.000
    POS2               2.026      0.073     27.639      0.000
    POS3               3.046      0.134     22.701      0.000
    POS5               2.380      0.093     25.722      0.000
    POS6               2.822      0.121     23.253      0.000
    LS1                2.751      0.109     25.287      0.000
    LS2                3.068      0.118     26.106      0.000
    LS3                3.014      0.135     22.319      0.000
    LS4                2.618      0.109     23.931      0.000
    LS5                1.850      0.063     29.384      0.000

 Variances
    SCO                1.000      0.000    999.000    999.000

 Residual Variances
    ASC1               0.487      0.056      8.641      0.000
    ASC2               0.518      0.046     11.211      0.000
    ASC3               0.633      0.048     13.150      0.000
    ASC4               0.362      0.041      8.765      0.000
    ASC5               0.248      0.031      7.978      0.000
    OSC1               0.285      0.034      8.409      0.000
    OSC2               0.481      0.049      9.873      0.000
    OSC3               0.568      0.054     10.583      0.000
    OSC4               0.685      0.057     12.083      0.000
    OSC6               0.592      0.053     11.268      0.000
    OSC7               0.378      0.047      7.985      0.000
    RD1                0.465      0.050      9.321      0.000
    RD2                0.357      0.040      8.938      0.000
    RD3                0.463      0.043     10.791      0.000
    RD4                0.380      0.044      8.602      0.000
    RD5                0.339      0.049      6.980      0.000
    POS1               0.388      0.052      7.396      0.000
    POS2               0.375      0.052      7.216      0.000
    POS3               0.328      0.051      6.479      0.000
    POS5               0.744      0.053     13.926      0.000
    POS6               0.378      0.051      7.447      0.000
    LS1                0.293      0.035      8.291      0.000
    LS2                0.334      0.038      8.761      0.000
    LS3                0.244      0.029      8.497      0.000
    LS4                0.495      0.051      9.730      0.000
    LS5                0.662      0.046     14.555      0.000
    ASC                0.064      0.171      0.371      0.711
    OSC                0.017      0.185      0.090      0.929
    RD                 0.942      0.038     24.895      0.000
    POS                0.905      0.046     19.658      0.000
    LS                 0.330      0.044      7.551      0.000


R-SQUARE

    Observed                                        Two-Tailed
    Variable        Estimate       S.E.  Est./S.E.    P-Value

    ASC1               0.513      0.056      9.092      0.000
    ASC2               0.482      0.046     10.424      0.000
    ASC3               0.367      0.048      7.617      0.000
    ASC4               0.638      0.041     15.453      0.000
    ASC5               0.752      0.031     24.136      0.000
    OSC1               0.715      0.034     21.120      0.000
    OSC2               0.519      0.049     10.663      0.000
    OSC3               0.432      0.054      8.046      0.000
    OSC4               0.315      0.057      5.555      0.000
    OSC6               0.408      0.053      7.774      0.000
    OSC7               0.622      0.047     13.122      0.000
    RD1                0.535      0.050     10.723      0.000
    RD2                0.643      0.040     16.087      0.000
    RD3                0.537      0.043     12.508      0.000
    RD4                0.620      0.044     14.017      0.000
    RD5                0.661      0.049     13.588      0.000
    POS1               0.612      0.052     11.683      0.000
    POS2               0.625      0.052     12.023      0.000
    POS3               0.672      0.051     13.276      0.000
    POS5               0.256      0.053      4.783      0.000
    POS6               0.622      0.051     12.262      0.000
    LS1                0.707      0.035     20.032      0.000
    LS2                0.666      0.038     17.459      0.000
    LS3                0.756      0.029     26.381      0.000
    LS4                0.505      0.051      9.918      0.000
    LS5                0.338      0.046      7.415      0.000

     Latent                                         Two-Tailed
    Variable        Estimate       S.E.  Est./S.E.    P-Value

    ASC                0.936      0.171      5.463      0.000
    OSC                0.983      0.185      5.314      0.000
    RD                 0.058      0.038      1.542      0.123
    POS                0.095      0.046      2.064      0.039
    LS                 0.670      0.044     15.306      0.000


CONFIDENCE INTERVALS OF MODEL RESULTS

                  Lower .5%  Lower 2.5%    Lower 5%    Estimate    Upper 5%  Upper 2.5%   Upper .5%

 ASC      BY
    ASC1             1.000       1.000       1.000       1.000       1.000       1.000       1.000
    ASC2             0.730       0.772       0.800       0.923       1.056       1.091       1.150
    ASC3             0.542       0.582       0.607       0.734       0.870       0.896       0.952
    ASC4             0.993       1.044       1.065       1.202       1.369       1.404       1.477
    ASC5             1.228       1.267       1.290       1.436       1.616       1.655       1.738

 OSC      BY
    OSC1             1.000       1.000       1.000       1.000       1.000       1.000       1.000
    OSC2             0.710       0.748       0.763       0.847       0.935       0.950       0.984
    OSC3             0.587       0.628       0.651       0.762       0.886       0.905       0.948
    OSC4             0.473       0.518       0.542       0.659       0.787       0.813       0.856
    OSC6             0.601       0.648       0.668       0.778       0.889       0.909       0.954
    OSC7             0.850       0.886       0.909       1.005       1.105       1.123       1.163

 RD       BY
    RD1              1.000       1.000       1.000       1.000       1.000       1.000       1.000
    RD2              0.911       0.956       0.977       1.088       1.212       1.244       1.308
    RD3              0.753       0.797       0.818       0.939       1.074       1.101       1.152
    RD4              0.991       1.027       1.049       1.179       1.328       1.359       1.429
    RD5              0.966       1.012       1.037       1.168       1.308       1.342       1.418

 POS      BY
    POS1             1.000       1.000       1.000       1.000       1.000       1.000       1.000
    POS2             0.998       1.028       1.045       1.139       1.239       1.259       1.297
    POS3             0.811       0.860       0.888       1.023       1.175       1.202       1.257
    POS5             0.418       0.465       0.488       0.618       0.739       0.762       0.807
    POS6             0.837       0.889       0.913       1.049       1.202       1.236       1.296

 LS       BY
    LS1              1.000       1.000       1.000       1.000       1.000       1.000       1.000
    LS2              0.770       0.798       0.814       0.888       0.972       0.988       1.017
    LS3              0.962       0.990       1.004       1.075       1.151       1.167       1.199
    LS4              0.782       0.822       0.842       0.936       1.021       1.038       1.069
    LS5              0.649       0.680       0.703       0.808       0.909       0.931       0.970

 SCO      BY
    ASC              1.000       1.000       1.000       1.000       1.000       1.000       1.000
    OSC              0.711       0.841       0.897       1.248       1.699       1.814       2.060

 RD       ON
    SCO              0.033       0.082       0.104       0.273       0.473       0.504       0.571

 POS      ON
    SCO              0.131       0.171       0.197       0.320       0.460       0.486       0.543

 LS       ON
    SCO             -0.074      -0.030      -0.008       0.125       0.268       0.293       0.346
    RD              -0.808      -0.750      -0.720      -0.568      -0.434      -0.416      -0.368
    POS              0.483       0.542       0.568       0.727       0.879       0.913       0.981

 Intercepts
    ASC1             3.993       4.043       4.073       4.211       4.350       4.380       4.436
    ASC2             4.627       4.690       4.719       4.858       4.990       5.017       5.069
    ASC3             4.941       4.987       5.010       5.135       5.261       5.284       5.323
    ASC4             4.195       4.261       4.290       4.449       4.597       4.627       4.686
    ASC5             3.700       3.769       3.805       3.980       4.152       4.178       4.234
    OSC1             4.102       4.168       4.188       4.340       4.485       4.512       4.568
    OSC2             4.360       4.416       4.446       4.594       4.736       4.762       4.815
    OSC3             4.667       4.729       4.752       4.904       5.046       5.073       5.129
    OSC4             4.578       4.627       4.657       4.805       4.947       4.977       5.043
    OSC6             4.231       4.284       4.317       4.469       4.617       4.644       4.690
    OSC7             4.020       4.083       4.116       4.284       4.436       4.469       4.525
    RD1              3.954       4.003       4.033       4.188       4.337       4.363       4.419
    RD2              2.848       2.898       2.927       3.083       3.231       3.257       3.320
    RD3              2.594       2.650       2.680       2.818       2.964       2.993       3.046
    RD4              3.696       3.769       3.799       3.964       4.125       4.158       4.205
    RD5              3.175       3.231       3.261       3.419       3.581       3.614       3.670
    POS1             3.271       3.320       3.347       3.475       3.607       3.630       3.673
    POS2             2.934       2.984       3.013       3.158       3.307       3.337       3.393
    POS3             3.921       3.960       3.983       4.112       4.241       4.264       4.304
    POS5             2.957       3.003       3.026       3.149       3.274       3.300       3.350
    POS6             3.845       3.898       3.924       4.063       4.198       4.224       4.277
    LS1              3.809       3.861       3.891       4.046       4.198       4.221       4.267
    LS2              3.911       3.964       3.987       4.132       4.271       4.300       4.350
    LS3              4.353       4.409       4.446       4.611       4.772       4.799       4.865
    LS4              4.007       4.066       4.096       4.264       4.429       4.459       4.521
    LS5              2.921       2.987       3.017       3.182       3.360       3.393       3.449

 Variances
    SCO              0.586       0.680       0.734       1.088       1.574       1.670       1.953

 Residual Variances
    ASC1             0.790       0.856       0.892       1.104       1.358       1.402       1.482
    ASC2             0.822       0.877       0.908       1.065       1.271       1.316       1.400
    ASC3             0.852       0.902       0.931       1.081       1.274       1.313       1.381
    ASC4             0.721       0.776       0.806       0.952       1.136       1.176       1.253
    ASC5             0.573       0.626       0.653       0.792       0.955       0.986       1.060
    OSC1             0.499       0.542       0.565       0.686       0.832       0.863       0.910
    OSC2             0.879       0.940       0.971       1.144       1.393       1.443       1.555
    OSC3             1.010       1.081       1.119       1.317       1.574       1.632       1.733
    OSC4             1.236       1.329       1.378       1.627       1.937       1.991       2.100
    OSC6             1.174       1.257       1.298       1.511       1.774       1.825       1.969
    OSC7             0.783       0.848       0.885       1.058       1.312       1.372       1.485
    RD1              0.884       0.959       1.000       1.204       1.431       1.476       1.580
    RD2              0.659       0.717       0.750       0.911       1.096       1.130       1.189
    RD3              0.818       0.875       0.901       1.053       1.233       1.269       1.350
    RD4              0.869       0.946       0.983       1.181       1.414       1.465       1.567
    RD5              0.668       0.732       0.768       0.970       1.269       1.330       1.461
    POS1             0.505       0.560       0.588       0.741       0.933       0.966       1.028
    POS2             0.651       0.717       0.746       0.912       1.136       1.190       1.274
    POS3             0.402       0.443       0.466       0.598       0.741       0.772       0.823
    POS5             1.028       1.098       1.134       1.303       1.507       1.549       1.631
    POS6             0.544       0.604       0.633       0.783       0.968       1.005       1.074
    LS1              0.453       0.495       0.520       0.633       0.776       0.801       0.858
    LS2              0.443       0.480       0.501       0.606       0.730       0.751       0.799
    LS3              0.415       0.452       0.471       0.570       0.691       0.716       0.761
    LS4              0.988       1.058       1.098       1.314       1.619       1.671       1.809
    LS5              1.565       1.663       1.715       1.960       2.235       2.289       2.377
    ASC             -0.632      -0.354      -0.271       0.074       0.364       0.422       0.537
    OSC             -1.050      -0.685      -0.525       0.029       0.466       0.558       0.748
    RD               0.947       1.032       1.079       1.304       1.588       1.624       1.715
    POS              0.765       0.822       0.857       1.060       1.294       1.331       1.432
    LS               0.327       0.368       0.390       0.506       0.665       0.696       0.759

New/Additional Parameters
    IE_RD           -0.336      -0.293      -0.272      -0.155      -0.056      -0.043      -0.017
    IE_POS           0.095       0.125       0.142       0.232       0.349       0.369       0.421


CONFIDENCE INTERVALS OF STANDARDIZED MODEL RESULTS


STDYX Standardization

                  Lower .5%  Lower 2.5%    Lower 5%    Estimate    Upper 5%  Upper 2.5%   Upper .5%

 ASC      BY
    ASC1             0.601       0.633       0.647       0.716       0.777       0.787       0.805
    ASC2             0.600       0.622       0.635       0.694       0.746       0.754       0.768
    ASC3             0.487       0.518       0.532       0.606       0.664       0.675       0.698
    ASC4             0.718       0.741       0.751       0.799       0.837       0.844       0.856
    ASC5             0.814       0.828       0.835       0.867       0.894       0.899       0.907

 OSC      BY
    OSC1             0.785       0.802       0.810       0.846       0.876       0.882       0.892
    OSC2             0.616       0.646       0.657       0.721       0.770       0.778       0.794
    OSC3             0.531       0.564       0.582       0.657       0.718       0.728       0.748
    OSC4             0.407       0.449       0.469       0.561       0.638       0.651       0.678
    OSC6             0.517       0.549       0.562       0.639       0.700       0.711       0.734
    OSC7             0.694       0.715       0.729       0.788       0.830       0.839       0.855

 RD       BY
    RD1              0.636       0.663       0.674       0.731       0.787       0.796       0.811
    RD2              0.733       0.751       0.760       0.802       0.842       0.849       0.862
    RD3              0.651       0.670       0.681       0.733       0.778       0.785       0.802
    RD4              0.702       0.727       0.738       0.787       0.830       0.838       0.853
    RD5              0.716       0.739       0.753       0.813       0.853       0.860       0.874

 POS      BY
    POS1             0.685       0.705       0.718       0.783       0.830       0.841       0.855
    POS2             0.684       0.716       0.727       0.791       0.837       0.846       0.860
    POS3             0.730       0.752       0.764       0.820       0.866       0.875       0.889
    POS5             0.349       0.390       0.409       0.506       0.584       0.600       0.627
    POS6             0.688       0.714       0.728       0.789       0.835       0.843       0.861

 LS       BY
    LS1              0.775       0.795       0.802       0.841       0.872       0.878       0.889
    LS2              0.750       0.767       0.774       0.816       0.851       0.859       0.869
    LS3              0.823       0.833       0.839       0.870       0.894       0.897       0.907
    LS4              0.592       0.624       0.639       0.710       0.761       0.770       0.787
    LS5              0.468       0.498       0.512       0.581       0.641       0.652       0.674

 SCO      BY
    ASC              0.746       0.800       0.834       0.968       1.114       1.147       1.229
    OSC              0.754       0.824       0.852       0.992       1.142       1.181       1.257

 RD       ON
    SCO              0.034       0.080       0.102       0.242       0.364       0.384       0.419

 POS      ON
    SCO              0.109       0.150       0.177       0.308       0.426       0.447       0.481

 LS       ON
    SCO             -0.063      -0.024      -0.005       0.105       0.210       0.228       0.267
    RD              -0.716      -0.678      -0.661      -0.540      -0.431      -0.409      -0.369
    POS              0.444       0.492       0.515       0.636       0.740       0.760       0.792

 Intercepts
    ASC1             2.523       2.584       2.612       2.798       2.996       3.036       3.119
    ASC2             2.978       3.078       3.120       3.388       3.677       3.737       3.876
    ASC3             3.410       3.526       3.580       3.930       4.306       4.373       4.567
    ASC4             2.454       2.514       2.552       2.743       2.944       2.987       3.079
    ASC5             2.005       2.052       2.077       2.229       2.383       2.414       2.478
    OSC1             2.526       2.570       2.603       2.796       2.996       3.041       3.126
    OSC2             2.650       2.721       2.754       2.978       3.208       3.259       3.363
    OSC3             2.847       2.918       2.960       3.222       3.498       3.558       3.695
    OSC4             2.782       2.853       2.891       3.118       3.381       3.440       3.545
    OSC6             2.517       2.570       2.602       2.797       2.998       3.044       3.131
    OSC7             2.297       2.361       2.389       2.561       2.743       2.776       2.852
    RD1              2.361       2.410       2.440       2.603       2.764       2.801       2.885
    RD2              1.761       1.792       1.812       1.930       2.039       2.061       2.106
    RD3              1.709       1.744       1.763       1.869       1.974       1.996       2.043
    RD4              2.045       2.086       2.109       2.250       2.394       2.426       2.481
    RD5              1.850       1.885       1.908       2.023       2.144       2.169       2.216
    POS1             2.271       2.323       2.349       2.513       2.681       2.715       2.801
    POS2             1.848       1.893       1.911       2.026       2.149       2.175       2.226
    POS3             2.726       2.799       2.838       3.046       3.273       3.315       3.420
    POS5             2.155       2.210       2.231       2.380       2.531       2.562       2.626
    POS6             2.540       2.606       2.637       2.822       3.034       3.073       3.153
    LS1              2.486       2.549       2.583       2.751       2.936       2.976       3.047
    LS2              2.767       2.845       2.881       3.068       3.266       3.309       3.395
    LS3              2.696       2.764       2.803       3.014       3.246       3.294       3.389
    LS4              2.350       2.408       2.443       2.618       2.800       2.845       2.927
    LS5              1.703       1.735       1.750       1.850       1.958       1.978       2.026

 Variances
    SCO              1.000       1.000       1.000       1.000       1.000       1.000       1.000

 Residual Variances
    ASC1             0.351       0.380       0.396       0.487       0.581       0.599       0.637
    ASC2             0.410       0.431       0.444       0.518       0.597       0.613       0.640
    ASC3             0.513       0.544       0.558       0.633       0.717       0.732       0.763
    ASC4             0.267       0.288       0.299       0.362       0.435       0.451       0.483
    ASC5             0.177       0.192       0.200       0.248       0.303       0.315       0.337
    OSC1             0.204       0.222       0.233       0.285       0.344       0.357       0.383
    OSC2             0.370       0.395       0.407       0.481       0.568       0.582       0.616
    OSC3             0.440       0.470       0.485       0.568       0.662       0.682       0.715
    OSC4             0.540       0.576       0.593       0.685       0.779       0.798       0.834
    OSC6             0.462       0.494       0.510       0.592       0.684       0.698       0.730
    OSC7             0.269       0.297       0.310       0.378       0.469       0.489       0.519
    RD1              0.343       0.366       0.381       0.465       0.545       0.561       0.594
    RD2              0.257       0.278       0.292       0.357       0.423       0.436       0.462
    RD3              0.357       0.383       0.395       0.463       0.536       0.550       0.575
    RD4              0.273       0.297       0.312       0.380       0.456       0.471       0.505
    RD5              0.235       0.260       0.272       0.339       0.433       0.453       0.486
    POS1             0.268       0.293       0.310       0.388       0.484       0.503       0.529
    POS2             0.260       0.284       0.300       0.375       0.471       0.487       0.533
    POS3             0.209       0.234       0.249       0.328       0.416       0.434       0.466
    POS5             0.606       0.640       0.658       0.744       0.833       0.847       0.878
    POS6             0.259       0.289       0.302       0.378       0.470       0.490       0.526
    LS1              0.209       0.229       0.239       0.293       0.356       0.368       0.399
    LS2              0.244       0.263       0.275       0.334       0.401       0.412       0.437
    LS3              0.178       0.195       0.201       0.244       0.297       0.306       0.323
    LS4              0.380       0.407       0.422       0.495       0.592       0.610       0.648
    LS5              0.546       0.574       0.590       0.662       0.738       0.752       0.781
    ASC             -0.514      -0.315      -0.241       0.064       0.304       0.360       0.441
    OSC             -0.584      -0.395      -0.304       0.017       0.274       0.320       0.431
    RD               0.824       0.853       0.868       0.942       0.990       0.994       0.999
    POS              0.768       0.800       0.818       0.905       0.969       0.977       0.988
    LS               0.228       0.254       0.266       0.330       0.412       0.425       0.450


     Beginning Time:  18:25:48
        Ending Time:  18:26:40
       Elapsed Time:  00:00:52



MUTHEN & MUTHEN
3463 Stoner Ave.
Los Angeles, CA  90066

Tel: (310) 391-9971
Fax: (310) 391-8971
Web: www.StatModel.com
Support: Support@StatModel.com

Copyright (c) 1998-2019 Muthen & Muthen
