Mplus VERSION 8.3
MUTHEN & MUTHEN
07/07/2023   5:36 PM

INPUT INSTRUCTIONS

  TITLE:

      Mediation;

  DATA:
  FILE = "./OUTPUT/SEM/Mplus/SEM.med_1ccb2de8bfa7e37f4b2343ac377436f9.dat";

  VARIABLE:
  NAMES = ASC1 ASC2 ASC3 ASC4 ASC5 OSC1 OSC2 OSC3 OSC4 OSC5 OSC6 RD1 RD2 RD3 RD4 RD5
       POS1 POS2 POS3 POS4 POS5 LS1 LS2 LS3 LS4 LS5;
   MISSING=.;

  ANALYSIS:

      TYPE =general;
      bootstrap = 5000;
      process=16;

  MODEL:

      ASC by ASC1-ASC5;
      OSC by OSC1-OSC6;
      SCO by ASC@0.8 OSC@0.8;

      RD by RD1-RD5;
      POS by POS1-POS5;

      LS by LS1-LS5;

      RD on SCO(a1);
      POS on SCO(a2);
      LS on SCO(c)
            RD(b1)
            POS(b2);

  MODEL CONSTRAINT:

     NEW(IE_RD
         IE_POS);

      IE_RD = a1*b1;
      IE_POS = a2*b2;

  OUTPUT:

      CINT(bcbootstrap);
      STDYX



INPUT READING TERMINATED NORMALLY





Mediation;

SUMMARY OF ANALYSIS

Number of groups                                                 1
Number of observations                                         218

Number of dependent variables                                   26
Number of independent variables                                  0
Number of continuous latent variables                            6

Observed dependent variables

  Continuous
   ASC1        ASC2        ASC3        ASC4        ASC5        OSC1
   OSC2        OSC3        OSC4        OSC5        OSC6        RD1
   RD2         RD3         RD4         RD5         POS1        POS2
   POS3        POS4        POS5        LS1         LS2         LS3
   LS4         LS5

Continuous latent variables
   ASC         OSC         SCO         RD          POS         LS


Estimator                                                       ML
Information matrix                                        OBSERVED
Maximum number of iterations                                  1000
Convergence criterion                                    0.500D-04
Maximum number of steepest descent iterations                   20
Maximum number of iterations for H1                           2000
Convergence criterion for H1                             0.100D-03
Number of bootstrap draws
    Requested                                                 5000
    Completed                                                 5000

Input data file(s)
  ./OUTPUT/SEM/Mplus/SEM.med_1ccb2de8bfa7e37f4b2343ac377436f9.dat

Input data format  FREE


SUMMARY OF DATA

     Number of missing data patterns             1


COVARIANCE COVERAGE OF DATA

Minimum covariance coverage value   0.100


     PROPORTION OF DATA PRESENT


           Covariance Coverage
              ASC1          ASC2          ASC3          ASC4          ASC5
              ________      ________      ________      ________      ________
 ASC1           1.000
 ASC2           1.000         1.000
 ASC3           1.000         1.000         1.000
 ASC4           1.000         1.000         1.000         1.000
 ASC5           1.000         1.000         1.000         1.000         1.000
 OSC1           1.000         1.000         1.000         1.000         1.000
 OSC2           1.000         1.000         1.000         1.000         1.000
 OSC3           1.000         1.000         1.000         1.000         1.000
 OSC4           1.000         1.000         1.000         1.000         1.000
 OSC5           1.000         1.000         1.000         1.000         1.000
 OSC6           1.000         1.000         1.000         1.000         1.000
 RD1            1.000         1.000         1.000         1.000         1.000
 RD2            1.000         1.000         1.000         1.000         1.000
 RD3            1.000         1.000         1.000         1.000         1.000
 RD4            1.000         1.000         1.000         1.000         1.000
 RD5            1.000         1.000         1.000         1.000         1.000
 POS1           1.000         1.000         1.000         1.000         1.000
 POS2           1.000         1.000         1.000         1.000         1.000
 POS3           1.000         1.000         1.000         1.000         1.000
 POS4           1.000         1.000         1.000         1.000         1.000
 POS5           1.000         1.000         1.000         1.000         1.000
 LS1            1.000         1.000         1.000         1.000         1.000
 LS2            1.000         1.000         1.000         1.000         1.000
 LS3            1.000         1.000         1.000         1.000         1.000
 LS4            1.000         1.000         1.000         1.000         1.000
 LS5            1.000         1.000         1.000         1.000         1.000


           Covariance Coverage
              OSC1          OSC2          OSC3          OSC4          OSC5
              ________      ________      ________      ________      ________
 OSC1           1.000
 OSC2           1.000         1.000
 OSC3           1.000         1.000         1.000
 OSC4           1.000         1.000         1.000         1.000
 OSC5           1.000         1.000         1.000         1.000         1.000
 OSC6           1.000         1.000         1.000         1.000         1.000
 RD1            1.000         1.000         1.000         1.000         1.000
 RD2            1.000         1.000         1.000         1.000         1.000
 RD3            1.000         1.000         1.000         1.000         1.000
 RD4            1.000         1.000         1.000         1.000         1.000
 RD5            1.000         1.000         1.000         1.000         1.000
 POS1           1.000         1.000         1.000         1.000         1.000
 POS2           1.000         1.000         1.000         1.000         1.000
 POS3           1.000         1.000         1.000         1.000         1.000
 POS4           1.000         1.000         1.000         1.000         1.000
 POS5           1.000         1.000         1.000         1.000         1.000
 LS1            1.000         1.000         1.000         1.000         1.000
 LS2            1.000         1.000         1.000         1.000         1.000
 LS3            1.000         1.000         1.000         1.000         1.000
 LS4            1.000         1.000         1.000         1.000         1.000
 LS5            1.000         1.000         1.000         1.000         1.000


           Covariance Coverage
              OSC6          RD1           RD2           RD3           RD4
              ________      ________      ________      ________      ________
 OSC6           1.000
 RD1            1.000         1.000
 RD2            1.000         1.000         1.000
 RD3            1.000         1.000         1.000         1.000
 RD4            1.000         1.000         1.000         1.000         1.000
 RD5            1.000         1.000         1.000         1.000         1.000
 POS1           1.000         1.000         1.000         1.000         1.000
 POS2           1.000         1.000         1.000         1.000         1.000
 POS3           1.000         1.000         1.000         1.000         1.000
 POS4           1.000         1.000         1.000         1.000         1.000
 POS5           1.000         1.000         1.000         1.000         1.000
 LS1            1.000         1.000         1.000         1.000         1.000
 LS2            1.000         1.000         1.000         1.000         1.000
 LS3            1.000         1.000         1.000         1.000         1.000
 LS4            1.000         1.000         1.000         1.000         1.000
 LS5            1.000         1.000         1.000         1.000         1.000


           Covariance Coverage
              RD5           POS1          POS2          POS3          POS4
              ________      ________      ________      ________      ________
 RD5            1.000
 POS1           1.000         1.000
 POS2           1.000         1.000         1.000
 POS3           1.000         1.000         1.000         1.000
 POS4           1.000         1.000         1.000         1.000         1.000
 POS5           1.000         1.000         1.000         1.000         1.000
 LS1            1.000         1.000         1.000         1.000         1.000
 LS2            1.000         1.000         1.000         1.000         1.000
 LS3            1.000         1.000         1.000         1.000         1.000
 LS4            1.000         1.000         1.000         1.000         1.000
 LS5            1.000         1.000         1.000         1.000         1.000


           Covariance Coverage
              POS5          LS1           LS2           LS3           LS4
              ________      ________      ________      ________      ________
 POS5           1.000
 LS1            1.000         1.000
 LS2            1.000         1.000         1.000
 LS3            1.000         1.000         1.000         1.000
 LS4            1.000         1.000         1.000         1.000         1.000
 LS5            1.000         1.000         1.000         1.000         1.000


           Covariance Coverage
              LS5
              ________
 LS5            1.000



UNIVARIATE SAMPLE STATISTICS


     UNIVARIATE HIGHER-ORDER MOMENT DESCRIPTIVE STATISTICS

         Variable/         Mean/     Skewness/   Minimum/ % with                Percentiles
        Sample Size      Variance    Kurtosis    Maximum  Min/Max      20%/60%    40%/80%    Median

     ASC1                  4.252      -0.276       1.000    5.50%       3.000      4.000      5.000
             218.000       2.638      -0.806       7.000    6.88%       5.000      6.000
     ASC2                  4.858      -0.694       1.000    1.83%       4.000      5.000      5.000
             218.000       2.195      -0.247       7.000    9.17%       6.000      6.000
     ASC3                  5.060      -0.819       1.000    2.75%       4.000      5.000      5.000
             218.000       2.185       0.188       7.000   14.68%       6.000      6.000
     ASC4                  4.431      -0.267       1.000    3.21%       3.000      4.000      5.000
             218.000       2.484      -0.838       7.000    7.34%       5.000      6.000
     ASC5                  4.096      -0.029       1.000    6.88%       2.000      3.000      4.000
             218.000       3.197      -1.168       7.000    8.72%       5.000      6.000
     OSC1                  4.358      -0.607       1.000    5.96%       3.000      4.000      5.000
             218.000       2.422      -0.545       7.000    3.21%       5.000      6.000
     OSC2                  4.780      -0.652       1.000    3.21%       3.000      5.000      5.000
             218.000       2.374      -0.271       7.000   10.55%       5.000      6.000
     OSC3                  4.803      -0.509       1.000    1.83%       3.000      5.000      5.000
             218.000       2.314      -0.583       7.000   11.01%       5.000      6.000
     OSC4                  4.844      -0.630       1.000    3.67%       4.000      5.000      5.000
             218.000       2.590      -0.352       7.000   14.68%       5.000      6.000
     OSC5                  5.110      -0.626       1.000    0.46%       4.000      5.000      5.000
             218.000       1.639      -0.166       7.000   10.55%       6.000      6.000
     OSC6                  3.927       0.115       1.000    5.96%       2.000      3.000      4.000
             218.000       2.875      -1.072       7.000    5.96%       4.000      6.000
     RD1                   4.445      -0.368       1.000    2.29%       3.000      4.000      5.000
             218.000       2.357      -0.772       7.000    6.42%       5.000      6.000
     RD2                   3.161       0.495       1.000   16.97%       2.000      3.000      3.000
             218.000       2.694      -0.746       7.000    1.83%       3.000      5.000
     RD3                   2.954       0.686       1.000   21.10%       1.000      2.000      3.000
             218.000       2.723      -0.437       7.000    2.75%       3.000      4.000
     RD4                   3.445       0.315       1.000   10.55%       2.000      3.000      3.000
             218.000       2.440      -0.607       7.000    3.21%       4.000      5.000
     RD5                   3.271       0.595       1.000    8.72%       2.000      2.000      3.000
             218.000       2.574      -0.663       7.000    3.21%       3.000      5.000
     POS1                  3.110       0.538       1.000   15.14%       2.000      3.000      3.000
             218.000       2.392      -0.521       7.000    1.38%       3.000      4.000
     POS2                  2.899       0.704       1.000   21.10%       1.000      2.000      2.000
             218.000       2.595      -0.401       7.000    1.83%       3.000      4.000
     POS3                  3.771       0.081       1.000    6.88%       2.000      3.000      4.000
             218.000       2.333      -0.666       7.000    3.67%       4.000      5.000
     POS4                  3.936      -0.019       1.000    7.80%       2.000      3.000      4.000
             218.000       2.748      -0.884       7.000    5.96%       4.000      5.000
     POS5                  3.147       0.367       1.000   16.97%       2.000      3.000      3.000
             218.000       2.364      -0.591       7.000    1.83%       3.000      4.000
     LS1                   4.330      -0.358       1.000    4.13%       3.000      4.000      5.000
             218.000       2.340      -0.666       7.000    5.50%       5.000      6.000
     LS2                   4.073      -0.177       1.000    7.34%       3.000      4.000      4.000
             218.000       2.499      -0.640       7.000    5.50%       5.000      5.000
     LS3                   4.642      -0.435       1.000    5.05%       3.000      4.000      5.000
             218.000       2.725      -0.594       7.000   13.30%       5.000      6.000
     LS4                   4.257      -0.240       1.000    6.88%       2.000      4.000      5.000
             218.000       3.200      -1.135       7.000    8.72%       5.000      6.000
     LS5                   3.216       0.427       1.000   21.10%       1.000      2.000      3.000
             218.000       3.252      -1.031       7.000    2.75%       3.000      5.000


THE MODEL ESTIMATION TERMINATED NORMALLY

     WARNING:  THE LATENT VARIABLE COVARIANCE MATRIX (PSI) IS NOT POSITIVE
     DEFINITE.  THIS COULD INDICATE A NEGATIVE VARIANCE/RESIDUAL VARIANCE FOR A
     LATENT VARIABLE, A CORRELATION GREATER OR EQUAL TO ONE BETWEEN TWO LATENT
     VARIABLES, OR A LINEAR DEPENDENCY AMONG MORE THAN TWO LATENT VARIABLES.
     CHECK THE TECH4 OUTPUT FOR MORE INFORMATION.
     PROBLEM INVOLVING VARIABLE ASC.




MODEL FIT INFORMATION

Number of Free Parameters                       84

Loglikelihood

          H0 Value                       -9587.841
          H1 Value                       -9048.031

Information Criteria

          Akaike (AIC)                   19343.681
          Bayesian (BIC)                 19627.979
          Sample-Size Adjusted BIC       19361.789
            (n* = (n + 2) / 24)

Chi-Square Test of Model Fit

          Value                           1079.619
          Degrees of Freedom                   293
          P-Value                           0.0000

RMSEA (Root Mean Square Error Of Approximation)

          Estimate                           0.111
          90 Percent C.I.                    0.104  0.118
          Probability RMSEA <= .05           0.000

CFI/TLI

          CFI                                0.729
          TLI                                0.700

Chi-Square Test of Model Fit for the Baseline Model

          Value                           3230.350
          Degrees of Freedom                   325
          P-Value                           0.0000

SRMR (Standardized Root Mean Square Residual)

          Value                              0.159



MODEL RESULTS

                                                    Two-Tailed
                    Estimate       S.E.  Est./S.E.    P-Value

 ASC      BY
    ASC1               1.000      0.000    999.000    999.000
    ASC2               1.107      0.110     10.025      0.000
    ASC3               0.915      0.111      8.247      0.000
    ASC4               1.072      0.093     11.482      0.000
    ASC5              -0.780      0.124     -6.266      0.000

 OSC      BY
    OSC1               1.000      0.000    999.000    999.000
    OSC2               0.640      0.130      4.914      0.000
    OSC3               0.873      0.169      5.173      0.000
    OSC4               0.908      0.180      5.051      0.000
    OSC5               0.631      0.131      4.831      0.000
    OSC6              -0.132      0.139     -0.948      0.343

 RD       BY
    RD1                1.000      0.000    999.000    999.000
    RD2                0.264      0.222      1.191      0.234
    RD3                1.152      0.153      7.516      0.000
    RD4               -0.030      0.221     -0.137      0.891
    RD5                1.130      0.210      5.389      0.000

 POS      BY
    POS1               1.000      0.000    999.000    999.000
    POS2               1.075      0.071     15.201      0.000
    POS3               0.922      0.059     15.737      0.000
    POS4               0.617      0.094      6.540      0.000
    POS5               0.672      0.082      8.240      0.000

 LS       BY
    LS1                1.000      0.000    999.000    999.000
    LS2                1.090      0.076     14.336      0.000
    LS3                1.076      0.084     12.861      0.000
    LS4                1.040      0.088     11.833      0.000
    LS5                1.097      0.093     11.741      0.000

 SCO      BY
    ASC                0.800      0.000    999.000    999.000
    OSC                0.800      0.000    999.000    999.000

 RD       ON
    SCO                0.319      0.109      2.938      0.003

 POS      ON
    SCO                0.373      0.077      4.813      0.000

 LS       ON
    SCO                0.141      0.093      1.528      0.126
    RD                -0.676      0.160     -4.232      0.000
    POS                0.551      0.079      6.955      0.000

 Intercepts
    ASC1               4.252      0.110     38.517      0.000
    ASC2               4.858      0.100     48.604      0.000
    ASC3               5.060      0.099     51.048      0.000
    ASC4               4.431      0.106     41.802      0.000
    ASC5               4.096      0.120     34.036      0.000
    OSC1               4.358      0.105     41.512      0.000
    OSC2               4.780      0.104     45.922      0.000
    OSC3               4.803      0.101     47.327      0.000
    OSC4               4.844      0.109     44.467      0.000
    OSC5               5.110      0.087     58.796      0.000
    OSC6               3.927      0.114     34.303      0.000
    RD1                4.445      0.103     43.008      0.000
    RD2                3.161      0.110     28.812      0.000
    RD3                2.954      0.112     26.392      0.000
    RD4                3.445      0.106     32.559      0.000
    RD5                3.271      0.108     30.192      0.000
    POS1               3.110      0.104     29.987      0.000
    POS2               2.899      0.107     27.030      0.000
    POS3               3.771      0.103     36.721      0.000
    POS4               3.936      0.112     35.159      0.000
    POS5               3.147      0.104     30.318      0.000
    LS1                4.330      0.103     41.937      0.000
    LS2                4.073      0.108     37.573      0.000
    LS3                4.642      0.112     41.589      0.000
    LS4                4.257      0.122     34.815      0.000
    LS5                3.216      0.122     26.251      0.000

 Variances
    SCO                1.893      0.333      5.692      0.000

 Residual Variances
    ASC1               1.305      0.161      8.117      0.000
    ASC2               0.738      0.112      6.579      0.000
    ASC3               1.189      0.160      7.441      0.000
    ASC4               1.117      0.123      9.093      0.000
    ASC5               2.475      0.235     10.551      0.000
    OSC1               1.285      0.202      6.372      0.000
    OSC2               1.849      0.204      9.058      0.000
    OSC3               1.340      0.165      8.142      0.000
    OSC4               1.536      0.205      7.494      0.000
    OSC5               1.129      0.126      8.956      0.000
    OSC6               2.853      0.188     15.213      0.000
    RD1                1.211      0.177      6.860      0.000
    RD2                2.614      0.212     12.339      0.000
    RD3                1.201      0.243      4.936      0.000
    RD4                2.439      0.204     11.960      0.000
    RD5                1.110      0.266      4.173      0.000
    POS1               0.721      0.119      6.064      0.000
    POS2               0.666      0.128      5.216      0.000
    POS3               0.912      0.102      8.974      0.000
    POS4               2.111      0.209     10.096      0.000
    POS5               1.609      0.177      9.077      0.000
    LS1                0.792      0.123      6.462      0.000
    LS2                0.659      0.087      7.539      0.000
    LS3                0.932      0.144      6.488      0.000
    LS4                1.524      0.177      8.622      0.000
    LS5                1.387      0.191      7.274      0.000
    ASC               -0.021      0.134     -0.154      0.878
    OSC                0.076      0.102      0.744      0.457
    RD                 0.953      0.167      5.714      0.000
    POS                1.408      0.172      8.169      0.000
    LS                 0.678      0.141      4.811      0.000

New/Additional Parameters
    IE_RD             -0.216      0.076     -2.859      0.004
    IE_POS             0.206      0.054      3.783      0.000


STANDARDIZED MODEL RESULTS


STDYX Standardization

                                                    Two-Tailed
                    Estimate       S.E.  Est./S.E.    P-Value

 ASC      BY
    ASC1               0.691      0.045     15.197      0.000
    ASC2               0.815      0.036     22.937      0.000
    ASC3               0.675      0.056     12.038      0.000
    ASC4               0.742      0.036     20.515      0.000
    ASC5              -0.476      0.068     -7.041      0.000

 OSC      BY
    OSC1               0.708      0.054     13.080      0.000
    OSC2               0.471      0.064      7.343      0.000
    OSC3               0.650      0.060     10.778      0.000
    OSC4               0.639      0.065      9.814      0.000
    OSC5               0.559      0.070      8.031      0.000
    OSC6              -0.088      0.091     -0.966      0.334

 RD       BY
    RD1                0.697      0.059     11.803      0.000
    RD2                0.172      0.123      1.401      0.161
    RD3                0.748      0.062     12.097      0.000
    RD4               -0.021      0.127     -0.164      0.870
    RD5                0.754      0.071     10.580      0.000

 POS      BY
    POS1               0.836      0.029     28.415      0.000
    POS2               0.862      0.029     29.529      0.000
    POS3               0.780      0.031     25.487      0.000
    POS4               0.481      0.067      7.231      0.000
    POS5               0.565      0.061      9.255      0.000

 LS       BY
    LS1                0.816      0.034     24.027      0.000
    LS2                0.860      0.022     39.268      0.000
    LS3                0.813      0.033     24.874      0.000
    LS4                0.727      0.038     18.912      0.000
    LS5                0.760      0.040     19.233      0.000

 SCO      BY
    ASC                1.009      0.058     17.472      0.000
    OSC                0.970      0.046     21.304      0.000

 RD       ON
    SCO                0.410      0.129      3.174      0.002

 POS      ON
    SCO                0.397      0.071      5.579      0.000

 LS       ON
    SCO                0.155      0.097      1.599      0.110
    RD                -0.577      0.086     -6.717      0.000
    POS                0.568      0.077      7.351      0.000

 Intercepts
    ASC1               2.691      0.138     19.476      0.000
    ASC2               3.277      0.195     16.770      0.000
    ASC3               3.422      0.219     15.660      0.000
    ASC4               2.810      0.138     20.405      0.000
    ASC5               2.290      0.101     22.689      0.000
    OSC1               2.717      0.166     16.331      0.000
    OSC2               3.100      0.185     16.776      0.000
    OSC3               3.153      0.170     18.580      0.000
    OSC4               3.006      0.176     17.070      0.000
    OSC5               3.987      0.225     17.734      0.000
    OSC6               2.316      0.097     23.857      0.000
    RD1                2.895      0.148     19.538      0.000
    RD2                1.925      0.073     26.271      0.000
    RD3                1.790      0.068     26.245      0.000
    RD4                2.206      0.097     22.632      0.000
    RD5                2.039      0.073     28.116      0.000
    POS1               2.011      0.080     25.044      0.000
    POS2               1.800      0.069     26.196      0.000
    POS3               2.469      0.115     21.386      0.000
    POS4               2.374      0.111     21.415      0.000
    POS5               2.047      0.090     22.727      0.000
    LS1                2.815      0.145     19.433      0.000
    LS2                2.561      0.127     20.164      0.000
    LS3                2.797      0.148     18.904      0.000
    LS4                2.369      0.111     21.328      0.000
    LS5                1.775      0.069     25.814      0.000

 Variances
    SCO                1.000      0.000    999.000    999.000

 Residual Variances
    ASC1               0.523      0.062      8.386      0.000
    ASC2               0.336      0.057      5.878      0.000
    ASC3               0.544      0.075      7.281      0.000
    ASC4               0.449      0.053      8.418      0.000
    ASC5               0.774      0.064     12.135      0.000
    OSC1               0.499      0.073      6.816      0.000
    OSC2               0.778      0.060     12.959      0.000
    OSC3               0.577      0.077      7.495      0.000
    OSC4               0.591      0.082      7.235      0.000
    OSC5               0.688      0.076      9.045      0.000
    OSC6               0.992      0.019     51.264      0.000
    RD1                0.514      0.079      6.489      0.000
    RD2                0.970      0.045     21.457      0.000
    RD3                0.441      0.088      5.035      0.000
    RD4                1.000      0.027     36.751      0.000
    RD5                0.431      0.104      4.136      0.000
    POS1               0.301      0.049      6.154      0.000
    POS2               0.257      0.050      5.140      0.000
    POS3               0.391      0.048      8.214      0.000
    POS4               0.768      0.064     12.091      0.000
    POS5               0.681      0.068      9.996      0.000
    LS1                0.335      0.055      6.099      0.000
    LS2                0.261      0.038      6.936      0.000
    LS3                0.338      0.053      6.420      0.000
    LS4                0.472      0.055      8.530      0.000
    LS5                0.423      0.060      7.100      0.000
    ASC               -0.017      0.112     -0.154      0.877
    OSC                0.059      0.099      0.599      0.549
    RD                 0.832      0.097      8.578      0.000
    POS                0.842      0.056     15.084      0.000
    LS                 0.430      0.066      6.473      0.000


R-SQUARE

    Observed                                        Two-Tailed
    Variable        Estimate       S.E.  Est./S.E.    P-Value

    ASC1               0.477      0.062      7.651      0.000
    ASC2               0.664      0.057     11.639      0.000
    ASC3               0.456      0.075      6.110      0.000
    ASC4               0.551      0.053     10.322      0.000
    ASC5               0.226      0.064      3.550      0.000
    OSC1               0.501      0.073      6.833      0.000
    OSC2               0.222      0.060      3.697      0.000
    OSC3               0.423      0.077      5.490      0.000
    OSC4               0.409      0.082      4.998      0.000
    OSC5               0.312      0.076      4.109      0.000
    OSC6               0.008      0.019      0.402      0.688
    RD1                0.486      0.079      6.142      0.000
    RD2                0.030      0.045      0.656      0.512
    RD3                0.559      0.088      6.379      0.000
    RD4                0.000      0.027      0.016      0.987
    RD5                0.569      0.104      5.455      0.000
    POS1               0.699      0.049     14.272      0.000
    POS2               0.743      0.050     14.894      0.000
    POS3               0.609      0.048     12.792      0.000
    POS4               0.232      0.064      3.647      0.000
    POS5               0.319      0.068      4.686      0.000
    LS1                0.665      0.055     12.129      0.000
    LS2                0.739      0.038     19.687      0.000
    LS3                0.662      0.053     12.553      0.000
    LS4                0.528      0.055      9.542      0.000
    LS5                0.577      0.060      9.701      0.000

     Latent                                         Two-Tailed
    Variable        Estimate       S.E.  Est./S.E.    P-Value

    ASC             Undefined   0.10173E+01
    OSC                0.941      0.099      9.542      0.000
    RD                 0.168      0.097      1.737      0.082
    POS                0.158      0.056      2.821      0.005
    LS                 0.570      0.066      8.566      0.000


CONFIDENCE INTERVALS OF MODEL RESULTS

                  Lower .5%  Lower 2.5%    Lower 5%    Estimate    Upper 5%  Upper 2.5%   Upper .5%

 ASC      BY
    ASC1             1.000       1.000       1.000       1.000       1.000       1.000       1.000
    ASC2             0.858       0.920       0.951       1.107       1.324       1.365       1.457
    ASC3             0.647       0.711       0.742       0.915       1.106       1.145       1.237
    ASC4             0.869       0.911       0.935       1.072       1.245       1.285       1.361
    ASC5            -1.132      -1.037      -0.998      -0.780      -0.583      -0.540      -0.473

 OSC      BY
    OSC1             1.000       1.000       1.000       1.000       1.000       1.000       1.000
    OSC2             0.379       0.437       0.469       0.640       0.862       0.922       1.100
    OSC3             0.570       0.635       0.672       0.873       1.131       1.197       1.385
    OSC4             0.566       0.648       0.681       0.908       1.193       1.271       1.483
    OSC5             0.349       0.417       0.446       0.631       0.829       0.880       1.003
    OSC6            -0.486      -0.406      -0.366      -0.132       0.096       0.143       0.233

 RD       BY
    RD1              1.000       1.000       1.000       1.000       1.000       1.000       1.000
    RD2             -0.322      -0.148      -0.078       0.264       0.544       0.605       0.724
    RD3              0.789       0.880       0.923       1.152       1.417       1.479       1.597
    RD4             -0.624      -0.472      -0.391      -0.030       0.259       0.310       0.425
    RD5              0.691       0.798       0.849       1.130       1.491       1.599       1.817

 POS      BY
    POS1             1.000       1.000       1.000       1.000       1.000       1.000       1.000
    POS2             0.889       0.942       0.965       1.075       1.195       1.221       1.265
    POS3             0.785       0.812       0.830       0.922       1.023       1.043       1.084
    POS4             0.370       0.431       0.458       0.617       0.769       0.797       0.861
    POS5             0.446       0.509       0.533       0.672       0.803       0.830       0.877

 LS       BY
    LS1              1.000       1.000       1.000       1.000       1.000       1.000       1.000
    LS2              0.922       0.961       0.980       1.090       1.229       1.260       1.326
    LS3              0.887       0.930       0.956       1.076       1.230       1.266       1.333
    LS4              0.848       0.890       0.913       1.040       1.205       1.238       1.312
    LS5              0.876       0.923       0.953       1.097       1.254       1.293       1.363

 SCO      BY
    ASC              0.800       0.800       0.800       0.800       0.800       0.800       0.800
    OSC              0.800       0.800       0.800       0.800       0.800       0.800       0.800

 RD       ON
    SCO              0.004       0.089       0.130       0.319       0.482       0.514       0.579

 POS      ON
    SCO              0.185       0.229       0.253       0.373       0.504       0.530       0.594

 LS       ON
    SCO             -0.092      -0.036      -0.006       0.141       0.296       0.322       0.389
    RD              -1.032      -0.927      -0.885      -0.676      -0.502      -0.460      -0.395
    POS              0.346       0.404       0.429       0.551       0.685       0.711       0.755

 Intercepts
    ASC1             3.972       4.037       4.073       4.252       4.440       4.477       4.537
    ASC2             4.606       4.661       4.697       4.858       5.023       5.055       5.101
    ASC3             4.807       4.862       4.895       5.060       5.216       5.252       5.316
    ASC4             4.151       4.225       4.257       4.431       4.606       4.633       4.716
    ASC5             3.789       3.858       3.895       4.096       4.294       4.326       4.394
    OSC1             4.092       4.147       4.183       4.358       4.528       4.560       4.628
    OSC2             4.505       4.573       4.606       4.780       4.950       4.982       5.050
    OSC3             4.541       4.601       4.628       4.803       4.963       5.000       5.060
    OSC4             4.564       4.633       4.665       4.844       5.023       5.060       5.124
    OSC5             4.885       4.940       4.968       5.110       5.248       5.280       5.326
    OSC6             3.624       3.706       3.743       3.927       4.115       4.151       4.220
    RD1              4.183       4.239       4.266       4.445       4.610       4.638       4.711
    RD2              2.876       2.950       2.986       3.161       3.344       3.376       3.445
    RD3              2.674       2.739       2.771       2.954       3.138       3.174       3.234
    RD4              3.174       3.234       3.266       3.445       3.619       3.647       3.706
    RD5              2.995       3.050       3.092       3.271       3.445       3.482       3.546
    POS1             2.853       2.913       2.945       3.110       3.284       3.317       3.381
    POS2             2.624       2.697       2.734       2.899       3.083       3.119       3.179
    POS3             3.500       3.569       3.601       3.771       3.936       3.968       4.032
    POS4             3.642       3.716       3.757       3.936       4.124       4.151       4.216
    POS5             2.885       2.945       2.977       3.147       3.317       3.353       3.413
    LS1              4.055       4.128       4.161       4.330       4.500       4.532       4.592
    LS2              3.789       3.862       3.895       4.073       4.252       4.289       4.349
    LS3              4.335       4.417       4.454       4.642       4.821       4.853       4.922
    LS4              3.936       4.018       4.060       4.257       4.459       4.500       4.564
    LS5              2.899       2.977       3.018       3.216       3.417       3.468       3.528

 Variances
    SCO              0.992       1.226       1.334       1.893       2.419       2.542       2.737

 Residual Variances
    ASC1             0.932       1.026       1.068       1.305       1.602       1.657       1.779
    ASC2             0.479       0.541       0.570       0.738       0.939       0.984       1.081
    ASC3             0.844       0.930       0.971       1.189       1.509       1.573       1.697
    ASC4             0.831       0.901       0.937       1.117       1.342       1.390       1.471
    ASC5             1.912       2.041       2.114       2.475       2.900       2.952       3.087
    OSC1             0.855       0.954       1.003       1.285       1.680       1.765       1.911
    OSC2             1.359       1.493       1.555       1.849       2.229       2.302       2.446
    OSC3             0.964       1.054       1.100       1.340       1.647       1.714       1.862
    OSC4             1.061       1.169       1.229       1.536       1.926       2.001       2.141
    OSC5             0.836       0.906       0.949       1.129       1.367       1.411       1.500
    OSC6             2.406       2.520       2.579       2.853       3.202       3.262       3.341
    RD1              0.784       0.878       0.938       1.211       1.506       1.572       1.697
    RD2              2.142       2.263       2.326       2.614       3.003       3.070       3.185
    RD3              0.604       0.759       0.825       1.201       1.619       1.713       1.889
    RD4              1.978       2.092       2.155       2.439       2.822       2.888       3.014
    RD5              0.458       0.627       0.707       1.110       1.570       1.668       1.849
    POS1             0.457       0.512       0.546       0.721       0.943       0.983       1.066
    POS2             0.378       0.445       0.481       0.666       0.905       0.954       1.043
    POS3             0.679       0.735       0.765       0.912       1.102       1.140       1.224
    POS4             1.597       1.729       1.795       2.111       2.486       2.557       2.670
    POS5             1.191       1.297       1.349       1.609       1.936       1.984       2.080
    LS1              0.523       0.585       0.620       0.792       1.032       1.073       1.163
    LS2              0.452       0.502       0.531       0.659       0.822       0.849       0.905
    LS3              0.612       0.679       0.718       0.932       1.197       1.249       1.365
    LS4              1.121       1.213       1.260       1.524       1.842       1.910       2.032
    LS5              0.973       1.070       1.120       1.387       1.751       1.815       1.944
    ASC             -0.284      -0.228      -0.201      -0.021       0.206       0.278       0.464
    OSC             -0.170      -0.110      -0.081       0.076       0.261       0.295       0.357
    RD               0.583       0.678       0.721       0.953       1.285       1.336       1.469
    POS              1.017       1.102       1.153       1.408       1.719       1.782       1.908
    LS               0.379       0.452       0.490       0.678       0.967       1.023       1.181

New/Additional Parameters
    IE_RD           -0.432      -0.378      -0.349      -0.216      -0.111      -0.089      -0.016
    IE_POS           0.085       0.115       0.128       0.206       0.311       0.329       0.369


CONFIDENCE INTERVALS OF STANDARDIZED MODEL RESULTS


STDYX Standardization

                  Lower .5%  Lower 2.5%    Lower 5%    Estimate    Upper 5%  Upper 2.5%   Upper .5%

 ASC      BY
    ASC1             0.553       0.582       0.603       0.691       0.755       0.766       0.790
    ASC2             0.703       0.736       0.750       0.815       0.866       0.873       0.892
    ASC3             0.493       0.544       0.569       0.675       0.754       0.769       0.794
    ASC4             0.628       0.657       0.670       0.742       0.793       0.802       0.822
    ASC5            -0.630      -0.597      -0.579      -0.476      -0.355      -0.328      -0.290

 OSC      BY
    OSC1             0.506       0.574       0.603       0.708       0.776       0.788       0.815
    OSC2             0.291       0.337       0.359       0.471       0.570       0.588       0.629
    OSC3             0.462       0.512       0.537       0.650       0.736       0.749       0.779
    OSC4             0.431       0.492       0.518       0.639       0.732       0.750       0.779
    OSC5             0.331       0.402       0.432       0.559       0.659       0.676       0.710
    OSC6            -0.317      -0.269      -0.242      -0.088       0.062       0.087       0.143

 RD       BY
    RD1              0.517       0.573       0.595       0.697       0.780       0.799       0.825
    RD2             -0.169      -0.086      -0.049       0.172       0.350       0.379       0.450
    RD3              0.557       0.618       0.642       0.748       0.833       0.849       0.879
    RD4             -0.345      -0.273      -0.238      -0.021       0.178       0.214       0.286
    RD5              0.531       0.600       0.628       0.754       0.856       0.873       0.918

 POS      BY
    POS1             0.751       0.773       0.783       0.836       0.880       0.888       0.900
    POS2             0.765       0.796       0.808       0.862       0.903       0.910       0.925
    POS3             0.687       0.714       0.726       0.780       0.827       0.835       0.854
    POS4             0.297       0.344       0.366       0.481       0.586       0.604       0.636
    POS5             0.380       0.435       0.455       0.565       0.657       0.674       0.704

 LS       BY
    LS1              0.701       0.733       0.747       0.816       0.861       0.870       0.885
    LS2              0.796       0.813       0.820       0.860       0.892       0.898       0.909
    LS3              0.712       0.744       0.755       0.813       0.862       0.870       0.885
    LS4              0.616       0.644       0.657       0.727       0.783       0.793       0.812
    LS5              0.647       0.675       0.687       0.760       0.818       0.827       0.847

 SCO      BY
    ASC              0.800       0.885       0.915       1.009       1.089       1.102       1.134
    OSC              0.864       0.890       0.901       0.970       1.035       1.051       1.087

 RD       ON
    SCO             -0.022       0.107       0.160       0.410       0.582       0.615       0.671

 POS      ON
    SCO              0.197       0.251       0.275       0.397       0.506       0.525       0.562

 LS       ON
    SCO             -0.100      -0.040      -0.005       0.155       0.310       0.338       0.397
    RD              -0.783      -0.737      -0.710      -0.577      -0.440      -0.410      -0.354
    POS              0.363       0.420       0.443       0.568       0.691       0.711       0.756

 Intercepts
    ASC1             2.385       2.445       2.480       2.691       2.936       2.990       3.093
    ASC2             2.847       2.932       2.985       3.277       3.616       3.686       3.859
    ASC3             2.937       3.048       3.092       3.422       3.814       3.902       4.063
    ASC4             2.484       2.561       2.596       2.810       3.047       3.100       3.193
    ASC5             2.044       2.099       2.130       2.290       2.456       2.496       2.562
    OSC1             2.336       2.410       2.455       2.717       2.990       3.051       3.196
    OSC2             2.685       2.774       2.829       3.100       3.427       3.506       3.666
    OSC3             2.762       2.853       2.897       3.153       3.443       3.502       3.655
    OSC4             2.626       2.698       2.740       3.006       3.319       3.386       3.497
    OSC5             3.482       3.582       3.635       3.987       4.368       4.455       4.608
    OSC6             2.087       2.139       2.164       2.316       2.481       2.512       2.578
    RD1              2.551       2.619       2.662       2.895       3.142       3.201       3.312
    RD2              1.748       1.786       1.808       1.925       2.048       2.072       2.123
    RD3              1.637       1.665       1.683       1.790       1.906       1.929       1.973
    RD4              1.969       2.026       2.051       2.206       2.370       2.406       2.475
    RD5              1.861       1.895       1.917       2.039       2.153       2.180       2.231
    POS1             1.807       1.856       1.880       2.011       2.138       2.164       2.223
    POS2             1.632       1.668       1.687       1.800       1.912       1.936       1.995
    POS3             2.198       2.255       2.284       2.469       2.660       2.698       2.786
    POS4             2.106       2.167       2.202       2.374       2.563       2.600       2.672
    POS5             1.836       1.877       1.901       2.047       2.195       2.229       2.288
    LS1              2.469       2.537       2.581       2.815       3.053       3.109       3.199
    LS2              2.276       2.329       2.366       2.561       2.778       2.830       2.917
    LS3              2.438       2.518       2.560       2.797       3.045       3.096       3.207
    LS4              2.108       2.163       2.195       2.369       2.554       2.596       2.686
    LS5              1.607       1.642       1.662       1.775       1.886       1.912       1.962

 Variances
    SCO              1.000       1.000       1.000       1.000       1.000       1.000       1.000

 Residual Variances
    ASC1             0.375       0.414       0.430       0.523       0.636       0.661       0.694
    ASC2             0.204       0.237       0.251       0.336       0.437       0.459       0.506
    ASC3             0.368       0.409       0.431       0.544       0.676       0.704       0.755
    ASC4             0.324       0.356       0.372       0.449       0.551       0.567       0.604
    ASC5             0.603       0.643       0.665       0.774       0.874       0.892       0.916
    OSC1             0.335       0.379       0.397       0.499       0.636       0.670       0.735
    OSC2             0.602       0.654       0.675       0.778       0.871       0.886       0.915
    OSC3             0.393       0.439       0.458       0.577       0.711       0.738       0.785
    OSC4             0.392       0.438       0.464       0.591       0.732       0.757       0.814
    OSC5             0.495       0.543       0.566       0.688       0.813       0.838       0.888
    OSC6             0.905       0.933       0.947       0.992       1.000       1.000       1.000
    RD1              0.318       0.362       0.391       0.514       0.646       0.671       0.732
    RD2              0.794       0.857       0.878       0.970       1.000       1.000       1.000
    RD3              0.223       0.279       0.306       0.441       0.587       0.618       0.690
    RD4              0.987       0.996       0.998       1.000       1.000       1.000       1.000
    RD5              0.154       0.238       0.267       0.431       0.605       0.640       0.715
    POS1             0.190       0.212       0.225       0.301       0.386       0.403       0.435
    POS2             0.142       0.171       0.185       0.257       0.347       0.366       0.411
    POS3             0.270       0.302       0.317       0.391       0.473       0.490       0.527
    POS4             0.595       0.635       0.657       0.768       0.866       0.882       0.912
    POS5             0.505       0.545       0.568       0.681       0.793       0.811       0.855
    LS1              0.217       0.243       0.258       0.335       0.441       0.462       0.506
    LS2              0.173       0.193       0.204       0.261       0.327       0.339       0.366
    LS3              0.216       0.243       0.257       0.338       0.430       0.447       0.492
    LS4              0.340       0.370       0.387       0.472       0.568       0.584       0.620
    LS5              0.283       0.315       0.331       0.423       0.528       0.544       0.581
    ASC             -0.288      -0.214      -0.186      -0.017       0.163       0.216       0.355
    OSC             -0.182      -0.105      -0.072       0.059       0.188       0.208       0.250
    RD               0.548       0.621       0.661       0.832       0.974       0.987       0.999
    POS              0.683       0.725       0.744       0.842       0.924       0.937       0.961
    LS               0.271       0.313       0.332       0.430       0.553       0.578       0.631


     Beginning Time:  17:36:52
        Ending Time:  17:37:34
       Elapsed Time:  00:00:42



MUTHEN & MUTHEN
3463 Stoner Ave.
Los Angeles, CA  90066

Tel: (310) 391-9971
Fax: (310) 391-8971
Web: www.StatModel.com
Support: Support@StatModel.com

Copyright (c) 1998-2019 Muthen & Muthen
