Mplus VERSION 8.3
MUTHEN & MUTHEN
07/07/2023   5:40 PM

INPUT INSTRUCTIONS

  TITLE:

      Moderator is SCD;

  DATA:
  FILE = "./OUTPUT/SEM/Mplus/SEM.mod.SCD_905c47c3fcea600eb5636a9c53e56e15.dat";

  VARIABLE:
  NAMES = ASC1 ASC2 ASC3 ASC4 ASC5 OSC1 OSC2 OSC3 OSC4 OSC5 OSC6 RD1 RD2 RD3 RD4 RD5
       POS1 POS2 POS3 POS4 POS5 LS1 LS2 LS3 LS4 LS5 SCD;
   MISSING=.;

  ANALYSIS:

      TYPE =general RANDOM;
      estimator=MLR;
      ALGORITHM=INTEGRATION;
      convergence=0.01;

  MODEL:

      ASC by ASC1-ASC5;
      OSC by OSC1-OSC6;
      SCO by ASC@0.8 OSC@0.8;

      SCD@1;
      OD | SCO XWITH SCD;

      RD by RD1-RD5;
      POS by POS1-POS5;

      LS by LS1-LS5;

      RD on SCO(a1)
            SCD
            OD(w1);
      POS on SCO(a2)
             SCD
             OD(w2);
      LS on SCO(c)
            RD(b1)
            POS(b2);

  MODEL CONSTRAINT:

     NEW(L_SCD M_SCD H_SCD
        IE_L_RD IE_M_RD IE_H_RD
        IE_L_POS IE_M_POS IE_H_POS

        DIF_LM_RD DIF_LH_RD DIF_MH_RD
        DIF_LM_POS DIF_LH_POS DIF_MH_POS
        );

      L_SCD = -1;
      M_SCD = 0;
      H_SCD = 1;

      IE_L_RD = (a1+w1*L_SCD)*b1;
      IE_M_RD = (a1+w1*M_SCD)*b1;
      IE_H_RD = (a1+w1*H_SCD)*b1;

      IE_L_POS = (a2+w2*L_SCD)*b2;
      IE_M_POS = (a2+w2*M_SCD)*b2;
      IE_H_POS = (a2+w2*H_SCD)*b2;

      DIF_LM_RD = IE_L_RD - IE_M_RD;
      DIF_LH_RD = IE_L_RD - IE_H_RD;
      DIF_MH_RD = IE_M_RD - IE_H_RD;

      DIF_LM_POS = IE_L_POS - IE_M_POS;
      DIF_LH_POS = IE_L_POS - IE_H_POS;
      DIF_MH_POS = IE_M_POS - IE_H_POS;

      PLOT(P_L_RD P_M_RD P_H_RD
           P_L_POS P_M_POS P_H_POS);
      LOOP(XVAL,1,7,0.1);
      P_L_RD = IE_L_RD*XVAL;
      P_M_RD = IE_M_RD*XVAL;
      P_H_RD = IE_H_RD*XVAL;

      P_L_POS = IE_L_POS*XVAL;
      P_M_POS = IE_M_POS*XVAL;
      P_H_POS = IE_H_POS*XVAL;

  OUTPUT:

      cint;
      STDYX
  PLOT:

      TYPE = plot2;




INPUT READING TERMINATED NORMALLY





Moderator is SCD;

SUMMARY OF ANALYSIS

Number of groups                                                 1
Number of observations                                         218

Number of dependent variables                                   26
Number of independent variables                                  1
Number of continuous latent variables                            7

Observed dependent variables

  Continuous
   ASC1        ASC2        ASC3        ASC4        ASC5        OSC1
   OSC2        OSC3        OSC4        OSC5        OSC6        RD1
   RD2         RD3         RD4         RD5         POS1        POS2
   POS3        POS4        POS5        LS1         LS2         LS3
   LS4         LS5

Observed independent variables
   SCD

Continuous latent variables
   ASC         OSC         SCO         RD          POS         LS
   OD


Estimator                                                      MLR
Information matrix                                        OBSERVED
Optimization Specifications for the Quasi-Newton Algorithm for
Continuous Outcomes
  Maximum number of iterations                                 100
  Convergence criterion                                  0.100D-01
Optimization Specifications for the EM Algorithm
  Maximum number of iterations                                 500
  Convergence criteria
    Loglikelihood change                                 0.100D-02
    Relative loglikelihood change                        0.100D-05
    Derivative                                           0.100D-02
Optimization Specifications for the M step of the EM Algorithm for
Categorical Latent variables
  Number of M step iterations                                    1
  M step convergence criterion                           0.100D-02
  Basis for M step termination                           ITERATION
Optimization Specifications for the M step of the EM Algorithm for
Censored, Binary or Ordered Categorical (Ordinal), Unordered
Categorical (Nominal) and Count Outcomes
  Number of M step iterations                                    1
  M step convergence criterion                           0.100D-02
  Basis for M step termination                           ITERATION
  Maximum value for logit thresholds                            15
  Minimum value for logit thresholds                           -15
  Minimum expected cell size for chi-square              0.100D-01
Maximum number of iterations for H1                           2000
Convergence criterion for H1                             0.100D-03
Optimization algorithm                                         EMA
Integration Specifications
  Type                                                    STANDARD
  Number of integration points                                  15
  Dimensions of numerical integration                            1
  Adaptive quadrature                                           ON
Cholesky                                                       OFF

Input data file(s)
  ./OUTPUT/SEM/Mplus/SEM.mod.SCD_905c47c3fcea600eb5636a9c53e56e15.dat
Input data format  FREE


SUMMARY OF DATA

     Number of missing data patterns             1


COVARIANCE COVERAGE OF DATA

Minimum covariance coverage value   0.100


     PROPORTION OF DATA PRESENT FOR Y


           Covariance Coverage
              ASC1          ASC2          ASC3          ASC4          ASC5
              ________      ________      ________      ________      ________
 ASC1           1.000
 ASC2           1.000         1.000
 ASC3           1.000         1.000         1.000
 ASC4           1.000         1.000         1.000         1.000
 ASC5           1.000         1.000         1.000         1.000         1.000
 OSC1           1.000         1.000         1.000         1.000         1.000
 OSC2           1.000         1.000         1.000         1.000         1.000
 OSC3           1.000         1.000         1.000         1.000         1.000
 OSC4           1.000         1.000         1.000         1.000         1.000
 OSC5           1.000         1.000         1.000         1.000         1.000
 OSC6           1.000         1.000         1.000         1.000         1.000
 RD1            1.000         1.000         1.000         1.000         1.000
 RD2            1.000         1.000         1.000         1.000         1.000
 RD3            1.000         1.000         1.000         1.000         1.000
 RD4            1.000         1.000         1.000         1.000         1.000
 RD5            1.000         1.000         1.000         1.000         1.000
 POS1           1.000         1.000         1.000         1.000         1.000
 POS2           1.000         1.000         1.000         1.000         1.000
 POS3           1.000         1.000         1.000         1.000         1.000
 POS4           1.000         1.000         1.000         1.000         1.000
 POS5           1.000         1.000         1.000         1.000         1.000
 LS1            1.000         1.000         1.000         1.000         1.000
 LS2            1.000         1.000         1.000         1.000         1.000
 LS3            1.000         1.000         1.000         1.000         1.000
 LS4            1.000         1.000         1.000         1.000         1.000
 LS5            1.000         1.000         1.000         1.000         1.000
 SCD            1.000         1.000         1.000         1.000         1.000


           Covariance Coverage
              OSC1          OSC2          OSC3          OSC4          OSC5
              ________      ________      ________      ________      ________
 OSC1           1.000
 OSC2           1.000         1.000
 OSC3           1.000         1.000         1.000
 OSC4           1.000         1.000         1.000         1.000
 OSC5           1.000         1.000         1.000         1.000         1.000
 OSC6           1.000         1.000         1.000         1.000         1.000
 RD1            1.000         1.000         1.000         1.000         1.000
 RD2            1.000         1.000         1.000         1.000         1.000
 RD3            1.000         1.000         1.000         1.000         1.000
 RD4            1.000         1.000         1.000         1.000         1.000
 RD5            1.000         1.000         1.000         1.000         1.000
 POS1           1.000         1.000         1.000         1.000         1.000
 POS2           1.000         1.000         1.000         1.000         1.000
 POS3           1.000         1.000         1.000         1.000         1.000
 POS4           1.000         1.000         1.000         1.000         1.000
 POS5           1.000         1.000         1.000         1.000         1.000
 LS1            1.000         1.000         1.000         1.000         1.000
 LS2            1.000         1.000         1.000         1.000         1.000
 LS3            1.000         1.000         1.000         1.000         1.000
 LS4            1.000         1.000         1.000         1.000         1.000
 LS5            1.000         1.000         1.000         1.000         1.000
 SCD            1.000         1.000         1.000         1.000         1.000


           Covariance Coverage
              OSC6          RD1           RD2           RD3           RD4
              ________      ________      ________      ________      ________
 OSC6           1.000
 RD1            1.000         1.000
 RD2            1.000         1.000         1.000
 RD3            1.000         1.000         1.000         1.000
 RD4            1.000         1.000         1.000         1.000         1.000
 RD5            1.000         1.000         1.000         1.000         1.000
 POS1           1.000         1.000         1.000         1.000         1.000
 POS2           1.000         1.000         1.000         1.000         1.000
 POS3           1.000         1.000         1.000         1.000         1.000
 POS4           1.000         1.000         1.000         1.000         1.000
 POS5           1.000         1.000         1.000         1.000         1.000
 LS1            1.000         1.000         1.000         1.000         1.000
 LS2            1.000         1.000         1.000         1.000         1.000
 LS3            1.000         1.000         1.000         1.000         1.000
 LS4            1.000         1.000         1.000         1.000         1.000
 LS5            1.000         1.000         1.000         1.000         1.000
 SCD            1.000         1.000         1.000         1.000         1.000


           Covariance Coverage
              RD5           POS1          POS2          POS3          POS4
              ________      ________      ________      ________      ________
 RD5            1.000
 POS1           1.000         1.000
 POS2           1.000         1.000         1.000
 POS3           1.000         1.000         1.000         1.000
 POS4           1.000         1.000         1.000         1.000         1.000
 POS5           1.000         1.000         1.000         1.000         1.000
 LS1            1.000         1.000         1.000         1.000         1.000
 LS2            1.000         1.000         1.000         1.000         1.000
 LS3            1.000         1.000         1.000         1.000         1.000
 LS4            1.000         1.000         1.000         1.000         1.000
 LS5            1.000         1.000         1.000         1.000         1.000
 SCD            1.000         1.000         1.000         1.000         1.000


           Covariance Coverage
              POS5          LS1           LS2           LS3           LS4
              ________      ________      ________      ________      ________
 POS5           1.000
 LS1            1.000         1.000
 LS2            1.000         1.000         1.000
 LS3            1.000         1.000         1.000         1.000
 LS4            1.000         1.000         1.000         1.000         1.000
 LS5            1.000         1.000         1.000         1.000         1.000
 SCD            1.000         1.000         1.000         1.000         1.000


           Covariance Coverage
              LS5           SCD
              ________      ________
 LS5            1.000
 SCD            1.000         1.000



UNIVARIATE SAMPLE STATISTICS


     UNIVARIATE HIGHER-ORDER MOMENT DESCRIPTIVE STATISTICS

         Variable/         Mean/     Skewness/   Minimum/ % with                Percentiles
        Sample Size      Variance    Kurtosis    Maximum  Min/Max      20%/60%    40%/80%    Median

     ASC1                  4.252      -0.276       1.000    5.50%       3.000      4.000      5.000
             218.000       2.638      -0.806       7.000    6.88%       5.000      6.000
     ASC2                  4.858      -0.694       1.000    1.83%       4.000      5.000      5.000
             218.000       2.195      -0.247       7.000    9.17%       6.000      6.000
     ASC3                  5.060      -0.819       1.000    2.75%       4.000      5.000      5.000
             218.000       2.185       0.188       7.000   14.68%       6.000      6.000
     ASC4                  4.431      -0.267       1.000    3.21%       3.000      4.000      5.000
             218.000       2.484      -0.838       7.000    7.34%       5.000      6.000
     ASC5                  4.096      -0.029       1.000    6.88%       2.000      3.000      4.000
             218.000       3.197      -1.168       7.000    8.72%       5.000      6.000
     OSC1                  4.358      -0.607       1.000    5.96%       3.000      4.000      5.000
             218.000       2.422      -0.545       7.000    3.21%       5.000      6.000
     OSC2                  4.780      -0.652       1.000    3.21%       3.000      5.000      5.000
             218.000       2.374      -0.271       7.000   10.55%       5.000      6.000
     OSC3                  4.803      -0.509       1.000    1.83%       3.000      5.000      5.000
             218.000       2.314      -0.583       7.000   11.01%       5.000      6.000
     OSC4                  4.844      -0.630       1.000    3.67%       4.000      5.000      5.000
             218.000       2.590      -0.352       7.000   14.68%       5.000      6.000
     OSC5                  5.110      -0.626       1.000    0.46%       4.000      5.000      5.000
             218.000       1.639      -0.166       7.000   10.55%       6.000      6.000
     OSC6                  3.927       0.115       1.000    5.96%       2.000      3.000      4.000
             218.000       2.875      -1.072       7.000    5.96%       4.000      6.000
     RD1                   4.445      -0.368       1.000    2.29%       3.000      4.000      5.000
             218.000       2.357      -0.772       7.000    6.42%       5.000      6.000
     RD2                   3.161       0.495       1.000   16.97%       2.000      3.000      3.000
             218.000       2.694      -0.746       7.000    1.83%       3.000      5.000
     RD3                   2.954       0.686       1.000   21.10%       1.000      2.000      3.000
             218.000       2.723      -0.437       7.000    2.75%       3.000      4.000
     RD4                   3.445       0.315       1.000   10.55%       2.000      3.000      3.000
             218.000       2.440      -0.607       7.000    3.21%       4.000      5.000
     RD5                   3.271       0.595       1.000    8.72%       2.000      2.000      3.000
             218.000       2.574      -0.663       7.000    3.21%       3.000      5.000
     POS1                  3.110       0.538       1.000   15.14%       2.000      3.000      3.000
             218.000       2.392      -0.521       7.000    1.38%       3.000      4.000
     POS2                  2.899       0.704       1.000   21.10%       1.000      2.000      2.000
             218.000       2.595      -0.401       7.000    1.83%       3.000      4.000
     POS3                  3.771       0.081       1.000    6.88%       2.000      3.000      4.000
             218.000       2.333      -0.666       7.000    3.67%       4.000      5.000
     POS4                  3.936      -0.019       1.000    7.80%       2.000      3.000      4.000
             218.000       2.748      -0.884       7.000    5.96%       4.000      5.000
     POS5                  3.147       0.367       1.000   16.97%       2.000      3.000      3.000
             218.000       2.364      -0.591       7.000    1.83%       3.000      4.000
     LS1                   4.330      -0.358       1.000    4.13%       3.000      4.000      5.000
             218.000       2.340      -0.666       7.000    5.50%       5.000      6.000
     LS2                   4.073      -0.177       1.000    7.34%       3.000      4.000      4.000
             218.000       2.499      -0.640       7.000    5.50%       5.000      5.000
     LS3                   4.642      -0.435       1.000    5.05%       3.000      4.000      5.000
             218.000       2.725      -0.594       7.000   13.30%       5.000      6.000
     LS4                   4.257      -0.240       1.000    6.88%       2.000      4.000      5.000
             218.000       3.200      -1.135       7.000    8.72%       5.000      6.000
     LS5                   3.216       0.427       1.000   21.10%       1.000      2.000      3.000
             218.000       3.252      -1.031       7.000    2.75%       3.000      5.000
     SCD                   5.248      -0.976       1.000    0.92%       4.000      5.000      6.000
             218.000       1.471       0.799       7.000    9.17%       6.000      6.000


THE MODEL ESTIMATION TERMINATED NORMALLY

     WARNING:  THE LATENT VARIABLE COVARIANCE MATRIX (PSI) IS NOT POSITIVE
     DEFINITE.  THIS COULD INDICATE A NEGATIVE VARIANCE/RESIDUAL VARIANCE FOR A
     LATENT VARIABLE, A CORRELATION GREATER OR EQUAL TO ONE BETWEEN TWO LATENT
     VARIABLES, OR A LINEAR DEPENDENCY AMONG MORE THAN TWO LATENT VARIABLES.
     CHECK THE TECH4 OUTPUT FOR MORE INFORMATION.



MODEL FIT INFORMATION

Number of Free Parameters                       90

Loglikelihood

          H0 Value                       -9938.421
          H0 Scaling Correction Factor      1.0793
            for MLR

Information Criteria

          Akaike (AIC)                   20056.842
          Bayesian (BIC)                 20361.446
          Sample-Size Adjusted BIC       20076.243
            (n* = (n + 2) / 24)



MODEL RESULTS

                                                    Two-Tailed
                    Estimate       S.E.  Est./S.E.    P-Value

 ASC      BY
    ASC1               1.000      0.000    999.000    999.000
    ASC2               1.063      0.096     11.097      0.000
    ASC3               0.885      0.102      8.692      0.000
    ASC4               1.029      0.082     12.499      0.000
    ASC5              -0.761      0.114     -6.650      0.000

 OSC      BY
    OSC1               1.000      0.000    999.000    999.000
    OSC2               0.674      0.115      5.852      0.000
    OSC3               0.903      0.130      6.934      0.000
    OSC4               0.950      0.150      6.354      0.000
    OSC5               0.667      0.121      5.490      0.000
    OSC6              -0.123      0.141     -0.870      0.384

 RD       BY
    RD1                1.000      0.000    999.000    999.000
    RD2                0.263      0.183      1.439      0.150
    RD3                1.190      0.150      7.920      0.000
    RD4               -0.031      0.189     -0.166      0.868
    RD5                1.146      0.181      6.346      0.000

 POS      BY
    POS1               1.000      0.000    999.000    999.000
    POS2               1.075      0.069     15.626      0.000
    POS3               0.922      0.058     15.884      0.000
    POS4               0.616      0.092      6.662      0.000
    POS5               0.670      0.080      8.401      0.000

 LS       BY
    LS1                1.000      0.000    999.000    999.000
    LS2                1.090      0.073     14.844      0.000
    LS3                1.075      0.081     13.211      0.000
    LS4                1.039      0.086     12.156      0.000
    LS5                1.097      0.090     12.167      0.000

 SCO      BY
    ASC                0.800      0.000    999.000    999.000
    OSC                0.800      0.000    999.000    999.000

 RD         ON
    SCO                0.731      0.318      2.298      0.022
    OD                -0.076      0.062     -1.227      0.220

 POS        ON
    SCO                0.269      0.291      0.924      0.355
    OD                 0.025      0.055      0.455      0.649

 LS         ON
    SCO                0.152      0.086      1.773      0.076
    RD                -0.684      0.107     -6.410      0.000
    POS                0.547      0.077      7.145      0.000

 RD         ON
    SCD               -0.160      0.078     -2.069      0.039

 POS        ON
    SCD               -0.100      0.082     -1.212      0.225

 SCD      WITH
    SCO                0.294      0.091      3.231      0.001

 Means
    SCD                5.248      0.082     63.892      0.000

 Intercepts
    ASC1               4.252      0.110     38.657      0.000
    ASC2               4.858      0.100     48.401      0.000
    ASC3               5.060      0.100     50.537      0.000
    ASC4               4.432      0.107     41.532      0.000
    ASC5               4.097      0.121     33.835      0.000
    OSC1               4.359      0.105     41.375      0.000
    OSC2               4.779      0.104     45.793      0.000
    OSC3               4.803      0.103     46.602      0.000
    OSC4               4.844      0.109     44.420      0.000
    OSC5               5.109      0.087     58.887      0.000
    OSC6               3.927      0.115     34.194      0.000
    RD1                5.320      0.417     12.759      0.000
    RD2                3.391      0.252     13.431      0.000
    RD3                3.996      0.515      7.759      0.000
    RD4                3.417      0.207     16.515      0.000
    RD5                4.274      0.458      9.327      0.000
    POS1               3.623      0.451      8.027      0.000
    POS2               3.451      0.485      7.108      0.000
    POS3               4.244      0.424     10.014      0.000
    POS4               4.252      0.282     15.064      0.000
    POS5               3.490      0.313     11.157      0.000
    LS1                4.012      0.416      9.634      0.000
    LS2                3.726      0.453      8.226      0.000
    LS3                4.300      0.450      9.556      0.000
    LS4                3.925      0.435      9.026      0.000
    LS5                2.866      0.461      6.215      0.000

 Variances
    SCD                1.000      0.000    999.000    999.000
    SCO                1.828      0.321      5.691      0.000

 Residual Variances
    ASC1               1.311      0.161      8.140      0.000
    ASC2               0.740      0.106      7.000      0.000
    ASC3               1.178      0.158      7.452      0.000
    ASC4               1.123      0.122      9.171      0.000
    ASC5               2.454      0.235     10.429      0.000
    OSC1               1.281      0.196      6.519      0.000
    OSC2               1.838      0.202      9.093      0.000
    OSC3               1.352      0.156      8.648      0.000
    OSC4               1.527      0.203      7.518      0.000
    OSC5               1.116      0.128      8.689      0.000
    OSC6               2.856      0.184     15.492      0.000
    RD1                1.246      0.163      7.622      0.000
    RD2                2.618      0.213     12.265      0.000
    RD3                1.151      0.238      4.832      0.000
    RD4                2.439      0.197     12.400      0.000
    RD5                1.113      0.257      4.331      0.000
    POS1               0.719      0.118      6.071      0.000
    POS2               0.664      0.127      5.238      0.000
    POS3               0.912      0.102      8.976      0.000
    POS4               2.115      0.207     10.222      0.000
    POS5               1.613      0.181      8.922      0.000
    LS1                0.791      0.123      6.436      0.000
    LS2                0.659      0.086      7.646      0.000
    LS3                0.934      0.141      6.613      0.000
    LS4                1.526      0.174      8.789      0.000
    LS5                1.386      0.192      7.227      0.000
    ASC                0.087      0.123      0.706      0.480
    OSC               -0.017      0.088     -0.187      0.852
    RD                 0.901      0.166      5.414      0.000
    POS                1.388      0.173      8.046      0.000
    LS                 0.678      0.138      4.922      0.000

New/Additional Parameters
    L_SCD             -1.000      0.000  *********      0.000
    M_SCD              0.000      0.000      0.000      1.000
    H_SCD              1.000      0.000  *********      0.000
    IE_L_RD           -0.552      0.267     -2.068      0.039
    IE_M_RD           -0.500      0.225     -2.219      0.026
    IE_H_RD           -0.448      0.185     -2.427      0.015
    IE_L_POS           0.134      0.191      0.699      0.485
    IE_M_POS           0.147      0.163      0.906      0.365
    IE_H_POS           0.161      0.135      1.196      0.232
    DIF_LM_R          -0.052      0.043     -1.198      0.231
    DIF_LH_R          -0.104      0.087     -1.198      0.231
    DIF_MH_R          -0.052      0.043     -1.198      0.231
    DIF_LM_P          -0.014      0.030     -0.456      0.648
    DIF_LH_P          -0.028      0.060     -0.456      0.648
    DIF_MH_P          -0.014      0.030     -0.456      0.648


STANDARDIZED MODEL RESULTS


STDYX Standardization

                                                    Two-Tailed
                    Estimate       S.E.  Est./S.E.    P-Value

 ASC      BY
    ASC1               0.700      0.042     16.714      0.000
    ASC2               0.811      0.033     24.270      0.000
    ASC3               0.675      0.055     12.301      0.000
    ASC4               0.736      0.036     20.256      0.000
    ASC5              -0.478      0.066     -7.215      0.000

 OSC      BY
    OSC1               0.688      0.052     13.136      0.000
    OSC2               0.471      0.061      7.657      0.000
    OSC3               0.640      0.055     11.553      0.000
    OSC4               0.637      0.061     10.421      0.000
    OSC5               0.561      0.068      8.275      0.000
    OSC6              -0.078      0.090     -0.867      0.386

 RD       BY
    RD1                0.686      0.053     12.991      0.000
    RD2                0.169      0.120      1.409      0.159
    RD3                0.760      0.056     13.464      0.000
    RD4               -0.021      0.127     -0.166      0.868
    RD5                0.753      0.067     11.284      0.000

 POS      BY
    POS1               0.836      0.029     29.291      0.000
    POS2               0.863      0.028     30.540      0.000
    POS3               0.780      0.030     25.847      0.000
    POS4               0.480      0.066      7.283      0.000
    POS5               0.563      0.061      9.221      0.000

 LS       BY
    LS1                0.815      0.033     24.645      0.000
    LS2                0.860      0.021     40.122      0.000
    LS3                0.812      0.032     25.393      0.000
    LS4                0.725      0.037     19.367      0.000
    LS5                0.759      0.039     19.538      0.000

 SCO      BY
    ASC                0.965      0.050     19.408      0.000
    OSC                1.007      0.038     26.168      0.000

 RD         ON
    SCO                0.939      0.395      2.377      0.017
    OD                -0.098      0.079     -1.240      0.215

 POS        ON
    SCO                0.282      0.303      0.930      0.353
    OD                 0.026      0.058      0.455      0.649

 LS         ON
    SCO                0.164      0.089      1.845      0.065
    RD                -0.575      0.080     -7.221      0.000
    POS                0.564      0.076      7.464      0.000

 RD         ON
    SCD               -0.152      0.072     -2.103      0.035

 POS        ON
    SCD               -0.077      0.063     -1.222      0.222

 SCD      WITH
    SCO                0.217      0.068      3.203      0.001

 Means
    SCD                5.248      0.082     63.892      0.000

 Intercepts
    ASC1               2.654      0.133     19.908      0.000
    ASC2               3.305      0.193     17.117      0.000
    ASC3               3.441      0.217     15.859      0.000
    ASC4               2.830      0.139     20.383      0.000
    ASC5               2.297      0.099     23.103      0.000
    OSC1               2.794      0.169     16.530      0.000
    OSC2               3.110      0.182     17.060      0.000
    OSC3               3.172      0.168     18.903      0.000
    OSC4               3.023      0.174     17.393      0.000
    OSC5               4.004      0.221     18.096      0.000
    OSC6               2.316      0.095     24.323      0.000
    RD1                3.468      0.299     11.589      0.000
    RD2                2.066      0.150     13.749      0.000
    RD3                2.423      0.315      7.683      0.000
    RD4                2.188      0.141     15.484      0.000
    RD5                2.666      0.298      8.953      0.000
    POS1               2.344      0.291      8.069      0.000
    POS2               2.142      0.300      7.142      0.000
    POS3               2.779      0.282      9.845      0.000
    POS4               2.565      0.192     13.333      0.000
    POS5               2.271      0.216     10.529      0.000
    LS1                2.611      0.291      8.961      0.000
    LS2                2.346      0.307      7.635      0.000
    LS3                2.594      0.296      8.765      0.000
    LS4                2.187      0.251      8.696      0.000
    LS5                1.584      0.249      6.364      0.000

 Variances
    SCD                1.000      0.000    999.000    999.000
    SCO                1.000      0.000    999.000    999.000

 Residual Variances
    ASC1               0.511      0.059      8.717      0.000
    ASC2               0.343      0.054      6.323      0.000
    ASC3               0.545      0.074      7.357      0.000
    ASC4               0.458      0.054      8.556      0.000
    ASC5               0.771      0.063     12.156      0.000
    OSC1               0.526      0.072      7.295      0.000
    OSC2               0.778      0.058     13.446      0.000
    OSC3               0.590      0.071      8.307      0.000
    OSC4               0.594      0.078      7.638      0.000
    OSC5               0.685      0.076      9.002      0.000
    OSC6               0.994      0.014     70.771      0.000
    RD1                0.529      0.072      7.300      0.000
    RD2                0.972      0.040     24.069      0.000
    RD3                0.423      0.086      4.938      0.000
    RD4                1.000      0.005    187.201      0.000
    RD5                0.433      0.100      4.313      0.000
    POS1               0.301      0.048      6.299      0.000
    POS2               0.256      0.049      5.249      0.000
    POS3               0.391      0.047      8.292      0.000
    POS4               0.769      0.063     12.154      0.000
    POS5               0.683      0.069      9.920      0.000
    LS1                0.335      0.054      6.211      0.000
    LS2                0.261      0.037      7.093      0.000
    LS3                0.340      0.052      6.539      0.000
    LS4                0.474      0.054      8.717      0.000
    LS5                0.423      0.059      7.168      0.000
    ASC                0.069      0.096      0.719      0.472
    OSC               -0.014    999.000    999.000    999.000
    RD                 0.813      0.107      7.628      0.000
    POS                0.831      0.059     14.144      0.000
    LS                 0.432      0.065      6.604      0.000


R-SQUARE

    Observed                                        Two-Tailed
    Variable        Estimate       S.E.  Est./S.E.    P-Value

    ASC1               0.489      0.059      8.357      0.000
    ASC2               0.657      0.054     12.135      0.000
    ASC3               0.455      0.074      6.150      0.000
    ASC4               0.542      0.054     10.128      0.000
    ASC5               0.229      0.063      3.608      0.000
    OSC1               0.474      0.072      6.568      0.000
    OSC2               0.222      0.058      3.829      0.000
    OSC3               0.410      0.071      5.776      0.000
    OSC4               0.406      0.078      5.211      0.000
    OSC5               0.315      0.076      4.138      0.000
    OSC6               0.006      0.014      0.433      0.665
    RD1                0.471      0.072      6.495      0.000
    RD2                0.028      0.040      0.704      0.481
    RD3                0.577      0.086      6.732      0.000
    RD4                0.000      0.005      0.083      0.934
    RD5                0.567      0.100      5.642      0.000
    POS1               0.699      0.048     14.646      0.000
    POS2               0.744      0.049     15.270      0.000
    POS3               0.609      0.047     12.923      0.000
    POS4               0.231      0.063      3.641      0.000
    POS5               0.317      0.069      4.611      0.000
    LS1                0.665      0.054     12.323      0.000
    LS2                0.739      0.037     20.061      0.000
    LS3                0.660      0.052     12.697      0.000
    LS4                0.526      0.054      9.684      0.000
    LS5                0.577      0.059      9.769      0.000

     Latent                                         Two-Tailed
    Variable        Estimate       S.E.  Est./S.E.    P-Value

    ASC                0.931      0.096      9.704      0.000
    OSC             Undefined   0.10143E+01
    RD                 0.187      0.107      1.753      0.080
    POS                0.169      0.059      2.876      0.004
    LS                 0.568      0.065      8.687      0.000


QUALITY OF NUMERICAL RESULTS

     Condition Number for the Information Matrix              0.218E-06
       (ratio of smallest to largest eigenvalue)


CONFIDENCE INTERVALS OF MODEL RESULTS

                  Lower .5%  Lower 2.5%    Lower 5%    Estimate    Upper 5%  Upper 2.5%   Upper .5%

 ASC      BY
    ASC1             1.000       1.000       1.000       1.000       1.000       1.000       1.000
    ASC2             0.817       0.876       0.906       1.063       1.221       1.251       1.310
    ASC3             0.623       0.686       0.718       0.885       1.053       1.085       1.147
    ASC4             0.817       0.867       0.893       1.029       1.164       1.190       1.241
    ASC5            -1.056      -0.986      -0.950      -0.761      -0.573      -0.537      -0.466

 OSC      BY
    OSC1             1.000       1.000       1.000       1.000       1.000       1.000       1.000
    OSC2             0.377       0.448       0.484       0.674       0.863       0.899       0.970
    OSC3             0.568       0.648       0.689       0.903       1.117       1.158       1.239
    OSC4             0.565       0.657       0.704       0.950       1.196       1.243       1.336
    OSC5             0.354       0.429       0.467       0.667       0.867       0.905       0.980
    OSC6            -0.488      -0.400      -0.356      -0.123       0.110       0.154       0.241

 RD       BY
    RD1              1.000       1.000       1.000       1.000       1.000       1.000       1.000
    RD2             -0.208      -0.095      -0.038       0.263       0.563       0.621       0.734
    RD3              0.803       0.896       0.943       1.190       1.437       1.485       1.577
    RD4             -0.517      -0.401      -0.342      -0.031       0.279       0.339       0.455
    RD5              0.681       0.792       0.849       1.146       1.444       1.501       1.612

 POS      BY
    POS1             1.000       1.000       1.000       1.000       1.000       1.000       1.000
    POS2             0.898       0.940       0.962       1.075       1.188       1.210       1.252
    POS3             0.773       0.808       0.827       0.922       1.018       1.036       1.072
    POS4             0.378       0.435       0.464       0.616       0.768       0.797       0.854
    POS5             0.464       0.514       0.539       0.670       0.801       0.826       0.875

 LS       BY
    LS1              1.000       1.000       1.000       1.000       1.000       1.000       1.000
    LS2              0.901       0.946       0.969       1.090       1.210       1.233       1.279
    LS3              0.865       0.915       0.941       1.075       1.209       1.234       1.285
    LS4              0.819       0.872       0.899       1.039       1.180       1.207       1.260
    LS5              0.865       0.920       0.949       1.097       1.245       1.274       1.329

 SCO      BY
    ASC              0.800       0.800       0.800       0.800       0.800       0.800       0.800
    OSC              0.800       0.800       0.800       0.800       0.800       0.800       0.800

 RD       ON
    SCO             -0.088       0.108       0.208       0.731       1.254       1.354       1.550
    OD              -0.235      -0.197      -0.178      -0.076       0.026       0.045       0.083

 POS      ON
    SCO             -0.481      -0.302      -0.210       0.269       0.749       0.841       1.020
    OD              -0.117      -0.083      -0.066       0.025       0.116       0.134       0.168

 LS       ON
    SCO             -0.069      -0.016       0.011       0.152       0.293       0.320       0.373
    RD              -0.959      -0.894      -0.860      -0.684      -0.509      -0.475      -0.409
    POS              0.350       0.397       0.421       0.547       0.673       0.697       0.744

 RD       ON
    SCD             -0.360      -0.312      -0.288      -0.160      -0.033      -0.008       0.039

 POS      ON
    SCD             -0.312      -0.261      -0.235      -0.100       0.036       0.062       0.112

 SCD      WITH
    SCO              0.060       0.116       0.144       0.294       0.443       0.472       0.528

 Means
    SCD              5.036       5.087       5.113       5.248       5.383       5.409       5.460

 Intercepts
    ASC1             3.969       4.037       4.071       4.252       4.433       4.468       4.536
    ASC2             4.599       4.661       4.693       4.858       5.023       5.055       5.116
    ASC3             4.802       4.863       4.895       5.060       5.224       5.256       5.318
    ASC4             4.157       4.223       4.257       4.432       4.608       4.641       4.707
    ASC5             3.785       3.860       3.898       4.097       4.297       4.335       4.409
    OSC1             4.087       4.152       4.186       4.359       4.532       4.565       4.630
    OSC2             4.511       4.575       4.608       4.779       4.951       4.984       5.048
    OSC3             4.537       4.601       4.633       4.803       4.972       5.005       5.068
    OSC4             4.563       4.630       4.664       4.844       5.023       5.057       5.125
    OSC5             4.886       4.939       4.967       5.109       5.252       5.279       5.333
    OSC6             3.631       3.702       3.738       3.927       4.116       4.152       4.223
    RD1              4.246       4.503       4.634       5.320       6.006       6.137       6.394
    RD2              2.741       2.896       2.976       3.391       3.806       3.886       4.041
    RD3              2.670       2.987       3.149       3.996       4.844       5.006       5.323
    RD4              2.884       3.012       3.077       3.417       3.758       3.823       3.950
    RD5              3.094       3.376       3.520       4.274       5.028       5.172       5.454
    POS1             2.461       2.739       2.881       3.623       4.366       4.508       4.786
    POS2             2.200       2.499       2.652       3.451       4.249       4.402       4.701
    POS3             3.152       3.413       3.547       4.244       4.941       5.075       5.336
    POS4             3.525       3.699       3.788       4.252       4.717       4.806       4.979
    POS5             2.685       2.877       2.976       3.490       4.005       4.104       4.296
    LS1              2.939       3.196       3.327       4.012       4.697       4.828       5.084
    LS2              2.559       2.838       2.981       3.726       4.471       4.614       4.893
    LS3              3.141       3.418       3.560       4.300       5.040       5.182       5.459
    LS4              2.805       3.073       3.210       3.925       4.641       4.778       5.045
    LS5              1.678       1.962       2.108       2.866       3.625       3.770       4.054

 Variances
    SCD              1.000       1.000       1.000       1.000       1.000       1.000       1.000
    SCO              1.001       1.198       1.299       1.828       2.356       2.457       2.655

 Residual Variances
    ASC1             0.896       0.995       1.046       1.311       1.575       1.626       1.725
    ASC2             0.468       0.533       0.566       0.740       0.914       0.947       1.013
    ASC3             0.771       0.868       0.918       1.178       1.437       1.487       1.585
    ASC4             0.808       0.883       0.922       1.123       1.325       1.363       1.439
    ASC5             1.848       1.993       2.067       2.454       2.841       2.915       3.060
    OSC1             0.775       0.896       0.958       1.281       1.604       1.666       1.787
    OSC2             1.318       1.442       1.506       1.838       2.171       2.234       2.359
    OSC3             0.950       1.046       1.095       1.352       1.610       1.659       1.755
    OSC4             1.004       1.129       1.193       1.527       1.861       1.925       2.050
    OSC5             0.785       0.864       0.904       1.116       1.327       1.367       1.446
    OSC6             2.381       2.495       2.553       2.856       3.159       3.218       3.331
    RD1              0.825       0.925       0.977       1.246       1.514       1.566       1.666
    RD2              2.068       2.199       2.267       2.618       2.969       3.036       3.167
    RD3              0.538       0.684       0.759       1.151       1.543       1.618       1.765
    RD4              1.932       2.053       2.115       2.439       2.762       2.824       2.945
    RD5              0.451       0.610       0.691       1.113       1.536       1.617       1.776
    POS1             0.414       0.487       0.524       0.719       0.913       0.951       1.023
    POS2             0.337       0.415       0.455       0.664       0.872       0.912       0.990
    POS3             0.650       0.713       0.745       0.912       1.079       1.111       1.173
    POS4             1.582       1.709       1.775       2.115       2.455       2.520       2.648
    POS5             1.147       1.259       1.316       1.613       1.910       1.967       2.079
    LS1              0.474       0.550       0.589       0.791       0.993       1.032       1.108
    LS2              0.437       0.490       0.517       0.659       0.801       0.828       0.881
    LS3              0.570       0.657       0.702       0.934       1.166       1.211       1.298
    LS4              1.079       1.186       1.241       1.526       1.812       1.867       1.973
    LS5              0.892       1.010       1.070       1.386       1.701       1.761       1.880
    ASC             -0.230      -0.154      -0.115       0.087       0.289       0.327       0.403
    OSC             -0.244      -0.190      -0.162      -0.017       0.129       0.157       0.211
    RD               0.472       0.575       0.627       0.901       1.175       1.227       1.330
    POS              0.944       1.050       1.105       1.388       1.672       1.727       1.833
    LS               0.323       0.408       0.451       0.678       0.904       0.948       1.033

New/Additional Parameters
    L_SCD           -1.000      -1.000      -1.000      -1.000      -1.000      -1.000      -1.000
    M_SCD            0.000       0.000       0.000       0.000       0.000       0.000       0.000
    H_SCD            1.000       1.000       1.000       1.000       1.000       1.000       1.000
    IE_L_RD         -1.240      -1.076      -0.991      -0.552      -0.113      -0.029       0.135
    IE_M_RD         -1.081      -0.942      -0.871      -0.500      -0.129      -0.058       0.080
    IE_H_RD         -0.924      -0.810      -0.752      -0.448      -0.144      -0.086       0.027
    IE_L_POS        -0.359      -0.241      -0.181       0.134       0.448       0.509       0.626
    IE_M_POS        -0.272      -0.171      -0.120       0.147       0.415       0.466       0.566
    IE_H_POS        -0.186      -0.103      -0.060       0.161       0.383       0.425       0.508
    DIF_LM_R        -0.164      -0.137      -0.123      -0.052       0.019       0.033       0.060
    DIF_LH_R        -0.328      -0.274      -0.247      -0.104       0.039       0.066       0.120
    DIF_MH_R        -0.164      -0.137      -0.123      -0.052       0.019       0.033       0.060
    DIF_LM_P        -0.092      -0.073      -0.063      -0.014       0.036       0.045       0.064
    DIF_LH_P        -0.183      -0.146      -0.127      -0.028       0.072       0.091       0.128
    DIF_MH_P        -0.092      -0.073      -0.063      -0.014       0.036       0.045       0.064


CONFIDENCE INTERVALS OF STANDARDIZED MODEL RESULTS


STDYX Standardization

                  Lower .5%  Lower 2.5%    Lower 5%    Estimate    Upper 5%  Upper 2.5%   Upper .5%

 ASC      BY
    ASC1             0.592       0.618       0.631       0.700       0.768       0.782       0.807
    ASC2             0.725       0.745       0.756       0.811       0.866       0.876       0.897
    ASC3             0.533       0.567       0.585       0.675       0.765       0.782       0.816
    ASC4             0.643       0.665       0.676       0.736       0.796       0.807       0.830
    ASC5            -0.649      -0.608      -0.587      -0.478      -0.369      -0.348      -0.308

 OSC      BY
    OSC1             0.553       0.586       0.602       0.688       0.775       0.791       0.823
    OSC2             0.312       0.350       0.370       0.471       0.572       0.591       0.629
    OSC3             0.498       0.532       0.549       0.640       0.732       0.749       0.783
    OSC4             0.479       0.517       0.536       0.637       0.737       0.757       0.794
    OSC5             0.386       0.428       0.450       0.561       0.673       0.694       0.736
    OSC6            -0.310      -0.254      -0.226      -0.078       0.070       0.098       0.154

 RD       BY
    RD1              0.550       0.583       0.599       0.686       0.773       0.790       0.822
    RD2             -0.140      -0.066      -0.028       0.169       0.366       0.403       0.477
    RD3              0.614       0.649       0.667       0.760       0.852       0.870       0.905
    RD4             -0.347      -0.269      -0.229      -0.021       0.187       0.227       0.305
    RD5              0.581       0.622       0.643       0.753       0.863       0.884       0.925

 POS      BY
    POS1             0.763       0.780       0.789       0.836       0.883       0.892       0.910
    POS2             0.790       0.807       0.816       0.863       0.909       0.918       0.935
    POS3             0.703       0.721       0.731       0.780       0.830       0.840       0.858
    POS4             0.310       0.351       0.372       0.480       0.589       0.609       0.650
    POS5             0.406       0.444       0.463       0.563       0.664       0.683       0.721

 LS       BY
    LS1              0.730       0.751       0.761       0.815       0.870       0.880       0.901
    LS2              0.804       0.818       0.824       0.860       0.895       0.902       0.915
    LS3              0.730       0.750       0.760       0.812       0.865       0.875       0.895
    LS4              0.629       0.652       0.664       0.725       0.787       0.799       0.822
    LS5              0.659       0.683       0.696       0.759       0.823       0.836       0.860

 SCO      BY
    ASC              0.837       0.867       0.883       0.965       1.047       1.062       1.093
    OSC              0.908       0.932       0.944       1.007       1.070       1.083       1.106

 RD       ON
    SCO             -0.079       0.165       0.289       0.939       1.588       1.713       1.956
    OD              -0.300      -0.252      -0.227      -0.098       0.032       0.057       0.105

 POS      ON
    SCO             -0.499      -0.312      -0.217       0.282       0.781       0.876       1.063
    OD              -0.123      -0.087      -0.069       0.026       0.121       0.140       0.175

 LS       ON
    SCO             -0.065      -0.010       0.018       0.164       0.310       0.338       0.393
    RD              -0.780      -0.731      -0.706      -0.575      -0.444      -0.419      -0.370
    POS              0.370       0.416       0.440       0.564       0.689       0.713       0.759

 RD       ON
    SCD             -0.339      -0.294      -0.272      -0.152      -0.033      -0.010       0.034

 POS      ON
    SCD             -0.240      -0.201      -0.181      -0.077       0.027       0.047       0.086

 SCD      WITH
    SCO              0.043       0.084       0.106       0.217       0.329       0.350       0.392

 Means
    SCD              5.036       5.087       5.113       5.248       5.383       5.409       5.460

 Intercepts
    ASC1             2.311       2.393       2.435       2.654       2.873       2.915       2.997
    ASC2             2.807       2.926       2.987       3.305       3.622       3.683       3.802
    ASC3             2.882       3.016       3.084       3.441       3.798       3.866       4.000
    ASC4             2.472       2.558       2.602       2.830       3.058       3.102       3.188
    ASC5             2.041       2.102       2.133       2.297       2.460       2.492       2.553
    OSC1             2.359       2.463       2.516       2.794       3.072       3.125       3.229
    OSC2             2.641       2.753       2.810       3.110       3.410       3.467       3.580
    OSC3             2.739       2.843       2.896       3.172       3.448       3.500       3.604
    OSC4             2.575       2.682       2.737       3.023       3.308       3.363       3.470
    OSC5             3.434       3.570       3.640       4.004       4.368       4.438       4.574
    OSC6             2.071       2.130       2.160       2.316       2.473       2.503       2.562
    RD1              2.697       2.881       2.975       3.468       3.960       4.054       4.238
    RD2              1.679       1.771       1.819       2.066       2.313       2.360       2.453
    RD3              1.611       1.805       1.904       2.423       2.942       3.041       3.235
    RD4              1.824       1.911       1.956       2.188       2.420       2.465       2.552
    RD5              1.899       2.082       2.176       2.666       3.156       3.250       3.433
    POS1             1.596       1.775       1.866       2.344       2.822       2.914       3.092
    POS2             1.370       1.554       1.649       2.142       2.636       2.730       2.915
    POS3             2.052       2.226       2.314       2.779       3.243       3.332       3.506
    POS4             2.069       2.188       2.249       2.565       2.881       2.942       3.060
    POS5             1.715       1.848       1.916       2.271       2.626       2.694       2.826
    LS1              1.861       2.040       2.132       2.611       3.090       3.182       3.362
    LS2              1.555       1.744       1.841       2.346       2.852       2.949       3.138
    LS3              1.832       2.014       2.107       2.594       3.081       3.174       3.356
    LS4              1.539       1.694       1.773       2.187       2.601       2.680       2.835
    LS5              0.943       1.096       1.175       1.584       1.993       2.072       2.225

 Variances
    SCD              1.000       1.000       1.000       1.000       1.000       1.000       1.000
    SCO              1.000       1.000       1.000       1.000       1.000       1.000       1.000

 Residual Variances
    ASC1             0.360       0.396       0.414       0.511       0.607       0.625       0.661
    ASC2             0.203       0.236       0.253       0.343       0.432       0.449       0.482
    ASC3             0.354       0.400       0.423       0.545       0.666       0.690       0.735
    ASC4             0.320       0.353       0.370       0.458       0.546       0.563       0.596
    ASC5             0.608       0.647       0.667       0.771       0.875       0.895       0.935
    OSC1             0.340       0.385       0.408       0.526       0.645       0.668       0.712
    OSC2             0.629       0.665       0.683       0.778       0.874       0.892       0.927
    OSC3             0.407       0.451       0.473       0.590       0.707       0.729       0.773
    OSC4             0.394       0.442       0.466       0.594       0.722       0.747       0.795
    OSC5             0.489       0.536       0.560       0.685       0.810       0.834       0.881
    OSC6             0.958       0.966       0.971       0.994       1.017       1.021       1.030
    RD1              0.342       0.387       0.410       0.529       0.648       0.671       0.716
    RD2              0.868       0.892       0.905       0.972       1.038       1.051       1.076
    RD3              0.202       0.255       0.282       0.423       0.564       0.591       0.644
    RD4              0.986       0.989       0.991       1.000       1.008       1.010       1.013
    RD5              0.175       0.236       0.268       0.433       0.598       0.630       0.692
    POS1             0.178       0.207       0.222       0.301       0.379       0.394       0.424
    POS2             0.130       0.160       0.176       0.256       0.336       0.351       0.381
    POS3             0.269       0.298       0.313       0.391       0.468       0.483       0.512
    POS4             0.606       0.645       0.665       0.769       0.874       0.894       0.933
    POS5             0.505       0.548       0.569       0.683       0.796       0.818       0.860
    LS1              0.196       0.229       0.246       0.335       0.424       0.441       0.474
    LS2              0.166       0.189       0.201       0.261       0.322       0.333       0.356
    LS3              0.206       0.238       0.254       0.340       0.425       0.442       0.474
    LS4              0.334       0.367       0.384       0.474       0.563       0.580       0.614
    LS5              0.271       0.307       0.326       0.423       0.520       0.539       0.575
    ASC             -0.178      -0.119      -0.089       0.069       0.227       0.257       0.316
    OSC            999.000     999.000     999.000      -0.014     999.000     999.000     999.000
    RD               0.539       0.604       0.638       0.813       0.989       1.022       1.088
    POS              0.680       0.716       0.734       0.831       0.928       0.946       0.982
    LS               0.263       0.304       0.324       0.432       0.539       0.560       0.600


PLOT INFORMATION

The following plots are available:

  Loop plots

     Beginning Time:  17:40:35
        Ending Time:  17:40:38
       Elapsed Time:  00:00:03



MUTHEN & MUTHEN
3463 Stoner Ave.
Los Angeles, CA  90066

Tel: (310) 391-9971
Fax: (310) 391-8971
Web: www.StatModel.com
Support: Support@StatModel.com

Copyright (c) 1998-2019 Muthen & Muthen
