Mplus VERSION 8.3
MUTHEN & MUTHEN
01/29/2024   2:41 PM

INPUT INSTRUCTIONS

  TITLE:

      Mediation;

  DATA:
  FILE = "./OUTPUT/SEM/Mplus/SEM.med_76995219687880275b2960bea21e83a5.dat";

  VARIABLE:
  NAMES = SCD RD1 RD2 RD3 RD4 RD5 POS1 POS2 POS3 POS5 POS6 LS1 LS2 LS3 LS4 LS5;
   MISSING=.;

  ANALYSIS:

      TYPE =general;
      bootstrap = 5000;
      process=16;

  MODEL:

      RD by RD1-RD5;
      POS by POS1-POS3 POS5 POS6;

      LS by LS1-LS5;

      RD on SCD(a1);
      POS on SCD(a2);
      LS on SCD(c)
            RD(b1)
            POS(b2);

  MODEL CONSTRAINT:

     NEW(IE_RD
         IE_POS);

      IE_RD = a1*b1;
      IE_POS = a2*b2;

  OUTPUT:

      CINT(bcbootstrap);
      STDYX



INPUT READING TERMINATED NORMALLY





Mediation;

SUMMARY OF ANALYSIS

Number of groups                                                 1
Number of observations                                         409

Number of dependent variables                                   15
Number of independent variables                                  1
Number of continuous latent variables                            3

Observed dependent variables

  Continuous
   RD1         RD2         RD3         RD4         RD5         POS1
   POS2        POS3        POS5        POS6        LS1         LS2
   LS3         LS4         LS5

Observed independent variables
   SCD

Continuous latent variables
   RD          POS         LS


Estimator                                                       ML
Information matrix                                        OBSERVED
Maximum number of iterations                                  1000
Convergence criterion                                    0.500D-04
Maximum number of steepest descent iterations                   20
Maximum number of iterations for H1                           2000
Convergence criterion for H1                             0.100D-03
Number of bootstrap draws
    Requested                                                 5000
    Completed                                                 5000

Input data file(s)
  ./OUTPUT/SEM/Mplus/SEM.med_76995219687880275b2960bea21e83a5.dat

Input data format  FREE


SUMMARY OF DATA

     Number of missing data patterns             1


COVARIANCE COVERAGE OF DATA

Minimum covariance coverage value   0.100


     PROPORTION OF DATA PRESENT


           Covariance Coverage
              RD1           RD2           RD3           RD4           RD5
              ________      ________      ________      ________      ________
 RD1            1.000
 RD2            1.000         1.000
 RD3            1.000         1.000         1.000
 RD4            1.000         1.000         1.000         1.000
 RD5            1.000         1.000         1.000         1.000         1.000
 POS1           1.000         1.000         1.000         1.000         1.000
 POS2           1.000         1.000         1.000         1.000         1.000
 POS3           1.000         1.000         1.000         1.000         1.000
 POS5           1.000         1.000         1.000         1.000         1.000
 POS6           1.000         1.000         1.000         1.000         1.000
 LS1            1.000         1.000         1.000         1.000         1.000
 LS2            1.000         1.000         1.000         1.000         1.000
 LS3            1.000         1.000         1.000         1.000         1.000
 LS4            1.000         1.000         1.000         1.000         1.000
 LS5            1.000         1.000         1.000         1.000         1.000
 SCD            1.000         1.000         1.000         1.000         1.000


           Covariance Coverage
              POS1          POS2          POS3          POS5          POS6
              ________      ________      ________      ________      ________
 POS1           1.000
 POS2           1.000         1.000
 POS3           1.000         1.000         1.000
 POS5           1.000         1.000         1.000         1.000
 POS6           1.000         1.000         1.000         1.000         1.000
 LS1            1.000         1.000         1.000         1.000         1.000
 LS2            1.000         1.000         1.000         1.000         1.000
 LS3            1.000         1.000         1.000         1.000         1.000
 LS4            1.000         1.000         1.000         1.000         1.000
 LS5            1.000         1.000         1.000         1.000         1.000
 SCD            1.000         1.000         1.000         1.000         1.000


           Covariance Coverage
              LS1           LS2           LS3           LS4           LS5
              ________      ________      ________      ________      ________
 LS1            1.000
 LS2            1.000         1.000
 LS3            1.000         1.000         1.000
 LS4            1.000         1.000         1.000         1.000
 LS5            1.000         1.000         1.000         1.000         1.000
 SCD            1.000         1.000         1.000         1.000         1.000


           Covariance Coverage
              SCD
              ________
 SCD            1.000



UNIVARIATE SAMPLE STATISTICS


     UNIVARIATE HIGHER-ORDER MOMENT DESCRIPTIVE STATISTICS

         Variable/         Mean/     Skewness/   Minimum/ % with                Percentiles
        Sample Size      Variance    Kurtosis    Maximum  Min/Max      20%/60%    40%/80%    Median

     RD1                   4.208      -0.209       1.000    5.87%       3.000      4.000      4.000
             409.000       2.712      -0.845       7.000    7.58%       5.000      6.000
     RD2                   3.330       0.296       1.000   16.63%       2.000      3.000      3.000
             409.000       2.788      -0.878       7.000    2.69%       4.000      5.000
     RD3                   3.054       0.455       1.000   21.76%       1.000      2.000      3.000
             409.000       2.760      -0.781       7.000    2.69%       3.000      5.000
     RD4                   4.262      -0.240       1.000    7.33%       2.000      4.000      5.000
             409.000       3.093      -0.961       7.000   10.02%       5.000      6.000
     RD5                   3.535       0.266       1.000   11.25%       2.000      3.000      3.000
             409.000       2.777      -0.805       7.000    5.13%       4.000      5.000
     POS1                  3.526       0.101       1.000    9.78%       2.000      3.000      4.000
             409.000       2.200      -0.643       7.000    2.20%       4.000      5.000
     POS2                  3.174       0.200       1.000   15.89%       2.000      3.000      3.000
             409.000       2.153      -0.733       7.000    0.73%       4.000      4.000
     POS3                  3.966      -0.135       1.000    4.89%       3.000      4.000      4.000
             409.000       2.048      -0.590       7.000    2.20%       4.000      5.000
     POS5                  3.293       0.225       1.000   12.47%       2.000      3.000      3.000
             409.000       2.041      -0.429       7.000    1.47%       4.000      4.000
     POS6                  4.144      -0.238       1.000    2.93%       3.000      4.000      4.000
             409.000       1.903      -0.524       7.000    2.44%       5.000      5.000
     LS1                   4.149      -0.178       1.000    4.89%       3.000      4.000      4.000
             409.000       2.313      -0.665       7.000    5.13%       5.000      5.000
     LS2                   4.188      -0.257       1.000    4.40%       3.000      4.000      4.000
             409.000       2.011      -0.352       7.000    3.67%       5.000      5.000
     LS3                   4.702      -0.439       1.000    3.67%       3.000      4.000      5.000
             409.000       2.444      -0.503       7.000   11.98%       5.000      6.000
     LS4                   4.364      -0.316       1.000    5.87%       3.000      4.000      5.000
             409.000       2.843      -0.815       7.000    9.78%       5.000      6.000
     LS5                   3.090       0.526       1.000   22.25%       1.000      2.000      3.000
             409.000       2.958      -0.719       7.000    3.18%       3.000      5.000
     SCD                   3.704      -0.136       1.000   10.51%       2.000      3.000      4.000
             409.000       2.688      -1.257       6.000   16.63%       4.000      5.000


THE MODEL ESTIMATION TERMINATED NORMALLY



MODEL FIT INFORMATION

Number of Free Parameters                       50

Loglikelihood

          H0 Value                       -9845.686
          H1 Value                       -9575.124

Information Criteria

          Akaike (AIC)                   19791.373
          Bayesian (BIC)                 19992.059
          Sample-Size Adjusted BIC       19833.400
            (n* = (n + 2) / 24)

Chi-Square Test of Model Fit

          Value                            541.125
          Degrees of Freedom                   100
          P-Value                           0.0000

RMSEA (Root Mean Square Error Of Approximation)

          Estimate                           0.104
          90 Percent C.I.                    0.095  0.113
          Probability RMSEA <= .05           0.000

CFI/TLI

          CFI                                0.878
          TLI                                0.853

Chi-Square Test of Model Fit for the Baseline Model

          Value                           3731.835
          Degrees of Freedom                   120
          P-Value                           0.0000

SRMR (Standardized Root Mean Square Residual)

          Value                              0.137



MODEL RESULTS

                                                    Two-Tailed
                    Estimate       S.E.  Est./S.E.    P-Value

 RD       BY
    RD1                1.000      0.000    999.000    999.000
    RD2                0.986      0.066     14.836      0.000
    RD3                0.757      0.076      9.937      0.000
    RD4                1.181      0.070     16.916      0.000
    RD5                1.098      0.075     14.691      0.000

 POS      BY
    POS1               1.000      0.000    999.000    999.000
    POS2               1.013      0.051     19.834      0.000
    POS3               0.998      0.076     13.195      0.000
    POS5               0.673      0.068      9.907      0.000
    POS6               0.867      0.080     10.884      0.000

 LS       BY
    LS1                1.000      0.000    999.000    999.000
    LS2                0.984      0.055     18.012      0.000
    LS3                1.097      0.058     18.877      0.000
    LS4                0.985      0.059     16.620      0.000
    LS5                0.906      0.068     13.293      0.000

 LS       ON
    RD                -0.524      0.068     -7.669      0.000
    POS                0.479      0.062      7.715      0.000

 RD       ON
    SCD                0.289      0.046      6.229      0.000

 POS      ON
    SCD               -0.160      0.038     -4.177      0.000

 LS       ON
    SCD                0.115      0.030      3.815      0.000

 Intercepts
    RD1                3.139      0.201     15.604      0.000
    RD2                2.276      0.176     12.947      0.000
    RD3                2.245      0.140     16.026      0.000
    RD4                3.000      0.207     14.477      0.000
    RD5                2.362      0.184     12.838      0.000
    POS1               4.119      0.159     25.943      0.000
    POS2               3.775      0.166     22.773      0.000
    POS3               4.558      0.161     28.244      0.000
    POS5               3.692      0.122     30.245      0.000
    POS6               4.658      0.145     32.158      0.000
    LS1                4.566      0.161     28.448      0.000
    LS2                4.599      0.157     29.252      0.000
    LS3                5.159      0.175     29.470      0.000
    LS4                4.775      0.165     28.938      0.000
    LS5                3.468      0.160     21.632      0.000

 Residual Variances
    RD1                1.172      0.120      9.779      0.000
    RD2                1.289      0.131      9.869      0.000
    RD3                1.877      0.139     13.522      0.000
    RD4                0.945      0.112      8.416      0.000
    RD5                0.921      0.126      7.289      0.000
    POS1               0.839      0.126      6.642      0.000
    POS2               0.754      0.100      7.508      0.000
    POS3               0.690      0.080      8.647      0.000
    POS5               1.425      0.105     13.605      0.000
    POS6               0.880      0.101      8.705      0.000
    LS1                0.827      0.113      7.291      0.000
    LS2                0.572      0.054     10.592      0.000
    LS3                0.656      0.066      9.962      0.000
    LS4                1.401      0.110     12.747      0.000
    LS5                1.739      0.132     13.196      0.000
    RD                 1.317      0.131     10.063      0.000
    POS                1.293      0.147      8.818      0.000
    LS                 0.537      0.074      7.221      0.000

New/Additional Parameters
    IE_RD             -0.151      0.027     -5.688      0.000
    IE_POS            -0.077      0.021     -3.681      0.000


STANDARDIZED MODEL RESULTS


STDYX Standardization

                                                    Two-Tailed
                    Estimate       S.E.  Est./S.E.    P-Value

 RD       BY
    RD1                0.754      0.030     24.923      0.000
    RD2                0.733      0.031     23.427      0.000
    RD3                0.566      0.041     13.763      0.000
    RD4                0.833      0.023     36.935      0.000
    RD5                0.818      0.027     30.423      0.000

 POS      BY
    POS1               0.787      0.035     22.561      0.000
    POS2               0.806      0.030     26.854      0.000
    POS3               0.814      0.026     31.862      0.000
    POS5               0.549      0.040     13.653      0.000
    POS6               0.733      0.037     19.957      0.000

 LS       BY
    LS1                0.773      0.032     24.303      0.000
    LS2                0.822      0.018     45.098      0.000
    LS3                0.832      0.018     45.630      0.000
    LS4                0.678      0.030     22.699      0.000
    LS5                0.606      0.033     18.166      0.000

 LS       ON
    RD                -0.587      0.060     -9.863      0.000
    POS                0.504      0.058      8.659      0.000

 RD       ON
    SCD                0.381      0.051      7.477      0.000

 POS      ON
    SCD               -0.225      0.054     -4.175      0.000

 LS       ON
    SCD                0.171      0.044      3.915      0.000

 Intercepts
    RD1                1.906      0.152     12.510      0.000
    RD2                1.363      0.113     12.078      0.000
    RD3                1.351      0.089     15.143      0.000
    RD4                1.706      0.139     12.276      0.000
    RD5                1.418      0.118     11.972      0.000
    POS1               2.777      0.126     21.973      0.000
    POS2               2.572      0.124     20.754      0.000
    POS3               3.185      0.138     23.134      0.000
    POS5               2.584      0.103     25.036      0.000
    POS6               3.377      0.146     23.103      0.000
    LS1                3.185      0.141     22.508      0.000
    LS2                3.464      0.150     23.092      0.000
    LS3                3.531      0.155     22.774      0.000
    LS4                2.965      0.126     23.514      0.000
    LS5                2.092      0.099     21.068      0.000

 Residual Variances
    RD1                0.432      0.045      9.514      0.000
    RD2                0.462      0.046     10.133      0.000
    RD3                0.680      0.046     14.705      0.000
    RD4                0.306      0.037      8.162      0.000
    RD5                0.332      0.044      7.578      0.000
    POS1               0.381      0.054      7.010      0.000
    POS2               0.350      0.048      7.276      0.000
    POS3               0.337      0.041      8.138      0.000
    POS5               0.698      0.044     15.897      0.000
    POS6               0.462      0.053      8.653      0.000
    LS1                0.402      0.049      8.217      0.000
    LS2                0.324      0.030     10.843      0.000
    LS3                0.307      0.030     10.119      0.000
    LS4                0.540      0.040     13.384      0.000
    LS5                0.633      0.040     15.698      0.000
    RD                 0.855      0.039     22.174      0.000
    POS                0.949      0.024     38.966      0.000
    LS                 0.437      0.044     10.029      0.000


R-SQUARE

    Observed                                        Two-Tailed
    Variable        Estimate       S.E.  Est./S.E.    P-Value

    RD1                0.568      0.045     12.513      0.000
    RD2                0.538      0.046     11.782      0.000
    RD3                0.320      0.046      6.922      0.000
    RD4                0.694      0.037     18.551      0.000
    RD5                0.668      0.044     15.279      0.000
    POS1               0.619      0.054     11.386      0.000
    POS2               0.650      0.048     13.493      0.000
    POS3               0.663      0.041     15.999      0.000
    POS5               0.302      0.044      6.874      0.000
    POS6               0.538      0.053     10.070      0.000
    LS1                0.598      0.049     12.213      0.000
    LS2                0.676      0.030     22.575      0.000
    LS3                0.693      0.030     22.826      0.000
    LS4                0.460      0.040     11.387      0.000
    LS5                0.367      0.040      9.095      0.000

     Latent                                         Two-Tailed
    Variable        Estimate       S.E.  Est./S.E.    P-Value

    RD                 0.145      0.039      3.767      0.000
    POS                0.051      0.024      2.076      0.038
    LS                 0.563      0.044     12.938      0.000


CONFIDENCE INTERVALS OF MODEL RESULTS

                  Lower .5%  Lower 2.5%    Lower 5%    Estimate    Upper 5%  Upper 2.5%   Upper .5%

 RD       BY
    RD1              1.000       1.000       1.000       1.000       1.000       1.000       1.000
    RD2              0.829       0.866       0.884       0.986       1.105       1.126       1.176
    RD3              0.565       0.611       0.636       0.757       0.887       0.913       0.971
    RD4              1.021       1.057       1.077       1.181       1.307       1.336       1.386
    RD5              0.933       0.966       0.986       1.098       1.231       1.258       1.321

 POS      BY
    POS1             1.000       1.000       1.000       1.000       1.000       1.000       1.000
    POS2             0.893       0.921       0.937       1.013       1.105       1.124       1.170
    POS3             0.829       0.863       0.885       0.998       1.133       1.162       1.216
    POS5             0.501       0.546       0.567       0.673       0.793       0.813       0.859
    POS6             0.674       0.721       0.745       0.867       1.006       1.034       1.087

 LS       BY
    LS1              1.000       1.000       1.000       1.000       1.000       1.000       1.000
    LS2              0.860       0.887       0.902       0.984       1.083       1.103       1.143
    LS3              0.966       0.996       1.011       1.097       1.202       1.223       1.263
    LS4              0.833       0.872       0.891       0.985       1.084       1.105       1.140
    LS5              0.737       0.778       0.795       0.906       1.019       1.044       1.093

 LS       ON
    RD              -0.715      -0.668      -0.641      -0.524      -0.418      -0.399      -0.363
    POS              0.331       0.367       0.382       0.479       0.588       0.606       0.649

 RD       ON
    SCD              0.170       0.199       0.214       0.289       0.367       0.382       0.409

 POS      ON
    SCD             -0.256      -0.232      -0.221      -0.160      -0.095      -0.083      -0.056

 LS       ON
    SCD              0.039       0.056       0.066       0.115       0.166       0.176       0.196

 Intercepts
    RD1              2.603       2.724       2.790       3.139       3.463       3.518       3.655
    RD2              1.823       1.921       1.976       2.276       2.552       2.606       2.728
    RD3              1.880       1.955       2.003       2.245       2.463       2.510       2.590
    RD4              2.465       2.584       2.646       3.000       3.328       3.398       3.539
    RD5              1.883       1.987       2.042       2.362       2.649       2.705       2.837
    POS1             3.663       3.797       3.844       4.119       4.368       4.420       4.519
    POS2             3.328       3.437       3.482       3.775       4.034       4.088       4.199
    POS3             4.127       4.232       4.289       4.558       4.818       4.864       4.959
    POS5             3.375       3.454       3.500       3.692       3.895       3.940       4.020
    POS6             4.264       4.354       4.410       4.658       4.886       4.934       5.020
    LS1              4.125       4.245       4.303       4.566       4.828       4.876       4.982
    LS2              4.165       4.280       4.327       4.599       4.856       4.899       4.979
    LS3              4.655       4.801       4.864       5.159       5.435       5.481       5.598
    LS4              4.333       4.437       4.495       4.775       5.033       5.089       5.185
    LS5              3.041       3.152       3.201       3.468       3.729       3.779       3.894

 Residual Variances
    RD1              0.888       0.950       0.986       1.172       1.376       1.414       1.507
    RD2              0.987       1.061       1.098       1.289       1.535       1.590       1.665
    RD3              1.554       1.635       1.678       1.877       2.129       2.179       2.286
    RD4              0.691       0.745       0.779       0.945       1.149       1.192       1.271
    RD5              0.629       0.697       0.734       0.921       1.150       1.198       1.304
    POS1             0.568       0.623       0.655       0.839       1.078       1.129       1.228
    POS2             0.519       0.578       0.606       0.754       0.943       0.976       1.057
    POS3             0.495       0.541       0.564       0.690       0.829       0.857       0.910
    POS5             1.172       1.233       1.268       1.425       1.615       1.644       1.737
    POS6             0.649       0.706       0.734       0.880       1.074       1.110       1.183
    LS1              0.575       0.631       0.660       0.827       1.034       1.085       1.175
    LS2              0.447       0.475       0.491       0.572       0.672       0.690       0.734
    LS3              0.499       0.536       0.555       0.656       0.773       0.794       0.847
    LS4              1.151       1.210       1.240       1.401       1.606       1.638       1.708
    LS5              1.439       1.508       1.544       1.739       1.978       2.025       2.122
    RD               0.998       1.074       1.106       1.317       1.537       1.584       1.679
    POS              0.920       1.014       1.060       1.293       1.535       1.580       1.691
    LS               0.368       0.409       0.427       0.537       0.677       0.707       0.766

New/Additional Parameters
    IE_RD           -0.225      -0.210      -0.200      -0.151      -0.113      -0.105      -0.090
    IE_POS          -0.138      -0.122      -0.115      -0.077      -0.046      -0.040      -0.028


CONFIDENCE INTERVALS OF STANDARDIZED MODEL RESULTS


STDYX Standardization

                  Lower .5%  Lower 2.5%    Lower 5%    Estimate    Upper 5%  Upper 2.5%   Upper .5%

 RD       BY
    RD1              0.668       0.693       0.702       0.754       0.801       0.808       0.823
    RD2              0.639       0.665       0.677       0.733       0.779       0.789       0.803
    RD3              0.446       0.477       0.492       0.566       0.627       0.640       0.663
    RD4              0.768       0.784       0.794       0.833       0.868       0.874       0.884
    RD5              0.736       0.760       0.770       0.818       0.858       0.865       0.879

 POS      BY
    POS1             0.677       0.706       0.720       0.787       0.837       0.845       0.858
    POS2             0.718       0.741       0.752       0.806       0.851       0.858       0.874
    POS3             0.742       0.760       0.768       0.814       0.853       0.859       0.874
    POS5             0.436       0.464       0.478       0.549       0.611       0.624       0.643
    POS6             0.618       0.650       0.665       0.733       0.787       0.796       0.812

 LS       BY
    LS1              0.678       0.702       0.714       0.773       0.819       0.828       0.843
    LS2              0.770       0.782       0.790       0.822       0.850       0.855       0.865
    LS3              0.781       0.792       0.800       0.832       0.861       0.866       0.875
    LS4              0.593       0.616       0.626       0.678       0.723       0.732       0.749
    LS5              0.515       0.536       0.546       0.606       0.657       0.667       0.684

 LS       ON
    RD              -0.732      -0.697      -0.681      -0.587      -0.485      -0.465      -0.421
    POS              0.358       0.387       0.407       0.504       0.598       0.617       0.650

 RD       ON
    SCD              0.238       0.279       0.294       0.381       0.462       0.476       0.506

 POS      ON
    SCD             -0.352      -0.325      -0.307      -0.225      -0.130      -0.111      -0.077

 LS       ON
    SCD              0.059       0.083       0.099       0.171       0.242       0.256       0.281

 Intercepts
    RD1              1.508       1.601       1.648       1.906       2.152       2.206       2.302
    RD2              1.078       1.145       1.175       1.363       1.546       1.581       1.658
    RD3              1.115       1.167       1.197       1.351       1.492       1.519       1.571
    RD4              1.354       1.435       1.475       1.706       1.928       1.980       2.072
    RD5              1.112       1.181       1.217       1.418       1.608       1.642       1.722
    POS1             2.430       2.523       2.567       2.777       2.982       3.018       3.083
    POS2             2.224       2.310       2.351       2.572       2.765       2.800       2.866
    POS3             2.809       2.897       2.949       3.185       3.400       3.444       3.540
    POS5             2.317       2.379       2.412       2.584       2.748       2.782       2.850
    POS6             2.981       3.077       3.133       3.377       3.613       3.659       3.751
    LS1              2.818       2.906       2.953       3.185       3.415       3.462       3.567
    LS2              3.087       3.177       3.226       3.464       3.712       3.764       3.854
    LS3              3.135       3.234       3.284       3.531       3.793       3.831       3.936
    LS4              2.642       2.713       2.758       2.965       3.173       3.214       3.290
    LS5              1.807       1.881       1.921       2.092       2.245       2.275       2.334

 Residual Variances
    RD1              0.322       0.347       0.359       0.432       0.507       0.520       0.551
    RD2              0.355       0.378       0.393       0.462       0.541       0.557       0.590
    RD3              0.560       0.590       0.607       0.680       0.758       0.771       0.801
    RD4              0.219       0.236       0.247       0.306       0.370       0.385       0.409
    RD5              0.227       0.252       0.264       0.332       0.407       0.423       0.458
    POS1             0.264       0.286       0.299       0.381       0.482       0.502       0.542
    POS2             0.236       0.263       0.275       0.350       0.434       0.451       0.485
    POS3             0.237       0.261       0.272       0.337       0.409       0.423       0.449
    POS5             0.585       0.610       0.626       0.698       0.772       0.785       0.808
    POS6             0.341       0.366       0.380       0.462       0.557       0.577       0.618
    LS1              0.290       0.315       0.330       0.402       0.490       0.508       0.540
    LS2              0.251       0.269       0.278       0.324       0.376       0.389       0.406
    LS3              0.234       0.250       0.259       0.307       0.360       0.372       0.390
    LS4              0.439       0.464       0.477       0.540       0.609       0.621       0.648
    LS5              0.533       0.555       0.569       0.633       0.701       0.712       0.735
    RD               0.742       0.773       0.787       0.855       0.913       0.922       0.943
    POS              0.876       0.895       0.906       0.949       0.983       0.988       0.994
    LS               0.331       0.359       0.373       0.437       0.519       0.529       0.559


     Beginning Time:  14:41:24
        Ending Time:  14:41:38
       Elapsed Time:  00:00:14



MUTHEN & MUTHEN
3463 Stoner Ave.
Los Angeles, CA  90066

Tel: (310) 391-9971
Fax: (310) 391-8971
Web: www.StatModel.com
Support: Support@StatModel.com

Copyright (c) 1998-2019 Muthen & Muthen
