Mplus VERSION 8.3
MUTHEN & MUTHEN
03/19/2023   3:48 PM

INPUT INSTRUCTIONS

  TITLE:

      Moderator is SCD;

  DATA:
  FILE = "./OUTPUT/Mplus/SEM.mod.SCD_e260fe491f9959acfa95173831829cdb.dat";

  VARIABLE:
  NAMES = ASC1 ASC2 ASC3 ASC4 ASC5 OSC1 OSC2 OSC3 OSC4 OSC5 OSC6 RD1 RD2 RD3 RD4 RD5
       POS1 POS2 POS3 POS4 POS5 LS1 LS2 LS3 LS4 LS5 SCD;
   MISSING=.;

  ANALYSIS:

      TYPE =general RANDOM;
      estimator=MLR;
      ALGORITHM=INTEGRATION;
      convergence=0.01;

  MODEL:

      ASC by ASC1-ASC5;
      OSC by OSC1-OSC6;
      SCO by ASC@0.8 OSC@0.8;

      SCD@1;
      OD | SCO XWITH SCD;

      RD by RD1-RD5;
      POS by POS1-POS5;

      LS by LS1-LS5;

      RD on SCO(a1)
            SCD
            OD(w1);
      POS on SCO(a2)
             SCD
             OD(w2);
      LS on SCO(c)
            RD(b1)
            POS(b2);

  MODEL CONSTRAINT:

     NEW(L_SCD M_SCD H_SCD
        IE_L_RD IE_M_RD IE_H_RD
        IE_L_POS IE_M_POS IE_H_POS

        DIF_LM_RD DIF_LH_RD DIF_MH_RD
        DIF_LM_POS DIF_LH_POS DIF_MH_POS
        );

      L_SCD = -1;
      M_SCD = 0;
      H_SCD = 1;

      IE_L_RD = (a1+w1*L_SCD)*b1;
      IE_M_RD = (a1+w1*M_SCD)*b1;
      IE_H_RD = (a1+w1*H_SCD)*b1;

      IE_L_POS = (a2+w2*L_SCD)*b2;
      IE_M_POS = (a2+w2*M_SCD)*b2;
      IE_H_POS = (a2+w2*H_SCD)*b2;

      DIF_LM_RD = IE_L_RD - IE_M_RD;
      DIF_LH_RD = IE_L_RD - IE_H_RD;
      DIF_MH_RD = IE_M_RD - IE_H_RD;

      DIF_LM_POS = IE_L_POS - IE_M_POS;
      DIF_LH_POS = IE_L_POS - IE_H_POS;
      DIF_MH_POS = IE_M_POS - IE_H_POS;

      PLOT(P_L_RD P_M_RD P_H_RD
           P_L_POS P_M_POS P_H_POS);
      LOOP(XVAL,1,7,0.1);
      P_L_RD = IE_L_RD*XVAL;
      P_M_RD = IE_M_RD*XVAL;
      P_H_RD = IE_H_RD*XVAL;

      P_L_POS = IE_L_POS*XVAL;
      P_M_POS = IE_M_POS*XVAL;
      P_H_POS = IE_H_POS*XVAL;

  OUTPUT:

      cint;
      STDYX
  PLOT:

      TYPE = plot2;




INPUT READING TERMINATED NORMALLY





Moderator is SCD;

SUMMARY OF ANALYSIS

Number of groups                                                 1
Number of observations                                         400

Number of dependent variables                                   26
Number of independent variables                                  1
Number of continuous latent variables                            7

Observed dependent variables

  Continuous
   ASC1        ASC2        ASC3        ASC4        ASC5        OSC1
   OSC2        OSC3        OSC4        OSC5        OSC6        RD1
   RD2         RD3         RD4         RD5         POS1        POS2
   POS3        POS4        POS5        LS1         LS2         LS3
   LS4         LS5

Observed independent variables
   SCD

Continuous latent variables
   ASC         OSC         SCO         RD          POS         LS
   OD


Estimator                                                      MLR
Information matrix                                        OBSERVED
Optimization Specifications for the Quasi-Newton Algorithm for
Continuous Outcomes
  Maximum number of iterations                                 100
  Convergence criterion                                  0.100D-01
Optimization Specifications for the EM Algorithm
  Maximum number of iterations                                 500
  Convergence criteria
    Loglikelihood change                                 0.100D-02
    Relative loglikelihood change                        0.100D-05
    Derivative                                           0.100D-02
Optimization Specifications for the M step of the EM Algorithm for
Categorical Latent variables
  Number of M step iterations                                    1
  M step convergence criterion                           0.100D-02
  Basis for M step termination                           ITERATION
Optimization Specifications for the M step of the EM Algorithm for
Censored, Binary or Ordered Categorical (Ordinal), Unordered
Categorical (Nominal) and Count Outcomes
  Number of M step iterations                                    1
  M step convergence criterion                           0.100D-02
  Basis for M step termination                           ITERATION
  Maximum value for logit thresholds                            15
  Minimum value for logit thresholds                           -15
  Minimum expected cell size for chi-square              0.100D-01
Maximum number of iterations for H1                           2000
Convergence criterion for H1                             0.100D-03
Optimization algorithm                                         EMA
Integration Specifications
  Type                                                    STANDARD
  Number of integration points                                  15
  Dimensions of numerical integration                            1
  Adaptive quadrature                                           ON
Cholesky                                                       OFF

Input data file(s)
  ./OUTPUT/Mplus/SEM.mod.SCD_e260fe491f9959acfa95173831829cdb.dat
Input data format  FREE


SUMMARY OF DATA

     Number of missing data patterns             1


COVARIANCE COVERAGE OF DATA

Minimum covariance coverage value   0.100


     PROPORTION OF DATA PRESENT FOR Y


           Covariance Coverage
              ASC1          ASC2          ASC3          ASC4          ASC5
              ________      ________      ________      ________      ________
 ASC1           1.000
 ASC2           1.000         1.000
 ASC3           1.000         1.000         1.000
 ASC4           1.000         1.000         1.000         1.000
 ASC5           1.000         1.000         1.000         1.000         1.000
 OSC1           1.000         1.000         1.000         1.000         1.000
 OSC2           1.000         1.000         1.000         1.000         1.000
 OSC3           1.000         1.000         1.000         1.000         1.000
 OSC4           1.000         1.000         1.000         1.000         1.000
 OSC5           1.000         1.000         1.000         1.000         1.000
 OSC6           1.000         1.000         1.000         1.000         1.000
 RD1            1.000         1.000         1.000         1.000         1.000
 RD2            1.000         1.000         1.000         1.000         1.000
 RD3            1.000         1.000         1.000         1.000         1.000
 RD4            1.000         1.000         1.000         1.000         1.000
 RD5            1.000         1.000         1.000         1.000         1.000
 POS1           1.000         1.000         1.000         1.000         1.000
 POS2           1.000         1.000         1.000         1.000         1.000
 POS3           1.000         1.000         1.000         1.000         1.000
 POS4           1.000         1.000         1.000         1.000         1.000
 POS5           1.000         1.000         1.000         1.000         1.000
 LS1            1.000         1.000         1.000         1.000         1.000
 LS2            1.000         1.000         1.000         1.000         1.000
 LS3            1.000         1.000         1.000         1.000         1.000
 LS4            1.000         1.000         1.000         1.000         1.000
 LS5            1.000         1.000         1.000         1.000         1.000
 SCD            1.000         1.000         1.000         1.000         1.000


           Covariance Coverage
              OSC1          OSC2          OSC3          OSC4          OSC5
              ________      ________      ________      ________      ________
 OSC1           1.000
 OSC2           1.000         1.000
 OSC3           1.000         1.000         1.000
 OSC4           1.000         1.000         1.000         1.000
 OSC5           1.000         1.000         1.000         1.000         1.000
 OSC6           1.000         1.000         1.000         1.000         1.000
 RD1            1.000         1.000         1.000         1.000         1.000
 RD2            1.000         1.000         1.000         1.000         1.000
 RD3            1.000         1.000         1.000         1.000         1.000
 RD4            1.000         1.000         1.000         1.000         1.000
 RD5            1.000         1.000         1.000         1.000         1.000
 POS1           1.000         1.000         1.000         1.000         1.000
 POS2           1.000         1.000         1.000         1.000         1.000
 POS3           1.000         1.000         1.000         1.000         1.000
 POS4           1.000         1.000         1.000         1.000         1.000
 POS5           1.000         1.000         1.000         1.000         1.000
 LS1            1.000         1.000         1.000         1.000         1.000
 LS2            1.000         1.000         1.000         1.000         1.000
 LS3            1.000         1.000         1.000         1.000         1.000
 LS4            1.000         1.000         1.000         1.000         1.000
 LS5            1.000         1.000         1.000         1.000         1.000
 SCD            1.000         1.000         1.000         1.000         1.000


           Covariance Coverage
              OSC6          RD1           RD2           RD3           RD4
              ________      ________      ________      ________      ________
 OSC6           1.000
 RD1            1.000         1.000
 RD2            1.000         1.000         1.000
 RD3            1.000         1.000         1.000         1.000
 RD4            1.000         1.000         1.000         1.000         1.000
 RD5            1.000         1.000         1.000         1.000         1.000
 POS1           1.000         1.000         1.000         1.000         1.000
 POS2           1.000         1.000         1.000         1.000         1.000
 POS3           1.000         1.000         1.000         1.000         1.000
 POS4           1.000         1.000         1.000         1.000         1.000
 POS5           1.000         1.000         1.000         1.000         1.000
 LS1            1.000         1.000         1.000         1.000         1.000
 LS2            1.000         1.000         1.000         1.000         1.000
 LS3            1.000         1.000         1.000         1.000         1.000
 LS4            1.000         1.000         1.000         1.000         1.000
 LS5            1.000         1.000         1.000         1.000         1.000
 SCD            1.000         1.000         1.000         1.000         1.000


           Covariance Coverage
              RD5           POS1          POS2          POS3          POS4
              ________      ________      ________      ________      ________
 RD5            1.000
 POS1           1.000         1.000
 POS2           1.000         1.000         1.000
 POS3           1.000         1.000         1.000         1.000
 POS4           1.000         1.000         1.000         1.000         1.000
 POS5           1.000         1.000         1.000         1.000         1.000
 LS1            1.000         1.000         1.000         1.000         1.000
 LS2            1.000         1.000         1.000         1.000         1.000
 LS3            1.000         1.000         1.000         1.000         1.000
 LS4            1.000         1.000         1.000         1.000         1.000
 LS5            1.000         1.000         1.000         1.000         1.000
 SCD            1.000         1.000         1.000         1.000         1.000


           Covariance Coverage
              POS5          LS1           LS2           LS3           LS4
              ________      ________      ________      ________      ________
 POS5           1.000
 LS1            1.000         1.000
 LS2            1.000         1.000         1.000
 LS3            1.000         1.000         1.000         1.000
 LS4            1.000         1.000         1.000         1.000         1.000
 LS5            1.000         1.000         1.000         1.000         1.000
 SCD            1.000         1.000         1.000         1.000         1.000


           Covariance Coverage
              LS5           SCD
              ________      ________
 LS5            1.000
 SCD            1.000         1.000



UNIVARIATE SAMPLE STATISTICS


     UNIVARIATE HIGHER-ORDER MOMENT DESCRIPTIVE STATISTICS

         Variable/         Mean/     Skewness/   Minimum/ % with                Percentiles
        Sample Size      Variance    Kurtosis    Maximum  Min/Max      20%/60%    40%/80%    Median

     ASC1                  4.380      -0.381       1.000    0.50%       3.000      4.000      5.000
             400.000       1.446      -0.558       7.000    0.75%       5.000      5.000
     ASC2                  4.360      -0.333       1.000    0.50%       3.000      4.000      5.000
             400.000       1.425      -0.556       7.000    1.00%       5.000      5.000
     ASC3                  4.385      -0.375       1.000    0.25%       3.000      4.000      5.000
             400.000       1.447      -0.634       7.000    0.75%       5.000      5.000
     ASC4                  4.447      -0.367       0.000    0.25%       3.000      4.000      5.000
             400.000       1.467      -0.263       8.000    0.25%       5.000      6.000
     ASC5                  4.423      -0.467       1.000    0.25%       3.000      4.000      5.000
             400.000       1.449      -0.566       7.000    0.50%       5.000      5.000
     OSC1                  4.430      -0.269       2.000    7.00%       3.000      4.000      5.000
             400.000       1.505      -0.736       7.000    1.75%       5.000      5.000
     OSC2                  4.375      -0.375       1.000    0.50%       3.000      4.000      5.000
             400.000       1.429      -0.584       7.000    0.50%       5.000      5.000
     OSC3                  4.425      -0.489       1.000    0.50%       3.000      4.000      5.000
             400.000       1.444      -0.441       7.000    1.00%       5.000      5.000
     OSC4                  4.372      -0.386       1.000    0.25%       3.000      4.000      5.000
             400.000       1.459      -0.605       7.000    1.00%       5.000      5.000
     OSC5                  4.388      -0.319       2.000    8.00%       3.000      4.000      5.000
             400.000       1.442      -0.627       7.000    1.25%       5.000      5.000
     OSC6                  4.435      -0.474       1.000    0.75%       3.000      4.000      5.000
             400.000       1.401      -0.365       7.000    0.75%       5.000      5.000
     RD1                   4.035       0.028       1.000    0.25%       3.000      4.000      4.000
             400.000       1.634      -0.945       7.000    1.00%       5.000      5.000
     RD2                   3.998       0.005       1.000    0.25%       3.000      4.000      4.000
             400.000       1.607      -0.962       7.000    0.50%       4.000      5.000
     RD3                   4.075      -0.063       1.000    0.25%       3.000      4.000      4.000
             400.000       1.524      -0.954       7.000    0.25%       5.000      5.000
     RD4                   4.075       0.022       2.000   10.50%       3.000      4.000      4.000
             400.000       1.544      -0.981       7.000    0.75%       5.000      5.000
     RD5                   3.980       0.053       1.000    0.75%       3.000      3.000      4.000
             400.000       1.585      -0.838       7.000    1.00%       4.000      5.000
     POS1                  4.045      -0.055       1.000    0.25%       3.000      4.000      4.000
             400.000       1.613      -0.972       7.000    0.75%       5.000      5.000
     POS2                  3.980       0.067       1.000    0.50%       3.000      3.000      4.000
             400.000       1.615      -0.905       7.000    0.75%       4.000      5.000
     POS3                  4.020      -0.001       1.000    0.25%       3.000      4.000      4.000
             400.000       1.605      -0.875       7.000    1.00%       4.000      5.000
     POS4                  4.010       0.018       1.000    0.75%       3.000      4.000      4.000
             400.000       1.625      -0.920       7.000    0.50%       4.000      5.000
     POS5                  3.978       0.105       1.000    0.50%       3.000      3.000      4.000
             400.000       1.542      -0.756       7.000    1.25%       4.000      5.000
     LS1                   4.018      -0.068       1.000    1.25%       3.000      4.000      4.000
             400.000       0.937       0.939       7.000    0.50%       4.000      5.000
     LS2                   3.990       0.050       1.000    0.25%       3.000      4.000      4.000
             400.000       1.010       0.227       7.000    0.50%       4.000      5.000
     LS3                   3.955      -0.050       1.000    0.75%       3.000      4.000      4.000
             400.000       1.048       0.285       7.000    0.25%       4.000      5.000
     LS4                   4.010      -0.078       1.000    0.50%       3.000      4.000      4.000
             400.000       1.025       0.263       7.000    0.25%       4.000      5.000
     LS5                   3.958       0.099       2.000    8.25%       3.000      4.000      4.000
             400.000       1.041      -0.065       7.000    0.50%       4.000      5.000
     SCD                   3.978       0.029       1.000    0.25%       3.000      4.000      4.000
             400.000       0.972       0.410       7.000    0.75%       4.000      5.000


THE MODEL ESTIMATION TERMINATED NORMALLY

     WARNING:  THE LATENT VARIABLE COVARIANCE MATRIX (PSI) IS NOT POSITIVE
     DEFINITE.  THIS COULD INDICATE A NEGATIVE VARIANCE/RESIDUAL VARIANCE FOR A
     LATENT VARIABLE, A CORRELATION GREATER OR EQUAL TO ONE BETWEEN TWO LATENT
     VARIABLES, OR A LINEAR DEPENDENCY AMONG MORE THAN TWO LATENT VARIABLES.
     CHECK THE TECH4 OUTPUT FOR MORE INFORMATION.



MODEL FIT INFORMATION

Number of Free Parameters                       90

Loglikelihood

          H0 Value                      -11865.374
          H0 Scaling Correction Factor      1.4706
            for MLR

Information Criteria

          Akaike (AIC)                   23910.748
          Bayesian (BIC)                 24269.980
          Sample-Size Adjusted BIC       23984.404
            (n* = (n + 2) / 24)



MODEL RESULTS

                                                    Two-Tailed
                    Estimate       S.E.  Est./S.E.    P-Value

 ASC      BY
    ASC1               1.000      0.000    999.000    999.000
    ASC2               1.000      0.027     36.477      0.000
    ASC3               0.978      0.025     39.681      0.000
    ASC4               0.979      0.024     40.135      0.000
    ASC5               0.955      0.024     39.486      0.000

 OSC      BY
    OSC1               1.000      0.000    999.000    999.000
    OSC2               0.994      0.027     36.969      0.000
    OSC3               0.994      0.026     38.830      0.000
    OSC4               0.997      0.026     38.988      0.000
    OSC5               0.989      0.023     42.154      0.000
    OSC6               0.964      0.026     37.281      0.000

 RD       BY
    RD1                1.000      0.000    999.000    999.000
    RD2                1.053      0.026     41.284      0.000
    RD3                0.986      0.025     39.091      0.000
    RD4                1.009      0.024     41.552      0.000
    RD5                1.026      0.023     43.682      0.000

 POS      BY
    POS1               1.000      0.000    999.000    999.000
    POS2               1.052      0.025     42.743      0.000
    POS3               1.043      0.026     40.815      0.000
    POS4               1.001      0.026     39.022      0.000
    POS5               1.026      0.030     34.558      0.000

 LS       BY
    LS1                1.000      0.000    999.000    999.000
    LS2                1.026      0.040     25.338      0.000
    LS3                0.944      0.038     25.112      0.000
    LS4                1.011      0.039     25.726      0.000
    LS5                0.996      0.034     29.550      0.000

 SCO      BY
    ASC                0.800      0.000    999.000    999.000
    OSC                0.800      0.000    999.000    999.000

 RD         ON
    SCO               -0.766      0.192     -3.986      0.000
    OD                 0.306      0.048      6.350      0.000

 POS        ON
    SCO                1.833      0.180     10.191      0.000
    OD                -0.349      0.043     -8.142      0.000

 LS         ON
    SCO               -0.003      0.023     -0.118      0.906
    RD                -0.504      0.025    -20.469      0.000
    POS                0.501      0.027     18.884      0.000

 RD         ON
    SCD                0.401      0.047      8.494      0.000

 POS        ON
    SCD               -0.322      0.043     -7.456      0.000

 SCD      WITH
    SCO               -0.018      0.076     -0.231      0.817

 Means
    SCD                3.978      0.049     80.687      0.000

 Intercepts
    ASC1               4.380      0.060     72.863      0.000
    ASC2               4.360      0.060     73.043      0.000
    ASC3               4.385      0.060     72.916      0.000
    ASC4               4.448      0.061     73.438      0.000
    ASC5               4.423      0.060     73.483      0.000
    OSC1               4.430      0.061     72.223      0.000
    OSC2               4.375      0.060     73.191      0.000
    OSC3               4.425      0.060     73.643      0.000
    OSC4               4.373      0.060     72.409      0.000
    OSC5               4.388      0.060     73.069      0.000
    OSC6               4.435      0.059     74.948      0.000
    RD1                2.447      0.189     12.944      0.000
    RD2                2.325      0.195     11.941      0.000
    RD3                2.510      0.188     13.356      0.000
    RD4                2.472      0.190     13.005      0.000
    RD5                2.350      0.190     12.339      0.000
    POS1               5.321      0.191     27.849      0.000
    POS2               5.322      0.200     26.553      0.000
    POS3               5.350      0.203     26.358      0.000
    POS4               5.288      0.194     27.299      0.000
    POS5               5.287      0.198     26.691      0.000
    LS1                5.458      0.149     36.647      0.000
    LS2                5.467      0.152     35.883      0.000
    LS3                5.314      0.141     37.701      0.000
    LS4                5.466      0.152     35.919      0.000
    LS5                5.393      0.147     36.711      0.000

 Variances
    SCD                1.000      0.000    999.000    999.000
    SCO                1.684      0.118     14.281      0.000

 Residual Variances
    ASC1               0.384      0.052      7.358      0.000
    ASC2               0.332      0.043      7.656      0.000
    ASC3               0.401      0.058      6.939      0.000
    ASC4               0.419      0.067      6.281      0.000
    ASC5               0.452      0.061      7.448      0.000
    OSC1               0.401      0.052      7.775      0.000
    OSC2               0.372      0.045      8.348      0.000
    OSC3               0.386      0.052      7.450      0.000
    OSC4               0.394      0.048      8.296      0.000
    OSC5               0.394      0.056      7.074      0.000
    OSC6               0.406      0.055      7.331      0.000
    RD1                0.458      0.066      6.963      0.000
    RD2                0.304      0.044      6.889      0.000
    RD3                0.382      0.049      7.776      0.000
    RD4                0.346      0.044      7.812      0.000
    RD5                0.346      0.048      7.206      0.000
    POS1               0.466      0.067      6.922      0.000
    POS2               0.345      0.046      7.517      0.000
    POS3               0.358      0.048      7.431      0.000
    POS4               0.475      0.073      6.506      0.000
    POS5               0.335      0.042      8.060      0.000
    LS1                0.333      0.049      6.837      0.000
    LS2                0.374      0.047      8.016      0.000
    LS3                0.510      0.068      7.548      0.000
    LS4                0.408      0.049      8.376      0.000
    LS5                0.440      0.052      8.512      0.000
    ASC                0.016      0.015      1.077      0.281
    OSC               -0.006      0.014     -0.437      0.662
    RD                 0.330      0.034      9.663      0.000
    POS                0.307      0.033      9.193      0.000
    LS                -0.006      0.013     -0.468      0.640

New/Additional Parameters
    L_SCD             -1.000      0.000  *********      0.000
    M_SCD              0.000      0.000      0.000      1.000
    H_SCD              1.000      0.000  *********      0.000
    IE_L_RD            0.541      0.124      4.349      0.000
    IE_M_RD            0.387      0.099      3.897      0.000
    IE_H_RD            0.232      0.074      3.126      0.002
    IE_L_POS           1.093      0.128      8.573      0.000
    IE_M_POS           0.918      0.104      8.844      0.000
    IE_H_POS           0.744      0.080      9.257      0.000
    DIF_LM_R           0.155      0.026      6.042      0.000
    DIF_LH_R           0.309      0.051      6.042      0.000
    DIF_MH_R           0.155      0.026      6.042      0.000
    DIF_LM_P           0.175      0.024      7.308      0.000
    DIF_LH_P           0.350      0.048      7.308      0.000
    DIF_MH_P           0.175      0.024      7.308      0.000


STANDARDIZED MODEL RESULTS


STDYX Standardization

                                                    Two-Tailed
                    Estimate       S.E.  Est./S.E.    P-Value

 ASC      BY
    ASC1               0.860      0.018     48.105      0.000
    ASC2               0.876      0.016     53.278      0.000
    ASC3               0.850      0.022     39.005      0.000
    ASC4               0.846      0.022     37.697      0.000
    ASC5               0.830      0.023     36.299      0.000

 OSC      BY
    OSC1               0.853      0.019     44.982      0.000
    OSC2               0.860      0.017     49.633      0.000
    OSC3               0.856      0.020     43.714      0.000
    OSC4               0.854      0.018     47.579      0.000
    OSC5               0.853      0.021     41.525      0.000
    OSC6               0.843      0.022     38.995      0.000

 RD       BY
    RD1                0.826      0.024     33.909      0.000
    RD2                0.885      0.017     52.780      0.000
    RD3                0.846      0.021     41.032      0.000
    RD4                0.862      0.018     47.949      0.000
    RD5                0.866      0.020     44.242      0.000

 POS      BY
    POS1               0.820      0.026     31.870      0.000
    POS2               0.868      0.018     48.642      0.000
    POS3               0.862      0.019     46.325      0.000
    POS4               0.817      0.027     30.487      0.000
    POS5               0.866      0.018     48.471      0.000

 LS       BY
    LS1                0.765      0.030     25.617      0.000
    LS2                0.755      0.026     29.505      0.000
    LS3                0.671      0.035     19.051      0.000
    LS4                0.735      0.027     26.916      0.000
    LS5                0.717      0.027     26.232      0.000

 SCO      BY
    ASC                0.992      0.007    143.159      0.000
    OSC                1.003      0.007    152.891      0.000

 RD         ON
    SCO               -1.001      0.254     -3.936      0.000
    OD                 0.400      0.064      6.303      0.000

 POS        ON
    SCO                2.435      0.221     10.998      0.000
    OD                -0.464      0.055     -8.494      0.000

 LS         ON
    SCO               -0.005      0.043     -0.118      0.906
    RD                -0.731      0.037    -19.543      0.000
    POS                0.714      0.036     19.574      0.000

 RD         ON
    SCD                0.403      0.047      8.501      0.000

 POS        ON
    SCD               -0.330      0.046     -7.200      0.000

 SCD      WITH
    SCO               -0.014      0.059     -0.231      0.817

 Means
    SCD                3.978      0.049     80.687      0.000

 Intercepts
    ASC1               3.602      0.129     27.858      0.000
    ASC2               3.650      0.132     27.558      0.000
    ASC3               3.644      0.132     27.661      0.000
    ASC4               3.670      0.143     25.634      0.000
    ASC5               3.672      0.138     26.689      0.000
    OSC1               3.650      0.120     30.454      0.000
    OSC2               3.659      0.133     27.447      0.000
    OSC3               3.681      0.142     25.878      0.000
    OSC4               3.620      0.132     27.424      0.000
    OSC5               3.653      0.130     28.158      0.000
    OSC6               3.747      0.146     25.697      0.000
    RD1                2.036      0.167     12.199      0.000
    RD2                1.966      0.178     11.073      0.000
    RD3                2.167      0.177     12.214      0.000
    RD4                2.126      0.175     12.137      0.000
    RD5                1.996      0.175     11.380      0.000
    POS1               4.465      0.211     21.112      0.000
    POS2               4.496      0.223     20.198      0.000
    POS3               4.530      0.217     20.891      0.000
    POS4               4.419      0.221     20.039      0.000
    POS5               4.568      0.221     20.681      0.000
    LS1                6.092      0.233     26.120      0.000
    LS2                5.867      0.210     27.977      0.000
    LS3                5.516      0.216     25.552      0.000
    LS4                5.801      0.210     27.572      0.000
    LS5                5.662      0.217     26.073      0.000

 Variances
    SCD                1.000      0.000    999.000    999.000
    SCO                1.000      0.000    999.000    999.000

 Residual Variances
    ASC1               0.260      0.031      8.439      0.000
    ASC2               0.233      0.029      8.076      0.000
    ASC3               0.277      0.037      7.462      0.000
    ASC4               0.285      0.038      7.517      0.000
    ASC5               0.312      0.038      8.218      0.000
    OSC1               0.272      0.032      8.416      0.000
    OSC2               0.260      0.030      8.721      0.000
    OSC3               0.267      0.034      7.959      0.000
    OSC4               0.270      0.031      8.807      0.000
    OSC5               0.273      0.035      7.795      0.000
    OSC6               0.289      0.036      7.940      0.000
    RD1                0.317      0.040      7.866      0.000
    RD2                0.217      0.030      7.321      0.000
    RD3                0.285      0.035      8.171      0.000
    RD4                0.256      0.031      8.256      0.000
    RD5                0.249      0.034      7.352      0.000
    POS1               0.328      0.042      7.786      0.000
    POS2               0.246      0.031      7.955      0.000
    POS3               0.256      0.032      7.983      0.000
    POS4               0.332      0.044      7.570      0.000
    POS5               0.250      0.031      8.082      0.000
    LS1                0.414      0.046      9.067      0.000
    LS2                0.431      0.039     11.154      0.000
    LS3                0.549      0.047     11.604      0.000
    LS4                0.459      0.040     11.432      0.000
    LS5                0.486      0.039     12.378      0.000
    ASC                0.015      0.014      1.087      0.277
    OSC               -0.006    999.000    999.000    999.000
    RD                 0.335      0.032     10.312      0.000
    POS                0.321      0.033      9.814      0.000
    LS                -0.013    999.000    999.000    999.000


R-SQUARE

    Observed                                        Two-Tailed
    Variable        Estimate       S.E.  Est./S.E.    P-Value

    ASC1               0.740      0.031     24.052      0.000
    ASC2               0.767      0.029     26.639      0.000
    ASC3               0.723      0.037     19.502      0.000
    ASC4               0.715      0.038     18.848      0.000
    ASC5               0.688      0.038     18.150      0.000
    OSC1               0.728      0.032     22.491      0.000
    OSC2               0.740      0.030     24.817      0.000
    OSC3               0.733      0.034     21.857      0.000
    OSC4               0.730      0.031     23.790      0.000
    OSC5               0.727      0.035     20.763      0.000
    OSC6               0.711      0.036     19.498      0.000
    RD1                0.683      0.040     16.955      0.000
    RD2                0.783      0.030     26.390      0.000
    RD3                0.715      0.035     20.516      0.000
    RD4                0.744      0.031     23.975      0.000
    RD5                0.751      0.034     22.121      0.000
    POS1               0.672      0.042     15.935      0.000
    POS2               0.754      0.031     24.321      0.000
    POS3               0.744      0.032     23.163      0.000
    POS4               0.668      0.044     15.243      0.000
    POS5               0.750      0.031     24.236      0.000
    LS1                0.586      0.046     12.809      0.000
    LS2                0.569      0.039     14.753      0.000
    LS3                0.451      0.047      9.525      0.000
    LS4                0.541      0.040     13.458      0.000
    LS5                0.514      0.039     13.116      0.000

     Latent                                         Two-Tailed
    Variable        Estimate       S.E.  Est./S.E.    P-Value

    ASC                0.985      0.014     71.579      0.000
    OSC             Undefined   0.10057E+01
    RD                 0.665      0.032     20.503      0.000
    POS                0.679      0.033     20.712      0.000
    LS              Undefined   0.10128E+01


QUALITY OF NUMERICAL RESULTS

     Condition Number for the Information Matrix              0.327E-07
       (ratio of smallest to largest eigenvalue)


CONFIDENCE INTERVALS OF MODEL RESULTS

                  Lower .5%  Lower 2.5%    Lower 5%    Estimate    Upper 5%  Upper 2.5%   Upper .5%

 ASC      BY
    ASC1             1.000       1.000       1.000       1.000       1.000       1.000       1.000
    ASC2             0.930       0.946       0.955       1.000       1.045       1.054       1.071
    ASC3             0.915       0.930       0.938       0.978       1.019       1.027       1.042
    ASC4             0.917       0.932       0.939       0.979       1.020       1.027       1.042
    ASC5             0.893       0.908       0.915       0.955       0.995       1.002       1.017

 OSC      BY
    OSC1             1.000       1.000       1.000       1.000       1.000       1.000       1.000
    OSC2             0.924       0.941       0.949       0.994       1.038       1.046       1.063
    OSC3             0.928       0.944       0.952       0.994       1.036       1.044       1.060
    OSC4             0.931       0.947       0.955       0.997       1.039       1.047       1.063
    OSC5             0.929       0.943       0.951       0.989       1.028       1.035       1.050
    OSC6             0.897       0.913       0.921       0.964       1.006       1.015       1.030

 RD       BY
    RD1              1.000       1.000       1.000       1.000       1.000       1.000       1.000
    RD2              0.987       1.003       1.011       1.053       1.095       1.103       1.119
    RD3              0.921       0.936       0.944       0.986       1.027       1.035       1.051
    RD4              0.947       0.962       0.969       1.009       1.049       1.057       1.072
    RD5              0.966       0.980       0.988       1.026       1.065       1.073       1.087

 POS      BY
    POS1             1.000       1.000       1.000       1.000       1.000       1.000       1.000
    POS2             0.989       1.004       1.012       1.052       1.093       1.100       1.115
    POS3             0.977       0.993       1.001       1.043       1.085       1.093       1.109
    POS4             0.935       0.951       0.959       1.001       1.044       1.052       1.067
    POS5             0.949       0.968       0.977       1.026       1.075       1.084       1.102

 LS       BY
    LS1              1.000       1.000       1.000       1.000       1.000       1.000       1.000
    LS2              0.921       0.946       0.959       1.026       1.092       1.105       1.130
    LS3              0.847       0.870       0.882       0.944       1.005       1.017       1.040
    LS4              0.909       0.934       0.946       1.011       1.075       1.087       1.112
    LS5              0.910       0.930       0.941       0.996       1.052       1.063       1.083

 SCO      BY
    ASC              0.800       0.800       0.800       0.800       0.800       0.800       0.800
    OSC              0.800       0.800       0.800       0.800       0.800       0.800       0.800

 RD       ON
    SCO             -1.262      -1.143      -1.083      -0.766      -0.450      -0.390      -0.271
    OD               0.182       0.212       0.227       0.306       0.386       0.401       0.431

 POS      ON
    SCO              1.370       1.481       1.537       1.833       2.129       2.186       2.296
    OD              -0.459      -0.433      -0.420      -0.349      -0.279      -0.265      -0.239

 LS       ON
    SCO             -0.061      -0.047      -0.040      -0.003       0.035       0.042       0.056
    RD              -0.568      -0.553      -0.545      -0.504      -0.464      -0.456      -0.441
    POS              0.433       0.449       0.457       0.501       0.545       0.553       0.569

 RD       ON
    SCD              0.279       0.308       0.323       0.401       0.478       0.493       0.522

 POS      ON
    SCD             -0.434      -0.407      -0.393      -0.322      -0.251      -0.238      -0.211

 SCD      WITH
    SCO             -0.214      -0.167      -0.143      -0.018       0.108       0.132       0.179

 Means
    SCD              3.851       3.881       3.896       3.978       4.059       4.074       4.104

 Intercepts
    ASC1             4.225       4.262       4.281       4.380       4.479       4.498       4.535
    ASC2             4.206       4.243       4.262       4.360       4.458       4.477       4.514
    ASC3             4.230       4.267       4.286       4.385       4.484       4.503       4.540
    ASC4             4.292       4.329       4.348       4.448       4.547       4.566       4.604
    ASC5             4.267       4.305       4.324       4.423       4.522       4.540       4.578
    OSC1             4.272       4.310       4.329       4.430       4.531       4.550       4.588
    OSC2             4.221       4.258       4.277       4.375       4.473       4.492       4.529
    OSC3             4.270       4.307       4.326       4.425       4.524       4.543       4.580
    OSC4             4.217       4.254       4.273       4.373       4.472       4.491       4.528
    OSC5             4.233       4.270       4.289       4.388       4.486       4.505       4.542
    OSC6             4.283       4.319       4.338       4.435       4.532       4.551       4.587
    RD1              1.960       2.076       2.136       2.447       2.758       2.817       2.934
    RD2              1.824       1.943       2.005       2.325       2.645       2.707       2.827
    RD3              2.026       2.141       2.200       2.510       2.819       2.878       2.994
    RD4              1.982       2.099       2.159       2.472       2.785       2.844       2.961
    RD5              1.859       1.976       2.036       2.350       2.663       2.723       2.840
    POS1             4.829       4.946       5.007       5.321       5.635       5.695       5.813
    POS2             4.806       4.929       4.993       5.322       5.652       5.715       5.839
    POS3             4.828       4.953       5.017       5.350       5.684       5.748       5.873
    POS4             4.789       4.908       4.969       5.288       5.606       5.667       5.787
    POS5             4.776       4.898       4.961       5.287       5.612       5.675       5.797
    LS1              5.074       5.166       5.213       5.458       5.703       5.750       5.842
    LS2              5.075       5.169       5.217       5.467       5.718       5.766       5.860
    LS3              4.951       5.038       5.082       5.314       5.546       5.590       5.677
    LS4              5.074       5.167       5.215       5.466       5.716       5.764       5.857
    LS5              5.014       5.105       5.151       5.393       5.635       5.681       5.771

 Variances
    SCD              1.000       1.000       1.000       1.000       1.000       1.000       1.000
    SCO              1.381       1.453       1.490       1.684       1.878       1.915       1.988

 Residual Variances
    ASC1             0.250       0.282       0.298       0.384       0.470       0.486       0.518
    ASC2             0.220       0.247       0.261       0.332       0.403       0.417       0.444
    ASC3             0.252       0.288       0.306       0.401       0.496       0.514       0.549
    ASC4             0.247       0.288       0.309       0.419       0.528       0.549       0.590
    ASC5             0.296       0.333       0.352       0.452       0.552       0.571       0.608
    OSC1             0.268       0.300       0.316       0.401       0.486       0.502       0.534
    OSC2             0.257       0.285       0.299       0.372       0.445       0.459       0.487
    OSC3             0.252       0.284       0.301       0.386       0.471       0.487       0.519
    OSC4             0.272       0.301       0.316       0.394       0.472       0.487       0.517
    OSC5             0.250       0.285       0.302       0.394       0.485       0.503       0.537
    OSC6             0.263       0.297       0.315       0.406       0.497       0.514       0.548
    RD1              0.288       0.329       0.350       0.458       0.566       0.587       0.627
    RD2              0.190       0.217       0.231       0.304       0.376       0.390       0.417
    RD3              0.255       0.286       0.301       0.382       0.463       0.478       0.508
    RD4              0.232       0.259       0.273       0.346       0.419       0.433       0.460
    RD5              0.222       0.252       0.267       0.346       0.425       0.440       0.469
    POS1             0.293       0.334       0.355       0.466       0.577       0.598       0.640
    POS2             0.227       0.255       0.270       0.345       0.421       0.435       0.464
    POS3             0.234       0.263       0.278       0.358       0.437       0.452       0.482
    POS4             0.287       0.332       0.355       0.475       0.595       0.618       0.663
    POS5             0.228       0.254       0.267       0.335       0.403       0.416       0.442
    LS1              0.207       0.237       0.253       0.333       0.413       0.428       0.458
    LS2              0.254       0.282       0.297       0.374       0.451       0.465       0.494
    LS3              0.336       0.377       0.399       0.510       0.621       0.642       0.684
    LS4              0.282       0.312       0.328       0.408       0.488       0.503       0.533
    LS5              0.307       0.339       0.355       0.440       0.526       0.542       0.574
    ASC             -0.023      -0.013      -0.009       0.016       0.041       0.046       0.056
    OSC             -0.042      -0.034      -0.029      -0.006       0.017       0.021       0.030
    RD               0.242       0.263       0.274       0.330       0.386       0.397       0.418
    POS              0.221       0.241       0.252       0.307       0.362       0.372       0.393
    LS              -0.039      -0.031      -0.027      -0.006       0.015       0.019       0.027

New/Additional Parameters
    L_SCD           -1.000      -1.000      -1.000      -1.000      -1.000      -1.000      -1.000
    M_SCD            0.000       0.000       0.000       0.000       0.000       0.000       0.000
    H_SCD            1.000       1.000       1.000       1.000       1.000       1.000       1.000
    IE_L_RD          0.221       0.297       0.336       0.541       0.746       0.785       0.862
    IE_M_RD          0.131       0.192       0.223       0.387       0.550       0.581       0.642
    IE_H_RD          0.041       0.087       0.110       0.232       0.354       0.378       0.423
    IE_L_POS         0.765       0.843       0.884       1.093       1.303       1.343       1.422
    IE_M_POS         0.651       0.715       0.748       0.918       1.089       1.122       1.186
    IE_H_POS         0.537       0.586       0.611       0.744       0.876       0.901       0.950
    DIF_LM_R         0.089       0.104       0.112       0.155       0.197       0.205       0.220
    DIF_LH_R         0.177       0.209       0.225       0.309       0.393       0.409       0.441
    DIF_MH_R         0.089       0.104       0.112       0.155       0.197       0.205       0.220
    DIF_LM_P         0.113       0.128       0.136       0.175       0.214       0.222       0.237
    DIF_LH_P         0.226       0.256       0.271       0.350       0.429       0.444       0.473
    DIF_MH_P         0.113       0.128       0.136       0.175       0.214       0.222       0.237


CONFIDENCE INTERVALS OF STANDARDIZED MODEL RESULTS


STDYX Standardization

                  Lower .5%  Lower 2.5%    Lower 5%    Estimate    Upper 5%  Upper 2.5%   Upper .5%

 ASC      BY
    ASC1             0.814       0.825       0.831       0.860       0.890       0.895       0.906
    ASC2             0.834       0.844       0.849       0.876       0.903       0.908       0.918
    ASC3             0.794       0.808       0.815       0.850       0.886       0.893       0.907
    ASC4             0.788       0.802       0.809       0.846       0.882       0.889       0.903
    ASC5             0.771       0.785       0.792       0.830       0.867       0.874       0.889

 OSC      BY
    OSC1             0.804       0.816       0.822       0.853       0.884       0.890       0.902
    OSC2             0.816       0.826       0.832       0.860       0.889       0.894       0.905
    OSC3             0.806       0.818       0.824       0.856       0.888       0.895       0.907
    OSC4             0.808       0.819       0.825       0.854       0.884       0.889       0.901
    OSC5             0.800       0.812       0.819       0.853       0.886       0.893       0.906
    OSC6             0.787       0.801       0.807       0.843       0.879       0.885       0.899

 RD       BY
    RD1              0.764       0.779       0.786       0.826       0.867       0.874       0.889
    RD2              0.842       0.852       0.857       0.885       0.912       0.918       0.928
    RD3              0.793       0.805       0.812       0.846       0.880       0.886       0.899
    RD4              0.816       0.827       0.833       0.862       0.892       0.898       0.909
    RD5              0.816       0.828       0.834       0.866       0.899       0.905       0.917

 POS      BY
    POS1             0.753       0.769       0.777       0.820       0.862       0.870       0.886
    POS2             0.822       0.833       0.839       0.868       0.897       0.903       0.914
    POS3             0.814       0.826       0.832       0.862       0.893       0.899       0.910
    POS4             0.748       0.765       0.773       0.817       0.862       0.870       0.886
    POS5             0.820       0.831       0.837       0.866       0.895       0.901       0.912

 LS       BY
    LS1              0.688       0.707       0.716       0.765       0.814       0.824       0.842
    LS2              0.689       0.704       0.713       0.755       0.797       0.805       0.820
    LS3              0.581       0.602       0.613       0.671       0.729       0.740       0.762
    LS4              0.665       0.682       0.690       0.735       0.780       0.789       0.806
    LS5              0.647       0.664       0.672       0.717       0.762       0.771       0.788

 SCO      BY
    ASC              0.975       0.979       0.981       0.992       1.004       1.006       1.010
    OSC              0.986       0.990       0.992       1.003       1.014       1.016       1.020

 RD       ON
    SCO             -1.656      -1.500      -1.420      -1.001      -0.583      -0.503      -0.346
    OD               0.237       0.276       0.296       0.400       0.505       0.525       0.564

 POS      ON
    SCO              1.865       2.001       2.071       2.435       2.800       2.870       3.006
    OD              -0.604      -0.571      -0.554      -0.464      -0.374      -0.357      -0.323

 LS       ON
    SCO             -0.116      -0.089      -0.076      -0.005       0.066       0.079       0.106
    RD              -0.827      -0.804      -0.792      -0.731      -0.669      -0.658      -0.635
    POS              0.620       0.642       0.654       0.714       0.774       0.785       0.808

 RD       ON
    SCD              0.281       0.310       0.325       0.403       0.481       0.496       0.525

 POS      ON
    SCD             -0.448      -0.420      -0.405      -0.330      -0.255      -0.240      -0.212

 SCD      WITH
    SCO             -0.165      -0.129      -0.110      -0.014       0.083       0.102       0.138

 Means
    SCD              3.851       3.881       3.896       3.978       4.059       4.074       4.104

 Intercepts
    ASC1             3.269       3.349       3.390       3.602       3.815       3.856       3.936
    ASC2             3.309       3.391       3.432       3.650       3.868       3.910       3.991
    ASC3             3.305       3.386       3.427       3.644       3.861       3.902       3.983
    ASC4             3.301       3.389       3.435       3.670       3.906       3.951       4.039
    ASC5             3.318       3.403       3.446       3.672       3.899       3.942       4.027
    OSC1             3.341       3.415       3.453       3.650       3.847       3.885       3.959
    OSC2             3.315       3.397       3.439       3.659       3.878       3.920       4.002
    OSC3             3.315       3.402       3.447       3.681       3.915       3.960       4.048
    OSC4             3.280       3.361       3.403       3.620       3.837       3.878       3.960
    OSC5             3.319       3.398       3.439       3.653       3.866       3.907       3.987
    OSC6             3.371       3.461       3.507       3.747       3.986       4.032       4.122
    RD1              1.606       1.709       1.761       2.036       2.310       2.363       2.465
    RD2              1.509       1.618       1.674       1.966       2.259       2.315       2.424
    RD3              1.710       1.819       1.875       2.167       2.459       2.515       2.624
    RD4              1.675       1.783       1.838       2.126       2.414       2.469       2.577
    RD5              1.544       1.652       1.708       1.996       2.285       2.340       2.448
    POS1             3.920       4.050       4.117       4.465       4.812       4.879       5.009
    POS2             3.922       4.059       4.130       4.496       4.862       4.932       5.069
    POS3             3.971       4.105       4.173       4.530       4.886       4.955       5.088
    POS4             3.851       3.987       4.056       4.419       4.782       4.851       4.987
    POS5             3.999       4.135       4.205       4.568       4.931       5.001       5.137
    LS1              5.491       5.635       5.708       6.092       6.475       6.549       6.692
    LS2              5.327       5.456       5.522       5.867       6.212       6.278       6.407
    LS3              4.960       5.093       5.161       5.516       5.871       5.939       6.072
    LS4              5.259       5.389       5.455       5.801       6.147       6.214       6.343
    LS5              5.103       5.236       5.305       5.662       6.019       6.088       6.221

 Variances
    SCD              1.000       1.000       1.000       1.000       1.000       1.000       1.000
    SCO              1.000       1.000       1.000       1.000       1.000       1.000       1.000

 Residual Variances
    ASC1             0.180       0.199       0.209       0.260       0.310       0.320       0.339
    ASC2             0.158       0.176       0.185       0.233       0.280       0.289       0.307
    ASC3             0.181       0.204       0.216       0.277       0.338       0.349       0.372
    ASC4             0.187       0.211       0.223       0.285       0.348       0.359       0.383
    ASC5             0.214       0.237       0.249       0.312       0.374       0.386       0.409
    OSC1             0.189       0.209       0.219       0.272       0.326       0.336       0.356
    OSC2             0.183       0.202       0.211       0.260       0.309       0.318       0.337
    OSC3             0.181       0.201       0.212       0.267       0.322       0.333       0.353
    OSC4             0.191       0.210       0.220       0.270       0.321       0.330       0.349
    OSC5             0.183       0.204       0.215       0.273       0.331       0.342       0.363
    OSC6             0.196       0.218       0.229       0.289       0.349       0.361       0.383
    RD1              0.213       0.238       0.251       0.317       0.383       0.396       0.421
    RD2              0.141       0.159       0.168       0.217       0.266       0.275       0.294
    RD3              0.195       0.216       0.227       0.285       0.342       0.353       0.375
    RD4              0.176       0.195       0.205       0.256       0.307       0.317       0.336
    RD5              0.162       0.183       0.194       0.249       0.305       0.316       0.337
    POS1             0.220       0.246       0.259       0.328       0.398       0.411       0.437
    POS2             0.167       0.186       0.195       0.246       0.297       0.307       0.326
    POS3             0.174       0.193       0.204       0.256       0.309       0.319       0.339
    POS4             0.219       0.246       0.260       0.332       0.404       0.418       0.445
    POS5             0.170       0.189       0.199       0.250       0.301       0.311       0.330
    LS1              0.297       0.325       0.339       0.414       0.490       0.504       0.532
    LS2              0.331       0.355       0.367       0.431       0.494       0.506       0.530
    LS3              0.427       0.456       0.471       0.549       0.627       0.642       0.671
    LS4              0.356       0.381       0.393       0.459       0.525       0.538       0.563
    LS5              0.384       0.409       0.421       0.486       0.550       0.562       0.587
    ASC             -0.020      -0.012      -0.008       0.015       0.038       0.042       0.050
    OSC            999.000     999.000     999.000      -0.006     999.000     999.000     999.000
    RD               0.251       0.271       0.281       0.335       0.388       0.398       0.418
    POS              0.237       0.257       0.268       0.321       0.375       0.386       0.406
    LS             999.000     999.000     999.000      -0.013     999.000     999.000     999.000


PLOT INFORMATION

The following plots are available:

  Loop plots

     Beginning Time:  15:48:40
        Ending Time:  15:48:46
       Elapsed Time:  00:00:06



MUTHEN & MUTHEN
3463 Stoner Ave.
Los Angeles, CA  90066

Tel: (310) 391-9971
Fax: (310) 391-8971
Web: www.StatModel.com
Support: Support@StatModel.com

Copyright (c) 1998-2019 Muthen & Muthen
