Mplus VERSION 8.3
MUTHEN & MUTHEN
03/19/2023   3:12 PM

INPUT INSTRUCTIONS

  TITLE:

      Moderator is UDSC;

  DATA:
  FILE = "./OUTPUT/Mplus/SEM.mod.UDSC_b14e157822e1defc6e93f238bbe13ef1.dat";

  VARIABLE:
  NAMES = ASC1 ASC2 ASC3 ASC4 ASC5 OSC1 OSC2 OSC3 OSC4 OSC5 OSC6 RD1 RD2 RD3 RD4 RD5
       POS1 POS2 POS3 POS4 POS5 LS1 LS2 LS3 LS4 LS5 DSC UDSC;
   MISSING=.;

  ANALYSIS:

      TYPE =general RANDOM;
      estimator=MLR;
      ALGORITHM=INTEGRATION;
      convergence=0.01;

  MODEL:

      ASC by ASC1-ASC5;
      OSC by OSC1-OSC6;
      SCO by ASC@0.8 OSC@0.8;

      UDSC@1;
      OUD | SCO XWITH UDSC;

      RD by RD1-RD5;
      POS by POS1-POS5;

      LS by LS1-LS5;

      RD on SCO(a1)
            UDSC
            OUD(w1);
      POS on SCO(a2)
             UDSC
             OUD(w2);
      LS on SCO(c)
            RD(b1)
            POS(b2);

  MODEL CONSTRAINT:

     NEW(LULD HULD LUHD HUHD
        IE_LL_RD IE_HL_RD IE_LH_RD IE_HH_RD
        IE_LL_POS IE_HL_POS IE_LH_POS IE_HH_POS
        );

      LULD = 1;
      HULD = 2;
      LUHD = 3;
      HUHD = 4;

      IE_LL_RD = (a1+w1*LULD)*b1;
      IE_HL_RD = (a1+w1*HULD)*b1;
      IE_LH_RD = (a1+w1*LUHD)*b1;
      IE_HH_RD = (a1+w1*HUHD)*b1;

      IE_LL_POS = (a2+w2*LULD)*b2;
      IE_HL_POS = (a2+w2*HULD)*b2;
      IE_LH_POS = (a2+w2*LUHD)*b2;
      IE_HH_POS = (a2+w2*HUHD)*b2;

      PLOT(P_LL_RD P_HL_RD P_LH_RD P_HH_RD
           P_LL_POS P_HL_POS P_LH_POS P_HH_POS);
      LOOP(XVAL,1,7,0.1);
      P_LL_RD = IE_LL_RD*XVAL;
      P_HL_RD = IE_HL_RD*XVAL;
      P_LH_RD = IE_LH_RD*XVAL;
      P_HH_RD = IE_HH_RD*XVAL;

      P_LL_POS = IE_LL_POS*XVAL;
      P_HL_POS = IE_HL_POS*XVAL;
      P_LH_POS = IE_LH_POS*XVAL;
      P_HH_POS = IE_HH_POS*XVAL;

  OUTPUT:

      cint;
      STDYX
  PLOT:

      TYPE = plot2;




*** WARNING in MODEL command
  Variable is uncorrelated with all other variables:  DSC
*** WARNING in MODEL command
  At least one variable is uncorrelated with all other variables in the model.
  Check that this is what is intended.
   2 WARNING(S) FOUND IN THE INPUT INSTRUCTIONS





Moderator is UDSC;

SUMMARY OF ANALYSIS

Number of groups                                                 1
Number of observations                                         400

Number of dependent variables                                   27
Number of independent variables                                  1
Number of continuous latent variables                            7

Observed dependent variables

  Continuous
   ASC1        ASC2        ASC3        ASC4        ASC5        OSC1
   OSC2        OSC3        OSC4        OSC5        OSC6        RD1
   RD2         RD3         RD4         RD5         POS1        POS2
   POS3        POS4        POS5        LS1         LS2         LS3
   LS4         LS5         DSC

Observed independent variables
   UDSC

Continuous latent variables
   ASC         OSC         SCO         RD          POS         LS
   OUD


Estimator                                                      MLR
Information matrix                                        OBSERVED
Optimization Specifications for the Quasi-Newton Algorithm for
Continuous Outcomes
  Maximum number of iterations                                 100
  Convergence criterion                                  0.100D-01
Optimization Specifications for the EM Algorithm
  Maximum number of iterations                                 500
  Convergence criteria
    Loglikelihood change                                 0.100D-02
    Relative loglikelihood change                        0.100D-05
    Derivative                                           0.100D-02
Optimization Specifications for the M step of the EM Algorithm for
Categorical Latent variables
  Number of M step iterations                                    1
  M step convergence criterion                           0.100D-02
  Basis for M step termination                           ITERATION
Optimization Specifications for the M step of the EM Algorithm for
Censored, Binary or Ordered Categorical (Ordinal), Unordered
Categorical (Nominal) and Count Outcomes
  Number of M step iterations                                    1
  M step convergence criterion                           0.100D-02
  Basis for M step termination                           ITERATION
  Maximum value for logit thresholds                            15
  Minimum value for logit thresholds                           -15
  Minimum expected cell size for chi-square              0.100D-01
Maximum number of iterations for H1                           2000
Convergence criterion for H1                             0.100D-03
Optimization algorithm                                         EMA
Integration Specifications
  Type                                                    STANDARD
  Number of integration points                                  15
  Dimensions of numerical integration                            1
  Adaptive quadrature                                           ON
Cholesky                                                       OFF

Input data file(s)
  ./OUTPUT/Mplus/SEM.mod.UDSC_b14e157822e1defc6e93f238bbe13ef1.dat
Input data format  FREE


SUMMARY OF DATA

     Number of missing data patterns             1


COVARIANCE COVERAGE OF DATA

Minimum covariance coverage value   0.100


     PROPORTION OF DATA PRESENT FOR Y


           Covariance Coverage
              ASC1          ASC2          ASC3          ASC4          ASC5
              ________      ________      ________      ________      ________
 ASC1           1.000
 ASC2           1.000         1.000
 ASC3           1.000         1.000         1.000
 ASC4           1.000         1.000         1.000         1.000
 ASC5           1.000         1.000         1.000         1.000         1.000
 OSC1           1.000         1.000         1.000         1.000         1.000
 OSC2           1.000         1.000         1.000         1.000         1.000
 OSC3           1.000         1.000         1.000         1.000         1.000
 OSC4           1.000         1.000         1.000         1.000         1.000
 OSC5           1.000         1.000         1.000         1.000         1.000
 OSC6           1.000         1.000         1.000         1.000         1.000
 RD1            1.000         1.000         1.000         1.000         1.000
 RD2            1.000         1.000         1.000         1.000         1.000
 RD3            1.000         1.000         1.000         1.000         1.000
 RD4            1.000         1.000         1.000         1.000         1.000
 RD5            1.000         1.000         1.000         1.000         1.000
 POS1           1.000         1.000         1.000         1.000         1.000
 POS2           1.000         1.000         1.000         1.000         1.000
 POS3           1.000         1.000         1.000         1.000         1.000
 POS4           1.000         1.000         1.000         1.000         1.000
 POS5           1.000         1.000         1.000         1.000         1.000
 LS1            1.000         1.000         1.000         1.000         1.000
 LS2            1.000         1.000         1.000         1.000         1.000
 LS3            1.000         1.000         1.000         1.000         1.000
 LS4            1.000         1.000         1.000         1.000         1.000
 LS5            1.000         1.000         1.000         1.000         1.000
 DSC            1.000         1.000         1.000         1.000         1.000
 UDSC           1.000         1.000         1.000         1.000         1.000


           Covariance Coverage
              OSC1          OSC2          OSC3          OSC4          OSC5
              ________      ________      ________      ________      ________
 OSC1           1.000
 OSC2           1.000         1.000
 OSC3           1.000         1.000         1.000
 OSC4           1.000         1.000         1.000         1.000
 OSC5           1.000         1.000         1.000         1.000         1.000
 OSC6           1.000         1.000         1.000         1.000         1.000
 RD1            1.000         1.000         1.000         1.000         1.000
 RD2            1.000         1.000         1.000         1.000         1.000
 RD3            1.000         1.000         1.000         1.000         1.000
 RD4            1.000         1.000         1.000         1.000         1.000
 RD5            1.000         1.000         1.000         1.000         1.000
 POS1           1.000         1.000         1.000         1.000         1.000
 POS2           1.000         1.000         1.000         1.000         1.000
 POS3           1.000         1.000         1.000         1.000         1.000
 POS4           1.000         1.000         1.000         1.000         1.000
 POS5           1.000         1.000         1.000         1.000         1.000
 LS1            1.000         1.000         1.000         1.000         1.000
 LS2            1.000         1.000         1.000         1.000         1.000
 LS3            1.000         1.000         1.000         1.000         1.000
 LS4            1.000         1.000         1.000         1.000         1.000
 LS5            1.000         1.000         1.000         1.000         1.000
 DSC            1.000         1.000         1.000         1.000         1.000
 UDSC           1.000         1.000         1.000         1.000         1.000


           Covariance Coverage
              OSC6          RD1           RD2           RD3           RD4
              ________      ________      ________      ________      ________
 OSC6           1.000
 RD1            1.000         1.000
 RD2            1.000         1.000         1.000
 RD3            1.000         1.000         1.000         1.000
 RD4            1.000         1.000         1.000         1.000         1.000
 RD5            1.000         1.000         1.000         1.000         1.000
 POS1           1.000         1.000         1.000         1.000         1.000
 POS2           1.000         1.000         1.000         1.000         1.000
 POS3           1.000         1.000         1.000         1.000         1.000
 POS4           1.000         1.000         1.000         1.000         1.000
 POS5           1.000         1.000         1.000         1.000         1.000
 LS1            1.000         1.000         1.000         1.000         1.000
 LS2            1.000         1.000         1.000         1.000         1.000
 LS3            1.000         1.000         1.000         1.000         1.000
 LS4            1.000         1.000         1.000         1.000         1.000
 LS5            1.000         1.000         1.000         1.000         1.000
 DSC            1.000         1.000         1.000         1.000         1.000
 UDSC           1.000         1.000         1.000         1.000         1.000


           Covariance Coverage
              RD5           POS1          POS2          POS3          POS4
              ________      ________      ________      ________      ________
 RD5            1.000
 POS1           1.000         1.000
 POS2           1.000         1.000         1.000
 POS3           1.000         1.000         1.000         1.000
 POS4           1.000         1.000         1.000         1.000         1.000
 POS5           1.000         1.000         1.000         1.000         1.000
 LS1            1.000         1.000         1.000         1.000         1.000
 LS2            1.000         1.000         1.000         1.000         1.000
 LS3            1.000         1.000         1.000         1.000         1.000
 LS4            1.000         1.000         1.000         1.000         1.000
 LS5            1.000         1.000         1.000         1.000         1.000
 DSC            1.000         1.000         1.000         1.000         1.000
 UDSC           1.000         1.000         1.000         1.000         1.000


           Covariance Coverage
              POS5          LS1           LS2           LS3           LS4
              ________      ________      ________      ________      ________
 POS5           1.000
 LS1            1.000         1.000
 LS2            1.000         1.000         1.000
 LS3            1.000         1.000         1.000         1.000
 LS4            1.000         1.000         1.000         1.000         1.000
 LS5            1.000         1.000         1.000         1.000         1.000
 DSC            1.000         1.000         1.000         1.000         1.000
 UDSC           1.000         1.000         1.000         1.000         1.000


           Covariance Coverage
              LS5           DSC           UDSC
              ________      ________      ________
 LS5            1.000
 DSC            1.000         1.000
 UDSC           1.000         1.000         1.000



UNIVARIATE SAMPLE STATISTICS


     UNIVARIATE HIGHER-ORDER MOMENT DESCRIPTIVE STATISTICS

         Variable/         Mean/     Skewness/   Minimum/ % with                Percentiles
        Sample Size      Variance    Kurtosis    Maximum  Min/Max      20%/60%    40%/80%    Median

     ASC1                  4.380      -0.381       1.000    0.50%       3.000      4.000      5.000
             400.000       1.446      -0.558       7.000    0.75%       5.000      5.000
     ASC2                  4.360      -0.333       1.000    0.50%       3.000      4.000      5.000
             400.000       1.425      -0.556       7.000    1.00%       5.000      5.000
     ASC3                  4.385      -0.375       1.000    0.25%       3.000      4.000      5.000
             400.000       1.447      -0.634       7.000    0.75%       5.000      5.000
     ASC4                  4.447      -0.367       0.000    0.25%       3.000      4.000      5.000
             400.000       1.467      -0.263       8.000    0.25%       5.000      6.000
     ASC5                  4.423      -0.467       1.000    0.25%       3.000      4.000      5.000
             400.000       1.449      -0.566       7.000    0.50%       5.000      5.000
     OSC1                  4.430      -0.269       2.000    7.00%       3.000      4.000      5.000
             400.000       1.505      -0.736       7.000    1.75%       5.000      5.000
     OSC2                  4.375      -0.375       1.000    0.50%       3.000      4.000      5.000
             400.000       1.429      -0.584       7.000    0.50%       5.000      5.000
     OSC3                  4.425      -0.489       1.000    0.50%       3.000      4.000      5.000
             400.000       1.444      -0.441       7.000    1.00%       5.000      5.000
     OSC4                  4.372      -0.386       1.000    0.25%       3.000      4.000      5.000
             400.000       1.459      -0.605       7.000    1.00%       5.000      5.000
     OSC5                  4.388      -0.319       2.000    8.00%       3.000      4.000      5.000
             400.000       1.442      -0.627       7.000    1.25%       5.000      5.000
     OSC6                  4.435      -0.474       1.000    0.75%       3.000      4.000      5.000
             400.000       1.401      -0.365       7.000    0.75%       5.000      5.000
     RD1                   4.035       0.028       1.000    0.25%       3.000      4.000      4.000
             400.000       1.634      -0.945       7.000    1.00%       5.000      5.000
     RD2                   3.998       0.005       1.000    0.25%       3.000      4.000      4.000
             400.000       1.607      -0.962       7.000    0.50%       4.000      5.000
     RD3                   4.075      -0.063       1.000    0.25%       3.000      4.000      4.000
             400.000       1.524      -0.954       7.000    0.25%       5.000      5.000
     RD4                   4.075       0.022       2.000   10.50%       3.000      4.000      4.000
             400.000       1.544      -0.981       7.000    0.75%       5.000      5.000
     RD5                   3.980       0.053       1.000    0.75%       3.000      3.000      4.000
             400.000       1.585      -0.838       7.000    1.00%       4.000      5.000
     POS1                  4.045      -0.055       1.000    0.25%       3.000      4.000      4.000
             400.000       1.613      -0.972       7.000    0.75%       5.000      5.000
     POS2                  3.980       0.067       1.000    0.50%       3.000      3.000      4.000
             400.000       1.615      -0.905       7.000    0.75%       4.000      5.000
     POS3                  4.020      -0.001       1.000    0.25%       3.000      4.000      4.000
             400.000       1.605      -0.875       7.000    1.00%       4.000      5.000
     POS4                  4.010       0.018       1.000    0.75%       3.000      4.000      4.000
             400.000       1.625      -0.920       7.000    0.50%       4.000      5.000
     POS5                  3.978       0.105       1.000    0.50%       3.000      3.000      4.000
             400.000       1.542      -0.756       7.000    1.25%       4.000      5.000
     LS1                   4.018      -0.068       1.000    1.25%       3.000      4.000      4.000
             400.000       0.937       0.939       7.000    0.50%       4.000      5.000
     LS2                   3.990       0.050       1.000    0.25%       3.000      4.000      4.000
             400.000       1.010       0.227       7.000    0.50%       4.000      5.000
     LS3                   3.955      -0.050       1.000    0.75%       3.000      4.000      4.000
             400.000       1.048       0.285       7.000    0.25%       4.000      5.000
     LS4                   4.010      -0.078       1.000    0.50%       3.000      4.000      4.000
             400.000       1.025       0.263       7.000    0.25%       4.000      5.000
     LS5                   3.958       0.099       2.000    8.25%       3.000      4.000      4.000
             400.000       1.041      -0.065       7.000    0.50%       4.000      5.000
     DSC                   3.975      -0.029       1.000    0.75%       3.000      3.000      4.000
             400.000       1.569      -0.979       6.000   12.25%       4.000      5.000
     UDSC                  2.150       0.401       1.000   40.25%       1.000      1.000      2.000
             400.000       1.263      -1.273       4.000   16.50%       2.000      3.000


THE MODEL ESTIMATION TERMINATED NORMALLY

     WARNING:  THE LATENT VARIABLE COVARIANCE MATRIX (PSI) IS NOT POSITIVE
     DEFINITE.  THIS COULD INDICATE A NEGATIVE VARIANCE/RESIDUAL VARIANCE FOR A
     LATENT VARIABLE, A CORRELATION GREATER OR EQUAL TO ONE BETWEEN TWO LATENT
     VARIABLES, OR A LINEAR DEPENDENCY AMONG MORE THAN TWO LATENT VARIABLES.
     CHECK THE TECH4 OUTPUT FOR MORE INFORMATION.



MODEL FIT INFORMATION

Number of Free Parameters                       92

Loglikelihood

          H0 Value                      -12747.602
          H0 Scaling Correction Factor      1.4435
            for MLR

Information Criteria

          Akaike (AIC)                   25679.204
          Bayesian (BIC)                 26046.419
          Sample-Size Adjusted BIC       25754.497
            (n* = (n + 2) / 24)



MODEL RESULTS

                                                    Two-Tailed
                    Estimate       S.E.  Est./S.E.    P-Value

 ASC      BY
    ASC1               1.000      0.000    999.000    999.000
    ASC2               1.012      0.029     34.765      0.000
    ASC3               0.987      0.027     35.923      0.000
    ASC4               0.990      0.027     36.828      0.000
    ASC5               0.964      0.026     37.565      0.000

 OSC      BY
    OSC1               1.000      0.000    999.000    999.000
    OSC2               0.983      0.028     35.232      0.000
    OSC3               0.983      0.028     35.393      0.000
    OSC4               0.988      0.026     37.448      0.000
    OSC5               0.981      0.025     39.368      0.000
    OSC6               0.954      0.027     34.786      0.000

 RD       BY
    RD1                1.000      0.000    999.000    999.000
    RD2                1.054      0.027     39.305      0.000
    RD3                0.986      0.026     38.108      0.000
    RD4                1.010      0.025     39.683      0.000
    RD5                1.025      0.024     42.539      0.000

 POS      BY
    POS1               1.000      0.000    999.000    999.000
    POS2               1.048      0.026     40.392      0.000
    POS3               1.047      0.026     39.763      0.000
    POS4               1.003      0.026     38.275      0.000
    POS5               1.025      0.031     33.587      0.000

 LS       BY
    LS1                1.000      0.000    999.000    999.000
    LS2                1.026      0.042     24.611      0.000
    LS3                0.938      0.039     24.024      0.000
    LS4                1.012      0.040     25.209      0.000
    LS5                0.996      0.034     29.365      0.000

 SCO      BY
    ASC                0.800      0.000    999.000    999.000
    OSC                0.800      0.000    999.000    999.000

 RD         ON
    SCO                0.671      0.080      8.424      0.000
    OUD               -0.132      0.054     -2.460      0.014

 POS        ON
    SCO               -0.148      0.103     -1.438      0.150
    OUD                0.180      0.030      6.015      0.000

 LS         ON
    SCO                0.005      0.019      0.246      0.805
    RD                -0.533      0.022    -24.310      0.000
    POS                0.516      0.024     21.792      0.000

 RD         ON
    UDSC               0.034      0.046      0.740      0.460

 POS        ON
    UDSC               0.427      0.056      7.660      0.000

 UDSC     WITH
    SCO                0.735      0.042     17.423      0.000

 Means
    DSC                3.975      0.063     63.462      0.000
    UDSC               2.150      0.056     38.276      0.000

 Intercepts
    ASC1               4.380      0.060     72.864      0.000
    ASC2               4.360      0.060     73.048      0.000
    ASC3               4.385      0.060     72.928      0.000
    ASC4               4.448      0.061     73.447      0.000
    ASC5               4.423      0.060     73.496      0.000
    OSC1               4.430      0.061     72.234      0.000
    OSC2               4.375      0.060     73.201      0.000
    OSC3               4.425      0.060     73.649      0.000
    OSC4               4.373      0.060     72.414      0.000
    OSC5               4.388      0.060     73.081      0.000
    OSC6               4.435      0.059     74.963      0.000
    RD1                4.085      0.110     37.261      0.000
    RD2                4.050      0.114     35.483      0.000
    RD3                4.124      0.107     38.572      0.000
    RD4                4.125      0.110     37.346      0.000
    RD5                4.031      0.110     36.615      0.000
    POS1               2.960      0.155     19.033      0.000
    POS2               2.842      0.157     18.144      0.000
    POS3               2.884      0.158     18.242      0.000
    POS4               2.921      0.154     18.923      0.000
    POS5               2.865      0.152     18.812      0.000
    LS1                3.431      0.128     26.737      0.000
    LS2                3.388      0.126     26.842      0.000
    LS3                3.405      0.123     27.699      0.000
    LS4                3.416      0.130     26.266      0.000
    LS5                3.374      0.124     27.209      0.000

 Variances
    DSC                1.569      0.079     19.790      0.000
    UDSC               1.000      0.000    999.000    999.000
    SCO                1.544      0.108     14.320      0.000

 Residual Variances
    ASC1               0.386      0.052      7.423      0.000
    ASC2               0.328      0.043      7.641      0.000
    ASC3               0.403      0.059      6.857      0.000
    ASC4               0.417      0.066      6.278      0.000
    ASC5               0.453      0.060      7.527      0.000
    OSC1               0.399      0.051      7.769      0.000
    OSC2               0.374      0.045      8.356      0.000
    OSC3               0.389      0.052      7.413      0.000
    OSC4               0.392      0.047      8.266      0.000
    OSC5               0.391      0.055      7.086      0.000
    OSC6               0.406      0.055      7.348      0.000
    RD1                0.456      0.066      6.866      0.000
    RD2                0.299      0.045      6.667      0.000
    RD3                0.378      0.050      7.553      0.000
    RD4                0.342      0.044      7.735      0.000
    RD5                0.346      0.049      7.001      0.000
    POS1               0.464      0.069      6.757      0.000
    POS2               0.352      0.048      7.328      0.000
    POS3               0.346      0.047      7.348      0.000
    POS4               0.468      0.073      6.400      0.000
    POS5               0.335      0.043      7.847      0.000
    LS1                0.332      0.049      6.836      0.000
    LS2                0.373      0.047      7.902      0.000
    LS3                0.515      0.069      7.421      0.000
    LS4                0.404      0.049      8.264      0.000
    LS5                0.441      0.052      8.468      0.000
    ASC               -0.007      0.023     -0.299      0.765
    OSC                0.013      0.024      0.547      0.584
    RD                 0.850      0.089      9.592      0.000
    POS                0.599      0.059     10.197      0.000
    LS                -0.004      0.014     -0.256      0.798

New/Additional Parameters
    LULD               1.000      0.000  *********      0.000
    HULD               2.000      0.000  *********      0.000
    LUHD               3.000      0.000  *********      0.000
    HUHD               4.000      0.000  *********      0.000
    IE_LL_RD          -0.287      0.028    -10.365      0.000
    IE_HL_RD          -0.217      0.036     -6.010      0.000
    IE_LH_RD          -0.146      0.059     -2.488      0.013
    IE_HH_RD          -0.076      0.085     -0.890      0.374
    IE_LL_PO           0.016      0.041      0.395      0.693
    IE_HL_PO           0.109      0.032      3.407      0.001
    IE_LH_PO           0.202      0.029      6.926      0.000
    IE_HH_PO           0.294      0.034      8.623      0.000


STANDARDIZED MODEL RESULTS


STDYX Standardization

                                                    Two-Tailed
                    Estimate       S.E.  Est./S.E.    P-Value

 ASC      BY
    ASC1               0.847      0.019     44.234      0.000
    ASC2               0.868      0.017     50.327      0.000
    ASC3               0.839      0.023     35.879      0.000
    ASC4               0.835      0.023     35.788      0.000
    ASC5               0.817      0.024     34.589      0.000

 OSC      BY
    OSC1               0.846      0.020     43.359      0.000
    OSC2               0.849      0.018     46.511      0.000
    OSC3               0.845      0.021     40.669      0.000
    OSC4               0.845      0.019     45.000      0.000
    OSC5               0.844      0.021     39.715      0.000
    OSC6               0.832      0.023     36.829      0.000

 RD       BY
    RD1                0.845      0.022     38.236      0.000
    RD2                0.899      0.015     59.258      0.000
    RD3                0.863      0.019     45.910      0.000
    RD4                0.879      0.016     54.761      0.000
    RD5                0.881      0.018     49.813      0.000

 POS      BY
    POS1               0.837      0.025     34.050      0.000
    POS2               0.879      0.018     49.286      0.000
    POS3               0.880      0.017     51.382      0.000
    POS4               0.837      0.025     33.208      0.000
    POS5               0.879      0.017     52.502      0.000

 LS       BY
    LS1                0.769      0.033     23.564      0.000
    LS2                0.759      0.029     25.998      0.000
    LS3                0.671      0.041     16.565      0.000
    LS4                0.741      0.031     24.257      0.000
    LS5                0.720      0.031     23.067      0.000

 SCO      BY
    ASC                1.003      0.012     87.067      0.000
    OSC                0.993      0.012     81.703      0.000

 RD         ON
    SCO                0.782      0.099      7.929      0.000
    OUD               -0.154      0.063     -2.451      0.014

 POS        ON
    SCO               -0.177      0.120     -1.470      0.141
    OUD                0.214      0.032      6.749      0.000

 LS         ON
    SCO                0.008      0.033      0.246      0.806
    RD                -0.821      0.041    -19.978      0.000
    POS                0.776      0.036     21.583      0.000

 RD         ON
    UDSC               0.032      0.043      0.741      0.459

 POS        ON
    UDSC               0.410      0.047      8.771      0.000

 UDSC     WITH
    SCO                0.591      0.023     25.287      0.000

 Means
    DSC                3.173      0.096     33.158      0.000
    UDSC               2.150      0.056     38.276      0.000

 Intercepts
    ASC1               3.746      0.141     26.593      0.000
    ASC2               3.777      0.137     27.490      0.000
    ASC3               3.763      0.136     27.767      0.000
    ASC4               3.789      0.148     25.662      0.000
    ASC5               3.786      0.142     26.635      0.000
    OSC1               3.743      0.124     30.118      0.000
    OSC2               3.778      0.137     27.480      0.000
    OSC3               3.800      0.146     26.027      0.000
    OSC4               3.736      0.137     27.279      0.000
    OSC5               3.770      0.134     28.087      0.000
    OSC6               3.864      0.149     25.958      0.000
    RD1                3.237      0.120     27.023      0.000
    RD2                3.241      0.120     27.069      0.000
    RD3                3.385      0.126     26.840      0.000
    RD4                3.365      0.120     28.009      0.000
    RD5                3.247      0.122     26.704      0.000
    POS1               2.378      0.161     14.761      0.000
    POS2               2.287      0.165     13.880      0.000
    POS3               2.328      0.169     13.784      0.000
    POS4               2.338      0.159     14.707      0.000
    POS5               2.359      0.170     13.908      0.000
    LS1                3.807      0.249     15.266      0.000
    LS2                3.616      0.216     16.744      0.000
    LS3                3.516      0.206     17.103      0.000
    LS4                3.608      0.221     16.363      0.000
    LS5                3.524      0.197     17.919      0.000

 Variances
    DSC                1.000      0.000    999.000    999.000
    UDSC               1.000      0.000    999.000    999.000
    SCO                1.000      0.000    999.000    999.000

 Residual Variances
    ASC1               0.282      0.032      8.699      0.000
    ASC2               0.246      0.030      8.220      0.000
    ASC3               0.297      0.039      7.562      0.000
    ASC4               0.303      0.039      7.765      0.000
    ASC5               0.332      0.039      8.598      0.000
    OSC1               0.285      0.033      8.642      0.000
    OSC2               0.279      0.031      9.000      0.000
    OSC3               0.287      0.035      8.173      0.000
    OSC4               0.286      0.032      9.030      0.000
    OSC5               0.288      0.036      8.044      0.000
    OSC6               0.308      0.038      8.200      0.000
    RD1                0.286      0.037      7.662      0.000
    RD2                0.192      0.027      7.018      0.000
    RD3                0.255      0.032      7.852      0.000
    RD4                0.228      0.028      8.082      0.000
    RD5                0.225      0.031      7.217      0.000
    POS1               0.299      0.041      7.275      0.000
    POS2               0.228      0.031      7.265      0.000
    POS3               0.225      0.030      7.472      0.000
    POS4               0.300      0.042      7.111      0.000
    POS5               0.227      0.029      7.724      0.000
    LS1                0.409      0.050      8.159      0.000
    LS2                0.424      0.044      9.584      0.000
    LS3                0.550      0.054     10.108      0.000
    LS4                0.451      0.045      9.972      0.000
    LS5                0.481      0.045     10.689      0.000
    ASC               -0.007    999.000    999.000    999.000
    OSC                0.013      0.024      0.554      0.580
    RD                 0.747      0.053     14.016      0.000
    POS                0.552      0.038     14.451      0.000
    LS                -0.007    999.000    999.000    999.000


R-SQUARE

    Observed                                        Two-Tailed
    Variable        Estimate       S.E.  Est./S.E.    P-Value

    ASC1               0.718      0.032     22.117      0.000
    ASC2               0.754      0.030     25.163      0.000
    ASC3               0.703      0.039     17.939      0.000
    ASC4               0.697      0.039     17.894      0.000
    ASC5               0.668      0.039     17.294      0.000
    OSC1               0.715      0.033     21.680      0.000
    OSC2               0.721      0.031     23.256      0.000
    OSC3               0.713      0.035     20.335      0.000
    OSC4               0.714      0.032     22.500      0.000
    OSC5               0.712      0.036     19.858      0.000
    OSC6               0.692      0.038     18.415      0.000
    RD1                0.714      0.037     19.118      0.000
    RD2                0.808      0.027     29.629      0.000
    RD3                0.745      0.032     22.955      0.000
    RD4                0.772      0.028     27.380      0.000
    RD5                0.775      0.031     24.906      0.000
    POS1               0.701      0.041     17.025      0.000
    POS2               0.772      0.031     24.643      0.000
    POS3               0.775      0.030     25.691      0.000
    POS4               0.700      0.042     16.604      0.000
    POS5               0.773      0.029     26.251      0.000
    LS1                0.591      0.050     11.782      0.000
    LS2                0.576      0.044     12.999      0.000
    LS3                0.450      0.054      8.283      0.000
    LS4                0.549      0.045     12.128      0.000
    LS5                0.519      0.045     11.533      0.000

     Latent                                         Two-Tailed
    Variable        Estimate       S.E.  Est./S.E.    P-Value

    ASC             Undefined   0.10069E+01
    OSC                0.987      0.024     40.851      0.000
    RD                 0.253      0.053      4.739      0.000
    POS                0.448      0.038     11.750      0.000
    LS              Undefined   0.10075E+01


QUALITY OF NUMERICAL RESULTS

     Condition Number for the Information Matrix              0.724E-07
       (ratio of smallest to largest eigenvalue)


CONFIDENCE INTERVALS OF MODEL RESULTS

                  Lower .5%  Lower 2.5%    Lower 5%    Estimate    Upper 5%  Upper 2.5%   Upper .5%

 ASC      BY
    ASC1             1.000       1.000       1.000       1.000       1.000       1.000       1.000
    ASC2             0.937       0.955       0.964       1.012       1.059       1.069       1.087
    ASC3             0.916       0.933       0.941       0.987       1.032       1.041       1.057
    ASC4             0.920       0.937       0.945       0.990       1.034       1.042       1.059
    ASC5             0.898       0.913       0.921       0.964       1.006       1.014       1.030

 OSC      BY
    OSC1             1.000       1.000       1.000       1.000       1.000       1.000       1.000
    OSC2             0.911       0.928       0.937       0.983       1.029       1.037       1.054
    OSC3             0.911       0.928       0.937       0.983       1.029       1.037       1.054
    OSC4             0.920       0.936       0.945       0.988       1.031       1.040       1.056
    OSC5             0.917       0.932       0.940       0.981       1.022       1.030       1.045
    OSC6             0.883       0.900       0.909       0.954       0.999       1.008       1.025

 RD       BY
    RD1              1.000       1.000       1.000       1.000       1.000       1.000       1.000
    RD2              0.985       1.001       1.010       1.054       1.098       1.106       1.123
    RD3              0.920       0.936       0.944       0.986       1.029       1.037       1.053
    RD4              0.945       0.960       0.968       1.010       1.052       1.060       1.076
    RD5              0.963       0.978       0.986       1.025       1.065       1.073       1.087

 POS      BY
    POS1             1.000       1.000       1.000       1.000       1.000       1.000       1.000
    POS2             0.981       0.997       1.006       1.048       1.091       1.099       1.115
    POS3             0.979       0.995       1.003       1.047       1.090       1.098       1.114
    POS4             0.936       0.952       0.960       1.003       1.047       1.055       1.071
    POS5             0.946       0.965       0.975       1.025       1.075       1.085       1.103

 LS       BY
    LS1              1.000       1.000       1.000       1.000       1.000       1.000       1.000
    LS2              0.919       0.945       0.958       1.026       1.095       1.108       1.134
    LS3              0.838       0.862       0.874       0.938       1.002       1.015       1.039
    LS4              0.909       0.934       0.946       1.012       1.079       1.091       1.116
    LS5              0.908       0.929       0.940       0.996       1.051       1.062       1.083

 SCO      BY
    ASC              0.800       0.800       0.800       0.800       0.800       0.800       0.800
    OSC              0.800       0.800       0.800       0.800       0.800       0.800       0.800

 RD       ON
    SCO              0.466       0.515       0.540       0.671       0.802       0.827       0.876
    OUD             -0.271      -0.238      -0.221      -0.132      -0.044      -0.027       0.006

 POS      ON
    SCO             -0.413      -0.350      -0.318      -0.148       0.021       0.054       0.117
    OUD              0.103       0.121       0.130       0.180       0.229       0.238       0.256

 LS       ON
    SCO             -0.043      -0.032      -0.026       0.005       0.035       0.041       0.053
    RD              -0.590      -0.576      -0.569      -0.533      -0.497      -0.490      -0.477
    POS              0.455       0.470       0.477       0.516       0.555       0.562       0.577

 RD       ON
    UDSC            -0.084      -0.056      -0.042       0.034       0.110       0.124       0.152

 POS      ON
    UDSC             0.284       0.318       0.336       0.427       0.519       0.537       0.571

 UDSC     WITH
    SCO              0.626       0.652       0.665       0.735       0.804       0.817       0.843

 Means
    DSC              3.814       3.852       3.872       3.975       4.078       4.098       4.136
    UDSC             2.006       2.040       2.058       2.150       2.243       2.260       2.295

 Intercepts
    ASC1             4.225       4.262       4.281       4.380       4.479       4.498       4.535
    ASC2             4.206       4.243       4.262       4.360       4.458       4.477       4.514
    ASC3             4.230       4.267       4.286       4.385       4.484       4.503       4.540
    ASC4             4.292       4.329       4.348       4.448       4.547       4.566       4.604
    ASC5             4.268       4.305       4.324       4.423       4.522       4.541       4.578
    OSC1             4.272       4.310       4.329       4.430       4.531       4.551       4.588
    OSC2             4.221       4.258       4.277       4.375       4.474       4.492       4.529
    OSC3             4.270       4.307       4.326       4.425       4.524       4.543       4.580
    OSC4             4.217       4.254       4.273       4.373       4.472       4.491       4.528
    OSC5             4.233       4.270       4.289       4.388       4.487       4.505       4.542
    OSC6             4.283       4.319       4.338       4.435       4.533       4.551       4.588
    RD1              3.802       3.870       3.904       4.085       4.265       4.300       4.367
    RD2              3.756       3.826       3.862       4.050       4.238       4.274       4.344
    RD3              3.849       3.914       3.948       4.124       4.300       4.334       4.399
    RD4              3.841       3.909       3.944       4.125       4.307       4.342       4.410
    RD5              3.748       3.815       3.850       4.031       4.212       4.247       4.315
    POS1             2.559       2.655       2.704       2.960       3.215       3.264       3.360
    POS2             2.439       2.535       2.584       2.842       3.100       3.149       3.246
    POS3             2.477       2.574       2.624       2.884       3.144       3.194       3.291
    POS4             2.523       2.618       2.667       2.921       3.175       3.223       3.318
    POS5             2.473       2.567       2.615       2.865       3.116       3.164       3.258
    LS1              3.100       3.179       3.220       3.431       3.642       3.682       3.762
    LS2              3.063       3.141       3.180       3.388       3.596       3.635       3.713
    LS3              3.088       3.164       3.203       3.405       3.607       3.646       3.721
    LS4              3.081       3.161       3.202       3.416       3.630       3.671       3.751
    LS5              3.054       3.131       3.170       3.374       3.578       3.617       3.693

 Variances
    DSC              1.365       1.414       1.439       1.569       1.700       1.725       1.774
    UDSC             1.000       1.000       1.000       1.000       1.000       1.000       1.000
    SCO              1.266       1.333       1.367       1.544       1.721       1.755       1.822

 Residual Variances
    ASC1             0.252       0.284       0.300       0.386       0.472       0.488       0.520
    ASC2             0.217       0.244       0.257       0.328       0.399       0.412       0.439
    ASC3             0.251       0.288       0.306       0.403       0.499       0.518       0.554
    ASC4             0.246       0.287       0.308       0.417       0.526       0.547       0.588
    ASC5             0.298       0.335       0.354       0.453       0.552       0.571       0.608
    OSC1             0.267       0.299       0.315       0.399       0.484       0.500       0.532
    OSC2             0.259       0.286       0.301       0.374       0.448       0.462       0.490
    OSC3             0.254       0.286       0.303       0.389       0.475       0.492       0.524
    OSC4             0.270       0.299       0.314       0.392       0.470       0.485       0.515
    OSC5             0.249       0.283       0.300       0.391       0.481       0.499       0.533
    OSC6             0.264       0.298       0.315       0.406       0.497       0.514       0.548
    RD1              0.285       0.326       0.347       0.456       0.565       0.586       0.627
    RD2              0.184       0.211       0.225       0.299       0.373       0.387       0.415
    RD3              0.249       0.280       0.296       0.378       0.461       0.477       0.507
    RD4              0.228       0.256       0.270       0.342       0.415       0.429       0.456
    RD5              0.219       0.249       0.265       0.346       0.428       0.443       0.474
    POS1             0.287       0.329       0.351       0.464       0.577       0.598       0.641
    POS2             0.228       0.258       0.273       0.352       0.431       0.446       0.475
    POS3             0.225       0.254       0.268       0.346       0.423       0.438       0.467
    POS4             0.280       0.325       0.348       0.468       0.588       0.611       0.656
    POS5             0.225       0.252       0.265       0.335       0.406       0.419       0.445
    LS1              0.207       0.237       0.252       0.332       0.412       0.428       0.458
    LS2              0.251       0.280       0.295       0.373       0.450       0.465       0.494
    LS3              0.337       0.379       0.401       0.515       0.630       0.652       0.694
    LS4              0.278       0.309       0.324       0.404       0.485       0.500       0.531
    LS5              0.307       0.339       0.355       0.441       0.527       0.543       0.575
    ASC             -0.065      -0.051      -0.044      -0.007       0.030       0.037       0.051
    OSC             -0.050      -0.035      -0.027       0.013       0.054       0.061       0.076
    RD               0.622       0.676       0.704       0.850       0.995       1.023       1.078
    POS              0.447       0.484       0.502       0.599       0.695       0.714       0.750
    LS              -0.040      -0.031      -0.027      -0.004       0.019       0.024       0.033

New/Additional Parameters
    LULD             1.000       1.000       1.000       1.000       1.000       1.000       1.000
    HULD             2.000       2.000       2.000       2.000       2.000       2.000       2.000
    LUHD             3.000       3.000       3.000       3.000       3.000       3.000       3.000
    HUHD             4.000       4.000       4.000       4.000       4.000       4.000       4.000
    IE_LL_RD        -0.358      -0.341      -0.333      -0.287      -0.241      -0.233      -0.216
    IE_HL_RD        -0.309      -0.287      -0.276      -0.217      -0.157      -0.146      -0.124
    IE_LH_RD        -0.297      -0.261      -0.243      -0.146      -0.049      -0.031       0.005
    IE_HH_RD        -0.294      -0.242      -0.215      -0.076       0.064       0.091       0.143
    IE_LL_PO        -0.090      -0.064      -0.051       0.016       0.084       0.097       0.122
    IE_HL_PO         0.027       0.046       0.056       0.109       0.161       0.171       0.191
    IE_LH_PO         0.127       0.144       0.154       0.202       0.249       0.259       0.276
    IE_HH_PO         0.206       0.227       0.238       0.294       0.350       0.361       0.382


CONFIDENCE INTERVALS OF STANDARDIZED MODEL RESULTS


STDYX Standardization

                  Lower .5%  Lower 2.5%    Lower 5%    Estimate    Upper 5%  Upper 2.5%   Upper .5%

 ASC      BY
    ASC1             0.798       0.810       0.816       0.847       0.879       0.885       0.897
    ASC2             0.824       0.834       0.840       0.868       0.897       0.902       0.913
    ASC3             0.779       0.793       0.800       0.839       0.877       0.885       0.899
    ASC4             0.775       0.789       0.797       0.835       0.873       0.881       0.895
    ASC5             0.756       0.771       0.778       0.817       0.856       0.864       0.878

 OSC      BY
    OSC1             0.795       0.807       0.813       0.846       0.878       0.884       0.896
    OSC2             0.802       0.813       0.819       0.849       0.879       0.885       0.896
    OSC3             0.791       0.804       0.810       0.845       0.879       0.885       0.898
    OSC4             0.796       0.808       0.814       0.845       0.876       0.882       0.893
    OSC5             0.789       0.802       0.809       0.844       0.879       0.885       0.898
    OSC6             0.774       0.788       0.795       0.832       0.869       0.876       0.890

 RD       BY
    RD1              0.788       0.802       0.809       0.845       0.881       0.888       0.902
    RD2              0.860       0.869       0.874       0.899       0.924       0.929       0.938
    RD3              0.815       0.826       0.832       0.863       0.894       0.900       0.912
    RD4              0.837       0.847       0.852       0.879       0.905       0.910       0.920
    RD5              0.835       0.846       0.851       0.881       0.910       0.915       0.926

 POS      BY
    POS1             0.774       0.789       0.797       0.837       0.877       0.885       0.900
    POS2             0.833       0.844       0.849       0.879       0.908       0.914       0.925
    POS3             0.836       0.847       0.852       0.880       0.908       0.914       0.924
    POS4             0.772       0.787       0.795       0.837       0.878       0.886       0.902
    POS5             0.836       0.846       0.851       0.879       0.907       0.912       0.922

 LS       BY
    LS1              0.685       0.705       0.715       0.769       0.822       0.833       0.853
    LS2              0.684       0.701       0.711       0.759       0.807       0.816       0.834
    LS3              0.567       0.592       0.604       0.671       0.738       0.750       0.775
    LS4              0.662       0.681       0.691       0.741       0.791       0.801       0.819
    LS5              0.640       0.659       0.669       0.720       0.772       0.782       0.801

 SCO      BY
    ASC              0.974       0.981       0.984       1.003       1.022       1.026       1.033
    OSC              0.962       0.969       0.973       0.993       1.013       1.017       1.025

 RD       ON
    SCO              0.528       0.588       0.619       0.782       0.944       0.975       1.035
    OUD             -0.316      -0.277      -0.258      -0.154      -0.051      -0.031       0.008

 POS      ON
    SCO             -0.486      -0.412      -0.374      -0.177       0.021       0.059       0.133
    OUD              0.132       0.152       0.162       0.214       0.266       0.276       0.296

 LS       ON
    SCO             -0.078      -0.057      -0.047       0.008       0.063       0.074       0.095
    RD              -0.926      -0.901      -0.888      -0.821      -0.753      -0.740      -0.715
    POS              0.683       0.705       0.717       0.776       0.835       0.846       0.869

 RD       ON
    UDSC            -0.079      -0.052      -0.039       0.032       0.103       0.116       0.143

 POS      ON
    UDSC             0.290       0.319       0.333       0.410       0.487       0.502       0.531

 UDSC     WITH
    SCO              0.531       0.545       0.553       0.591       0.630       0.637       0.651

 Means
    DSC              2.927       2.985       3.016       3.173       3.330       3.361       3.420
    UDSC             2.006       2.040       2.058       2.150       2.243       2.260       2.295

 Intercepts
    ASC1             3.383       3.469       3.514       3.746       3.977       4.022       4.108
    ASC2             3.423       3.508       3.551       3.777       4.003       4.047       4.131
    ASC3             3.414       3.497       3.540       3.763       3.986       4.028       4.112
    ASC4             3.408       3.499       3.546       3.789       4.031       4.078       4.169
    ASC5             3.420       3.508       3.552       3.786       4.020       4.065       4.152
    OSC1             3.423       3.500       3.539       3.743       3.948       3.987       4.063
    OSC2             3.424       3.508       3.551       3.778       4.004       4.047       4.132
    OSC3             3.424       3.513       3.559       3.800       4.040       4.086       4.176
    OSC4             3.383       3.468       3.511       3.736       3.961       4.004       4.089
    OSC5             3.424       3.507       3.549       3.770       3.991       4.033       4.116
    OSC6             3.480       3.572       3.619       3.864       4.109       4.155       4.247
    RD1              2.928       3.002       3.040       3.237       3.434       3.471       3.545
    RD2              2.932       3.006       3.044       3.241       3.438       3.475       3.549
    RD3              3.060       3.138       3.177       3.385       3.592       3.632       3.710
    RD4              3.056       3.130       3.168       3.365       3.563       3.601       3.675
    RD5              2.934       3.008       3.047       3.247       3.447       3.485       3.560
    POS1             1.963       2.062       2.113       2.378       2.643       2.694       2.793
    POS2             1.863       1.964       2.016       2.287       2.558       2.610       2.711
    POS3             1.893       1.997       2.050       2.328       2.606       2.659       2.763
    POS4             1.928       2.026       2.076       2.338       2.599       2.649       2.747
    POS5             1.922       2.027       2.080       2.359       2.638       2.692       2.796
    LS1              3.165       3.318       3.397       3.807       4.217       4.296       4.449
    LS2              3.059       3.192       3.260       3.616       3.971       4.039       4.172
    LS3              2.987       3.113       3.178       3.516       3.854       3.919       4.046
    LS4              3.040       3.176       3.246       3.608       3.971       4.041       4.176
    LS5              3.017       3.138       3.200       3.524       3.847       3.909       4.030

 Variances
    DSC              1.000       1.000       1.000       1.000       1.000       1.000       1.000
    UDSC             1.000       1.000       1.000       1.000       1.000       1.000       1.000
    SCO              1.000       1.000       1.000       1.000       1.000       1.000       1.000

 Residual Variances
    ASC1             0.199       0.219       0.229       0.282       0.336       0.346       0.366
    ASC2             0.169       0.188       0.197       0.246       0.296       0.305       0.323
    ASC3             0.196       0.220       0.232       0.297       0.361       0.373       0.398
    ASC4             0.202       0.226       0.239       0.303       0.367       0.379       0.403
    ASC5             0.233       0.256       0.269       0.332       0.396       0.408       0.432
    OSC1             0.200       0.220       0.231       0.285       0.339       0.350       0.370
    OSC2             0.199       0.218       0.228       0.279       0.330       0.340       0.359
    OSC3             0.196       0.218       0.229       0.287       0.344       0.355       0.377
    OSC4             0.205       0.224       0.234       0.286       0.339       0.349       0.368
    OSC5             0.196       0.218       0.229       0.288       0.347       0.359       0.381
    OSC6             0.211       0.234       0.246       0.308       0.370       0.382       0.405
    RD1              0.190       0.213       0.225       0.286       0.348       0.359       0.382
    RD2              0.121       0.138       0.147       0.192       0.236       0.245       0.262
    RD3              0.171       0.191       0.201       0.255       0.308       0.318       0.338
    RD4              0.155       0.173       0.182       0.228       0.274       0.283       0.301
    RD5              0.144       0.164       0.173       0.225       0.276       0.286       0.305
    POS1             0.193       0.219       0.232       0.299       0.367       0.380       0.405
    POS2             0.147       0.166       0.176       0.228       0.279       0.289       0.308
    POS3             0.148       0.166       0.176       0.225       0.275       0.284       0.303
    POS4             0.191       0.217       0.230       0.300       0.369       0.383       0.408
    POS5             0.152       0.170       0.179       0.227       0.276       0.285       0.303
    LS1              0.280       0.311       0.327       0.409       0.492       0.507       0.538
    LS2              0.310       0.338       0.352       0.424       0.497       0.511       0.538
    LS3              0.410       0.443       0.460       0.550       0.639       0.656       0.690
    LS4              0.335       0.363       0.377       0.451       0.526       0.540       0.568
    LS5              0.365       0.393       0.407       0.481       0.555       0.569       0.597
    ASC            999.000     999.000     999.000      -0.007     999.000     999.000     999.000
    OSC             -0.049      -0.034      -0.026       0.013       0.053       0.061       0.076
    RD               0.610       0.643       0.660       0.747       0.835       0.852       0.885
    POS              0.453       0.477       0.489       0.552       0.614       0.626       0.650
    LS             999.000     999.000     999.000      -0.007     999.000     999.000     999.000


PLOT INFORMATION

The following plots are available:

  Loop plots

     Beginning Time:  15:12:50
        Ending Time:  15:12:57
       Elapsed Time:  00:00:07



MUTHEN & MUTHEN
3463 Stoner Ave.
Los Angeles, CA  90066

Tel: (310) 391-9971
Fax: (310) 391-8971
Web: www.StatModel.com
Support: Support@StatModel.com

Copyright (c) 1998-2019 Muthen & Muthen
