Mplus VERSION 8.3
MUTHEN & MUTHEN
03/25/2023   1:52 PM

INPUT INSTRUCTIONS

  TITLE:

      Mediation;

  DATA:
  FILE = "./OUTPUT/SEM/Mplus/SEM.med_b232802b58a48cd161ac384154448815.dat";

  VARIABLE:
  NAMES = ASC1 ASC2 ASC3 ASC4 ASC5 OSC1 OSC2 OSC3 OSC4 OSC5 OSC6 RD1 RD2 RD3 RD4 RD5
       POS1 POS2 POS3 POS4 POS5 LS1 LS2 LS3 LS4 LS5;
   MISSING=.;

  ANALYSIS:

      TYPE =general;
      bootstrap = 5000;

  MODEL:

      ASC by ASC1-ASC5;
      OSC by OSC1-OSC6;
      SCO by ASC@0.8 OSC@0.8;

      RD by RD1-RD5;
      POS by POS1-POS5;

      LS by LS1-LS5;

      RD on SCO(a1);
      POS on SCO(a2);
      LS on SCO(c)
            RD(b1)
            POS(b2);

  MODEL CONSTRAINT:

     NEW(IE_RD
         IE_POS);

      IE_RD = a1*b1;
      IE_POS = a2*b2;

  OUTPUT:

      CINT(bcbootstrap);
      STDYX



INPUT READING TERMINATED NORMALLY





Mediation;

SUMMARY OF ANALYSIS

Number of groups                                                 1
Number of observations                                         400

Number of dependent variables                                   26
Number of independent variables                                  0
Number of continuous latent variables                            6

Observed dependent variables

  Continuous
   ASC1        ASC2        ASC3        ASC4        ASC5        OSC1
   OSC2        OSC3        OSC4        OSC5        OSC6        RD1
   RD2         RD3         RD4         RD5         POS1        POS2
   POS3        POS4        POS5        LS1         LS2         LS3
   LS4         LS5

Continuous latent variables
   ASC         OSC         SCO         RD          POS         LS


Estimator                                                       ML
Information matrix                                        OBSERVED
Maximum number of iterations                                  1000
Convergence criterion                                    0.500D-04
Maximum number of steepest descent iterations                   20
Maximum number of iterations for H1                           2000
Convergence criterion for H1                             0.100D-03
Number of bootstrap draws
    Requested                                                 5000
    Completed                                                 5000

Input data file(s)
  ./OUTPUT/SEM/Mplus/SEM.med_b232802b58a48cd161ac384154448815.dat

Input data format  FREE


SUMMARY OF DATA

     Number of missing data patterns             1


COVARIANCE COVERAGE OF DATA

Minimum covariance coverage value   0.100


     PROPORTION OF DATA PRESENT


           Covariance Coverage
              ASC1          ASC2          ASC3          ASC4          ASC5
              ________      ________      ________      ________      ________
 ASC1           1.000
 ASC2           1.000         1.000
 ASC3           1.000         1.000         1.000
 ASC4           1.000         1.000         1.000         1.000
 ASC5           1.000         1.000         1.000         1.000         1.000
 OSC1           1.000         1.000         1.000         1.000         1.000
 OSC2           1.000         1.000         1.000         1.000         1.000
 OSC3           1.000         1.000         1.000         1.000         1.000
 OSC4           1.000         1.000         1.000         1.000         1.000
 OSC5           1.000         1.000         1.000         1.000         1.000
 OSC6           1.000         1.000         1.000         1.000         1.000
 RD1            1.000         1.000         1.000         1.000         1.000
 RD2            1.000         1.000         1.000         1.000         1.000
 RD3            1.000         1.000         1.000         1.000         1.000
 RD4            1.000         1.000         1.000         1.000         1.000
 RD5            1.000         1.000         1.000         1.000         1.000
 POS1           1.000         1.000         1.000         1.000         1.000
 POS2           1.000         1.000         1.000         1.000         1.000
 POS3           1.000         1.000         1.000         1.000         1.000
 POS4           1.000         1.000         1.000         1.000         1.000
 POS5           1.000         1.000         1.000         1.000         1.000
 LS1            1.000         1.000         1.000         1.000         1.000
 LS2            1.000         1.000         1.000         1.000         1.000
 LS3            1.000         1.000         1.000         1.000         1.000
 LS4            1.000         1.000         1.000         1.000         1.000
 LS5            1.000         1.000         1.000         1.000         1.000


           Covariance Coverage
              OSC1          OSC2          OSC3          OSC4          OSC5
              ________      ________      ________      ________      ________
 OSC1           1.000
 OSC2           1.000         1.000
 OSC3           1.000         1.000         1.000
 OSC4           1.000         1.000         1.000         1.000
 OSC5           1.000         1.000         1.000         1.000         1.000
 OSC6           1.000         1.000         1.000         1.000         1.000
 RD1            1.000         1.000         1.000         1.000         1.000
 RD2            1.000         1.000         1.000         1.000         1.000
 RD3            1.000         1.000         1.000         1.000         1.000
 RD4            1.000         1.000         1.000         1.000         1.000
 RD5            1.000         1.000         1.000         1.000         1.000
 POS1           1.000         1.000         1.000         1.000         1.000
 POS2           1.000         1.000         1.000         1.000         1.000
 POS3           1.000         1.000         1.000         1.000         1.000
 POS4           1.000         1.000         1.000         1.000         1.000
 POS5           1.000         1.000         1.000         1.000         1.000
 LS1            1.000         1.000         1.000         1.000         1.000
 LS2            1.000         1.000         1.000         1.000         1.000
 LS3            1.000         1.000         1.000         1.000         1.000
 LS4            1.000         1.000         1.000         1.000         1.000
 LS5            1.000         1.000         1.000         1.000         1.000


           Covariance Coverage
              OSC6          RD1           RD2           RD3           RD4
              ________      ________      ________      ________      ________
 OSC6           1.000
 RD1            1.000         1.000
 RD2            1.000         1.000         1.000
 RD3            1.000         1.000         1.000         1.000
 RD4            1.000         1.000         1.000         1.000         1.000
 RD5            1.000         1.000         1.000         1.000         1.000
 POS1           1.000         1.000         1.000         1.000         1.000
 POS2           1.000         1.000         1.000         1.000         1.000
 POS3           1.000         1.000         1.000         1.000         1.000
 POS4           1.000         1.000         1.000         1.000         1.000
 POS5           1.000         1.000         1.000         1.000         1.000
 LS1            1.000         1.000         1.000         1.000         1.000
 LS2            1.000         1.000         1.000         1.000         1.000
 LS3            1.000         1.000         1.000         1.000         1.000
 LS4            1.000         1.000         1.000         1.000         1.000
 LS5            1.000         1.000         1.000         1.000         1.000


           Covariance Coverage
              RD5           POS1          POS2          POS3          POS4
              ________      ________      ________      ________      ________
 RD5            1.000
 POS1           1.000         1.000
 POS2           1.000         1.000         1.000
 POS3           1.000         1.000         1.000         1.000
 POS4           1.000         1.000         1.000         1.000         1.000
 POS5           1.000         1.000         1.000         1.000         1.000
 LS1            1.000         1.000         1.000         1.000         1.000
 LS2            1.000         1.000         1.000         1.000         1.000
 LS3            1.000         1.000         1.000         1.000         1.000
 LS4            1.000         1.000         1.000         1.000         1.000
 LS5            1.000         1.000         1.000         1.000         1.000


           Covariance Coverage
              POS5          LS1           LS2           LS3           LS4
              ________      ________      ________      ________      ________
 POS5           1.000
 LS1            1.000         1.000
 LS2            1.000         1.000         1.000
 LS3            1.000         1.000         1.000         1.000
 LS4            1.000         1.000         1.000         1.000         1.000
 LS5            1.000         1.000         1.000         1.000         1.000


           Covariance Coverage
              LS5
              ________
 LS5            1.000



UNIVARIATE SAMPLE STATISTICS


     UNIVARIATE HIGHER-ORDER MOMENT DESCRIPTIVE STATISTICS

         Variable/         Mean/     Skewness/   Minimum/ % with                Percentiles
        Sample Size      Variance    Kurtosis    Maximum  Min/Max      20%/60%    40%/80%    Median

     ASC1                  4.380      -0.381       1.000    0.50%       3.000      4.000      5.000
             400.000       1.446      -0.558       7.000    0.75%       5.000      5.000
     ASC2                  4.360      -0.333       1.000    0.50%       3.000      4.000      5.000
             400.000       1.425      -0.556       7.000    1.00%       5.000      5.000
     ASC3                  4.385      -0.375       1.000    0.25%       3.000      4.000      5.000
             400.000       1.447      -0.634       7.000    0.75%       5.000      5.000
     ASC4                  4.447      -0.367       0.000    0.25%       3.000      4.000      5.000
             400.000       1.467      -0.263       8.000    0.25%       5.000      6.000
     ASC5                  4.423      -0.467       1.000    0.25%       3.000      4.000      5.000
             400.000       1.449      -0.566       7.000    0.50%       5.000      5.000
     OSC1                  4.430      -0.269       2.000    7.00%       3.000      4.000      5.000
             400.000       1.505      -0.736       7.000    1.75%       5.000      5.000
     OSC2                  4.375      -0.375       1.000    0.50%       3.000      4.000      5.000
             400.000       1.429      -0.584       7.000    0.50%       5.000      5.000
     OSC3                  4.425      -0.489       1.000    0.50%       3.000      4.000      5.000
             400.000       1.444      -0.441       7.000    1.00%       5.000      5.000
     OSC4                  4.372      -0.386       1.000    0.25%       3.000      4.000      5.000
             400.000       1.459      -0.605       7.000    1.00%       5.000      5.000
     OSC5                  4.388      -0.319       2.000    8.00%       3.000      4.000      5.000
             400.000       1.442      -0.627       7.000    1.25%       5.000      5.000
     OSC6                  4.435      -0.474       1.000    0.75%       3.000      4.000      5.000
             400.000       1.401      -0.365       7.000    0.75%       5.000      5.000
     RD1                   4.035       0.028       1.000    0.25%       3.000      4.000      4.000
             400.000       1.634      -0.945       7.000    1.00%       5.000      5.000
     RD2                   3.998       0.005       1.000    0.25%       3.000      4.000      4.000
             400.000       1.607      -0.962       7.000    0.50%       4.000      5.000
     RD3                   4.075      -0.063       1.000    0.25%       3.000      4.000      4.000
             400.000       1.524      -0.954       7.000    0.25%       5.000      5.000
     RD4                   4.075       0.022       2.000   10.50%       3.000      4.000      4.000
             400.000       1.544      -0.981       7.000    0.75%       5.000      5.000
     RD5                   3.980       0.053       1.000    0.75%       3.000      3.000      4.000
             400.000       1.585      -0.838       7.000    1.00%       4.000      5.000
     POS1                  4.045      -0.055       1.000    0.25%       3.000      4.000      4.000
             400.000       1.613      -0.972       7.000    0.75%       5.000      5.000
     POS2                  3.980       0.067       1.000    0.50%       3.000      3.000      4.000
             400.000       1.615      -0.905       7.000    0.75%       4.000      5.000
     POS3                  4.020      -0.001       1.000    0.25%       3.000      4.000      4.000
             400.000       1.605      -0.875       7.000    1.00%       4.000      5.000
     POS4                  4.010       0.018       1.000    0.75%       3.000      4.000      4.000
             400.000       1.625      -0.920       7.000    0.50%       4.000      5.000
     POS5                  3.978       0.105       1.000    0.50%       3.000      3.000      4.000
             400.000       1.542      -0.756       7.000    1.25%       4.000      5.000
     LS1                   4.018      -0.068       1.000    1.25%       3.000      4.000      4.000
             400.000       0.937       0.939       7.000    0.50%       4.000      5.000
     LS2                   3.990       0.050       1.000    0.25%       3.000      4.000      4.000
             400.000       1.010       0.227       7.000    0.50%       4.000      5.000
     LS3                   3.955      -0.050       1.000    0.75%       3.000      4.000      4.000
             400.000       1.048       0.285       7.000    0.25%       4.000      5.000
     LS4                   4.010      -0.078       1.000    0.50%       3.000      4.000      4.000
             400.000       1.025       0.263       7.000    0.25%       4.000      5.000
     LS5                   3.958       0.099       2.000    8.25%       3.000      4.000      4.000
             400.000       1.041      -0.065       7.000    0.50%       4.000      5.000


THE MODEL ESTIMATION TERMINATED NORMALLY

     WARNING:  THE LATENT VARIABLE COVARIANCE MATRIX (PSI) IS NOT POSITIVE
     DEFINITE.  THIS COULD INDICATE A NEGATIVE VARIANCE/RESIDUAL VARIANCE FOR A
     LATENT VARIABLE, A CORRELATION GREATER OR EQUAL TO ONE BETWEEN TWO LATENT
     VARIABLES, OR A LINEAR DEPENDENCY AMONG MORE THAN TWO LATENT VARIABLES.
     CHECK THE TECH4 OUTPUT FOR MORE INFORMATION.
     PROBLEM INVOLVING VARIABLE OSC.




MODEL FIT INFORMATION

Number of Free Parameters                       84

Loglikelihood

          H0 Value                      -11631.999
          H1 Value                      -11276.427

Information Criteria

          Akaike (AIC)                   23431.999
          Bayesian (BIC)                 23767.282
          Sample-Size Adjusted BIC       23500.744
            (n* = (n + 2) / 24)

Chi-Square Test of Model Fit

          Value                            711.145
          Degrees of Freedom                   293
          P-Value                           0.0000

RMSEA (Root Mean Square Error Of Approximation)

          Estimate                           0.060
          90 Percent C.I.                    0.054  0.065
          Probability RMSEA <= .05           0.002

CFI/TLI

          CFI                                0.959
          TLI                                0.954

Chi-Square Test of Model Fit for the Baseline Model

          Value                          10460.352
          Degrees of Freedom                   325
          P-Value                           0.0000

SRMR (Standardized Root Mean Square Residual)

          Value                              0.079



MODEL RESULTS

                                                    Two-Tailed
                    Estimate       S.E.  Est./S.E.    P-Value

 ASC      BY
    ASC1               1.000      0.000    999.000    999.000
    ASC2               1.002      0.029     34.952      0.000
    ASC3               0.978      0.027     36.460      0.000
    ASC4               0.980      0.026     37.288      0.000
    ASC5               0.955      0.026     36.060      0.000

 OSC      BY
    OSC1               1.000      0.000    999.000    999.000
    OSC2               0.993      0.030     33.612      0.000
    OSC3               0.992      0.028     34.847      0.000
    OSC4               0.997      0.028     35.423      0.000
    OSC5               0.990      0.025     39.419      0.000
    OSC6               0.963      0.027     35.382      0.000

 RD       BY
    RD1                1.000      0.000    999.000    999.000
    RD2                1.054      0.028     38.252      0.000
    RD3                0.988      0.026     37.699      0.000
    RD4                1.012      0.025     39.738      0.000
    RD5                1.026      0.025     41.755      0.000

 POS      BY
    POS1               1.000      0.000    999.000    999.000
    POS2               1.048      0.026     39.953      0.000
    POS3               1.046      0.027     39.425      0.000
    POS4               1.004      0.027     37.772      0.000
    POS5               1.022      0.031     32.960      0.000

 LS       BY
    LS1                1.000      0.000    999.000    999.000
    LS2                1.025      0.042     24.213      0.000
    LS3                0.936      0.040     23.451      0.000
    LS4                1.014      0.041     24.637      0.000
    LS5                0.994      0.034     28.856      0.000

 SCO      BY
    ASC                0.800      0.000    999.000    999.000
    OSC                0.800      0.000    999.000    999.000

 RD       ON
    SCO                0.431      0.050      8.646      0.000

 POS      ON
    SCO                0.444      0.047      9.395      0.000

 LS       ON
    SCO               -0.001      0.020     -0.068      0.946
    RD                -0.529      0.023    -23.384      0.000
    POS                0.521      0.024     21.698      0.000

 Intercepts
    ASC1               4.380      0.060     73.083      0.000
    ASC2               4.360      0.059     74.167      0.000
    ASC3               4.385      0.059     73.767      0.000
    ASC4               4.448      0.060     74.188      0.000
    ASC5               4.423      0.060     74.150      0.000
    OSC1               4.430      0.060     73.834      0.000
    OSC2               4.375      0.059     74.549      0.000
    OSC3               4.425      0.059     74.930      0.000
    OSC4               4.372      0.060     73.044      0.000
    OSC5               4.387      0.059     74.063      0.000
    OSC6               4.435      0.059     75.785      0.000
    RD1                4.035      0.063     64.353      0.000
    RD2                3.997      0.062     64.337      0.000
    RD3                4.075      0.060     67.368      0.000
    RD4                4.075      0.061     66.801      0.000
    RD5                3.980      0.062     64.023      0.000
    POS1               4.045      0.064     63.608      0.000
    POS2               3.980      0.063     63.071      0.000
    POS3               4.020      0.063     63.360      0.000
    POS4               4.010      0.063     63.339      0.000
    POS5               3.977      0.063     63.498      0.000
    LS1                4.017      0.049     82.830      0.000
    LS2                3.990      0.050     79.471      0.000
    LS3                3.955      0.052     76.313      0.000
    LS4                4.010      0.051     78.882      0.000
    LS5                3.957      0.050     78.403      0.000

 Variances
    SCO                1.686      0.118     14.333      0.000

 Residual Variances
    ASC1               0.385      0.052      7.365      0.000
    ASC2               0.329      0.043      7.603      0.000
    ASC3               0.401      0.059      6.753      0.000
    ASC4               0.419      0.066      6.305      0.000
    ASC5               0.453      0.061      7.459      0.000
    OSC1               0.400      0.052      7.693      0.000
    OSC2               0.372      0.045      8.317      0.000
    OSC3               0.389      0.052      7.452      0.000
    OSC4               0.393      0.049      8.103      0.000
    OSC5               0.391      0.054      7.244      0.000
    OSC6               0.407      0.056      7.214      0.000
    RD1                0.458      0.066      6.915      0.000
    RD2                0.301      0.045      6.675      0.000
    RD3                0.378      0.050      7.544      0.000
    RD4                0.341      0.044      7.775      0.000
    RD5                0.346      0.050      6.937      0.000
    POS1               0.462      0.068      6.784      0.000
    POS2               0.350      0.048      7.325      0.000
    POS3               0.346      0.048      7.231      0.000
    POS4               0.466      0.072      6.432      0.000
    POS5               0.340      0.045      7.612      0.000
    LS1                0.332      0.049      6.782      0.000
    LS2                0.373      0.047      7.976      0.000
    LS3                0.517      0.069      7.472      0.000
    LS4                0.402      0.049      8.255      0.000
    LS5                0.442      0.053      8.410      0.000
    ASC                0.014      0.025      0.576      0.564
    OSC               -0.007      0.024     -0.279      0.780
    RD                 0.863      0.095      9.049      0.000
    POS                0.818      0.094      8.709      0.000
    LS                -0.004      0.014     -0.264      0.792

New/Additional Parameters
    IE_RD             -0.228      0.028     -8.234      0.000
    IE_POS             0.231      0.025      9.161      0.000


STANDARDIZED MODEL RESULTS


STDYX Standardization

                                                    Two-Tailed
                    Estimate       S.E.  Est./S.E.    P-Value

 ASC      BY
    ASC1               0.860      0.018     47.164      0.000
    ASC2               0.877      0.017     52.829      0.000
    ASC3               0.850      0.022     37.868      0.000
    ASC4               0.845      0.022     37.853      0.000
    ASC5               0.829      0.023     35.926      0.000

 OSC      BY
    OSC1               0.853      0.020     43.702      0.000
    OSC2               0.860      0.017     49.307      0.000
    OSC3               0.855      0.020     42.874      0.000
    OSC4               0.855      0.018     46.474      0.000
    OSC5               0.854      0.020     42.033      0.000
    OSC6               0.842      0.022     37.599      0.000

 RD       BY
    RD1                0.848      0.022     38.257      0.000
    RD2                0.902      0.015     59.758      0.000
    RD3                0.867      0.019     46.478      0.000
    RD4                0.883      0.016     55.958      0.000
    RD5                0.884      0.018     49.974      0.000

 POS      BY
    POS1               0.845      0.023     36.488      0.000
    POS2               0.885      0.017     53.260      0.000
    POS3               0.886      0.016     54.103      0.000
    POS4               0.845      0.024     35.226      0.000
    POS5               0.883      0.017     53.154      0.000

 LS       BY
    LS1                0.762      0.031     24.253      0.000
    LS2                0.751      0.027     27.416      0.000
    LS3                0.661      0.039     17.143      0.000
    LS4                0.735      0.029     25.468      0.000
    LS5                0.712      0.030     23.957      0.000

 SCO      BY
    ASC                0.993      0.011     87.646      0.000
    OSC                1.003      0.011     88.242      0.000

 RD       ON
    SCO                0.516      0.062      8.310      0.000

 POS      ON
    SCO                0.538      0.059      9.075      0.000

 LS       ON
    SCO               -0.003      0.038     -0.068      0.946
    RD                -0.846      0.038    -22.172      0.000
    POS                0.824      0.036     22.856      0.000

 Intercepts
    ASC1               3.602      0.132     27.218      0.000
    ASC2               3.650      0.135     27.040      0.000
    ASC3               3.644      0.133     27.320      0.000
    ASC4               3.670      0.145     25.298      0.000
    ASC5               3.673      0.139     26.409      0.000
    OSC1               3.651      0.122     30.012      0.000
    OSC2               3.659      0.135     27.155      0.000
    OSC3               3.681      0.145     25.421      0.000
    OSC4               3.620      0.133     27.287      0.000
    OSC5               3.653      0.128     28.575      0.000
    OSC6               3.747      0.146     25.645      0.000
    RD1                3.157      0.094     33.441      0.000
    RD2                3.153      0.095     33.335      0.000
    RD3                3.301      0.101     32.605      0.000
    RD4                3.279      0.096     34.187      0.000
    RD5                3.162      0.098     32.248      0.000
    POS1               3.185      0.098     32.421      0.000
    POS2               3.132      0.093     33.703      0.000
    POS3               3.174      0.098     32.406      0.000
    POS4               3.146      0.094     33.411      0.000
    POS5               3.203      0.098     32.731      0.000
    LS1                4.518      0.188     24.090      0.000
    LS2                4.312      0.153     28.111      0.000
    LS3                4.124      0.162     25.454      0.000
    LS4                4.288      0.156     27.509      0.000
    LS5                4.181      0.140     29.797      0.000

 Variances
    SCO                1.000      0.000    999.000    999.000

 Residual Variances
    ASC1               0.261      0.031      8.328      0.000
    ASC2               0.231      0.029      7.944      0.000
    ASC3               0.277      0.038      7.280      0.000
    ASC4               0.285      0.038      7.570      0.000
    ASC5               0.312      0.038      8.190      0.000
    OSC1               0.272      0.033      8.166      0.000
    OSC2               0.260      0.030      8.678      0.000
    OSC3               0.270      0.034      7.937      0.000
    OSC4               0.269      0.031      8.592      0.000
    OSC5               0.271      0.035      7.824      0.000
    OSC6               0.290      0.038      7.733      0.000
    RD1                0.280      0.037      7.481      0.000
    RD2                0.187      0.027      6.883      0.000
    RD3                0.248      0.032      7.663      0.000
    RD4                0.221      0.028      7.947      0.000
    RD5                0.218      0.031      7.001      0.000
    POS1               0.287      0.039      7.354      0.000
    POS2               0.217      0.029      7.379      0.000
    POS3               0.216      0.029      7.459      0.000
    POS4               0.287      0.040      7.103      0.000
    POS5               0.220      0.029      7.527      0.000
    LS1                0.419      0.048      8.796      0.000
    LS2                0.436      0.041     10.592      0.000
    LS3                0.563      0.051     11.053      0.000
    LS4                0.460      0.042     10.839      0.000
    LS5                0.494      0.042     11.692      0.000
    ASC                0.013      0.023      0.580      0.562
    OSC               -0.006      0.023     -0.275      0.783
    RD                 0.734      0.064     11.503      0.000
    POS                0.711      0.063     11.213      0.000
    LS                -0.008      0.031     -0.260      0.795


R-SQUARE

    Observed                                        Two-Tailed
    Variable        Estimate       S.E.  Est./S.E.    P-Value

    ASC1               0.739      0.031     23.633      0.000
    ASC2               0.769      0.029     26.472      0.000
    ASC3               0.723      0.038     19.001      0.000
    ASC4               0.715      0.038     18.969      0.000
    ASC5               0.688      0.038     18.029      0.000
    OSC1               0.728      0.033     21.903      0.000
    OSC2               0.740      0.030     24.685      0.000
    OSC3               0.730      0.034     21.507      0.000
    OSC4               0.731      0.031     23.302      0.000
    OSC5               0.729      0.035     21.065      0.000
    OSC6               0.710      0.038     18.898      0.000
    RD1                0.720      0.037     19.205      0.000
    RD2                0.813      0.027     29.933      0.000
    RD3                0.752      0.032     23.277      0.000
    RD4                0.779      0.028     28.019      0.000
    RD5                0.782      0.031     25.069      0.000
    POS1               0.713      0.039     18.294      0.000
    POS2               0.783      0.029     26.682      0.000
    POS3               0.784      0.029     27.102      0.000
    POS4               0.713      0.040     17.661      0.000
    POS5               0.780      0.029     26.652      0.000
    LS1                0.581      0.048     12.187      0.000
    LS2                0.564      0.041     13.712      0.000
    LS3                0.437      0.051      8.596      0.000
    LS4                0.540      0.042     12.742      0.000
    LS5                0.506      0.042     12.000      0.000

     Latent                                         Two-Tailed
    Variable        Estimate       S.E.  Est./S.E.    P-Value

    ASC                0.987      0.023     43.842      0.000
    OSC             Undefined   0.10063E+01
    RD                 0.266      0.064      4.170      0.000
    POS                0.289      0.063      4.562      0.000
    LS              Undefined   0.10080E+01


CONFIDENCE INTERVALS OF MODEL RESULTS

                  Lower .5%  Lower 2.5%    Lower 5%    Estimate    Upper 5%  Upper 2.5%   Upper .5%

 ASC      BY
    ASC1             1.000       1.000       1.000       1.000       1.000       1.000       1.000
    ASC2             0.929       0.945       0.954       1.002       1.049       1.058       1.077
    ASC3             0.902       0.923       0.933       0.978       1.021       1.030       1.046
    ASC4             0.909       0.926       0.935       0.980       1.022       1.030       1.044
    ASC5             0.883       0.903       0.911       0.955       0.998       1.007       1.022

 OSC      BY
    OSC1             1.000       1.000       1.000       1.000       1.000       1.000       1.000
    OSC2             0.917       0.932       0.942       0.993       1.040       1.050       1.068
    OSC3             0.916       0.936       0.945       0.992       1.039       1.048       1.065
    OSC4             0.925       0.941       0.951       0.997       1.043       1.053       1.072
    OSC5             0.927       0.942       0.950       0.990       1.034       1.043       1.058
    OSC6             0.892       0.909       0.918       0.963       1.008       1.017       1.034

 RD       BY
    RD1              1.000       1.000       1.000       1.000       1.000       1.000       1.000
    RD2              0.991       1.004       1.012       1.054       1.102       1.113       1.133
    RD3              0.924       0.937       0.945       0.988       1.032       1.040       1.055
    RD4              0.947       0.963       0.970       1.012       1.054       1.062       1.078
    RD5              0.968       0.981       0.987       1.026       1.068       1.076       1.092

 POS      BY
    POS1             1.000       1.000       1.000       1.000       1.000       1.000       1.000
    POS2             0.983       0.999       1.006       1.048       1.092       1.102       1.118
    POS3             0.980       0.996       1.004       1.046       1.090       1.100       1.119
    POS4             0.935       0.952       0.960       1.004       1.049       1.057       1.074
    POS5             0.943       0.963       0.971       1.022       1.074       1.084       1.104

 LS       BY
    LS1              1.000       1.000       1.000       1.000       1.000       1.000       1.000
    LS2              0.921       0.945       0.958       1.025       1.095       1.110       1.141
    LS3              0.828       0.859       0.871       0.936       1.003       1.015       1.039
    LS4              0.914       0.937       0.948       1.014       1.082       1.097       1.128
    LS5              0.913       0.929       0.939       0.994       1.052       1.063       1.091

 SCO      BY
    ASC              0.800       0.800       0.800       0.800       0.800       0.800       0.800
    OSC              0.800       0.800       0.800       0.800       0.800       0.800       0.800

 RD       ON
    SCO              0.294       0.329       0.345       0.431       0.510       0.524       0.554

 POS      ON
    SCO              0.316       0.350       0.363       0.444       0.518       0.533       0.559

 LS       ON
    SCO             -0.056      -0.042      -0.036      -0.001       0.029       0.036       0.047
    RD              -0.588      -0.574      -0.567      -0.529      -0.492      -0.486      -0.471
    POS              0.462       0.475       0.483       0.521       0.562       0.569       0.588

 Intercepts
    ASC1             4.225       4.260       4.280       4.380       4.477       4.495       4.532
    ASC2             4.202       4.243       4.262       4.360       4.455       4.472       4.505
    ASC3             4.220       4.267       4.285       4.385       4.480       4.500       4.537
    ASC4             4.287       4.327       4.345       4.448       4.545       4.562       4.595
    ASC5             4.258       4.300       4.320       4.423       4.515       4.535       4.567
    OSC1             4.273       4.310       4.335       4.430       4.530       4.550       4.595
    OSC2             4.223       4.255       4.275       4.375       4.467       4.485       4.522
    OSC3             4.268       4.310       4.327       4.425       4.522       4.538       4.570
    OSC4             4.215       4.255       4.275       4.372       4.470       4.490       4.527
    OSC5             4.225       4.273       4.290       4.387       4.485       4.500       4.538
    OSC6             4.278       4.315       4.335       4.435       4.527       4.542       4.577
    RD1              3.882       3.918       3.935       4.035       4.143       4.165       4.205
    RD2              3.843       3.878       3.897       3.997       4.100       4.120       4.160
    RD3              3.930       3.963       3.982       4.075       4.180       4.200       4.237
    RD4              3.930       3.962       3.980       4.075       4.180       4.202       4.245
    RD5              3.827       3.860       3.878       3.980       4.085       4.107       4.145
    POS1             3.885       3.920       3.940       4.045       4.150       4.170       4.208
    POS2             3.825       3.860       3.875       3.980       4.085       4.105       4.145
    POS3             3.855       3.898       3.918       4.020       4.127       4.145       4.183
    POS4             3.845       3.885       3.905       4.010       4.112       4.135       4.172
    POS5             3.807       3.848       3.868       3.977       4.077       4.095       4.140
    LS1              3.890       3.920       3.937       4.017       4.095       4.110       4.142
    LS2              3.855       3.892       3.907       3.990       4.072       4.087       4.120
    LS3              3.825       3.853       3.870       3.955       4.040       4.057       4.092
    LS4              3.885       3.910       3.925       4.010       4.092       4.110       4.140
    LS5              3.823       3.855       3.873       3.957       4.040       4.055       4.085

 Variances
    SCO              1.396       1.469       1.501       1.686       1.889       1.929       1.999

 Residual Variances
    ASC1             0.268       0.294       0.308       0.385       0.482       0.504       0.543
    ASC2             0.229       0.250       0.263       0.329       0.406       0.421       0.451
    ASC3             0.266       0.298       0.313       0.401       0.510       0.533       0.586
    ASC4             0.274       0.307       0.325       0.419       0.545       0.569       0.616
    ASC5             0.316       0.349       0.365       0.453       0.568       0.591       0.644
    OSC1             0.281       0.307       0.322       0.400       0.493       0.512       0.552
    OSC2             0.269       0.295       0.307       0.372       0.455       0.475       0.507
    OSC3             0.269       0.299       0.312       0.389       0.484       0.504       0.538
    OSC4             0.282       0.309       0.321       0.393       0.481       0.500       0.543
    OSC5             0.261       0.293       0.310       0.391       0.487       0.507       0.541
    OSC6             0.285       0.313       0.327       0.407       0.517       0.544       0.585
    RD1              0.311       0.346       0.363       0.458       0.583       0.603       0.655
    RD2              0.197       0.222       0.232       0.301       0.381       0.397       0.433
    RD3              0.259       0.286       0.303       0.378       0.466       0.482       0.519
    RD4              0.242       0.265       0.277       0.341       0.422       0.440       0.471
    RD5              0.234       0.260       0.272       0.346       0.437       0.457       0.500
    POS1             0.309       0.344       0.363       0.462       0.588       0.615       0.682
    POS2             0.237       0.262       0.276       0.350       0.431       0.449       0.486
    POS3             0.238       0.262       0.275       0.346       0.434       0.451       0.485
    POS4             0.305       0.339       0.358       0.466       0.599       0.627       0.677
    POS5             0.237       0.261       0.274       0.340       0.421       0.437       0.465
    LS1              0.229       0.249       0.262       0.332       0.426       0.445       0.479
    LS2              0.263       0.288       0.302       0.373       0.456       0.474       0.504
    LS3              0.359       0.394       0.411       0.517       0.642       0.667       0.728
    LS4              0.289       0.314       0.327       0.402       0.489       0.505       0.541
    LS5              0.317       0.351       0.367       0.442       0.541       0.560       0.603
    ASC             -0.048      -0.032      -0.025       0.014       0.056       0.066       0.085
    OSC             -0.067      -0.051      -0.044      -0.007       0.035       0.043       0.063
    RD               0.618       0.677       0.709       0.863       1.023       1.051       1.097
    POS              0.584       0.639       0.668       0.818       0.977       1.012       1.067
    LS              -0.034      -0.028      -0.024      -0.004       0.023       0.028       0.036

New/Additional Parameters
    IE_RD           -0.295      -0.280      -0.273      -0.228      -0.181      -0.172      -0.155
    IE_POS           0.165       0.181       0.190       0.231       0.272       0.281       0.300


CONFIDENCE INTERVALS OF STANDARDIZED MODEL RESULTS


STDYX Standardization

                  Lower .5%  Lower 2.5%    Lower 5%    Estimate    Upper 5%  Upper 2.5%   Upper .5%

 ASC      BY
    ASC1             0.806       0.820       0.827       0.860       0.887       0.892       0.901
    ASC2             0.828       0.841       0.847       0.877       0.902       0.907       0.914
    ASC3             0.781       0.801       0.809       0.850       0.883       0.890       0.901
    ASC4             0.785       0.797       0.805       0.845       0.879       0.885       0.897
    ASC5             0.760       0.777       0.787       0.829       0.864       0.870       0.883

 OSC      BY
    OSC1             0.799       0.813       0.818       0.853       0.884       0.889       0.898
    OSC2             0.807       0.822       0.828       0.860       0.886       0.891       0.900
    OSC3             0.798       0.812       0.819       0.855       0.885       0.890       0.900
    OSC4             0.800       0.814       0.821       0.855       0.882       0.887       0.896
    OSC5             0.796       0.811       0.819       0.854       0.885       0.891       0.902
    OSC6             0.769       0.792       0.800       0.842       0.874       0.880       0.891

 RD       BY
    RD1              0.782       0.800       0.808       0.848       0.881       0.887       0.898
    RD2              0.856       0.869       0.874       0.902       0.924       0.928       0.935
    RD3              0.816       0.826       0.834       0.867       0.896       0.901       0.910
    RD4              0.839       0.849       0.854       0.883       0.907       0.911       0.920
    RD5              0.831       0.845       0.853       0.884       0.910       0.915       0.923

 POS      BY
    POS1             0.777       0.794       0.802       0.845       0.879       0.886       0.897
    POS2             0.838       0.851       0.856       0.885       0.910       0.915       0.924
    POS3             0.837       0.849       0.856       0.886       0.910       0.914       0.922
    POS4             0.774       0.793       0.801       0.845       0.881       0.886       0.899
    POS5             0.835       0.846       0.853       0.883       0.908       0.912       0.920

 LS       BY
    LS1              0.665       0.692       0.703       0.762       0.808       0.817       0.831
    LS2              0.671       0.695       0.705       0.751       0.795       0.802       0.816
    LS3              0.554       0.579       0.595       0.661       0.723       0.732       0.757
    LS4              0.655       0.675       0.684       0.735       0.780       0.788       0.803
    LS5              0.624       0.646       0.659       0.712       0.756       0.765       0.783

 SCO      BY
    ASC              0.961       0.971       0.975       0.993       1.012       1.015       1.022
    OSC              0.972       0.981       0.984       1.003       1.022       1.025       1.034

 RD       ON
    SCO              0.347       0.390       0.410       0.516       0.615       0.634       0.667

 POS      ON
    SCO              0.379       0.419       0.438       0.538       0.633       0.649       0.680

 LS       ON
    SCO             -0.106      -0.080      -0.068      -0.003       0.057       0.070       0.093
    RD              -0.952      -0.924      -0.911      -0.846      -0.785      -0.774      -0.748
    POS              0.736       0.756       0.768       0.824       0.886       0.900       0.930

 Intercepts
    ASC1             3.278       3.354       3.393       3.602       3.825       3.873       3.967
    ASC2             3.336       3.399       3.439       3.650       3.884       3.932       4.036
    ASC3             3.327       3.407       3.439       3.644       3.877       3.920       4.017
    ASC4             3.338       3.404       3.442       3.670       3.919       3.963       4.074
    ASC5             3.333       3.411       3.449       3.673       3.910       3.952       4.033
    OSC1             3.360       3.421       3.455       3.651       3.854       3.893       3.976
    OSC2             3.337       3.404       3.443       3.659       3.884       3.932       4.024
    OSC3             3.353       3.415       3.453       3.681       3.929       3.984       4.091
    OSC4             3.303       3.370       3.407       3.620       3.840       3.887       3.975
    OSC5             3.345       3.423       3.455       3.653       3.868       3.911       4.013
    OSC6             3.388       3.471       3.508       3.747       3.978       4.026       4.130
    RD1              2.926       2.977       3.005       3.157       3.314       3.348       3.405
    RD2              2.935       2.982       3.007       3.153       3.315       3.348       3.427
    RD3              3.065       3.116       3.145       3.301       3.473       3.511       3.585
    RD4              3.044       3.095       3.127       3.279       3.438       3.468       3.543
    RD5              2.923       2.975       3.001       3.162       3.321       3.357       3.417
    POS1             2.937       2.998       3.029       3.185       3.350       3.386       3.450
    POS2             2.906       2.955       2.982       3.132       3.288       3.319       3.377
    POS3             2.941       2.995       3.020       3.174       3.342       3.373       3.443
    POS4             2.903       2.966       2.996       3.146       3.304       3.332       3.390
    POS5             2.960       3.014       3.052       3.203       3.370       3.402       3.477
    LS1              4.062       4.160       4.213       4.518       4.833       4.888       5.026
    LS2              3.940       4.024       4.068       4.312       4.561       4.621       4.710
    LS3              3.744       3.814       3.863       4.124       4.397       4.456       4.543
    LS4              3.917       4.004       4.047       4.288       4.553       4.609       4.728
    LS5              3.841       3.911       3.953       4.181       4.413       4.458       4.544

 Variances
    SCO              1.000       1.000       1.000       1.000       1.000       1.000       1.000

 Residual Variances
    ASC1             0.188       0.204       0.213       0.261       0.317       0.327       0.350
    ASC2             0.165       0.178       0.186       0.231       0.282       0.292       0.313
    ASC3             0.189       0.209       0.220       0.277       0.345       0.358       0.389
    ASC4             0.196       0.217       0.227       0.285       0.352       0.365       0.384
    ASC5             0.220       0.243       0.254       0.312       0.381       0.396       0.422
    OSC1             0.193       0.210       0.219       0.272       0.330       0.339       0.362
    OSC2             0.189       0.206       0.215       0.260       0.314       0.324       0.348
    OSC3             0.189       0.207       0.217       0.270       0.329       0.341       0.363
    OSC4             0.196       0.214       0.223       0.269       0.326       0.337       0.359
    OSC5             0.185       0.206       0.216       0.271       0.330       0.342       0.365
    OSC6             0.206       0.225       0.236       0.290       0.359       0.373       0.408
    RD1              0.193       0.214       0.224       0.280       0.348       0.360       0.388
    RD2              0.125       0.139       0.146       0.187       0.236       0.245       0.266
    RD3              0.171       0.189       0.198       0.248       0.305       0.317       0.334
    RD4              0.154       0.170       0.178       0.221       0.271       0.279       0.296
    RD5              0.148       0.162       0.171       0.218       0.273       0.286       0.309
    POS1             0.195       0.215       0.228       0.287       0.357       0.369       0.395
    POS2             0.146       0.162       0.171       0.217       0.267       0.276       0.298
    POS3             0.150       0.164       0.172       0.216       0.268       0.279       0.298
    POS4             0.192       0.214       0.224       0.287       0.358       0.371       0.399
    POS5             0.154       0.168       0.176       0.220       0.272       0.284       0.303
    LS1              0.309       0.333       0.346       0.419       0.505       0.521       0.557
    LS2              0.334       0.356       0.369       0.436       0.503       0.518       0.549
    LS3              0.427       0.464       0.478       0.563       0.646       0.665       0.692
    LS4              0.356       0.379       0.391       0.460       0.531       0.544       0.570
    LS5              0.387       0.414       0.429       0.494       0.566       0.582       0.611
    ASC             -0.046      -0.029      -0.023       0.013       0.050       0.058       0.075
    OSC             -0.069      -0.051      -0.044      -0.006       0.031       0.038       0.054
    RD               0.550       0.598       0.622       0.734       0.832       0.848       0.879
    POS              0.536       0.577       0.600       0.711       0.808       0.824       0.856
    LS              -0.083      -0.065      -0.056      -0.008       0.047       0.056       0.075


     Beginning Time:  13:52:43
        Ending Time:  13:53:29
       Elapsed Time:  00:00:46



MUTHEN & MUTHEN
3463 Stoner Ave.
Los Angeles, CA  90066

Tel: (310) 391-9971
Fax: (310) 391-8971
Web: www.StatModel.com
Support: Support@StatModel.com

Copyright (c) 1998-2019 Muthen & Muthen
