Mplus VERSION 8.3
MUTHEN & MUTHEN
03/19/2023   3:32 PM

INPUT INSTRUCTIONS

  TITLE:

      Moderator is USC DSC;

  DATA:
  FILE = "./OUTPUT/Mplus/SEM.mod.USC_DSC_9b00c9913ee444a01c46afb7c6cdf4ea.dat";

  VARIABLE:
  NAMES = ASC1 ASC2 ASC3 ASC4 ASC5 OSC1 OSC2 OSC3 OSC4 OSC5 OSC6 RD1 RD2 RD3 RD4 RD5
       POS1 POS2 POS3 POS4 POS5 LS1 LS2 LS3 LS4 LS5 USC DSC;
   MISSING=.;

  ANALYSIS:

      TYPE =general RANDOM;
      estimator=MLR;
      ALGORITHM=INTEGRATION;
      convergence=0.01;

  MODEL:

      ASC by ASC1-ASC5;
      OSC by OSC1-OSC6;
      SCO by ASC@0.8 OSC@0.8;

      USC@1;
      DSC@1;
      SCOU | SCO XWITH USC;
      SCOD | SCO XWITH DSC;

      RD by RD1-RD5;
      POS by POS1-POS5;

      LS by LS1-LS5;

      RD on SCO(a1)
            USC
            SCOU(w1);
      POS on SCO(a2)
             DSC
             SCOD(w2);
      LS on SCO(c)
            RD(b1)
            POS(b2);

  MODEL CONSTRAINT:

     NEW(L_UDSC M_UDSC H_UDSC
        IE_L_RD IE_M_RD IE_H_RD
        IE_L_POS IE_M_POS IE_H_POS

        DIF_LM_RD DIF_LH_RD DIF_MH_RD
        DIF_LM_POS DIF_LH_POS DIF_MH_POS
        );

      L_UDSC = -1;
      M_UDSC = 0;
      H_UDSC = 1;

      IE_L_RD = (a1+w1*L_UDSC)*b1;
      IE_M_RD = (a1+w1*M_UDSC)*b1;
      IE_H_RD = (a1+w1*H_UDSC)*b1;

      IE_L_POS = (a2+w2*L_UDSC)*b2;
      IE_M_POS = (a2+w2*M_UDSC)*b2;
      IE_H_POS = (a2+w2*H_UDSC)*b2;

      DIF_LM_RD = IE_L_RD - IE_M_RD;
      DIF_LH_RD = IE_L_RD - IE_H_RD;
      DIF_MH_RD = IE_M_RD - IE_H_RD;

      DIF_LM_POS = IE_L_POS - IE_M_POS;
      DIF_LH_POS = IE_L_POS - IE_H_POS;
      DIF_MH_POS = IE_M_POS - IE_H_POS;

      PLOT(P_L_RD P_M_RD P_H_RD
           P_L_POS P_M_POS P_H_POS);
      LOOP(XVAL,1,7,0.1);
      P_L_RD = IE_L_RD*XVAL;
      P_M_RD = IE_M_RD*XVAL;
      P_H_RD = IE_H_RD*XVAL;

      P_L_POS = IE_L_POS*XVAL;
      P_M_POS = IE_M_POS*XVAL;
      P_H_POS = IE_H_POS*XVAL;

  OUTPUT:

      cint;
      STDYX
  PLOT:

      TYPE = plot2;




INPUT READING TERMINATED NORMALLY





Moderator is USC DSC;

SUMMARY OF ANALYSIS

Number of groups                                                 1
Number of observations                                         400

Number of dependent variables                                   26
Number of independent variables                                  2
Number of continuous latent variables                            8

Observed dependent variables

  Continuous
   ASC1        ASC2        ASC3        ASC4        ASC5        OSC1
   OSC2        OSC3        OSC4        OSC5        OSC6        RD1
   RD2         RD3         RD4         RD5         POS1        POS2
   POS3        POS4        POS5        LS1         LS2         LS3
   LS4         LS5

Observed independent variables
   USC         DSC

Continuous latent variables
   ASC         OSC         SCO         RD          POS         LS
   SCOU        SCOD


Estimator                                                      MLR
Information matrix                                        OBSERVED
Optimization Specifications for the Quasi-Newton Algorithm for
Continuous Outcomes
  Maximum number of iterations                                 100
  Convergence criterion                                  0.100D-01
Optimization Specifications for the EM Algorithm
  Maximum number of iterations                                 500
  Convergence criteria
    Loglikelihood change                                 0.100D-02
    Relative loglikelihood change                        0.100D-05
    Derivative                                           0.100D-02
Optimization Specifications for the M step of the EM Algorithm for
Categorical Latent variables
  Number of M step iterations                                    1
  M step convergence criterion                           0.100D-02
  Basis for M step termination                           ITERATION
Optimization Specifications for the M step of the EM Algorithm for
Censored, Binary or Ordered Categorical (Ordinal), Unordered
Categorical (Nominal) and Count Outcomes
  Number of M step iterations                                    1
  M step convergence criterion                           0.100D-02
  Basis for M step termination                           ITERATION
  Maximum value for logit thresholds                            15
  Minimum value for logit thresholds                           -15
  Minimum expected cell size for chi-square              0.100D-01
Maximum number of iterations for H1                           2000
Convergence criterion for H1                             0.100D-03
Optimization algorithm                                         EMA
Integration Specifications
  Type                                                    STANDARD
  Number of integration points                                  15
  Dimensions of numerical integration                            1
  Adaptive quadrature                                           ON
Cholesky                                                       OFF

Input data file(s)
  ./OUTPUT/Mplus/SEM.mod.USC_DSC_9b00c9913ee444a01c46afb7c6cdf4ea.dat
Input data format  FREE


SUMMARY OF DATA

     Number of missing data patterns             1


COVARIANCE COVERAGE OF DATA

Minimum covariance coverage value   0.100


     PROPORTION OF DATA PRESENT FOR Y


           Covariance Coverage
              ASC1          ASC2          ASC3          ASC4          ASC5
              ________      ________      ________      ________      ________
 ASC1           1.000
 ASC2           1.000         1.000
 ASC3           1.000         1.000         1.000
 ASC4           1.000         1.000         1.000         1.000
 ASC5           1.000         1.000         1.000         1.000         1.000
 OSC1           1.000         1.000         1.000         1.000         1.000
 OSC2           1.000         1.000         1.000         1.000         1.000
 OSC3           1.000         1.000         1.000         1.000         1.000
 OSC4           1.000         1.000         1.000         1.000         1.000
 OSC5           1.000         1.000         1.000         1.000         1.000
 OSC6           1.000         1.000         1.000         1.000         1.000
 RD1            1.000         1.000         1.000         1.000         1.000
 RD2            1.000         1.000         1.000         1.000         1.000
 RD3            1.000         1.000         1.000         1.000         1.000
 RD4            1.000         1.000         1.000         1.000         1.000
 RD5            1.000         1.000         1.000         1.000         1.000
 POS1           1.000         1.000         1.000         1.000         1.000
 POS2           1.000         1.000         1.000         1.000         1.000
 POS3           1.000         1.000         1.000         1.000         1.000
 POS4           1.000         1.000         1.000         1.000         1.000
 POS5           1.000         1.000         1.000         1.000         1.000
 LS1            1.000         1.000         1.000         1.000         1.000
 LS2            1.000         1.000         1.000         1.000         1.000
 LS3            1.000         1.000         1.000         1.000         1.000
 LS4            1.000         1.000         1.000         1.000         1.000
 LS5            1.000         1.000         1.000         1.000         1.000
 USC            1.000         1.000         1.000         1.000         1.000
 DSC            1.000         1.000         1.000         1.000         1.000


           Covariance Coverage
              OSC1          OSC2          OSC3          OSC4          OSC5
              ________      ________      ________      ________      ________
 OSC1           1.000
 OSC2           1.000         1.000
 OSC3           1.000         1.000         1.000
 OSC4           1.000         1.000         1.000         1.000
 OSC5           1.000         1.000         1.000         1.000         1.000
 OSC6           1.000         1.000         1.000         1.000         1.000
 RD1            1.000         1.000         1.000         1.000         1.000
 RD2            1.000         1.000         1.000         1.000         1.000
 RD3            1.000         1.000         1.000         1.000         1.000
 RD4            1.000         1.000         1.000         1.000         1.000
 RD5            1.000         1.000         1.000         1.000         1.000
 POS1           1.000         1.000         1.000         1.000         1.000
 POS2           1.000         1.000         1.000         1.000         1.000
 POS3           1.000         1.000         1.000         1.000         1.000
 POS4           1.000         1.000         1.000         1.000         1.000
 POS5           1.000         1.000         1.000         1.000         1.000
 LS1            1.000         1.000         1.000         1.000         1.000
 LS2            1.000         1.000         1.000         1.000         1.000
 LS3            1.000         1.000         1.000         1.000         1.000
 LS4            1.000         1.000         1.000         1.000         1.000
 LS5            1.000         1.000         1.000         1.000         1.000
 USC            1.000         1.000         1.000         1.000         1.000
 DSC            1.000         1.000         1.000         1.000         1.000


           Covariance Coverage
              OSC6          RD1           RD2           RD3           RD4
              ________      ________      ________      ________      ________
 OSC6           1.000
 RD1            1.000         1.000
 RD2            1.000         1.000         1.000
 RD3            1.000         1.000         1.000         1.000
 RD4            1.000         1.000         1.000         1.000         1.000
 RD5            1.000         1.000         1.000         1.000         1.000
 POS1           1.000         1.000         1.000         1.000         1.000
 POS2           1.000         1.000         1.000         1.000         1.000
 POS3           1.000         1.000         1.000         1.000         1.000
 POS4           1.000         1.000         1.000         1.000         1.000
 POS5           1.000         1.000         1.000         1.000         1.000
 LS1            1.000         1.000         1.000         1.000         1.000
 LS2            1.000         1.000         1.000         1.000         1.000
 LS3            1.000         1.000         1.000         1.000         1.000
 LS4            1.000         1.000         1.000         1.000         1.000
 LS5            1.000         1.000         1.000         1.000         1.000
 USC            1.000         1.000         1.000         1.000         1.000
 DSC            1.000         1.000         1.000         1.000         1.000


           Covariance Coverage
              RD5           POS1          POS2          POS3          POS4
              ________      ________      ________      ________      ________
 RD5            1.000
 POS1           1.000         1.000
 POS2           1.000         1.000         1.000
 POS3           1.000         1.000         1.000         1.000
 POS4           1.000         1.000         1.000         1.000         1.000
 POS5           1.000         1.000         1.000         1.000         1.000
 LS1            1.000         1.000         1.000         1.000         1.000
 LS2            1.000         1.000         1.000         1.000         1.000
 LS3            1.000         1.000         1.000         1.000         1.000
 LS4            1.000         1.000         1.000         1.000         1.000
 LS5            1.000         1.000         1.000         1.000         1.000
 USC            1.000         1.000         1.000         1.000         1.000
 DSC            1.000         1.000         1.000         1.000         1.000


           Covariance Coverage
              POS5          LS1           LS2           LS3           LS4
              ________      ________      ________      ________      ________
 POS5           1.000
 LS1            1.000         1.000
 LS2            1.000         1.000         1.000
 LS3            1.000         1.000         1.000         1.000
 LS4            1.000         1.000         1.000         1.000         1.000
 LS5            1.000         1.000         1.000         1.000         1.000
 USC            1.000         1.000         1.000         1.000         1.000
 DSC            1.000         1.000         1.000         1.000         1.000


           Covariance Coverage
              LS5           USC           DSC
              ________      ________      ________
 LS5            1.000
 USC            1.000         1.000
 DSC            1.000         1.000         1.000



UNIVARIATE SAMPLE STATISTICS


     UNIVARIATE HIGHER-ORDER MOMENT DESCRIPTIVE STATISTICS

         Variable/         Mean/     Skewness/   Minimum/ % with                Percentiles
        Sample Size      Variance    Kurtosis    Maximum  Min/Max      20%/60%    40%/80%    Median

     ASC1                  4.380      -0.381       1.000    0.50%       3.000      4.000      5.000
             400.000       1.446      -0.558       7.000    0.75%       5.000      5.000
     ASC2                  4.360      -0.333       1.000    0.50%       3.000      4.000      5.000
             400.000       1.425      -0.556       7.000    1.00%       5.000      5.000
     ASC3                  4.385      -0.375       1.000    0.25%       3.000      4.000      5.000
             400.000       1.447      -0.634       7.000    0.75%       5.000      5.000
     ASC4                  4.447      -0.367       0.000    0.25%       3.000      4.000      5.000
             400.000       1.467      -0.263       8.000    0.25%       5.000      6.000
     ASC5                  4.423      -0.467       1.000    0.25%       3.000      4.000      5.000
             400.000       1.449      -0.566       7.000    0.50%       5.000      5.000
     OSC1                  4.430      -0.269       2.000    7.00%       3.000      4.000      5.000
             400.000       1.505      -0.736       7.000    1.75%       5.000      5.000
     OSC2                  4.375      -0.375       1.000    0.50%       3.000      4.000      5.000
             400.000       1.429      -0.584       7.000    0.50%       5.000      5.000
     OSC3                  4.425      -0.489       1.000    0.50%       3.000      4.000      5.000
             400.000       1.444      -0.441       7.000    1.00%       5.000      5.000
     OSC4                  4.372      -0.386       1.000    0.25%       3.000      4.000      5.000
             400.000       1.459      -0.605       7.000    1.00%       5.000      5.000
     OSC5                  4.388      -0.319       2.000    8.00%       3.000      4.000      5.000
             400.000       1.442      -0.627       7.000    1.25%       5.000      5.000
     OSC6                  4.435      -0.474       1.000    0.75%       3.000      4.000      5.000
             400.000       1.401      -0.365       7.000    0.75%       5.000      5.000
     RD1                   4.035       0.028       1.000    0.25%       3.000      4.000      4.000
             400.000       1.634      -0.945       7.000    1.00%       5.000      5.000
     RD2                   3.998       0.005       1.000    0.25%       3.000      4.000      4.000
             400.000       1.607      -0.962       7.000    0.50%       4.000      5.000
     RD3                   4.075      -0.063       1.000    0.25%       3.000      4.000      4.000
             400.000       1.524      -0.954       7.000    0.25%       5.000      5.000
     RD4                   4.075       0.022       2.000   10.50%       3.000      4.000      4.000
             400.000       1.544      -0.981       7.000    0.75%       5.000      5.000
     RD5                   3.980       0.053       1.000    0.75%       3.000      3.000      4.000
             400.000       1.585      -0.838       7.000    1.00%       4.000      5.000
     POS1                  4.045      -0.055       1.000    0.25%       3.000      4.000      4.000
             400.000       1.613      -0.972       7.000    0.75%       5.000      5.000
     POS2                  3.980       0.067       1.000    0.50%       3.000      3.000      4.000
             400.000       1.615      -0.905       7.000    0.75%       4.000      5.000
     POS3                  4.020      -0.001       1.000    0.25%       3.000      4.000      4.000
             400.000       1.605      -0.875       7.000    1.00%       4.000      5.000
     POS4                  4.010       0.018       1.000    0.75%       3.000      4.000      4.000
             400.000       1.625      -0.920       7.000    0.50%       4.000      5.000
     POS5                  3.978       0.105       1.000    0.50%       3.000      3.000      4.000
             400.000       1.542      -0.756       7.000    1.25%       4.000      5.000
     LS1                   4.018      -0.068       1.000    1.25%       3.000      4.000      4.000
             400.000       0.937       0.939       7.000    0.50%       4.000      5.000
     LS2                   3.990       0.050       1.000    0.25%       3.000      4.000      4.000
             400.000       1.010       0.227       7.000    0.50%       4.000      5.000
     LS3                   3.955      -0.050       1.000    0.75%       3.000      4.000      4.000
             400.000       1.048       0.285       7.000    0.25%       4.000      5.000
     LS4                   4.010      -0.078       1.000    0.50%       3.000      4.000      4.000
             400.000       1.025       0.263       7.000    0.25%       4.000      5.000
     LS5                   3.958       0.099       2.000    8.25%       3.000      4.000      4.000
             400.000       1.041      -0.065       7.000    0.50%       4.000      5.000
     USC                   3.982       0.017       1.000    0.25%       3.000      4.000      4.000
             400.000       1.477      -0.921       7.000    0.25%       4.000      5.000
     DSC                   3.975      -0.029       1.000    0.75%       3.000      3.000      4.000
             400.000       1.569      -0.979       6.000   12.25%       4.000      5.000


THE MODEL ESTIMATION TERMINATED NORMALLY

     WARNING:  THE LATENT VARIABLE COVARIANCE MATRIX (PSI) IS NOT POSITIVE
     DEFINITE.  THIS COULD INDICATE A NEGATIVE VARIANCE/RESIDUAL VARIANCE FOR A
     LATENT VARIABLE, A CORRELATION GREATER OR EQUAL TO ONE BETWEEN TWO LATENT
     VARIABLES, OR A LINEAR DEPENDENCY AMONG MORE THAN TWO LATENT VARIABLES.
     CHECK THE TECH4 OUTPUT FOR MORE INFORMATION.



MODEL FIT INFORMATION

Number of Free Parameters                       93

Loglikelihood

          H0 Value                      -12367.803
          H0 Scaling Correction Factor      1.4869
            for MLR

Information Criteria

          Akaike (AIC)                   24921.606
          Bayesian (BIC)                 25292.812
          Sample-Size Adjusted BIC       24997.717
            (n* = (n + 2) / 24)



MODEL RESULTS

                                                    Two-Tailed
                    Estimate       S.E.  Est./S.E.    P-Value

 ASC      BY
    ASC1               1.000      0.000    999.000    999.000
    ASC2               1.019      0.031     33.371      0.000
    ASC3               0.996      0.027     36.260      0.000
    ASC4               0.995      0.027     37.525      0.000
    ASC5               0.971      0.026     37.800      0.000

 OSC      BY
    OSC1               1.000      0.000    999.000    999.000
    OSC2               0.978      0.029     33.569      0.000
    OSC3               0.976      0.029     33.178      0.000
    OSC4               0.981      0.027     35.963      0.000
    OSC5               0.975      0.026     38.101      0.000
    OSC6               0.948      0.028     34.129      0.000

 RD       BY
    RD1                1.000      0.000    999.000    999.000
    RD2                1.042      0.025     41.630      0.000
    RD3                0.982      0.024     40.505      0.000
    RD4                0.997      0.023     42.469      0.000
    RD5                1.016      0.023     44.741      0.000

 POS      BY
    POS1               1.000      0.000    999.000    999.000
    POS2               1.059      0.025     41.519      0.000
    POS3               1.048      0.027     39.191      0.000
    POS4               1.013      0.026     38.783      0.000
    POS5               1.040      0.030     34.933      0.000

 LS       BY
    LS1                1.000      0.000    999.000    999.000
    LS2                1.024      0.040     25.831      0.000
    LS3                0.956      0.037     25.991      0.000
    LS4                1.013      0.038     26.503      0.000
    LS5                0.994      0.034     29.332      0.000

 SCO      BY
    ASC                0.800      0.000    999.000    999.000
    OSC                0.800      0.000    999.000    999.000

 RD         ON
    SCO               -0.244      0.061     -3.996      0.000
    SCOU               0.103      0.016      6.361      0.000

 POS        ON
    SCO               -0.275      0.071     -3.853      0.000
    SCOD               0.123      0.017      7.023      0.000

 LS         ON
    SCO                0.001      0.018      0.063      0.950
    RD                -0.518      0.021    -24.588      0.000
    POS                0.519      0.023     22.321      0.000

 RD         ON
    USC                0.679      0.037     18.159      0.000

 POS        ON
    DSC                0.595      0.040     15.039      0.000

 USC      WITH
    SCO                0.525      0.061      8.638      0.000

 DSC      WITH
    SCO                0.493      0.057      8.591      0.000

 DSC      WITH
    USC                0.000      0.048     -0.004      0.997

 Means
    USC                3.984      0.061     65.520      0.000
    DSC                3.976      0.063     63.453      0.000

 Intercepts
    ASC1               4.382      0.060     72.935      0.000
    ASC2               4.362      0.060     73.112      0.000
    ASC3               4.387      0.060     72.995      0.000
    ASC4               4.450      0.061     73.516      0.000
    ASC5               4.425      0.060     73.564      0.000
    OSC1               4.432      0.061     72.282      0.000
    OSC2               4.377      0.060     73.268      0.000
    OSC3               4.427      0.060     73.727      0.000
    OSC4               4.375      0.060     72.477      0.000
    OSC5               4.390      0.060     73.142      0.000
    OSC6               4.437      0.059     75.032      0.000
    RD1                1.253      0.150      8.368      0.000
    RD2                1.099      0.147      7.473      0.000
    RD3                1.344      0.158      8.504      0.000
    RD4                1.302      0.150      8.670      0.000
    RD5                1.153      0.147      7.815      0.000
    POS1               1.584      0.170      9.303      0.000
    POS2               1.375      0.158      8.685      0.000
    POS3               1.440      0.160      8.975      0.000
    POS4               1.516      0.156      9.691      0.000
    POS5               1.418      0.153      9.251      0.000
    LS1                4.181      0.118     35.358      0.000
    LS2                4.157      0.120     34.727      0.000
    LS3                4.111      0.117     35.192      0.000
    LS4                4.175      0.120     34.801      0.000
    LS5                4.120      0.116     35.444      0.000

 Variances
    USC                1.000      0.000    999.000    999.000
    DSC                1.000      0.000    999.000    999.000
    SCO                1.415      0.075     18.874      0.000

 Residual Variances
    ASC1               0.387      0.052      7.433      0.000
    ASC2               0.328      0.043      7.662      0.000
    ASC3               0.399      0.058      6.898      0.000
    ASC4               0.420      0.067      6.281      0.000
    ASC5               0.453      0.061      7.477      0.000
    OSC1               0.401      0.052      7.710      0.000
    OSC2               0.371      0.045      8.321      0.000
    OSC3               0.390      0.053      7.367      0.000
    OSC4               0.393      0.048      8.264      0.000
    OSC5               0.391      0.055      7.108      0.000
    OSC6               0.406      0.055      7.340      0.000
    RD1                0.440      0.064      6.900      0.000
    RD2                0.311      0.043      7.193      0.000
    RD3                0.373      0.049      7.658      0.000
    RD4                0.358      0.045      7.885      0.000
    RD5                0.351      0.048      7.324      0.000
    POS1               0.487      0.071      6.871      0.000
    POS2               0.353      0.046      7.613      0.000
    POS3               0.368      0.049      7.480      0.000
    POS4               0.469      0.071      6.567      0.000
    POS5               0.324      0.039      8.408      0.000
    LS1                0.335      0.048      6.921      0.000
    LS2                0.378      0.046      8.184      0.000
    LS3                0.497      0.066      7.581      0.000
    LS4                0.407      0.048      8.406      0.000
    LS5                0.446      0.052      8.592      0.000
    ASC               -0.022      0.026     -0.847      0.397
    OSC                0.028      0.027      1.054      0.292
    RD                 0.200      0.024      8.496      0.000
    POS                0.209      0.025      8.315      0.000
    LS                -0.011      0.013     -0.899      0.368

New/Additional Parameters
    L_UDSC            -1.000      0.000  *********      0.000
    M_UDSC             0.000      0.000      0.000      1.000
    H_UDSC             1.000      0.000  *********      0.000
    IE_L_RD            0.179      0.040      4.483      0.000
    IE_M_RD            0.126      0.032      3.945      0.000
    IE_H_RD            0.073      0.024      2.995      0.003
    IE_L_POS          -0.207      0.046     -4.484      0.000
    IE_M_POS          -0.143      0.037     -3.826      0.000
    IE_H_POS          -0.079      0.029     -2.733      0.006
    DIF_LM_R           0.053      0.009      6.165      0.000
    DIF_LH_R           0.106      0.017      6.165      0.000
    DIF_MH_R           0.053      0.009      6.165      0.000
    DIF_LM_P          -0.064      0.009     -6.856      0.000
    DIF_LH_P          -0.127      0.019     -6.856      0.000
    DIF_MH_P          -0.064      0.009     -6.856      0.000


STANDARDIZED MODEL RESULTS


STDYX Standardization

                                                    Two-Tailed
                    Estimate       S.E.  Est./S.E.    P-Value

 ASC      BY
    ASC1               0.834      0.020     41.915      0.000
    ASC2               0.858      0.017     49.131      0.000
    ASC3               0.829      0.023     36.191      0.000
    ASC4               0.822      0.024     34.808      0.000
    ASC5               0.805      0.024     34.144      0.000

 OSC      BY
    OSC1               0.837      0.019     43.524      0.000
    OSC2               0.841      0.018     47.209      0.000
    OSC3               0.834      0.021     39.768      0.000
    OSC4               0.834      0.019     44.620      0.000
    OSC5               0.833      0.021     39.283      0.000
    OSC6               0.821      0.023     36.358      0.000

 RD       BY
    RD1                0.809      0.024     33.673      0.000
    RD2                0.863      0.017     49.473      0.000
    RD3                0.826      0.021     39.320      0.000
    RD4                0.836      0.019     43.820      0.000
    RD5                0.843      0.020     41.800      0.000

 POS      BY
    POS1               0.784      0.028     27.802      0.000
    POS2               0.844      0.019     44.153      0.000
    POS3               0.836      0.020     41.491      0.000
    POS4               0.794      0.027     29.517      0.000
    POS5               0.850      0.017     49.948      0.000

 LS       BY
    LS1                0.703      0.034     20.826      0.000
    LS2                0.689      0.029     24.062      0.000
    LS3                0.613      0.036     16.857      0.000
    LS4                0.672      0.031     21.964      0.000
    LS5                0.648      0.031     20.851      0.000

 SCO      BY
    ASC                1.012      0.015     69.150      0.000
    OSC                0.985      0.014     69.111      0.000

 RD         ON
    SCO               -0.318      0.081     -3.944      0.000
    SCOU               0.134      0.021      6.253      0.000

 POS        ON
    SCO               -0.371      0.099     -3.767      0.000
    SCOD               0.166      0.024      6.771      0.000

 LS         ON
    SCO                0.002      0.038      0.063      0.950
    RD                -0.827      0.040    -20.897      0.000
    POS                0.801      0.036     22.127      0.000

 RD         ON
    USC                0.743      0.034     21.586      0.000

 POS        ON
    DSC                0.675      0.037     18.248      0.000

 USC      WITH
    SCO                0.441      0.050      8.848      0.000

 DSC      WITH
    SCO                0.414      0.047      8.852      0.000

 DSC      WITH
    USC                0.000      0.048     -0.004      0.997

 Means
    USC                3.984      0.061     65.520      0.000
    DSC                3.976      0.063     63.453      0.000

 Intercepts
    ASC1               3.887      0.133     29.275      0.000
    ASC2               3.908      0.127     30.672      0.000
    ASC3               3.885      0.126     30.846      0.000
    ASC4               3.908      0.142     27.487      0.000
    ASC5               3.901      0.133     29.290      0.000
    OSC1               3.837      0.114     33.803      0.000
    OSC2               3.893      0.124     31.393      0.000
    OSC3               3.913      0.132     29.655      0.000
    OSC4               3.848      0.126     30.486      0.000
    OSC5               3.883      0.124     31.270      0.000
    OSC6               3.976      0.138     28.763      0.000
    RD1                1.110      0.135      8.206      0.000
    RD2                0.996      0.142      7.019      0.000
    RD3                1.239      0.152      8.173      0.000
    RD4                1.195      0.146      8.188      0.000
    RD5                1.047      0.142      7.347      0.000
    POS1               1.408      0.154      9.148      0.000
    POS2               1.242      0.153      8.112      0.000
    POS3               1.303      0.155      8.424      0.000
    POS4               1.347      0.144      9.330      0.000
    POS5               1.313      0.152      8.617      0.000
    LS1                5.139      0.247     20.809      0.000
    LS2                4.895      0.228     21.493      0.000
    LS3                4.608      0.223     20.650      0.000
    LS4                4.845      0.213     22.697      0.000
    LS5                4.699      0.206     22.824      0.000

 Variances
    USC                1.000      0.000    999.000    999.000
    DSC                1.000      0.000    999.000    999.000
    SCO                1.000      0.000    999.000    999.000

 Residual Variances
    ASC1               0.305      0.033      9.178      0.000
    ASC2               0.263      0.030      8.774      0.000
    ASC3               0.313      0.038      8.239      0.000
    ASC4               0.324      0.039      8.354      0.000
    ASC5               0.352      0.038      9.287      0.000
    OSC1               0.300      0.032      9.334      0.000
    OSC2               0.293      0.030      9.787      0.000
    OSC3               0.305      0.035      8.722      0.000
    OSC4               0.304      0.031      9.762      0.000
    OSC5               0.306      0.035      8.654      0.000
    OSC6               0.326      0.037      8.800      0.000
    RD1                0.345      0.039      8.878      0.000
    RD2                0.255      0.030      8.480      0.000
    RD3                0.317      0.035      9.132      0.000
    RD4                0.301      0.032      9.449      0.000
    RD5                0.289      0.034      8.514      0.000
    POS1               0.385      0.044      8.700      0.000
    POS2               0.288      0.032      8.932      0.000
    POS3               0.301      0.034      8.924      0.000
    POS4               0.370      0.043      8.665      0.000
    POS5               0.278      0.029      9.610      0.000
    LS1                0.506      0.047     10.659      0.000
    LS2                0.525      0.040     13.276      0.000
    LS3                0.624      0.045     13.999      0.000
    LS4                0.548      0.041     13.337      0.000
    LS5                0.580      0.040     14.394      0.000
    ASC               -0.024    999.000    999.000    999.000
    OSC                0.030      0.028      1.084      0.278
    RD                 0.240      0.029      8.313      0.000
    POS                0.269      0.030      8.862      0.000
    LS                -0.035    999.000    999.000    999.000


R-SQUARE

    Observed                                        Two-Tailed
    Variable        Estimate       S.E.  Est./S.E.    P-Value

    ASC1               0.695      0.033     20.957      0.000
    ASC2               0.737      0.030     24.565      0.000
    ASC3               0.687      0.038     18.096      0.000
    ASC4               0.676      0.039     17.404      0.000
    ASC5               0.648      0.038     17.072      0.000
    OSC1               0.700      0.032     21.762      0.000
    OSC2               0.707      0.030     23.605      0.000
    OSC3               0.695      0.035     19.884      0.000
    OSC4               0.696      0.031     22.310      0.000
    OSC5               0.694      0.035     19.642      0.000
    OSC6               0.674      0.037     18.179      0.000
    RD1                0.655      0.039     16.836      0.000
    RD2                0.745      0.030     24.736      0.000
    RD3                0.683      0.035     19.660      0.000
    RD4                0.699      0.032     21.910      0.000
    RD5                0.711      0.034     20.900      0.000
    POS1               0.615      0.044     13.901      0.000
    POS2               0.712      0.032     22.077      0.000
    POS3               0.699      0.034     20.746      0.000
    POS4               0.630      0.043     14.759      0.000
    POS5               0.722      0.029     24.974      0.000
    LS1                0.494      0.047     10.413      0.000
    LS2                0.475      0.040     12.031      0.000
    LS3                0.376      0.045      8.429      0.000
    LS4                0.452      0.041     10.982      0.000
    LS5                0.420      0.040     10.425      0.000

     Latent                                         Two-Tailed
    Variable        Estimate       S.E.  Est./S.E.    P-Value

    ASC             Undefined   0.10244E+01
    OSC                0.970      0.028     34.555      0.000
    RD                 0.760      0.029     26.368      0.000
    POS                0.731      0.030     24.054      0.000
    LS              Undefined   0.10346E+01


QUALITY OF NUMERICAL RESULTS

     Condition Number for the Information Matrix              0.264E-07
       (ratio of smallest to largest eigenvalue)


CONFIDENCE INTERVALS OF MODEL RESULTS

                  Lower .5%  Lower 2.5%    Lower 5%    Estimate    Upper 5%  Upper 2.5%   Upper .5%

 ASC      BY
    ASC1             1.000       1.000       1.000       1.000       1.000       1.000       1.000
    ASC2             0.941       0.959       0.969       1.019       1.069       1.079       1.098
    ASC3             0.925       0.942       0.951       0.996       1.041       1.050       1.067
    ASC4             0.927       0.943       0.952       0.995       1.039       1.047       1.064
    ASC5             0.905       0.920       0.929       0.971       1.013       1.021       1.037

 OSC      BY
    OSC1             1.000       1.000       1.000       1.000       1.000       1.000       1.000
    OSC2             0.903       0.921       0.930       0.978       1.026       1.035       1.053
    OSC3             0.900       0.918       0.928       0.976       1.024       1.034       1.052
    OSC4             0.911       0.928       0.936       0.981       1.026       1.035       1.051
    OSC5             0.909       0.925       0.933       0.975       1.017       1.025       1.041
    OSC6             0.876       0.894       0.902       0.948       0.994       1.002       1.020

 RD       BY
    RD1              1.000       1.000       1.000       1.000       1.000       1.000       1.000
    RD2              0.978       0.993       1.001       1.042       1.083       1.091       1.107
    RD3              0.919       0.934       0.942       0.982       1.022       1.029       1.044
    RD4              0.937       0.951       0.958       0.997       1.036       1.043       1.057
    RD5              0.958       0.972       0.979       1.016       1.054       1.061       1.075

 POS      BY
    POS1             1.000       1.000       1.000       1.000       1.000       1.000       1.000
    POS2             0.993       1.009       1.017       1.059       1.100       1.109       1.124
    POS3             0.979       0.996       1.004       1.048       1.092       1.100       1.117
    POS4             0.946       0.962       0.970       1.013       1.056       1.064       1.080
    POS5             0.963       0.982       0.991       1.040       1.089       1.098       1.117

 LS       BY
    LS1              1.000       1.000       1.000       1.000       1.000       1.000       1.000
    LS2              0.922       0.946       0.959       1.024       1.089       1.102       1.126
    LS3              0.862       0.884       0.896       0.956       1.017       1.029       1.051
    LS4              0.914       0.938       0.950       1.013       1.075       1.087       1.111
    LS5              0.906       0.927       0.938       0.994       1.049       1.060       1.081

 SCO      BY
    ASC              0.800       0.800       0.800       0.800       0.800       0.800       0.800
    OSC              0.800       0.800       0.800       0.800       0.800       0.800       0.800

 RD       ON
    SCO             -0.401      -0.364      -0.344      -0.244      -0.143      -0.124      -0.087
    SCOU             0.061       0.071       0.076       0.103       0.129       0.134       0.144

 POS      ON
    SCO             -0.460      -0.415      -0.393      -0.275      -0.158      -0.135      -0.091
    SCOD             0.078       0.088       0.094       0.123       0.152       0.157       0.168

 LS       ON
    SCO             -0.046      -0.035      -0.029       0.001       0.031       0.037       0.048
    RD              -0.572      -0.559      -0.553      -0.518      -0.483      -0.477      -0.464
    POS              0.459       0.474       0.481       0.519       0.557       0.565       0.579

 RD       ON
    USC              0.582       0.605       0.617       0.679       0.740       0.752       0.775

 POS      ON
    DSC              0.493       0.518       0.530       0.595       0.661       0.673       0.697

 USC      WITH
    SCO              0.368       0.406       0.425       0.525       0.625       0.644       0.681

 DSC      WITH
    SCO              0.345       0.381       0.399       0.493       0.587       0.605       0.641

 DSC      WITH
    USC             -0.125      -0.095      -0.080       0.000       0.079       0.095       0.125

 Means
    USC              3.827       3.864       3.884       3.984       4.084       4.103       4.140
    DSC              3.815       3.853       3.873       3.976       4.079       4.099       4.137

 Intercepts
    ASC1             4.228       4.265       4.284       4.382       4.481       4.500       4.537
    ASC2             4.209       4.245       4.264       4.362       4.461       4.479       4.516
    ASC3             4.233       4.270       4.288       4.387       4.486       4.505       4.542
    ASC4             4.294       4.331       4.350       4.450       4.549       4.568       4.606
    ASC5             4.270       4.307       4.326       4.425       4.524       4.543       4.580
    OSC1             4.274       4.312       4.331       4.432       4.533       4.553       4.590
    OSC2             4.223       4.260       4.279       4.377       4.476       4.494       4.531
    OSC3             4.273       4.310       4.329       4.427       4.526       4.545       4.582
    OSC4             4.219       4.256       4.276       4.375       4.474       4.493       4.530
    OSC5             4.235       4.272       4.291       4.390       4.489       4.507       4.544
    OSC6             4.285       4.321       4.340       4.437       4.535       4.553       4.590
    RD1              0.868       0.960       1.007       1.253       1.500       1.547       1.639
    RD2              0.720       0.810       0.857       1.099       1.340       1.387       1.477
    RD3              0.937       1.034       1.084       1.344       1.604       1.654       1.751
    RD4              0.915       1.007       1.055       1.302       1.549       1.596       1.688
    RD5              0.773       0.864       0.910       1.153       1.395       1.442       1.532
    POS1             1.145       1.250       1.304       1.584       1.864       1.917       2.022
    POS2             0.967       1.064       1.114       1.375       1.635       1.685       1.782
    POS3             1.027       1.126       1.176       1.440       1.704       1.755       1.854
    POS4             1.113       1.210       1.259       1.516       1.774       1.823       1.919
    POS5             1.023       1.117       1.166       1.418       1.670       1.718       1.812
    LS1              3.876       3.949       3.986       4.181       4.375       4.412       4.485
    LS2              3.849       3.922       3.960       4.157       4.354       4.392       4.465
    LS3              3.810       3.882       3.919       4.111       4.303       4.340       4.412
    LS4              3.866       3.940       3.978       4.175       4.372       4.410       4.484
    LS5              3.820       3.892       3.928       4.120       4.311       4.347       4.419

 Variances
    USC              1.000       1.000       1.000       1.000       1.000       1.000       1.000
    DSC              1.000       1.000       1.000       1.000       1.000       1.000       1.000
    SCO              1.222       1.268       1.292       1.415       1.538       1.562       1.608

 Residual Variances
    ASC1             0.253       0.285       0.301       0.387       0.473       0.489       0.521
    ASC2             0.218       0.244       0.258       0.328       0.398       0.412       0.438
    ASC3             0.250       0.286       0.304       0.399       0.494       0.512       0.548
    ASC4             0.248       0.289       0.310       0.420       0.530       0.552       0.593
    ASC5             0.297       0.334       0.353       0.453       0.553       0.572       0.609
    OSC1             0.267       0.299       0.315       0.401       0.486       0.502       0.534
    OSC2             0.256       0.283       0.297       0.371       0.444       0.458       0.485
    OSC3             0.254       0.286       0.303       0.390       0.477       0.494       0.527
    OSC4             0.271       0.300       0.315       0.393       0.472       0.487       0.516
    OSC5             0.249       0.283       0.301       0.391       0.481       0.499       0.533
    OSC6             0.264       0.298       0.315       0.406       0.497       0.515       0.549
    RD1              0.276       0.315       0.335       0.440       0.545       0.565       0.604
    RD2              0.199       0.226       0.240       0.311       0.382       0.395       0.422
    RD3              0.248       0.278       0.293       0.373       0.454       0.469       0.499
    RD4              0.241       0.269       0.283       0.358       0.432       0.447       0.474
    RD5              0.228       0.257       0.272       0.351       0.430       0.445       0.475
    POS1             0.304       0.348       0.370       0.487       0.603       0.626       0.669
    POS2             0.233       0.262       0.276       0.353       0.429       0.443       0.472
    POS3             0.241       0.271       0.287       0.368       0.448       0.464       0.494
    POS4             0.285       0.329       0.351       0.469       0.586       0.609       0.653
    POS5             0.225       0.248       0.260       0.324       0.387       0.399       0.423
    LS1              0.210       0.240       0.255       0.335       0.414       0.430       0.459
    LS2              0.259       0.288       0.302       0.378       0.454       0.469       0.497
    LS3              0.328       0.368       0.389       0.497       0.605       0.625       0.666
    LS4              0.282       0.312       0.328       0.407       0.487       0.502       0.532
    LS5              0.312       0.344       0.360       0.446       0.531       0.548       0.579
    ASC             -0.087      -0.072      -0.064      -0.022       0.020       0.028       0.044
    OSC             -0.041      -0.024      -0.016       0.028       0.073       0.081       0.098
    RD               0.139       0.154       0.161       0.200       0.239       0.246       0.261
    POS              0.145       0.160       0.168       0.209       0.251       0.259       0.274
    LS              -0.044      -0.036      -0.032      -0.011       0.009       0.013       0.021

New/Additional Parameters
    L_UDSC          -1.000      -1.000      -1.000      -1.000      -1.000      -1.000      -1.000
    M_UDSC           0.000       0.000       0.000       0.000       0.000       0.000       0.000
    H_UDSC           1.000       1.000       1.000       1.000       1.000       1.000       1.000
    IE_L_RD          0.076       0.101       0.114       0.179       0.245       0.258       0.283
    IE_M_RD          0.044       0.064       0.074       0.126       0.179       0.189       0.209
    IE_H_RD          0.010       0.025       0.033       0.073       0.113       0.121       0.136
    IE_L_POS        -0.325      -0.297      -0.283      -0.207      -0.131      -0.116      -0.088
    IE_M_POS        -0.239      -0.216      -0.204      -0.143      -0.082      -0.070      -0.047
    IE_H_POS        -0.154      -0.136      -0.127      -0.079      -0.032      -0.022      -0.005
    DIF_LM_R         0.031       0.036       0.039       0.053       0.067       0.070       0.075
    DIF_LH_R         0.062       0.073       0.078       0.106       0.135       0.140       0.151
    DIF_MH_R         0.031       0.036       0.039       0.053       0.067       0.070       0.075
    DIF_LM_P        -0.088      -0.082      -0.079      -0.064      -0.048      -0.046      -0.040
    DIF_LH_P        -0.175      -0.164      -0.158      -0.127      -0.097      -0.091      -0.080
    DIF_MH_P        -0.088      -0.082      -0.079      -0.064      -0.048      -0.046      -0.040


CONFIDENCE INTERVALS OF STANDARDIZED MODEL RESULTS


STDYX Standardization

                  Lower .5%  Lower 2.5%    Lower 5%    Estimate    Upper 5%  Upper 2.5%   Upper .5%

 ASC      BY
    ASC1             0.783       0.795       0.801       0.834       0.867       0.873       0.885
    ASC2             0.813       0.824       0.830       0.858       0.887       0.893       0.903
    ASC3             0.770       0.784       0.791       0.829       0.867       0.874       0.888
    ASC4             0.761       0.776       0.783       0.822       0.861       0.868       0.883
    ASC5             0.744       0.759       0.766       0.805       0.844       0.851       0.865

 OSC      BY
    OSC1             0.787       0.799       0.805       0.837       0.868       0.874       0.886
    OSC2             0.795       0.806       0.811       0.841       0.870       0.876       0.887
    OSC3             0.780       0.793       0.799       0.834       0.868       0.875       0.888
    OSC4             0.786       0.797       0.803       0.834       0.865       0.871       0.882
    OSC5             0.779       0.792       0.798       0.833       0.868       0.875       0.888
    OSC6             0.763       0.777       0.784       0.821       0.858       0.865       0.879

 RD       BY
    RD1              0.747       0.762       0.770       0.809       0.849       0.856       0.871
    RD2              0.818       0.829       0.834       0.863       0.892       0.897       0.908
    RD3              0.772       0.785       0.792       0.826       0.861       0.868       0.880
    RD4              0.787       0.798       0.804       0.836       0.867       0.873       0.885
    RD5              0.791       0.803       0.810       0.843       0.876       0.882       0.895

 POS      BY
    POS1             0.712       0.729       0.738       0.784       0.831       0.840       0.857
    POS2             0.795       0.806       0.812       0.844       0.875       0.881       0.893
    POS3             0.784       0.797       0.803       0.836       0.869       0.876       0.888
    POS4             0.724       0.741       0.750       0.794       0.838       0.846       0.863
    POS5             0.806       0.816       0.822       0.850       0.878       0.883       0.894

 LS       BY
    LS1              0.616       0.637       0.647       0.703       0.758       0.769       0.790
    LS2              0.616       0.633       0.642       0.689       0.737       0.746       0.763
    LS3              0.519       0.542       0.553       0.613       0.673       0.684       0.707
    LS4              0.593       0.612       0.622       0.672       0.722       0.732       0.751
    LS5              0.568       0.587       0.597       0.648       0.699       0.709       0.728

 SCO      BY
    ASC              0.974       0.983       0.988       1.012       1.036       1.041       1.050
    OSC              0.948       0.957       0.961       0.985       1.008       1.013       1.021

 RD       ON
    SCO             -0.525      -0.475      -0.450      -0.318      -0.185      -0.160      -0.110
    SCOU             0.079       0.092       0.098       0.134       0.169       0.176       0.189

 POS      ON
    SCO             -0.625      -0.565      -0.534      -0.371      -0.209      -0.178      -0.117
    SCOD             0.103       0.118       0.125       0.166       0.206       0.213       0.229

 LS       ON
    SCO             -0.096      -0.072      -0.060       0.002       0.065       0.077       0.101
    RD              -0.929      -0.905      -0.892      -0.827      -0.762      -0.750      -0.725
    POS              0.707       0.730       0.741       0.801       0.860       0.872       0.894

 RD       ON
    USC              0.654       0.676       0.686       0.743       0.800       0.810       0.832

 POS      ON
    DSC              0.580       0.603       0.614       0.675       0.736       0.748       0.770

 USC      WITH
    SCO              0.313       0.344       0.359       0.441       0.523       0.539       0.570

 DSC      WITH
    SCO              0.294       0.323       0.337       0.414       0.491       0.506       0.535

 DSC      WITH
    USC             -0.125      -0.095      -0.080       0.000       0.079       0.095       0.125

 Means
    USC              3.827       3.864       3.884       3.984       4.084       4.103       4.140
    DSC              3.815       3.853       3.873       3.976       4.079       4.099       4.137

 Intercepts
    ASC1             3.545       3.627       3.669       3.887       4.105       4.147       4.229
    ASC2             3.580       3.658       3.698       3.908       4.118       4.158       4.236
    ASC3             3.560       3.638       3.677       3.885       4.092       4.131       4.209
    ASC4             3.542       3.630       3.675       3.908       4.142       4.187       4.275
    ASC5             3.558       3.640       3.682       3.901       4.120       4.162       4.244
    OSC1             3.544       3.614       3.650       3.837       4.023       4.059       4.129
    OSC2             3.574       3.650       3.689       3.893       4.097       4.136       4.212
    OSC3             3.573       3.655       3.696       3.913       4.130       4.172       4.253
    OSC4             3.523       3.601       3.640       3.848       4.056       4.095       4.173
    OSC5             3.563       3.639       3.678       3.883       4.087       4.126       4.202
    OSC6             3.620       3.705       3.748       3.976       4.203       4.247       4.332
    RD1              0.762       0.845       0.888       1.110       1.333       1.376       1.459
    RD2              0.630       0.718       0.763       0.996       1.229       1.274       1.361
    RD3              0.848       0.942       0.989       1.239       1.488       1.536       1.629
    RD4              0.819       0.909       0.955       1.195       1.435       1.481       1.571
    RD5              0.680       0.767       0.812       1.047       1.281       1.326       1.413
    POS1             1.012       1.107       1.155       1.408       1.662       1.710       1.805
    POS2             0.848       0.942       0.990       1.242       1.494       1.543       1.637
    POS3             0.905       1.000       1.049       1.303       1.558       1.606       1.702
    POS4             0.975       1.064       1.110       1.347       1.585       1.630       1.719
    POS5             0.921       1.015       1.063       1.313       1.564       1.612       1.706
    LS1              4.503       4.655       4.733       5.139       5.545       5.623       5.775
    LS2              4.309       4.449       4.521       4.895       5.270       5.342       5.482
    LS3              4.033       4.170       4.241       4.608       4.975       5.045       5.182
    LS4              4.295       4.427       4.494       4.845       5.197       5.264       5.395
    LS5              4.168       4.295       4.360       4.699       5.037       5.102       5.229

 Variances
    USC              1.000       1.000       1.000       1.000       1.000       1.000       1.000
    DSC              1.000       1.000       1.000       1.000       1.000       1.000       1.000
    SCO              1.000       1.000       1.000       1.000       1.000       1.000       1.000

 Residual Variances
    ASC1             0.219       0.240       0.250       0.305       0.359       0.370       0.390
    ASC2             0.186       0.204       0.214       0.263       0.313       0.322       0.340
    ASC3             0.215       0.238       0.250       0.313       0.375       0.387       0.411
    ASC4             0.224       0.248       0.260       0.324       0.388       0.400       0.424
    ASC5             0.255       0.278       0.290       0.352       0.415       0.427       0.450
    OSC1             0.217       0.237       0.247       0.300       0.353       0.363       0.383
    OSC2             0.216       0.234       0.244       0.293       0.342       0.352       0.370
    OSC3             0.215       0.236       0.247       0.305       0.362       0.373       0.395
    OSC4             0.224       0.243       0.253       0.304       0.356       0.366       0.385
    OSC5             0.215       0.237       0.248       0.306       0.364       0.375       0.397
    OSC6             0.231       0.254       0.265       0.326       0.387       0.399       0.422
    RD1              0.245       0.269       0.281       0.345       0.409       0.421       0.445
    RD2              0.178       0.196       0.206       0.255       0.305       0.314       0.333
    RD3              0.228       0.249       0.260       0.317       0.374       0.385       0.407
    RD4              0.219       0.239       0.249       0.301       0.354       0.364       0.383
    RD5              0.202       0.223       0.234       0.289       0.345       0.356       0.377
    POS1             0.271       0.298       0.312       0.385       0.458       0.472       0.499
    POS2             0.205       0.225       0.235       0.288       0.341       0.351       0.371
    POS3             0.214       0.235       0.245       0.301       0.356       0.367       0.388
    POS4             0.260       0.286       0.300       0.370       0.440       0.454       0.480
    POS5             0.203       0.221       0.230       0.278       0.325       0.335       0.352
    LS1              0.384       0.413       0.428       0.506       0.584       0.599       0.628
    LS2              0.423       0.447       0.460       0.525       0.590       0.602       0.626
    LS3              0.509       0.537       0.551       0.624       0.698       0.712       0.739
    LS4              0.442       0.468       0.481       0.548       0.616       0.629       0.654
    LS5              0.476       0.501       0.514       0.580       0.646       0.659       0.684
    ASC            999.000     999.000     999.000      -0.024     999.000     999.000     999.000
    OSC             -0.042      -0.025      -0.016       0.030       0.077       0.085       0.103
    RD               0.165       0.183       0.192       0.240       0.287       0.296       0.314
    POS              0.191       0.210       0.219       0.269       0.319       0.329       0.347
    LS             999.000     999.000     999.000      -0.035     999.000     999.000     999.000


PLOT INFORMATION

The following plots are available:

  Loop plots

     Beginning Time:  15:32:24
        Ending Time:  15:32:28
       Elapsed Time:  00:00:04



MUTHEN & MUTHEN
3463 Stoner Ave.
Los Angeles, CA  90066

Tel: (310) 391-9971
Fax: (310) 391-8971
Web: www.StatModel.com
Support: Support@StatModel.com

Copyright (c) 1998-2019 Muthen & Muthen
