Mplus VERSION 8.3
MUTHEN & MUTHEN
03/19/2023   3:25 PM

INPUT INSTRUCTIONS

  TITLE:

      Moderator is SCS(UC DC);

  DATA:
  FILE = "./OUTPUT/Mplus/SEM.mod.SCS_0e7cd27b59042453a896be71e366fc8f.dat";

  VARIABLE:
  NAMES = ASC1 ASC2 ASC3 ASC4 ASC5 OSC1 OSC2 OSC3 OSC4 OSC5 OSC6 RD1 RD2 RD3 RD4 RD5
       POS1 POS2 POS3 POS4 POS5 LS1 LS2 LS3 LS4 LS5 UC1 UC2 UC3 DC1 DC2 DC3;
   MISSING=.;

  ANALYSIS:

      TYPE =general RANDOM;
      estimator=MLR;
      ALGORITHM=INTEGRATION;
      convergence=0.01;
      process=16;

  MODEL:

      ASC by ASC1-ASC5;
      OSC by OSC1-OSC6;
      SCO by ASC@0.8 OSC@0.8;

      UC by UC1-UC3;
      UC@1;
      DC by DC1-DC3;
      DC@1;

      SCOUC | SCO XWITH UC;
      SCODC | SCO XWITH DC;

      RD by RD1-RD5;
      POS by POS1-POS5;

      LS by LS1-LS5;

      RD on SCO(a1)
            UC
            SCOUC(w1);
      POS on SCO(a2)
             DC
             SCODC(w2);
      LS on SCO(c)
            RD(b1)
            POS(b2);

  MODEL CONSTRAINT:

     NEW(L_SCS M_SCS H_SCS
         IE_L_RD IE_M_RD IE_H_RD
         IE_L_POS IE_M_POS IE_H_POS

         DIF_LM_RD DIF_LH_RD DIF_MH_RD
         DIF_LM_POS DIF_LH_POS DIF_MH_POS
        );

      L_SCS = -1;
      M_SCS = 0;
      H_SCS = 1;

      IE_L_RD = (a1+w1*L_SCS)*b1;
      IE_M_RD = (a1+w1*M_SCS)*b1;
      IE_H_RD = (a1+w1*H_SCS)*b1;

      IE_L_POS = (a2+w2*L_SCS)*b2;
      IE_M_POS = (a2+w2*M_SCS)*b2;
      IE_H_POS = (a2+w2*H_SCS)*b2;

      DIF_LM_RD = IE_L_RD - IE_M_RD;
      DIF_LH_RD = IE_L_RD - IE_H_RD;
      DIF_MH_RD = IE_M_RD - IE_H_RD;

      DIF_LM_POS = IE_L_POS - IE_M_POS;
      DIF_LH_POS = IE_L_POS - IE_H_POS;
      DIF_MH_POS = IE_M_POS - IE_H_POS;

      PLOT(P_L_RD P_M_RD P_H_RD
           P_L_POS P_M_POS P_H_POS);
      LOOP(XVAL,1,7,0.1);
      P_L_RD = IE_L_RD*XVAL;
      P_M_RD = IE_M_RD*XVAL;
      P_H_RD = IE_H_RD*XVAL;

      P_L_POS = IE_L_POS*XVAL;
      P_M_POS = IE_M_POS*XVAL;
      P_H_POS = IE_H_POS*XVAL;

  OUTPUT:

      cint;
      STDYX
  PLOT:

      TYPE = plot2;




INPUT READING TERMINATED NORMALLY





Moderator is SCS(UC DC);

SUMMARY OF ANALYSIS

Number of groups                                                 1
Number of observations                                         400

Number of dependent variables                                   32
Number of independent variables                                  0
Number of continuous latent variables                           10

Observed dependent variables

  Continuous
   ASC1        ASC2        ASC3        ASC4        ASC5        OSC1
   OSC2        OSC3        OSC4        OSC5        OSC6        RD1
   RD2         RD3         RD4         RD5         POS1        POS2
   POS3        POS4        POS5        LS1         LS2         LS3
   LS4         LS5         UC1         UC2         UC3         DC1
   DC2         DC3

Continuous latent variables
   ASC         OSC         SCO         UC          DC          RD
   POS         LS          SCOUC       SCODC


Estimator                                                      MLR
Information matrix                                        OBSERVED
Optimization Specifications for the Quasi-Newton Algorithm for
Continuous Outcomes
  Maximum number of iterations                                 100
  Convergence criterion                                  0.100D-01
Optimization Specifications for the EM Algorithm
  Maximum number of iterations                                 500
  Convergence criteria
    Loglikelihood change                                 0.100D-02
    Relative loglikelihood change                        0.100D-05
    Derivative                                           0.100D-02
Optimization Specifications for the M step of the EM Algorithm for
Categorical Latent variables
  Number of M step iterations                                    1
  M step convergence criterion                           0.100D-02
  Basis for M step termination                           ITERATION
Optimization Specifications for the M step of the EM Algorithm for
Censored, Binary or Ordered Categorical (Ordinal), Unordered
Categorical (Nominal) and Count Outcomes
  Number of M step iterations                                    1
  M step convergence criterion                           0.100D-02
  Basis for M step termination                           ITERATION
  Maximum value for logit thresholds                            15
  Minimum value for logit thresholds                           -15
  Minimum expected cell size for chi-square              0.100D-01
Maximum number of iterations for H1                           2000
Convergence criterion for H1                             0.100D-03
Optimization algorithm                                         EMA
Integration Specifications
  Type                                                    STANDARD
  Number of integration points                                  15
  Dimensions of numerical integration                            3
  Adaptive quadrature                                           ON
Cholesky                                                       OFF

Input data file(s)
  ./OUTPUT/Mplus/SEM.mod.SCS_0e7cd27b59042453a896be71e366fc8f.dat
Input data format  FREE


SUMMARY OF DATA

     Number of missing data patterns             1


COVARIANCE COVERAGE OF DATA

Minimum covariance coverage value   0.100


     PROPORTION OF DATA PRESENT FOR Y


           Covariance Coverage
              ASC1          ASC2          ASC3          ASC4          ASC5
              ________      ________      ________      ________      ________
 ASC1           1.000
 ASC2           1.000         1.000
 ASC3           1.000         1.000         1.000
 ASC4           1.000         1.000         1.000         1.000
 ASC5           1.000         1.000         1.000         1.000         1.000
 OSC1           1.000         1.000         1.000         1.000         1.000
 OSC2           1.000         1.000         1.000         1.000         1.000
 OSC3           1.000         1.000         1.000         1.000         1.000
 OSC4           1.000         1.000         1.000         1.000         1.000
 OSC5           1.000         1.000         1.000         1.000         1.000
 OSC6           1.000         1.000         1.000         1.000         1.000
 RD1            1.000         1.000         1.000         1.000         1.000
 RD2            1.000         1.000         1.000         1.000         1.000
 RD3            1.000         1.000         1.000         1.000         1.000
 RD4            1.000         1.000         1.000         1.000         1.000
 RD5            1.000         1.000         1.000         1.000         1.000
 POS1           1.000         1.000         1.000         1.000         1.000
 POS2           1.000         1.000         1.000         1.000         1.000
 POS3           1.000         1.000         1.000         1.000         1.000
 POS4           1.000         1.000         1.000         1.000         1.000
 POS5           1.000         1.000         1.000         1.000         1.000
 LS1            1.000         1.000         1.000         1.000         1.000
 LS2            1.000         1.000         1.000         1.000         1.000
 LS3            1.000         1.000         1.000         1.000         1.000
 LS4            1.000         1.000         1.000         1.000         1.000
 LS5            1.000         1.000         1.000         1.000         1.000
 UC1            1.000         1.000         1.000         1.000         1.000
 UC2            1.000         1.000         1.000         1.000         1.000
 UC3            1.000         1.000         1.000         1.000         1.000
 DC1            1.000         1.000         1.000         1.000         1.000
 DC2            1.000         1.000         1.000         1.000         1.000
 DC3            1.000         1.000         1.000         1.000         1.000


           Covariance Coverage
              OSC1          OSC2          OSC3          OSC4          OSC5
              ________      ________      ________      ________      ________
 OSC1           1.000
 OSC2           1.000         1.000
 OSC3           1.000         1.000         1.000
 OSC4           1.000         1.000         1.000         1.000
 OSC5           1.000         1.000         1.000         1.000         1.000
 OSC6           1.000         1.000         1.000         1.000         1.000
 RD1            1.000         1.000         1.000         1.000         1.000
 RD2            1.000         1.000         1.000         1.000         1.000
 RD3            1.000         1.000         1.000         1.000         1.000
 RD4            1.000         1.000         1.000         1.000         1.000
 RD5            1.000         1.000         1.000         1.000         1.000
 POS1           1.000         1.000         1.000         1.000         1.000
 POS2           1.000         1.000         1.000         1.000         1.000
 POS3           1.000         1.000         1.000         1.000         1.000
 POS4           1.000         1.000         1.000         1.000         1.000
 POS5           1.000         1.000         1.000         1.000         1.000
 LS1            1.000         1.000         1.000         1.000         1.000
 LS2            1.000         1.000         1.000         1.000         1.000
 LS3            1.000         1.000         1.000         1.000         1.000
 LS4            1.000         1.000         1.000         1.000         1.000
 LS5            1.000         1.000         1.000         1.000         1.000
 UC1            1.000         1.000         1.000         1.000         1.000
 UC2            1.000         1.000         1.000         1.000         1.000
 UC3            1.000         1.000         1.000         1.000         1.000
 DC1            1.000         1.000         1.000         1.000         1.000
 DC2            1.000         1.000         1.000         1.000         1.000
 DC3            1.000         1.000         1.000         1.000         1.000


           Covariance Coverage
              OSC6          RD1           RD2           RD3           RD4
              ________      ________      ________      ________      ________
 OSC6           1.000
 RD1            1.000         1.000
 RD2            1.000         1.000         1.000
 RD3            1.000         1.000         1.000         1.000
 RD4            1.000         1.000         1.000         1.000         1.000
 RD5            1.000         1.000         1.000         1.000         1.000
 POS1           1.000         1.000         1.000         1.000         1.000
 POS2           1.000         1.000         1.000         1.000         1.000
 POS3           1.000         1.000         1.000         1.000         1.000
 POS4           1.000         1.000         1.000         1.000         1.000
 POS5           1.000         1.000         1.000         1.000         1.000
 LS1            1.000         1.000         1.000         1.000         1.000
 LS2            1.000         1.000         1.000         1.000         1.000
 LS3            1.000         1.000         1.000         1.000         1.000
 LS4            1.000         1.000         1.000         1.000         1.000
 LS5            1.000         1.000         1.000         1.000         1.000
 UC1            1.000         1.000         1.000         1.000         1.000
 UC2            1.000         1.000         1.000         1.000         1.000
 UC3            1.000         1.000         1.000         1.000         1.000
 DC1            1.000         1.000         1.000         1.000         1.000
 DC2            1.000         1.000         1.000         1.000         1.000
 DC3            1.000         1.000         1.000         1.000         1.000


           Covariance Coverage
              RD5           POS1          POS2          POS3          POS4
              ________      ________      ________      ________      ________
 RD5            1.000
 POS1           1.000         1.000
 POS2           1.000         1.000         1.000
 POS3           1.000         1.000         1.000         1.000
 POS4           1.000         1.000         1.000         1.000         1.000
 POS5           1.000         1.000         1.000         1.000         1.000
 LS1            1.000         1.000         1.000         1.000         1.000
 LS2            1.000         1.000         1.000         1.000         1.000
 LS3            1.000         1.000         1.000         1.000         1.000
 LS4            1.000         1.000         1.000         1.000         1.000
 LS5            1.000         1.000         1.000         1.000         1.000
 UC1            1.000         1.000         1.000         1.000         1.000
 UC2            1.000         1.000         1.000         1.000         1.000
 UC3            1.000         1.000         1.000         1.000         1.000
 DC1            1.000         1.000         1.000         1.000         1.000
 DC2            1.000         1.000         1.000         1.000         1.000
 DC3            1.000         1.000         1.000         1.000         1.000


           Covariance Coverage
              POS5          LS1           LS2           LS3           LS4
              ________      ________      ________      ________      ________
 POS5           1.000
 LS1            1.000         1.000
 LS2            1.000         1.000         1.000
 LS3            1.000         1.000         1.000         1.000
 LS4            1.000         1.000         1.000         1.000         1.000
 LS5            1.000         1.000         1.000         1.000         1.000
 UC1            1.000         1.000         1.000         1.000         1.000
 UC2            1.000         1.000         1.000         1.000         1.000
 UC3            1.000         1.000         1.000         1.000         1.000
 DC1            1.000         1.000         1.000         1.000         1.000
 DC2            1.000         1.000         1.000         1.000         1.000
 DC3            1.000         1.000         1.000         1.000         1.000


           Covariance Coverage
              LS5           UC1           UC2           UC3           DC1
              ________      ________      ________      ________      ________
 LS5            1.000
 UC1            1.000         1.000
 UC2            1.000         1.000         1.000
 UC3            1.000         1.000         1.000         1.000
 DC1            1.000         1.000         1.000         1.000         1.000
 DC2            1.000         1.000         1.000         1.000         1.000
 DC3            1.000         1.000         1.000         1.000         1.000


           Covariance Coverage
              DC2           DC3
              ________      ________
 DC2            1.000
 DC3            1.000         1.000



UNIVARIATE SAMPLE STATISTICS


     UNIVARIATE HIGHER-ORDER MOMENT DESCRIPTIVE STATISTICS

         Variable/         Mean/     Skewness/   Minimum/ % with                Percentiles
        Sample Size      Variance    Kurtosis    Maximum  Min/Max      20%/60%    40%/80%    Median

     ASC1                  4.380      -0.381       1.000    0.50%       3.000      4.000      5.000
             400.000       1.446      -0.558       7.000    0.75%       5.000      5.000
     ASC2                  4.360      -0.333       1.000    0.50%       3.000      4.000      5.000
             400.000       1.425      -0.556       7.000    1.00%       5.000      5.000
     ASC3                  4.385      -0.375       1.000    0.25%       3.000      4.000      5.000
             400.000       1.447      -0.634       7.000    0.75%       5.000      5.000
     ASC4                  4.447      -0.367       0.000    0.25%       3.000      4.000      5.000
             400.000       1.467      -0.263       8.000    0.25%       5.000      6.000
     ASC5                  4.423      -0.467       1.000    0.25%       3.000      4.000      5.000
             400.000       1.449      -0.566       7.000    0.50%       5.000      5.000
     OSC1                  4.430      -0.269       2.000    7.00%       3.000      4.000      5.000
             400.000       1.505      -0.736       7.000    1.75%       5.000      5.000
     OSC2                  4.375      -0.375       1.000    0.50%       3.000      4.000      5.000
             400.000       1.429      -0.584       7.000    0.50%       5.000      5.000
     OSC3                  4.425      -0.489       1.000    0.50%       3.000      4.000      5.000
             400.000       1.444      -0.441       7.000    1.00%       5.000      5.000
     OSC4                  4.372      -0.386       1.000    0.25%       3.000      4.000      5.000
             400.000       1.459      -0.605       7.000    1.00%       5.000      5.000
     OSC5                  4.388      -0.319       2.000    8.00%       3.000      4.000      5.000
             400.000       1.442      -0.627       7.000    1.25%       5.000      5.000
     OSC6                  4.435      -0.474       1.000    0.75%       3.000      4.000      5.000
             400.000       1.401      -0.365       7.000    0.75%       5.000      5.000
     RD1                   4.035       0.028       1.000    0.25%       3.000      4.000      4.000
             400.000       1.634      -0.945       7.000    1.00%       5.000      5.000
     RD2                   3.998       0.005       1.000    0.25%       3.000      4.000      4.000
             400.000       1.607      -0.962       7.000    0.50%       4.000      5.000
     RD3                   4.075      -0.063       1.000    0.25%       3.000      4.000      4.000
             400.000       1.524      -0.954       7.000    0.25%       5.000      5.000
     RD4                   4.075       0.022       2.000   10.50%       3.000      4.000      4.000
             400.000       1.544      -0.981       7.000    0.75%       5.000      5.000
     RD5                   3.980       0.053       1.000    0.75%       3.000      3.000      4.000
             400.000       1.585      -0.838       7.000    1.00%       4.000      5.000
     POS1                  4.045      -0.055       1.000    0.25%       3.000      4.000      4.000
             400.000       1.613      -0.972       7.000    0.75%       5.000      5.000
     POS2                  3.980       0.067       1.000    0.50%       3.000      3.000      4.000
             400.000       1.615      -0.905       7.000    0.75%       4.000      5.000
     POS3                  4.020      -0.001       1.000    0.25%       3.000      4.000      4.000
             400.000       1.605      -0.875       7.000    1.00%       4.000      5.000
     POS4                  4.010       0.018       1.000    0.75%       3.000      4.000      4.000
             400.000       1.625      -0.920       7.000    0.50%       4.000      5.000
     POS5                  3.978       0.105       1.000    0.50%       3.000      3.000      4.000
             400.000       1.542      -0.756       7.000    1.25%       4.000      5.000
     LS1                   4.018      -0.068       1.000    1.25%       3.000      4.000      4.000
             400.000       0.937       0.939       7.000    0.50%       4.000      5.000
     LS2                   3.990       0.050       1.000    0.25%       3.000      4.000      4.000
             400.000       1.010       0.227       7.000    0.50%       4.000      5.000
     LS3                   3.955      -0.050       1.000    0.75%       3.000      4.000      4.000
             400.000       1.048       0.285       7.000    0.25%       4.000      5.000
     LS4                   4.010      -0.078       1.000    0.50%       3.000      4.000      4.000
             400.000       1.025       0.263       7.000    0.25%       4.000      5.000
     LS5                   3.958       0.099       2.000    8.25%       3.000      4.000      4.000
             400.000       1.041      -0.065       7.000    0.50%       4.000      5.000
     UC1                   4.020      -0.045       1.000    0.75%       3.000      4.000      4.000
             400.000       1.625      -0.894       7.000    0.75%       5.000      5.000
     UC2                   3.995      -0.013       1.000    0.25%       3.000      4.000      4.000
             400.000       1.590      -0.959       7.000    0.50%       4.000      5.000
     UC3                   3.998      -0.023       1.000    1.00%       3.000      4.000      4.000
             400.000       1.687      -0.891       7.000    0.75%       4.000      5.000
     DC1                   3.967       0.046       1.000    0.25%       3.000      3.000      4.000
             400.000       1.586      -0.986       7.000    0.50%       4.000      5.000
     DC2                   3.987       0.016       1.000    0.50%       3.000      4.000      4.000
             400.000       1.582      -0.894       7.000    0.50%       4.000      5.000
     DC3                   4.015       0.051       2.000   12.25%       3.000      4.000      4.000
             400.000       1.530      -0.863       7.000    1.00%       4.000      5.000


THE MODEL ESTIMATION TERMINATED NORMALLY

     WARNING:  THE LATENT VARIABLE COVARIANCE MATRIX (PSI) IS NOT POSITIVE
     DEFINITE.  THIS COULD INDICATE A NEGATIVE VARIANCE/RESIDUAL VARIANCE FOR A
     LATENT VARIABLE, A CORRELATION GREATER OR EQUAL TO ONE BETWEEN TWO LATENT
     VARIABLES, OR A LINEAR DEPENDENCY AMONG MORE THAN TWO LATENT VARIABLES.
     CHECK THE TECH4 OUTPUT FOR MORE INFORMATION.



MODEL FIT INFORMATION

Number of Free Parameters                      107

Loglikelihood

          H0 Value                      -14091.546
          H0 Scaling Correction Factor      1.4648
            for MLR

Information Criteria

          Akaike (AIC)                   28397.092
          Bayesian (BIC)                 28824.179
          Sample-Size Adjusted BIC       28484.661
            (n* = (n + 2) / 24)



MODEL RESULTS

                                                    Two-Tailed
                    Estimate       S.E.  Est./S.E.    P-Value

 ASC      BY
    ASC1               1.000      0.000    999.000    999.000
    ASC2               1.003      0.028     36.236      0.000
    ASC3               0.980      0.025     39.704      0.000
    ASC4               0.981      0.025     39.887      0.000
    ASC5               0.957      0.024     39.363      0.000

 OSC      BY
    OSC1               1.000      0.000    999.000    999.000
    OSC2               0.991      0.027     36.418      0.000
    OSC3               0.991      0.026     38.435      0.000
    OSC4               0.996      0.026     38.357      0.000
    OSC5               0.989      0.023     42.635      0.000
    OSC6               0.962      0.026     36.729      0.000

 UC       BY
    UC1                1.000      0.000    999.000    999.000
    UC2                1.047      0.026     39.576      0.000
    UC3                1.031      0.027     38.270      0.000

 DC       BY
    DC1                1.000      0.000    999.000    999.000
    DC2                1.032      0.024     42.230      0.000
    DC3                1.031      0.027     38.704      0.000

 RD       BY
    RD1                1.000      0.000    999.000    999.000
    RD2                1.042      0.023     44.529      0.000
    RD3                0.988      0.023     42.465      0.000
    RD4                0.998      0.023     43.661      0.000
    RD5                1.014      0.022     45.327      0.000

 POS      BY
    POS1               1.000      0.000    999.000    999.000
    POS2               1.046      0.024     43.786      0.000
    POS3               1.042      0.025     41.104      0.000
    POS4               1.001      0.024     41.738      0.000
    POS5               1.016      0.027     37.213      0.000

 LS       BY
    LS1                1.000      0.000    999.000    999.000
    LS2                1.028      0.039     26.193      0.000
    LS3                0.938      0.036     26.175      0.000
    LS4                1.017      0.039     26.376      0.000
    LS5                1.006      0.034     29.579      0.000

 SCO      BY
    ASC                0.800      0.000    999.000    999.000
    OSC                0.800      0.000    999.000    999.000

 RD         ON
    SCO               -0.004      0.029     -0.142      0.887
    UC                 1.043      0.043     24.522      0.000
    SCOUC              0.022      0.013      1.730      0.084

 POS        ON
    SCO                0.039      0.028      1.385      0.166
    DC                 0.977      0.044     22.200      0.000
    SCODC              0.033      0.014      2.399      0.016

 LS         ON
    SCO               -0.001      0.018     -0.037      0.970
    RD                -0.511      0.021    -24.761      0.000
    POS                0.505      0.022     23.148      0.000

 UC       WITH
    SCO                0.672      0.081      8.340      0.000

 DC       WITH
    SCO                0.661      0.078      8.527      0.000
    UC                 0.017      0.073      0.239      0.811

 Intercepts
    ASC1               4.385      0.060     73.124      0.000
    ASC2               4.365      0.060     73.309      0.000
    ASC3               4.390      0.060     73.203      0.000
    ASC4               4.452      0.060     73.716      0.000
    ASC5               4.427      0.060     73.767      0.000
    OSC1               4.435      0.061     72.481      0.000
    OSC2               4.380      0.060     73.481      0.000
    OSC3               4.430      0.060     73.956      0.000
    OSC4               4.377      0.060     72.676      0.000
    OSC5               4.392      0.060     73.346      0.000
    OSC6               4.440      0.059     75.250      0.000
    RD1                4.023      0.065     61.885      0.000
    RD2                3.985      0.065     61.277      0.000
    RD3                4.063      0.062     65.316      0.000
    RD4                4.063      0.063     64.160      0.000
    RD5                3.967      0.064     62.038      0.000
    POS1               4.024      0.064     63.050      0.000
    POS2               3.958      0.064     61.563      0.000
    POS3               3.998      0.064     62.357      0.000
    POS4               3.989      0.064     62.203      0.000
    POS5               3.956      0.063     62.894      0.000
    LS1                4.013      0.049     82.223      0.000
    LS2                3.986      0.051     78.441      0.000
    LS3                3.951      0.051     76.795      0.000
    LS4                4.006      0.051     77.926      0.000
    LS5                3.953      0.051     77.201      0.000
    UC1                4.024      0.064     63.109      0.000
    UC2                3.999      0.063     63.386      0.000
    UC3                4.001      0.065     61.571      0.000
    DC1                3.971      0.063     63.029      0.000
    DC2                3.991      0.063     63.430      0.000
    DC3                4.018      0.062     64.946      0.000

 Variances
    SCO                1.597      0.087     18.324      0.000
    UC                 1.000      0.000    999.000    999.000
    DC                 1.000      0.000    999.000    999.000

 Residual Variances
    ASC1               0.386      0.052      7.408      0.000
    ASC2               0.331      0.043      7.629      0.000
    ASC3               0.401      0.058      6.907      0.000
    ASC4               0.419      0.067      6.275      0.000
    ASC5               0.451      0.061      7.447      0.000
    OSC1               0.400      0.051      7.803      0.000
    OSC2               0.374      0.045      8.330      0.000
    OSC3               0.388      0.052      7.400      0.000
    OSC4               0.393      0.048      8.270      0.000
    OSC5               0.391      0.055      7.115      0.000
    OSC6               0.405      0.055      7.345      0.000
    RD1                0.443      0.063      6.992      0.000
    RD2                0.315      0.043      7.329      0.000
    RD3                0.363      0.046      7.909      0.000
    RD4                0.358      0.043      8.422      0.000
    RD5                0.361      0.049      7.393      0.000
    POS1               0.455      0.066      6.893      0.000
    POS2               0.347      0.046      7.609      0.000
    POS3               0.347      0.047      7.399      0.000
    POS4               0.465      0.070      6.630      0.000
    POS5               0.347      0.040      8.723      0.000
    LS1                0.336      0.048      7.053      0.000
    LS2                0.374      0.046      8.070      0.000
    LS3                0.519      0.067      7.774      0.000
    LS4                0.403      0.047      8.607      0.000
    LS5                0.433      0.051      8.464      0.000
    UC1                0.455      0.059      7.760      0.000
    UC2                0.396      0.053      7.416      0.000
    UC3                0.529      0.066      8.072      0.000
    DC1                0.394      0.052      7.630      0.000
    DC2                0.403      0.055      7.383      0.000
    DC3                0.352      0.049      7.182      0.000
    ASC                0.012      0.018      0.671      0.502
    OSC               -0.003      0.017     -0.185      0.853
    RD                -0.008      0.027     -0.308      0.758
    POS                0.014      0.022      0.619      0.536
    LS                -0.008      0.012     -0.700      0.484

New/Additional Parameters
    L_SCS             -1.000      0.000  *********      0.000
    M_SCS              0.000      0.000      0.000      1.000
    H_SCS              1.000      0.000  *********      0.000
    IE_L_RD            0.013      0.010      1.385      0.166
    IE_M_RD            0.002      0.015      0.142      0.887
    IE_H_RD           -0.009      0.021     -0.441      0.659
    IE_L_POS           0.003      0.009      0.358      0.720
    IE_M_POS           0.020      0.014      1.380      0.168
    IE_H_POS           0.036      0.021      1.755      0.079
    DIF_LM_R           0.011      0.007      1.718      0.086
    DIF_LH_R           0.023      0.013      1.718      0.086
    DIF_MH_R           0.011      0.007      1.718      0.086
    DIF_LM_P          -0.017      0.007     -2.387      0.017
    DIF_LH_P          -0.033      0.014     -2.387      0.017
    DIF_MH_P          -0.017      0.007     -2.387      0.017


STANDARDIZED MODEL RESULTS


STDYX Standardization

                                                    Two-Tailed
                    Estimate       S.E.  Est./S.E.    P-Value

 ASC      BY
    ASC1               0.853      0.018     48.719      0.000
    ASC2               0.871      0.016     53.434      0.000
    ASC3               0.844      0.021     39.630      0.000
    ASC4               0.839      0.022     38.256      0.000
    ASC5               0.823      0.022     37.398      0.000

 OSC      BY
    OSC1               0.847      0.018     46.548      0.000
    OSC2               0.853      0.017     50.620      0.000
    OSC3               0.849      0.019     43.949      0.000
    OSC4               0.849      0.017     49.248      0.000
    OSC5               0.847      0.020     43.035      0.000
    OSC6               0.836      0.021     39.969      0.000

 UC       BY
    UC1                0.829      0.017     49.615      0.000
    UC2                0.857      0.018     47.187      0.000
    UC3                0.817      0.020     40.385      0.000

 DC       BY
    DC1                0.847      0.016     54.009      0.000
    DC2                0.852      0.018     46.353      0.000
    DC3                0.867      0.017     50.273      0.000

 RD       BY
    RD1                0.841      0.020     41.414      0.000
    RD2                0.887      0.014     61.606      0.000
    RD3                0.862      0.016     52.552      0.000
    RD4                0.866      0.015     57.059      0.000
    RD5                0.868      0.017     50.819      0.000

 POS      BY
    POS1               0.832      0.023     36.908      0.000
    POS2               0.874      0.016     55.903      0.000
    POS3               0.873      0.015     56.601      0.000
    POS4               0.829      0.023     36.293      0.000
    POS5               0.868      0.015     59.589      0.000

 LS       BY
    LS1                0.777      0.029     26.404      0.000
    LS2                0.769      0.025     30.691      0.000
    LS3                0.681      0.036     19.057      0.000
    LS4                0.753      0.026     28.757      0.000
    LS5                0.738      0.028     26.270      0.000

 SCO      BY
    ASC                0.994      0.009    116.582      0.000
    OSC                1.002      0.008    119.506      0.000

 RD         ON
    SCO               -0.005      0.035     -0.142      0.887
    UC                 1.006      0.028     35.985      0.000
    SCOUC              0.027      0.016      1.719      0.086

 POS        ON
    SCO                0.049      0.036      1.380      0.168
    DC                 0.966      0.028     33.925      0.000
    SCODC              0.041      0.017      2.391      0.017

 LS         ON
    SCO               -0.001      0.032     -0.037      0.970
    RD                -0.741      0.037    -19.850      0.000
    POS                0.714      0.036     20.023      0.000

 UC       WITH
    SCO                0.532      0.060      8.903      0.000

 DC       WITH
    SCO                0.523      0.058      9.013      0.000
    UC                 0.017      0.073      0.239      0.811

 Intercepts
    ASC1               3.680      0.125     29.495      0.000
    ASC2               3.729      0.126     29.576      0.000
    ASC3               3.718      0.126     29.522      0.000
    ASC4               3.744      0.140     26.753      0.000
    ASC5               3.744      0.132     28.273      0.000
    OSC1               3.723      0.114     32.739      0.000
    OSC2               3.736      0.125     29.842      0.000
    OSC3               3.758      0.135     27.907      0.000
    OSC4               3.695      0.125     29.455      0.000
    OSC5               3.728      0.124     30.088      0.000
    OSC6               3.822      0.139     27.447      0.000
    RD1                3.265      0.084     38.788      0.000
    RD2                3.273      0.083     39.525      0.000
    RD3                3.419      0.087     39.194      0.000
    RD4                3.398      0.083     40.744      0.000
    RD5                3.277      0.083     39.316      0.000
    POS1               3.309      0.091     36.237      0.000
    POS2               3.267      0.083     39.548      0.000
    POS3               3.310      0.090     36.975      0.000
    POS4               3.267      0.092     35.455      0.000
    POS5               3.339      0.085     39.327      0.000
    LS1                4.362      0.183     23.888      0.000
    LS2                4.169      0.159     26.175      0.000
    LS3                4.015      0.158     25.387      0.000
    LS4                4.151      0.158     26.300      0.000
    LS5                4.058      0.140     29.007      0.000
    UC1                3.336      0.087     38.466      0.000
    UC2                3.274      0.086     37.994      0.000
    UC3                3.171      0.088     36.046      0.000
    DC1                3.363      0.086     39.094      0.000
    DC2                3.294      0.087     38.056      0.000
    DC3                3.378      0.091     37.133      0.000

 Variances
    SCO                1.000      0.000    999.000    999.000
    UC                 1.000      0.000    999.000    999.000
    DC                 1.000      0.000    999.000    999.000

 Residual Variances
    ASC1               0.272      0.030      9.087      0.000
    ASC2               0.241      0.028      8.494      0.000
    ASC3               0.288      0.036      7.996      0.000
    ASC4               0.296      0.037      8.056      0.000
    ASC5               0.323      0.036      8.904      0.000
    OSC1               0.282      0.031      9.144      0.000
    OSC2               0.272      0.029      9.444      0.000
    OSC3               0.279      0.033      8.521      0.000
    OSC4               0.280      0.029      9.577      0.000
    OSC5               0.282      0.033      8.443      0.000
    OSC6               0.300      0.035      8.585      0.000
    RD1                0.292      0.034      8.536      0.000
    RD2                0.213      0.026      8.316      0.000
    RD3                0.257      0.028      9.101      0.000
    RD4                0.251      0.026      9.542      0.000
    RD5                0.246      0.030      8.306      0.000
    POS1               0.308      0.038      8.206      0.000
    POS2               0.236      0.027      8.650      0.000
    POS3               0.238      0.027      8.833      0.000
    POS4               0.312      0.038      8.229      0.000
    POS5               0.247      0.025      9.766      0.000
    LS1                0.397      0.046      8.683      0.000
    LS2                0.409      0.038     10.637      0.000
    LS3                0.536      0.049     11.014      0.000
    LS4                0.433      0.039     10.989      0.000
    LS5                0.456      0.041     11.008      0.000
    UC1                0.313      0.028     11.292      0.000
    UC2                0.266      0.031      8.537      0.000
    UC3                0.332      0.033     10.040      0.000
    DC1                0.283      0.027     10.636      0.000
    DC2                0.275      0.031      8.774      0.000
    DC3                0.249      0.030      8.334      0.000
    ASC                0.012      0.017      0.679      0.497
    OSC               -0.003    999.000    999.000    999.000
    RD                -0.008    999.000    999.000    999.000
    POS                0.013      0.022      0.615      0.539
    LS                -0.016    999.000    999.000    999.000


R-SQUARE

    Observed                                        Two-Tailed
    Variable        Estimate       S.E.  Est./S.E.    P-Value

    ASC1               0.728      0.030     24.359      0.000
    ASC2               0.759      0.028     26.717      0.000
    ASC3               0.712      0.036     19.815      0.000
    ASC4               0.704      0.037     19.128      0.000
    ASC5               0.677      0.036     18.699      0.000
    OSC1               0.718      0.031     23.274      0.000
    OSC2               0.728      0.029     25.310      0.000
    OSC3               0.721      0.033     21.974      0.000
    OSC4               0.720      0.029     24.624      0.000
    OSC5               0.718      0.033     21.518      0.000
    OSC6               0.700      0.035     19.985      0.000
    RD1                0.708      0.034     20.707      0.000
    RD2                0.787      0.026     30.803      0.000
    RD3                0.743      0.028     26.276      0.000
    RD4                0.749      0.026     28.529      0.000
    RD5                0.754      0.030     25.410      0.000
    POS1               0.692      0.038     18.454      0.000
    POS2               0.764      0.027     27.951      0.000
    POS3               0.762      0.027     28.301      0.000
    POS4               0.688      0.038     18.146      0.000
    POS5               0.753      0.025     29.795      0.000
    LS1                0.603      0.046     13.202      0.000
    LS2                0.591      0.038     15.346      0.000
    LS3                0.464      0.049      9.528      0.000
    LS4                0.567      0.039     14.378      0.000
    LS5                0.544      0.041     13.135      0.000
    UC1                0.687      0.028     24.807      0.000
    UC2                0.734      0.031     23.593      0.000
    UC3                0.668      0.033     20.192      0.000
    DC1                0.717      0.027     27.004      0.000
    DC2                0.725      0.031     23.177      0.000
    DC3                0.751      0.030     25.137      0.000

     Latent                                         Two-Tailed
    Variable        Estimate       S.E.  Est./S.E.    P-Value

    ASC                0.988      0.017     58.291      0.000
    OSC             Undefined   0.10031E+01
    RD              Undefined   0.10078E+01
    POS                0.987      0.022     45.771      0.000
    LS              Undefined   0.10159E+01


QUALITY OF NUMERICAL RESULTS

     Condition Number for the Information Matrix              0.610E-07
       (ratio of smallest to largest eigenvalue)


CONFIDENCE INTERVALS OF MODEL RESULTS

                  Lower .5%  Lower 2.5%    Lower 5%    Estimate    Upper 5%  Upper 2.5%   Upper .5%

 ASC      BY
    ASC1             1.000       1.000       1.000       1.000       1.000       1.000       1.000
    ASC2             0.931       0.948       0.957       1.003       1.048       1.057       1.074
    ASC3             0.916       0.932       0.939       0.980       1.021       1.028       1.044
    ASC4             0.918       0.933       0.941       0.981       1.022       1.029       1.044
    ASC5             0.895       0.910       0.917       0.957       0.997       1.005       1.020

 OSC      BY
    OSC1             1.000       1.000       1.000       1.000       1.000       1.000       1.000
    OSC2             0.921       0.938       0.946       0.991       1.036       1.045       1.061
    OSC3             0.925       0.941       0.949       0.991       1.034       1.042       1.058
    OSC4             0.929       0.945       0.953       0.996       1.039       1.047       1.063
    OSC5             0.929       0.944       0.951       0.989       1.027       1.035       1.049
    OSC6             0.895       0.911       0.919       0.962       1.006       1.014       1.030

 UC       BY
    UC1              1.000       1.000       1.000       1.000       1.000       1.000       1.000
    UC2              0.979       0.995       1.003       1.047       1.090       1.099       1.115
    UC3              0.962       0.979       0.987       1.031       1.076       1.084       1.101

 DC       BY
    DC1              1.000       1.000       1.000       1.000       1.000       1.000       1.000
    DC2              0.969       0.984       0.992       1.032       1.072       1.080       1.095
    DC3              0.962       0.979       0.987       1.031       1.075       1.083       1.100

 RD       BY
    RD1              1.000       1.000       1.000       1.000       1.000       1.000       1.000
    RD2              0.982       0.996       1.003       1.042       1.080       1.088       1.102
    RD3              0.928       0.942       0.949       0.988       1.026       1.033       1.047
    RD4              0.939       0.953       0.961       0.998       1.036       1.043       1.057
    RD5              0.956       0.970       0.977       1.014       1.051       1.058       1.071

 POS      BY
    POS1             1.000       1.000       1.000       1.000       1.000       1.000       1.000
    POS2             0.985       1.000       1.007       1.046       1.086       1.093       1.108
    POS3             0.977       0.993       1.001       1.042       1.084       1.092       1.108
    POS4             0.939       0.954       0.961       1.001       1.040       1.048       1.063
    POS5             0.946       0.963       0.971       1.016       1.061       1.070       1.087

 LS       BY
    LS1              1.000       1.000       1.000       1.000       1.000       1.000       1.000
    LS2              0.927       0.951       0.964       1.028       1.093       1.105       1.129
    LS3              0.845       0.868       0.879       0.938       0.997       1.008       1.030
    LS4              0.917       0.941       0.953       1.017       1.080       1.092       1.116
    LS5              0.918       0.939       0.950       1.006       1.061       1.072       1.093

 SCO      BY
    ASC              0.800       0.800       0.800       0.800       0.800       0.800       0.800
    OSC              0.800       0.800       0.800       0.800       0.800       0.800       0.800

 RD       ON
    SCO             -0.079      -0.061      -0.052      -0.004       0.044       0.053       0.071
    UC               0.934       0.960       0.973       1.043       1.113       1.127       1.153
    SCOUC           -0.011      -0.003       0.001       0.022       0.043       0.047       0.055

 POS      ON
    SCO             -0.034      -0.016      -0.007       0.039       0.086       0.095       0.112
    DC               0.864       0.891       0.905       0.977       1.050       1.063       1.091
    SCODC           -0.002       0.006       0.010       0.033       0.056       0.060       0.068

 LS       ON
    SCO             -0.047      -0.036      -0.030      -0.001       0.029       0.034       0.045
    RD              -0.564      -0.551      -0.544      -0.511      -0.477      -0.470      -0.457
    POS              0.448       0.462       0.469       0.505       0.540       0.547       0.561

 UC       WITH
    SCO              0.464       0.514       0.539       0.672       0.804       0.830       0.879

 DC       WITH
    SCO              0.462       0.509       0.534       0.661       0.789       0.813       0.861
    UC              -0.170      -0.125      -0.102       0.017       0.137       0.160       0.205

 Intercepts
    ASC1             4.231       4.267       4.286       4.385       4.484       4.502       4.539
    ASC2             4.212       4.248       4.267       4.365       4.463       4.482       4.518
    ASC3             4.235       4.272       4.291       4.390       4.489       4.507       4.544
    ASC4             4.297       4.334       4.353       4.452       4.552       4.571       4.608
    ASC5             4.273       4.310       4.329       4.427       4.526       4.545       4.582
    OSC1             4.277       4.315       4.334       4.435       4.536       4.555       4.593
    OSC2             4.226       4.263       4.282       4.380       4.478       4.497       4.533
    OSC3             4.276       4.313       4.331       4.430       4.528       4.547       4.584
    OSC4             4.222       4.259       4.278       4.377       4.477       4.495       4.533
    OSC5             4.238       4.275       4.294       4.392       4.491       4.510       4.547
    OSC6             4.288       4.324       4.343       4.440       4.537       4.555       4.592
    RD1              3.855       3.895       3.916       4.023       4.130       4.150       4.190
    RD2              3.817       3.857       3.878       3.985       4.092       4.112       4.152
    RD3              3.903       3.941       3.960       4.063       4.165       4.185       4.223
    RD4              3.900       3.939       3.958       4.063       4.167       4.187       4.226
    RD5              3.803       3.842       3.862       3.967       4.073       4.093       4.132
    POS1             3.860       3.899       3.919       4.024       4.129       4.149       4.188
    POS2             3.792       3.832       3.852       3.958       4.064       4.084       4.124
    POS3             3.833       3.873       3.893       3.998       4.104       4.124       4.163
    POS4             3.824       3.863       3.884       3.989       4.095       4.115       4.154
    POS5             3.794       3.833       3.853       3.956       4.060       4.080       4.118
    LS1              3.888       3.918       3.933       4.013       4.094       4.109       4.139
    LS2              3.855       3.886       3.902       3.986       4.069       4.085       4.117
    LS3              3.819       3.850       3.866       3.951       4.036       4.052       4.084
    LS4              3.873       3.905       3.921       4.006       4.090       4.106       4.138
    LS5              3.821       3.853       3.869       3.953       4.037       4.054       4.085
    UC1              3.859       3.899       3.919       4.024       4.129       4.149       4.188
    UC2              3.836       3.875       3.895       3.999       4.103       4.123       4.161
    UC3              3.834       3.874       3.894       4.001       4.108       4.129       4.169
    DC1              3.808       3.847       3.867       3.971       4.074       4.094       4.133
    DC2              3.829       3.867       3.887       3.991       4.094       4.114       4.153
    DC3              3.859       3.897       3.916       4.018       4.120       4.139       4.178

 Variances
    SCO              1.372       1.426       1.454       1.597       1.740       1.768       1.821
    UC               1.000       1.000       1.000       1.000       1.000       1.000       1.000
    DC               1.000       1.000       1.000       1.000       1.000       1.000       1.000

 Residual Variances
    ASC1             0.252       0.284       0.300       0.386       0.471       0.488       0.520
    ASC2             0.219       0.246       0.259       0.331       0.402       0.415       0.442
    ASC3             0.251       0.287       0.305       0.401       0.496       0.515       0.550
    ASC4             0.247       0.288       0.309       0.419       0.529       0.550       0.591
    ASC5             0.295       0.332       0.352       0.451       0.551       0.570       0.607
    OSC1             0.268       0.300       0.316       0.400       0.485       0.501       0.532
    OSC2             0.258       0.286       0.300       0.374       0.447       0.461       0.489
    OSC3             0.253       0.285       0.302       0.388       0.475       0.491       0.523
    OSC4             0.271       0.300       0.315       0.393       0.471       0.486       0.515
    OSC5             0.250       0.283       0.301       0.391       0.482       0.499       0.533
    OSC6             0.263       0.297       0.315       0.405       0.496       0.514       0.548
    RD1              0.280       0.319       0.339       0.443       0.547       0.567       0.606
    RD2              0.204       0.231       0.244       0.315       0.386       0.399       0.426
    RD3              0.245       0.273       0.288       0.363       0.439       0.453       0.481
    RD4              0.249       0.275       0.288       0.358       0.428       0.442       0.468
    RD5              0.235       0.265       0.281       0.361       0.441       0.457       0.487
    POS1             0.285       0.326       0.347       0.455       0.564       0.585       0.625
    POS2             0.229       0.258       0.272       0.347       0.422       0.436       0.464
    POS3             0.226       0.255       0.270       0.347       0.424       0.439       0.468
    POS4             0.284       0.328       0.350       0.465       0.580       0.603       0.646
    POS5             0.244       0.269       0.281       0.347       0.412       0.424       0.449
    LS1              0.213       0.243       0.258       0.336       0.414       0.429       0.459
    LS2              0.255       0.283       0.298       0.374       0.451       0.465       0.494
    LS3              0.347       0.388       0.409       0.519       0.629       0.650       0.691
    LS4              0.283       0.312       0.326       0.403       0.481       0.495       0.524
    LS5              0.301       0.333       0.349       0.433       0.517       0.533       0.564
    UC1              0.304       0.340       0.359       0.455       0.552       0.570       0.606
    UC2              0.259       0.292       0.309       0.396       0.484       0.501       0.534
    UC3              0.360       0.400       0.421       0.529       0.637       0.657       0.698
    DC1              0.261       0.293       0.309       0.394       0.479       0.495       0.527
    DC2              0.262       0.296       0.313       0.403       0.493       0.510       0.544
    DC3              0.226       0.256       0.272       0.352       0.433       0.449       0.479
    ASC             -0.034      -0.023      -0.017       0.012       0.041       0.047       0.058
    OSC             -0.047      -0.037      -0.031      -0.003       0.025       0.030       0.041
    RD              -0.078      -0.062      -0.053      -0.008       0.036       0.045       0.062
    POS             -0.043      -0.029      -0.022       0.014       0.050       0.057       0.070
    LS              -0.038      -0.031      -0.027      -0.008       0.011       0.015       0.022

New/Additional Parameters
    L_SCS           -1.000      -1.000      -1.000      -1.000      -1.000      -1.000      -1.000
    M_SCS            0.000       0.000       0.000       0.000       0.000       0.000       0.000
    H_SCS            1.000       1.000       1.000       1.000       1.000       1.000       1.000
    IE_L_RD         -0.012      -0.006      -0.003       0.013       0.029       0.032       0.038
    IE_M_RD         -0.036      -0.027      -0.022       0.002       0.027       0.031       0.040
    IE_H_RD         -0.063      -0.050      -0.043      -0.009       0.025       0.032       0.044
    IE_L_POS        -0.020      -0.014      -0.011       0.003       0.018       0.020       0.026
    IE_M_POS        -0.017      -0.008      -0.004       0.020       0.043       0.048       0.057
    IE_H_POS        -0.017      -0.004       0.002       0.036       0.071       0.077       0.090
    DIF_LM_R        -0.006      -0.002       0.000       0.011       0.022       0.024       0.028
    DIF_LH_R        -0.011      -0.003       0.001       0.023       0.044       0.048       0.056
    DIF_MH_R        -0.006      -0.002       0.000       0.011       0.022       0.024       0.028
    DIF_LM_P        -0.035      -0.030      -0.028      -0.017      -0.005      -0.003       0.001
    DIF_LH_P        -0.069      -0.061      -0.056      -0.033      -0.010      -0.006       0.003
    DIF_MH_P        -0.035      -0.030      -0.028      -0.017      -0.005      -0.003       0.001


CONFIDENCE INTERVALS OF STANDARDIZED MODEL RESULTS


STDYX Standardization

                  Lower .5%  Lower 2.5%    Lower 5%    Estimate    Upper 5%  Upper 2.5%   Upper .5%

 ASC      BY
    ASC1             0.808       0.819       0.825       0.853       0.882       0.888       0.899
    ASC2             0.829       0.839       0.844       0.871       0.898       0.903       0.913
    ASC3             0.789       0.802       0.809       0.844       0.879       0.886       0.899
    ASC4             0.782       0.796       0.803       0.839       0.875       0.882       0.895
    ASC5             0.766       0.780       0.787       0.823       0.859       0.866       0.880

 OSC      BY
    OSC1             0.800       0.812       0.817       0.847       0.877       0.883       0.894
    OSC2             0.810       0.820       0.826       0.853       0.881       0.886       0.897
    OSC3             0.799       0.811       0.817       0.849       0.881       0.887       0.899
    OSC4             0.804       0.815       0.820       0.849       0.877       0.882       0.893
    OSC5             0.797       0.809       0.815       0.847       0.880       0.886       0.898
    OSC6             0.782       0.795       0.802       0.836       0.871       0.877       0.890

 UC       BY
    UC1              0.786       0.796       0.801       0.829       0.856       0.862       0.872
    UC2              0.810       0.821       0.827       0.857       0.887       0.893       0.904
    UC3              0.765       0.778       0.784       0.817       0.851       0.857       0.869

 DC       BY
    DC1              0.807       0.816       0.821       0.847       0.873       0.878       0.887
    DC2              0.804       0.816       0.821       0.852       0.882       0.888       0.899
    DC3              0.822       0.833       0.838       0.867       0.895       0.900       0.911

 RD       BY
    RD1              0.789       0.802       0.808       0.841       0.875       0.881       0.894
    RD2              0.850       0.859       0.864       0.887       0.911       0.916       0.924
    RD3              0.820       0.830       0.835       0.862       0.889       0.894       0.904
    RD4              0.827       0.836       0.841       0.866       0.891       0.895       0.905
    RD5              0.824       0.835       0.840       0.868       0.896       0.902       0.912

 POS      BY
    POS1             0.774       0.788       0.795       0.832       0.869       0.876       0.890
    POS2             0.834       0.843       0.848       0.874       0.900       0.905       0.914
    POS3             0.833       0.843       0.848       0.873       0.898       0.903       0.913
    POS4             0.771       0.785       0.792       0.829       0.867       0.874       0.888
    POS5             0.830       0.839       0.844       0.868       0.892       0.896       0.905

 LS       BY
    LS1              0.701       0.719       0.728       0.777       0.825       0.834       0.852
    LS2              0.704       0.719       0.727       0.769       0.810       0.818       0.833
    LS3              0.589       0.611       0.622       0.681       0.740       0.751       0.773
    LS4              0.685       0.702       0.710       0.753       0.796       0.804       0.820
    LS5              0.665       0.683       0.691       0.738       0.784       0.793       0.810

 SCO      BY
    ASC              0.972       0.978       0.980       0.994       1.008       1.011       1.016
    OSC              0.980       0.985       0.988       1.002       1.015       1.018       1.023

 RD       ON
    SCO             -0.096      -0.074      -0.063      -0.005       0.053       0.064       0.086
    UC               0.934       0.951       0.960       1.006       1.052       1.061       1.078
    SCOUC           -0.013      -0.004       0.001       0.027       0.053       0.058       0.067

 POS      ON
    SCO             -0.042      -0.021      -0.009       0.049       0.107       0.119       0.141
    DC               0.892       0.910       0.919       0.966       1.013       1.022       1.039
    SCODC           -0.003       0.007       0.013       0.041       0.070       0.075       0.086

 LS       ON
    SCO             -0.083      -0.063      -0.053      -0.001       0.051       0.061       0.080
    RD              -0.837      -0.814      -0.802      -0.741      -0.679      -0.668      -0.645
    POS              0.622       0.644       0.656       0.714       0.773       0.784       0.806

 UC       WITH
    SCO              0.378       0.415       0.433       0.532       0.630       0.649       0.685

 DC       WITH
    SCO              0.374       0.410       0.428       0.523       0.619       0.637       0.673
    UC              -0.170      -0.125      -0.102       0.017       0.137       0.160       0.205

 Intercepts
    ASC1             3.359       3.436       3.475       3.680       3.885       3.925       4.002
    ASC2             3.404       3.482       3.522       3.729       3.937       3.976       4.054
    ASC3             3.394       3.471       3.511       3.718       3.925       3.965       4.043
    ASC4             3.383       3.470       3.514       3.744       3.974       4.018       4.104
    ASC5             3.403       3.484       3.526       3.744       3.961       4.003       4.085
    OSC1             3.430       3.500       3.536       3.723       3.910       3.946       4.016
    OSC2             3.413       3.490       3.530       3.736       3.942       3.981       4.058
    OSC3             3.411       3.494       3.536       3.758       3.979       4.022       4.105
    OSC4             3.372       3.449       3.489       3.695       3.901       3.941       4.018
    OSC5             3.409       3.486       3.525       3.728       3.932       3.971       4.048
    OSC6             3.464       3.549       3.593       3.822       4.051       4.095       4.181
    RD1              3.048       3.100       3.126       3.265       3.403       3.430       3.481
    RD2              3.060       3.111       3.137       3.273       3.409       3.435       3.486
    RD3              3.195       3.248       3.276       3.419       3.563       3.590       3.644
    RD4              3.183       3.235       3.261       3.398       3.535       3.562       3.613
    RD5              3.062       3.113       3.140       3.277       3.414       3.440       3.492
    POS1             3.074       3.130       3.159       3.309       3.459       3.488       3.544
    POS2             3.054       3.105       3.131       3.267       3.403       3.429       3.480
    POS3             3.079       3.134       3.163       3.310       3.457       3.485       3.540
    POS4             3.030       3.087       3.116       3.267       3.419       3.448       3.505
    POS5             3.121       3.173       3.200       3.339       3.479       3.506       3.558
    LS1              3.891       4.004       4.061       4.362       4.662       4.720       4.832
    LS2              3.758       3.857       3.907       4.169       4.431       4.481       4.579
    LS3              3.608       3.705       3.755       4.015       4.275       4.325       4.423
    LS4              3.744       3.842       3.891       4.151       4.411       4.460       4.557
    LS5              3.698       3.784       3.828       4.058       4.288       4.332       4.418
    UC1              3.112       3.166       3.193       3.336       3.478       3.505       3.559
    UC2              3.052       3.105       3.132       3.274       3.415       3.443       3.496
    UC3              2.944       2.998       3.026       3.171       3.315       3.343       3.397
    DC1              3.142       3.195       3.222       3.363       3.505       3.532       3.585
    DC2              3.071       3.124       3.152       3.294       3.436       3.464       3.517
    DC3              3.143       3.199       3.228       3.378       3.527       3.556       3.612

 Variances
    SCO              1.000       1.000       1.000       1.000       1.000       1.000       1.000
    UC               1.000       1.000       1.000       1.000       1.000       1.000       1.000
    DC               1.000       1.000       1.000       1.000       1.000       1.000       1.000

 Residual Variances
    ASC1             0.195       0.213       0.223       0.272       0.321       0.330       0.349
    ASC2             0.168       0.186       0.195       0.241       0.288       0.297       0.314
    ASC3             0.195       0.217       0.228       0.288       0.347       0.358       0.380
    ASC4             0.202       0.224       0.236       0.296       0.357       0.368       0.391
    ASC5             0.229       0.252       0.263       0.323       0.382       0.394       0.416
    OSC1             0.203       0.222       0.231       0.282       0.333       0.343       0.362
    OSC2             0.198       0.215       0.224       0.272       0.319       0.328       0.346
    OSC3             0.195       0.215       0.225       0.279       0.333       0.344       0.364
    OSC4             0.205       0.223       0.232       0.280       0.328       0.337       0.355
    OSC5             0.196       0.216       0.227       0.282       0.337       0.347       0.368
    OSC6             0.210       0.232       0.243       0.300       0.358       0.369       0.391
    RD1              0.204       0.225       0.236       0.292       0.348       0.359       0.380
    RD2              0.147       0.162       0.171       0.213       0.255       0.263       0.278
    RD3              0.184       0.202       0.211       0.257       0.304       0.313       0.330
    RD4              0.183       0.199       0.207       0.251       0.294       0.302       0.318
    RD5              0.170       0.188       0.198       0.246       0.295       0.304       0.323
    POS1             0.211       0.234       0.246       0.308       0.370       0.381       0.404
    POS2             0.166       0.183       0.191       0.236       0.281       0.290       0.307
    POS3             0.169       0.185       0.194       0.238       0.282       0.291       0.307
    POS4             0.214       0.238       0.250       0.312       0.374       0.386       0.410
    POS5             0.182       0.197       0.205       0.247       0.288       0.296       0.312
    LS1              0.279       0.307       0.322       0.397       0.472       0.486       0.514
    LS2              0.310       0.334       0.346       0.409       0.473       0.485       0.509
    LS3              0.411       0.441       0.456       0.536       0.616       0.632       0.662
    LS4              0.332       0.356       0.368       0.433       0.498       0.510       0.535
    LS5              0.349       0.375       0.388       0.456       0.524       0.537       0.563
    UC1              0.241       0.259       0.267       0.313       0.358       0.367       0.384
    UC2              0.186       0.205       0.215       0.266       0.317       0.327       0.346
    UC3              0.247       0.267       0.278       0.332       0.387       0.397       0.417
    DC1              0.214       0.230       0.239       0.283       0.326       0.335       0.351
    DC2              0.194       0.213       0.223       0.275       0.326       0.336       0.355
    DC3              0.172       0.190       0.200       0.249       0.298       0.308       0.326
    ASC             -0.032      -0.022      -0.016       0.012       0.039       0.045       0.055
    OSC            999.000     999.000     999.000      -0.003     999.000     999.000     999.000
    RD             999.000     999.000     999.000      -0.008     999.000     999.000     999.000
    POS             -0.042      -0.029      -0.022       0.013       0.049       0.056       0.069
    LS             999.000     999.000     999.000      -0.016     999.000     999.000     999.000


PLOT INFORMATION

The following plots are available:

  Loop plots

     Beginning Time:  15:25:36
        Ending Time:  15:26:14
       Elapsed Time:  00:00:38



MUTHEN & MUTHEN
3463 Stoner Ave.
Los Angeles, CA  90066

Tel: (310) 391-9971
Fax: (310) 391-8971
Web: www.StatModel.com
Support: Support@StatModel.com

Copyright (c) 1998-2019 Muthen & Muthen
