Mplus VERSION 8.3
MUTHEN & MUTHEN
02/01/2024   1:38 PM

INPUT INSTRUCTIONS

  TITLE:

      Moderator is USC DSC;

  DATA:
  FILE = "./OUTPUT/SEM/Mplus/SEM.mod.USC_DSC_BASE_b9bad1f39354471880f006ecee1f2520.dat";

  VARIABLE:
  NAMES = Blue1 Blue2 Blue3 Blue4 Blue5 Blue6 Blue7 USC DSC ASC1 ASC2 ASC3 ASC4 ASC5
       OSC1 OSC2 OSC3 OSC4 OSC6 OSC7 POS1 POS2 POS3 POS5 POS6 RD1 RD2 RD3 RD4 RD5 LS1
       LS2 LS3 LS4 LS5;
   MISSING=.;

  ANALYSIS:

      TYPE =general RANDOM;
      estimator=BAYES;
      ALGORITHM=INTEGRATION;
      convergence=0.01;

  MODEL:

      Blue by Blue1-Blue7;

      ASC by ASC1-ASC5;
      OSC by OSC1-OSC4 OSC6 OSC7;
      SCO by ASC OSC;

      SCO@1;

      SCOU | SCO XWITH USC;
      SCOD | SCO XWITH DSC;

      RD by RD1-RD5;
      POS by POS1-POS3 POS5 POS6;

      LS by LS1-LS5;

      RD on Blue
            SCO
            USC(a1)
            DSC
            SCOU(w1)
            SCOD;
      POS on Blue
             SCO
             USC
             DSC(a2)
             SCOU
             SCOD(w2);
      LS on Blue
            USC
            DSC
            SCO(c)
            RD(b1)
            POS(b2);

  MODEL PRIORS:
    c ~ N(-0.063,0.023);

  MODEL CONSTRAINT:

     NEW(L_SCO M_SCO H_SCO

        IE_RD IE_POS

        IE_L_RD IE_M_RD IE_H_RD
        IE_L_POS IE_M_POS IE_H_POS

        DIF_LM_RD DIF_LH_RD DIF_MH_RD
        DIF_LM_POS DIF_LH_POS DIF_MH_POS
        );

      L_SCO = -1;
      M_SCO = 0;
      H_SCO = 1;

      IE_RD = a1*b1;
      IE_POS = a2*b2;

      IE_L_RD = (a1+w1*L_SCO)*b1;
      IE_M_RD = (a1+w1*M_SCO)*b1;
      IE_H_RD = (a1+w1*H_SCO)*b1;

      IE_L_POS = (a2+w2*L_SCO)*b2;
      IE_M_POS = (a2+w2*M_SCO)*b2;
      IE_H_POS = (a2+w2*H_SCO)*b2;

      DIF_LM_RD = IE_L_RD - IE_M_RD;
      DIF_LH_RD = IE_L_RD - IE_H_RD;
      DIF_MH_RD = IE_M_RD - IE_H_RD;

      DIF_LM_POS = IE_L_POS - IE_M_POS;
      DIF_LH_POS = IE_L_POS - IE_H_POS;
      DIF_MH_POS = IE_M_POS - IE_H_POS;

      PLOT(P_L_RD P_M_RD P_H_RD
           P_L_POS P_M_POS P_H_POS);
      LOOP(XVAL,1,7,0.1);
      P_L_RD = IE_L_RD*XVAL;
      P_M_RD = IE_M_RD*XVAL;
      P_H_RD = IE_H_RD*XVAL;

      P_L_POS = IE_L_POS*XVAL;
      P_M_POS = IE_M_POS*XVAL;
      P_H_POS = IE_H_POS*XVAL;

  OUTPUT:

      cint;
      STDYX
  PLOT:

      TYPE = plot2;




INPUT READING TERMINATED NORMALLY





Moderator is USC DSC;

SUMMARY OF ANALYSIS

Number of groups                                                 1
Number of observations                                         506

Number of dependent variables                                   33
Number of independent variables                                  2
Number of continuous latent variables                            9

Observed dependent variables

  Continuous
   BLUE1       BLUE2       BLUE3       BLUE4       BLUE5       BLUE6
   BLUE7       ASC1        ASC2        ASC3        ASC4        ASC5
   OSC1        OSC2        OSC3        OSC4        OSC6        OSC7
   POS1        POS2        POS3        POS5        POS6        RD1
   RD2         RD3         RD4         RD5         LS1         LS2
   LS3         LS4         LS5

Observed independent variables
   USC         DSC

Continuous latent variables
   BLUE        ASC         OSC         SCO         RD          POS
   LS          SCOU        SCOD


Estimator                                                    BAYES
Specifications for Bayesian Estimation
  Point estimate                                            MEDIAN
  Number of Markov chain Monte Carlo (MCMC) chains               2
  Random seed for the first chain                                0
  Starting value information                           UNPERTURBED
  Algorithm used for Markov chain Monte Carlo           GIBBS(PX1)
  Convergence criterion                                  0.500D-01
  Maximum number of iterations                               50000
  K-th iteration used for thinning                               1

Input data file(s)
  ./OUTPUT/SEM/Mplus/SEM.mod.USC_DSC_BASE_b9bad1f39354471880f006ecee1f2520.dat
Input data format  FREE


SUMMARY OF DATA



COVARIANCE COVERAGE OF DATA

Minimum covariance coverage value   0.100

     Number of missing data patterns             1


     PROPORTION OF DATA PRESENT


           Covariance Coverage
              BLUE1         BLUE2         BLUE3         BLUE4         BLUE5
              ________      ________      ________      ________      ________
 BLUE1          1.000
 BLUE2          1.000         1.000
 BLUE3          1.000         1.000         1.000
 BLUE4          1.000         1.000         1.000         1.000
 BLUE5          1.000         1.000         1.000         1.000         1.000
 BLUE6          1.000         1.000         1.000         1.000         1.000
 BLUE7          1.000         1.000         1.000         1.000         1.000
 ASC1           1.000         1.000         1.000         1.000         1.000
 ASC2           1.000         1.000         1.000         1.000         1.000
 ASC3           1.000         1.000         1.000         1.000         1.000
 ASC4           1.000         1.000         1.000         1.000         1.000
 ASC5           1.000         1.000         1.000         1.000         1.000
 OSC1           1.000         1.000         1.000         1.000         1.000
 OSC2           1.000         1.000         1.000         1.000         1.000
 OSC3           1.000         1.000         1.000         1.000         1.000
 OSC4           1.000         1.000         1.000         1.000         1.000
 OSC6           1.000         1.000         1.000         1.000         1.000
 OSC7           1.000         1.000         1.000         1.000         1.000
 POS1           1.000         1.000         1.000         1.000         1.000
 POS2           1.000         1.000         1.000         1.000         1.000
 POS3           1.000         1.000         1.000         1.000         1.000
 POS5           1.000         1.000         1.000         1.000         1.000
 POS6           1.000         1.000         1.000         1.000         1.000
 RD1            1.000         1.000         1.000         1.000         1.000
 RD2            1.000         1.000         1.000         1.000         1.000
 RD3            1.000         1.000         1.000         1.000         1.000
 RD4            1.000         1.000         1.000         1.000         1.000
 RD5            1.000         1.000         1.000         1.000         1.000
 LS1            1.000         1.000         1.000         1.000         1.000
 LS2            1.000         1.000         1.000         1.000         1.000
 LS3            1.000         1.000         1.000         1.000         1.000
 LS4            1.000         1.000         1.000         1.000         1.000
 LS5            1.000         1.000         1.000         1.000         1.000
 USC            1.000         1.000         1.000         1.000         1.000
 DSC            1.000         1.000         1.000         1.000         1.000


           Covariance Coverage
              BLUE6         BLUE7         ASC1          ASC2          ASC3
              ________      ________      ________      ________      ________
 BLUE6          1.000
 BLUE7          1.000         1.000
 ASC1           1.000         1.000         1.000
 ASC2           1.000         1.000         1.000         1.000
 ASC3           1.000         1.000         1.000         1.000         1.000
 ASC4           1.000         1.000         1.000         1.000         1.000
 ASC5           1.000         1.000         1.000         1.000         1.000
 OSC1           1.000         1.000         1.000         1.000         1.000
 OSC2           1.000         1.000         1.000         1.000         1.000
 OSC3           1.000         1.000         1.000         1.000         1.000
 OSC4           1.000         1.000         1.000         1.000         1.000
 OSC6           1.000         1.000         1.000         1.000         1.000
 OSC7           1.000         1.000         1.000         1.000         1.000
 POS1           1.000         1.000         1.000         1.000         1.000
 POS2           1.000         1.000         1.000         1.000         1.000
 POS3           1.000         1.000         1.000         1.000         1.000
 POS5           1.000         1.000         1.000         1.000         1.000
 POS6           1.000         1.000         1.000         1.000         1.000
 RD1            1.000         1.000         1.000         1.000         1.000
 RD2            1.000         1.000         1.000         1.000         1.000
 RD3            1.000         1.000         1.000         1.000         1.000
 RD4            1.000         1.000         1.000         1.000         1.000
 RD5            1.000         1.000         1.000         1.000         1.000
 LS1            1.000         1.000         1.000         1.000         1.000
 LS2            1.000         1.000         1.000         1.000         1.000
 LS3            1.000         1.000         1.000         1.000         1.000
 LS4            1.000         1.000         1.000         1.000         1.000
 LS5            1.000         1.000         1.000         1.000         1.000
 USC            1.000         1.000         1.000         1.000         1.000
 DSC            1.000         1.000         1.000         1.000         1.000


           Covariance Coverage
              ASC4          ASC5          OSC1          OSC2          OSC3
              ________      ________      ________      ________      ________
 ASC4           1.000
 ASC5           1.000         1.000
 OSC1           1.000         1.000         1.000
 OSC2           1.000         1.000         1.000         1.000
 OSC3           1.000         1.000         1.000         1.000         1.000
 OSC4           1.000         1.000         1.000         1.000         1.000
 OSC6           1.000         1.000         1.000         1.000         1.000
 OSC7           1.000         1.000         1.000         1.000         1.000
 POS1           1.000         1.000         1.000         1.000         1.000
 POS2           1.000         1.000         1.000         1.000         1.000
 POS3           1.000         1.000         1.000         1.000         1.000
 POS5           1.000         1.000         1.000         1.000         1.000
 POS6           1.000         1.000         1.000         1.000         1.000
 RD1            1.000         1.000         1.000         1.000         1.000
 RD2            1.000         1.000         1.000         1.000         1.000
 RD3            1.000         1.000         1.000         1.000         1.000
 RD4            1.000         1.000         1.000         1.000         1.000
 RD5            1.000         1.000         1.000         1.000         1.000
 LS1            1.000         1.000         1.000         1.000         1.000
 LS2            1.000         1.000         1.000         1.000         1.000
 LS3            1.000         1.000         1.000         1.000         1.000
 LS4            1.000         1.000         1.000         1.000         1.000
 LS5            1.000         1.000         1.000         1.000         1.000
 USC            1.000         1.000         1.000         1.000         1.000
 DSC            1.000         1.000         1.000         1.000         1.000


           Covariance Coverage
              OSC4          OSC6          OSC7          POS1          POS2
              ________      ________      ________      ________      ________
 OSC4           1.000
 OSC6           1.000         1.000
 OSC7           1.000         1.000         1.000
 POS1           1.000         1.000         1.000         1.000
 POS2           1.000         1.000         1.000         1.000         1.000
 POS3           1.000         1.000         1.000         1.000         1.000
 POS5           1.000         1.000         1.000         1.000         1.000
 POS6           1.000         1.000         1.000         1.000         1.000
 RD1            1.000         1.000         1.000         1.000         1.000
 RD2            1.000         1.000         1.000         1.000         1.000
 RD3            1.000         1.000         1.000         1.000         1.000
 RD4            1.000         1.000         1.000         1.000         1.000
 RD5            1.000         1.000         1.000         1.000         1.000
 LS1            1.000         1.000         1.000         1.000         1.000
 LS2            1.000         1.000         1.000         1.000         1.000
 LS3            1.000         1.000         1.000         1.000         1.000
 LS4            1.000         1.000         1.000         1.000         1.000
 LS5            1.000         1.000         1.000         1.000         1.000
 USC            1.000         1.000         1.000         1.000         1.000
 DSC            1.000         1.000         1.000         1.000         1.000


           Covariance Coverage
              POS3          POS5          POS6          RD1           RD2
              ________      ________      ________      ________      ________
 POS3           1.000
 POS5           1.000         1.000
 POS6           1.000         1.000         1.000
 RD1            1.000         1.000         1.000         1.000
 RD2            1.000         1.000         1.000         1.000         1.000
 RD3            1.000         1.000         1.000         1.000         1.000
 RD4            1.000         1.000         1.000         1.000         1.000
 RD5            1.000         1.000         1.000         1.000         1.000
 LS1            1.000         1.000         1.000         1.000         1.000
 LS2            1.000         1.000         1.000         1.000         1.000
 LS3            1.000         1.000         1.000         1.000         1.000
 LS4            1.000         1.000         1.000         1.000         1.000
 LS5            1.000         1.000         1.000         1.000         1.000
 USC            1.000         1.000         1.000         1.000         1.000
 DSC            1.000         1.000         1.000         1.000         1.000


           Covariance Coverage
              RD3           RD4           RD5           LS1           LS2
              ________      ________      ________      ________      ________
 RD3            1.000
 RD4            1.000         1.000
 RD5            1.000         1.000         1.000
 LS1            1.000         1.000         1.000         1.000
 LS2            1.000         1.000         1.000         1.000         1.000
 LS3            1.000         1.000         1.000         1.000         1.000
 LS4            1.000         1.000         1.000         1.000         1.000
 LS5            1.000         1.000         1.000         1.000         1.000
 USC            1.000         1.000         1.000         1.000         1.000
 DSC            1.000         1.000         1.000         1.000         1.000


           Covariance Coverage
              LS3           LS4           LS5           USC           DSC
              ________      ________      ________      ________      ________
 LS3            1.000
 LS4            1.000         1.000
 LS5            1.000         1.000         1.000
 USC            1.000         1.000         1.000         1.000
 DSC            1.000         1.000         1.000         1.000         1.000



UNIVARIATE SAMPLE STATISTICS


     UNIVARIATE HIGHER-ORDER MOMENT DESCRIPTIVE STATISTICS

         Variable/         Mean/     Skewness/   Minimum/ % with                Percentiles
        Sample Size      Variance    Kurtosis    Maximum  Min/Max      20%/60%    40%/80%    Median

     BLUE1                 5.494      -1.180       1.000    1.58%       5.000      5.000      6.000
             506.000       1.677       1.660       7.000   21.74%       6.000      7.000
     BLUE2                 5.812      -1.428       1.000    0.99%       5.000      6.000      6.000
             506.000       1.481       2.466       7.000   32.02%       6.000      7.000
     BLUE3                 5.178      -0.833       1.000    2.17%       4.000      5.000      5.000
             506.000       2.130       0.317       7.000   18.77%       6.000      6.000
     BLUE4                 5.640      -1.072       1.000    0.99%       5.000      6.000      6.000
             506.000       1.768       0.942       7.000   31.03%       6.000      7.000
     BLUE5                 5.532      -1.038       1.000    1.19%       5.000      5.000      6.000
             506.000       1.739       1.077       7.000   26.09%       6.000      7.000
     BLUE6                 5.911      -1.517       1.000    0.99%       5.000      6.000      6.000
             506.000       1.583       2.523       7.000   39.92%       6.000      7.000
     BLUE7                 5.798      -1.411       1.000    0.99%       5.000      6.000      6.000
             506.000       1.552       2.309       7.000   32.81%       6.000      7.000
     ASC1                  4.368      -0.274       1.000    3.36%       3.000      4.000      4.000
             506.000       2.264      -0.549       7.000    6.92%       5.000      6.000
     ASC2                  4.887      -0.548       1.000    0.99%       4.000      5.000      5.000
             506.000       1.926      -0.234       7.000   10.47%       5.000      6.000
     ASC3                  5.172      -0.822       1.000    0.99%       4.000      5.000      5.000
             506.000       1.498       0.877       7.000   11.46%       6.000      6.000
     ASC4                  4.670      -0.448       1.000    2.96%       3.000      4.000      5.000
             506.000       2.241      -0.364       7.000   10.08%       5.000      6.000
     ASC5                  4.101      -0.107       1.000    5.53%       3.000      4.000      4.000
             506.000       2.561      -0.840       7.000    5.73%       5.000      6.000
     OSC1                  4.692      -0.475       1.000    1.19%       3.000      5.000      5.000
             506.000       1.865      -0.298       7.000    6.92%       5.000      6.000
     OSC2                  4.800      -0.507       1.000    0.99%       4.000      5.000      5.000
             506.000       1.800      -0.232       7.000    7.71%       5.000      6.000
     OSC3                  5.093      -0.851       1.000    1.98%       4.000      5.000      5.000
             506.000       1.883       0.513       7.000   12.65%       6.000      6.000
     OSC4                  5.150      -0.797       1.000    1.19%       4.000      5.000      5.000
             506.000       1.807       0.447       7.000   14.43%       6.000      6.000
     OSC6                  4.407      -0.265       1.000    3.16%       3.000      4.000      5.000
             506.000       2.218      -0.548       7.000    6.92%       5.000      6.000
     OSC7                  4.478      -0.504       1.000    5.73%       3.000      4.000      5.000
             506.000       2.483      -0.482       7.000    6.72%       5.000      6.000
     POS1                  3.787       0.019       1.000    7.71%       2.000      3.000      4.000
             506.000       2.310      -0.596       7.000    3.75%       4.000      5.000
     POS2                  3.429       0.247       1.000   12.65%       2.000      3.000      3.000
             506.000       2.486      -0.693       7.000    2.96%       4.000      5.000
     POS3                  4.180      -0.210       1.000    3.16%       3.000      4.000      4.000
             506.000       1.847      -0.296       7.000    3.16%       5.000      5.000
     POS5                  3.393       0.219       1.000   12.45%       2.000      3.000      3.000
             506.000       2.341      -0.648       7.000    2.17%       4.000      5.000
     POS6                  4.399      -0.323       1.000    2.37%       4.000      4.000      4.000
             506.000       1.596       0.245       7.000    4.15%       5.000      5.000
     RD1                   4.215      -0.226       1.000    4.35%       3.000      4.000      4.000
             506.000       2.335      -0.677       7.000    5.73%       5.000      5.000
     RD2                   3.081       0.600       1.000   15.81%       2.000      2.000      3.000
             506.000       2.403      -0.313       7.000    2.57%       3.000      4.000
     RD3                   2.763       0.700       1.000   24.90%       1.000      2.000      2.000
             506.000       2.394      -0.349       7.000    1.58%       3.000      4.000
     RD4                   3.626       0.228       1.000    9.88%       2.000      3.000      4.000
             506.000       2.839      -0.915       7.000    4.94%       4.000      5.000
     RD5                   2.872       0.646       1.000   21.34%       1.000      2.000      2.000
             506.000       2.440      -0.404       7.000    2.17%       3.000      4.000
     LS1                   4.680      -0.549       1.000    1.19%       3.000      5.000      5.000
             506.000       1.890      -0.313       7.000    5.73%       5.000      6.000
     LS2                   4.514      -0.404       1.000    2.57%       4.000      4.000      5.000
             506.000       1.819      -0.016       7.000    5.53%       5.000      6.000
     LS3                   5.010      -0.589       1.000    1.19%       4.000      5.000      5.000
             506.000       2.026      -0.207       7.000   14.23%       6.000      6.000
     LS4                   4.577      -0.428       1.000    3.95%       3.000      4.000      5.000
             506.000       2.742      -0.801       7.000   10.47%       5.000      6.000
     LS5                   3.518       0.195       1.000   16.01%       2.000      3.000      3.000
             506.000       3.099      -1.011       7.000    4.55%       4.000      5.000
     USC                   5.077      -0.071       1.000    0.20%       4.000      5.000      5.000
             506.000       1.095       0.083       7.000    9.88%       5.000      6.000
     DSC                   2.530       0.881       1.000   15.22%       2.000      2.000      2.000
             506.000       1.253       0.836       6.000    2.57%       3.000      3.000


THE MODEL ESTIMATION TERMINATED NORMALLY

     USE THE FBITERATIONS OPTION TO INCREASE THE NUMBER OF ITERATIONS BY A FACTOR
     OF AT LEAST TWO TO CHECK CONVERGENCE AND THAT THE PSR VALUE DOES NOT INCREASE.



MODEL FIT INFORMATION

Number of Free Parameters                             119



MODEL RESULTS

                                Posterior  One-Tailed         95% C.I.
                    Estimate       S.D.      P-Value   Lower 2.5%  Upper 2.5%  Significance

 BLUE     BY
    BLUE1              1.000       0.000      0.000       1.000       1.000
    BLUE2              1.019       0.045      0.000       0.938       1.113      *
    BLUE3              0.979       0.058      0.000       0.868       1.101      *
    BLUE4              1.054       0.051      0.000       0.962       1.163      *
    BLUE5              1.041       0.051      0.000       0.949       1.152      *
    BLUE6              1.076       0.046      0.000       0.991       1.172      *
    BLUE7              1.086       0.046      0.000       1.001       1.188      *

 ASC      BY
    ASC1               1.000       0.000      0.000       1.000       1.000
    ASC2               0.883       0.056      0.000       0.775       0.994      *
    ASC3               0.712       0.051      0.000       0.612       0.813      *
    ASC4               1.005       0.060      0.000       0.891       1.127      *
    ASC5               1.234       0.061      0.000       1.117       1.355      *

 OSC      BY
    OSC1               1.000       0.000      0.000       1.000       1.000
    OSC2               0.886       0.055      0.000       0.784       1.001      *
    OSC3               0.692       0.059      0.000       0.582       0.813      *
    OSC4               0.675       0.057      0.000       0.567       0.793      *
    OSC6               1.026       0.060      0.000       0.918       1.152      *
    OSC7               1.089       0.063      0.000       0.970       1.216      *

 RD       BY
    RD1                1.000       0.000      0.000       1.000       1.000
    RD2                1.215       0.085      0.000       1.067       1.395      *
    RD3                1.036       0.083      0.000       0.888       1.210      *
    RD4                1.299       0.089      0.000       1.141       1.491      *
    RD5                0.925       0.078      0.000       0.784       1.088      *

 POS      BY
    POS1               1.000       0.000      0.000       1.000       1.000
    POS2               1.049       0.043      0.000       0.967       1.136      *
    POS3               0.808       0.041      0.000       0.730       0.890      *
    POS5               0.786       0.047      0.000       0.696       0.879      *
    POS6               0.575       0.042      0.000       0.497       0.661      *

 LS       BY
    LS1                1.000       0.000      0.000       1.000       1.000
    LS2                0.936       0.043      0.000       0.854       1.023      *
    LS3                1.037       0.044      0.000       0.956       1.128      *
    LS4                0.988       0.057      0.000       0.881       1.103      *
    LS5                0.981       0.062      0.000       0.865       1.108      *

 SCO      BY
    ASC                1.000       0.000      0.000       1.000       1.000
    OSC                1.065       0.059      0.000       0.939       1.165      *

 RD         ON
    BLUE              -0.077       0.044      0.039      -0.163       0.008
    SCO                0.087       0.301      0.389      -0.519       0.681
    SCOU              -0.016       0.049      0.368      -0.113       0.079
    SCOD               0.116       0.045      0.004       0.028       0.206      *

 POS        ON
    BLUE               0.061       0.057      0.142      -0.047       0.176
    SCO               -0.444       0.393      0.127      -1.219       0.336
    SCOU               0.116       0.064      0.037      -0.014       0.242
    SCOD               0.140       0.059      0.007       0.026       0.257      *

 LS         ON
    BLUE               0.098       0.039      0.006       0.021       0.173      *
    SCO                0.095       0.051      0.033      -0.005       0.196
    RD                -0.650       0.064      0.000      -0.783      -0.536      *
    POS                0.454       0.040      0.000       0.376       0.532      *

 RD         ON
    USC                0.016       0.058      0.389      -0.122       0.105
    DSC                0.417       0.049      0.000       0.317       0.511      *

 POS        ON
    USC                0.111       0.054      0.042      -0.012       0.198
    DSC                0.032       0.051      0.274      -0.072       0.127

 LS         ON
    USC                0.005       0.046      0.461      -0.092       0.085
    DSC                0.012       0.043      0.382      -0.074       0.095

 SCO      WITH
    BLUE               0.129       0.051      0.006       0.028       0.231      *

 Intercepts
    BLUE1              5.500       0.060      0.000       5.380       5.613      *
    BLUE2              5.818       0.057      0.000       5.702       5.925      *
    BLUE3              5.183       0.066      0.000       5.047       5.308      *
    BLUE4              5.648       0.061      0.000       5.520       5.761      *
    BLUE5              5.538       0.061      0.000       5.413       5.652      *
    BLUE6              5.917       0.058      0.000       5.797       6.025      *
    BLUE7              5.805       0.057      0.000       5.684       5.912      *
    ASC1               4.363       0.066      0.000       4.231       4.489      *
    ASC2               4.883       0.061      0.000       4.765       5.002      *
    ASC3               5.168       0.055      0.000       5.059       5.279      *
    ASC4               4.666       0.066      0.000       4.539       4.796      *
    ASC5               4.095       0.070      0.000       3.954       4.232      *
    OSC1               4.686       0.060      0.000       4.571       4.804      *
    OSC2               4.796       0.059      0.000       4.678       4.909      *
    OSC3               5.090       0.061      0.000       4.968       5.208      *
    OSC4               5.146       0.059      0.000       5.030       5.262      *
    OSC6               4.401       0.066      0.000       4.271       4.530      *
    OSC7               4.473       0.069      0.000       4.338       4.607      *
    POS1               3.096       0.331      0.000       2.626       3.872      *
    POS2               2.702       0.347      0.000       2.208       3.524      *
    POS3               3.620       0.268      0.000       3.232       4.253      *
    POS5               2.849       0.265      0.000       2.458       3.465      *
    POS6               3.998       0.196      0.000       3.700       4.451      *
    RD1                3.078       0.373      0.000       2.488       3.943      *
    RD2                1.681       0.454      0.000       1.006       2.758      *
    RD3                1.581       0.392      0.000       0.988       2.487      *
    RD4                2.141       0.486      0.000       1.389       3.278      *
    RD5                1.817       0.351      0.000       1.269       2.616      *
    LS1                5.053       0.309      0.000       4.430       5.624      *
    LS2                4.860       0.291      0.000       4.276       5.400      *
    LS3                5.396       0.322      0.000       4.744       5.993      *
    LS4                4.942       0.310      0.000       4.318       5.511      *
    LS5                3.875       0.308      0.000       3.256       4.446      *

 Variances
    BLUE               1.090       0.103      0.000       0.898       1.303      *
    SCO                1.000       0.000      0.000       1.000       1.000

 Residual Variances
    BLUE1              0.584       0.042      0.000       0.509       0.675      *
    BLUE2              0.365       0.029      0.000       0.314       0.424      *
    BLUE3              1.114       0.075      0.000       0.977       1.267      *
    BLUE4              0.577       0.042      0.000       0.501       0.665      *
    BLUE5              0.575       0.042      0.000       0.501       0.665      *
    BLUE6              0.341       0.027      0.000       0.291       0.399      *
    BLUE7              0.285       0.024      0.000       0.242       0.338      *
    ASC1               1.249       0.089      0.000       1.094       1.436      *
    ASC2               1.126       0.079      0.000       0.986       1.294      *
    ASC3               0.979       0.066      0.000       0.862       1.117      *
    ASC4               1.199       0.086      0.000       1.045       1.379      *
    ASC5               0.985       0.081      0.000       0.836       1.156      *
    OSC1               0.716       0.057      0.000       0.619       0.841      *
    OSC2               0.901       0.066      0.000       0.782       1.044      *
    OSC3               1.341       0.091      0.000       1.180       1.537      *
    OSC4               1.292       0.087      0.000       1.136       1.472      *
    OSC6               1.012       0.075      0.000       0.875       1.171      *
    OSC7               1.127       0.085      0.000       0.973       1.306      *
    POS1               0.631       0.059      0.000       0.525       0.754      *
    POS2               0.630       0.060      0.000       0.520       0.756      *
    POS3               0.752       0.058      0.000       0.644       0.869      *
    POS5               1.312       0.091      0.000       1.145       1.504      *
    POS6               1.041       0.072      0.000       0.912       1.197      *
    RD1                1.308       0.094      0.000       1.142       1.509      *
    RD2                0.875       0.078      0.000       0.729       1.037      *
    RD3                1.285       0.094      0.000       1.113       1.484      *
    RD4                1.093       0.093      0.000       0.926       1.292      *
    RD5                1.564       0.111      0.000       1.361       1.797      *
    LS1                0.525       0.045      0.000       0.443       0.619      *
    LS2                0.618       0.050      0.000       0.527       0.722      *
    LS3                0.549       0.047      0.000       0.461       0.647      *
    LS4                1.407       0.100      0.000       1.229       1.620      *
    LS5                1.792       0.122      0.000       1.572       2.047      *
    ASC                0.069       0.042      0.000       0.009       0.163      *
    OSC                0.055       0.039      0.000       0.007       0.144      *
    RD                 0.771       0.102      0.000       0.591       0.993      *
    POS                1.416       0.127      0.000       1.186       1.683      *
    LS                 0.463       0.052      0.000       0.369       0.574      *

New/Additional Parameters
    L_SCO             -1.000       0.000      0.000      -1.000      -1.000
    M_SCO              0.000       0.000      1.000       0.000       0.000
    H_SCO              1.000       0.000      0.000       1.000       1.000
    IE_RD             -0.010       0.037      0.389      -0.068       0.077
    IE_POS             0.014       0.023      0.274      -0.033       0.058
    IE_L_RD           -0.017       0.050      0.370      -0.109       0.088
    IE_M_RD           -0.010       0.037      0.389      -0.068       0.077
    IE_H_RD            0.003       0.049      0.472      -0.081       0.108
    IE_L_POS          -0.049       0.033      0.064      -0.118       0.014
    IE_M_POS           0.014       0.023      0.274      -0.033       0.058
    IE_H_POS           0.077       0.039      0.023       0.001       0.154      *
    DIF_LM_R          -0.011       0.032      0.368      -0.075       0.052
    DIF_LH_R          -0.021       0.064      0.368      -0.150       0.104
    DIF_MH_R          -0.011       0.032      0.368      -0.075       0.052
    DIF_LM_P          -0.063       0.027      0.007      -0.118      -0.012      *
    DIF_LH_P          -0.125       0.055      0.007      -0.236      -0.024      *
    DIF_MH_P          -0.063       0.027      0.007      -0.118      -0.012      *


STANDARDIZED MODEL RESULTS


STDYX Standardization

                                Posterior  One-Tailed         95% C.I.
                    Estimate       S.D.      P-Value   Lower 2.5%  Upper 2.5%  Significance
 BLUE     BY
    BLUE1              0.806       0.018      0.000       0.769       0.837      *
    BLUE2              0.869       0.013      0.000       0.843       0.892      *
    BLUE3              0.695       0.024      0.000       0.645       0.740      *
    BLUE4              0.823       0.016      0.000       0.790       0.851      *
    BLUE5              0.820       0.016      0.000       0.786       0.849      *
    BLUE6              0.887       0.011      0.000       0.863       0.908      *
    BLUE7              0.905       0.010      0.000       0.882       0.922      *

 ASC      BY
    ASC1               0.680       0.015      0.000       0.650       0.709      *
    ASC2               0.653       0.029      0.000       0.593       0.706      *
    ASC3               0.598       0.031      0.000       0.533       0.656      *
    ASC4               0.689       0.027      0.000       0.633       0.738      *
    ASC5               0.790       0.021      0.000       0.746       0.827      *

 OSC      BY
    OSC1               0.791       0.020      0.000       0.746       0.823      *
    OSC2               0.713       0.025      0.000       0.661       0.758      *
    OSC3               0.546       0.034      0.000       0.477       0.611      *
    OSC4               0.543       0.035      0.000       0.471       0.609      *
    OSC6               0.744       0.024      0.000       0.693       0.786      *
    OSC7               0.746       0.024      0.000       0.695       0.787      *

 RD       BY
    RD1                0.677       0.029      0.000       0.616       0.731      *
    RD2                0.807       0.021      0.000       0.764       0.846      *
    RD3                0.694       0.028      0.000       0.634       0.745      *
    RD4                0.795       0.022      0.000       0.746       0.833      *
    RD5                0.615       0.033      0.000       0.547       0.676      *

 POS      BY
    POS1               0.856       0.016      0.000       0.822       0.885      *
    POS2               0.867       0.015      0.000       0.833       0.894      *
    POS3               0.775       0.022      0.000       0.728       0.814      *
    POS5               0.670       0.028      0.000       0.612       0.721      *
    POS6               0.595       0.032      0.000       0.528       0.656      *

 LS       BY
    LS1                0.839       0.016      0.000       0.805       0.868      *
    LS2                0.799       0.018      0.000       0.761       0.833      *
    LS3                0.843       0.016      0.000       0.810       0.871      *
    LS4                0.682       0.025      0.000       0.628       0.729      *
    LS5                0.633       0.028      0.000       0.577       0.685      *

 SCO      BY
    ASC                0.967       0.019      0.000       0.927       0.996      *
    OSC                0.977       0.018      0.000       0.934       0.997      *

 RD         ON
    BLUE              -0.077       0.043      0.039      -0.160       0.008
    SCO                0.083       0.286      0.389      -0.486       0.642
    SCOU              -0.016       0.049      0.368      -0.111       0.079
    SCOD               0.124       0.046      0.004       0.030       0.212      *

 POS        ON
    BLUE               0.049       0.045      0.142      -0.038       0.137
    SCO               -0.338       0.298      0.127      -0.921       0.256
    SCOU               0.093       0.051      0.037      -0.011       0.192
    SCOD               0.119       0.049      0.007       0.023       0.214      *

 LS         ON
    BLUE               0.092       0.036      0.006       0.020       0.161      *
    SCO                0.085       0.046      0.033      -0.005       0.175
    RD                -0.613       0.045      0.000      -0.699      -0.523      *
    POS                0.534       0.041      0.000       0.452       0.610      *

 RD         ON
    USC                0.016       0.057      0.389      -0.115       0.105
    DSC                0.446       0.046      0.000       0.342       0.523      *

 POS        ON
    USC                0.088       0.043      0.042      -0.009       0.159
    DSC                0.027       0.044      0.274      -0.062       0.107

 LS         ON
    USC                0.004       0.043      0.461      -0.084       0.079
    DSC                0.012       0.043      0.382      -0.073       0.095

 SCO      WITH
    BLUE               0.124       0.048      0.006       0.028       0.218      *

 Intercepts
    BLUE1              4.253       0.142      0.000       3.977       4.532      *
    BLUE2              4.756       0.157      0.000       4.445       5.057      *
    BLUE3              3.531       0.120      0.000       3.292       3.770      *
    BLUE4              4.223       0.141      0.000       3.941       4.497      *
    BLUE5              4.178       0.142      0.000       3.891       4.456      *
    BLUE6              4.676       0.154      0.000       4.380       4.977      *
    BLUE7              4.634       0.151      0.000       4.340       4.930      *
    ASC1               2.862       0.075      0.000       2.716       3.009      *
    ASC2               3.483       0.116      0.000       3.259       3.712      *
    ASC3               4.182       0.136      0.000       3.924       4.453      *
    ASC4               3.086       0.104      0.000       2.889       3.292      *
    ASC5               2.528       0.088      0.000       2.361       2.706      *
    OSC1               3.386       0.112      0.000       3.194       3.628      *
    OSC2               3.536       0.119      0.000       3.311       3.770      *
    OSC3               3.679       0.125      0.000       3.440       3.925      *
    OSC4               3.799       0.127      0.000       3.545       4.051      *
    OSC6               2.922       0.099      0.000       2.730       3.117      *
    OSC7               2.806       0.095      0.000       2.631       2.998      *
    POS1               2.012       0.222      0.000       1.686       2.527      *
    POS2               1.695       0.222      0.000       1.372       2.215      *
    POS3               2.643       0.211      0.000       2.302       3.123      *
    POS5               1.848       0.182      0.000       1.558       2.258      *
    POS6               3.151       0.186      0.000       2.815       3.545      *
    RD1                1.991       0.247      0.000       1.575       2.530      *
    RD2                1.067       0.288      0.000       0.628       1.742      *
    RD3                1.011       0.252      0.000       0.619       1.582      *
    RD4                1.251       0.285      0.000       0.793       1.902      *
    RD5                1.152       0.226      0.000       0.794       1.661      *
    LS1                3.780       0.245      0.000       3.297       4.235      *
    LS2                3.707       0.239      0.000       3.232       4.147      *
    LS3                3.912       0.252      0.000       3.411       4.374      *
    LS4                3.041       0.206      0.000       2.627       3.427      *
    LS5                2.233       0.184      0.000       1.863       2.569      *

 Variances
    BLUE               1.000       0.000      0.000       1.000       1.000
    SCO                1.000       0.000      0.000       1.000       1.000

 Residual Variances
    BLUE1              0.350       0.028      0.000       0.299       0.409      *
    BLUE2              0.245       0.022      0.000       0.204       0.289      *
    BLUE3              0.516       0.034      0.000       0.453       0.584      *
    BLUE4              0.323       0.026      0.000       0.275       0.376      *
    BLUE5              0.328       0.026      0.000       0.279       0.383      *
    BLUE6              0.213       0.020      0.000       0.176       0.256      *
    BLUE7              0.182       0.018      0.000       0.150       0.221      *
    ASC1               0.538       0.021      0.000       0.498       0.577      *
    ASC2               0.574       0.038      0.000       0.502       0.648      *
    ASC3               0.642       0.037      0.000       0.569       0.716      *
    ASC4               0.525       0.037      0.000       0.455       0.599      *
    ASC5               0.376       0.032      0.000       0.316       0.443      *
    OSC1               0.375       0.032      0.000       0.323       0.443      *
    OSC2               0.491       0.035      0.000       0.425       0.563      *
    OSC3               0.702       0.037      0.000       0.626       0.772      *
    OSC4               0.705       0.038      0.000       0.629       0.778      *
    OSC6               0.447       0.035      0.000       0.382       0.519      *
    OSC7               0.444       0.035      0.000       0.380       0.517      *
    POS1               0.267       0.028      0.000       0.216       0.325      *
    POS2               0.249       0.027      0.000       0.201       0.305      *
    POS3               0.400       0.033      0.000       0.338       0.470      *
    POS5               0.552       0.037      0.000       0.481       0.626      *
    POS6               0.645       0.038      0.000       0.570       0.721      *
    RD1                0.542       0.039      0.000       0.465       0.621      *
    RD2                0.348       0.034      0.000       0.284       0.416      *
    RD3                0.519       0.039      0.000       0.445       0.597      *
    RD4                0.368       0.034      0.000       0.306       0.443      *
    RD5                0.622       0.040      0.000       0.543       0.701      *
    LS1                0.296       0.027      0.000       0.246       0.351      *
    LS2                0.361       0.029      0.000       0.306       0.421      *
    LS3                0.290       0.026      0.000       0.241       0.344      *
    LS4                0.535       0.035      0.000       0.469       0.605      *
    LS5                0.599       0.035      0.000       0.531       0.668      *
    ASC                0.064       0.036      0.000       0.009       0.140      *
    OSC                0.046       0.034      0.000       0.005       0.128      *
    RD                 0.699       0.042      0.000       0.614       0.779      *
    POS                0.824       0.038      0.000       0.745       0.890      *
    LS                 0.371       0.034      0.000       0.308       0.440      *


R-SQUARE

                                Posterior  One-Tailed         95% C.I.
    Variable        Estimate       S.D.      P-Value   Lower 2.5%  Upper 2.5%

    BLUE1              0.650       0.028      0.000       0.591       0.701
    BLUE2              0.755       0.022      0.000       0.710       0.796
    BLUE3              0.484       0.034      0.000       0.416       0.547
    BLUE4              0.677       0.026      0.000       0.624       0.725
    BLUE5              0.672       0.026      0.000       0.617       0.721
    BLUE6              0.787       0.020      0.000       0.744       0.824
    BLUE7              0.818       0.018      0.000       0.779       0.850
    ASC1               0.462       0.021      0.000       0.423       0.502
    ASC2               0.426       0.038      0.000       0.352       0.498
    ASC3               0.358       0.037      0.000       0.284       0.431
    ASC4               0.475       0.037      0.000       0.401       0.545
    ASC5               0.624       0.032      0.000       0.557       0.684
    OSC1               0.625       0.032      0.000       0.557       0.677
    OSC2               0.509       0.035      0.000       0.437       0.575
    OSC3               0.298       0.037      0.000       0.227       0.374
    OSC4               0.295       0.038      0.000       0.221       0.371
    OSC6               0.553       0.035      0.000       0.481       0.618
    OSC7               0.556       0.035      0.000       0.483       0.620
    POS1               0.733       0.028      0.000       0.675       0.784
    POS2               0.751       0.027      0.000       0.695       0.799
    POS3               0.600       0.033      0.000       0.530       0.662
    POS5               0.448       0.037      0.000       0.374       0.519
    POS6               0.355       0.038      0.000       0.279       0.430
    RD1                0.458       0.039      0.000       0.379       0.534
    RD2                0.652       0.034      0.000       0.584       0.716
    RD3                0.481       0.039      0.000       0.402       0.555
    RD4                0.632       0.034      0.000       0.556       0.694
    RD5                0.378       0.040      0.000       0.299       0.456
    LS1                0.704       0.027      0.000       0.648       0.754
    LS2                0.639       0.029      0.000       0.578       0.694
    LS3                0.710       0.026      0.000       0.656       0.759
    LS4                0.465       0.035      0.000       0.395       0.531
    LS5                0.401       0.035      0.000       0.332       0.469

                                Posterior  One-Tailed         95% C.I.
    Variable        Estimate       S.D.      P-Value   Lower 2.5%  Upper 2.5%

    ASC                0.936       0.036      0.000       0.859       0.991
    OSC                0.954       0.034      0.000       0.872       0.995
    RD                 0.301       0.042      0.000       0.221       0.386
    POS                0.176       0.038      0.000       0.110       0.255
    LS                 0.629       0.034      0.000       0.560       0.692


CREDIBILITY INTERVALS OF MODEL RESULTS

                  Lower .5%  Lower 2.5%    Lower 5%    Estimate    Upper 5%  Upper 2.5%   Upper .5%

 BLUE     BY
    BLUE1            1.000       1.000       1.000       1.000       1.000       1.000       1.000
    BLUE2            0.914       0.938       0.950       1.019       1.099       1.113       1.147
    BLUE3            0.838       0.868       0.887       0.979       1.078       1.101       1.139
    BLUE4            0.931       0.962       0.976       1.054       1.144       1.163       1.195
    BLUE5            0.923       0.949       0.964       1.041       1.133       1.152       1.187
    BLUE6            0.964       0.991       1.005       1.076       1.157       1.172       1.206
    BLUE7            0.977       1.001       1.014       1.086       1.169       1.188       1.217

 ASC      BY
    ASC1             1.000       1.000       1.000       1.000       1.000       1.000       1.000
    ASC2             0.743       0.775       0.793       0.883       0.976       0.994       1.025
    ASC3             0.581       0.612       0.630       0.712       0.799       0.813       0.844
    ASC4             0.850       0.891       0.907       1.005       1.107       1.127       1.166
    ASC5             1.081       1.117       1.135       1.234       1.335       1.355       1.396

 OSC      BY
    OSC1             1.000       1.000       1.000       1.000       1.000       1.000       1.000
    OSC2             0.753       0.784       0.800       0.886       0.980       1.001       1.037
    OSC3             0.549       0.582       0.601       0.692       0.792       0.813       0.848
    OSC4             0.537       0.567       0.583       0.675       0.771       0.793       0.838
    OSC6             0.885       0.918       0.934       1.026       1.130       1.152       1.192
    OSC7             0.930       0.970       0.988       1.089       1.194       1.216       1.261

 RD       BY
    RD1              1.000       1.000       1.000       1.000       1.000       1.000       1.000
    RD2              1.023       1.067       1.084       1.215       1.365       1.395       1.459
    RD3              0.842       0.888       0.911       1.036       1.183       1.210       1.267
    RD4              1.094       1.141       1.164       1.299       1.459       1.491       1.550
    RD5              0.740       0.784       0.805       0.925       1.062       1.088       1.145

 POS      BY
    POS1             1.000       1.000       1.000       1.000       1.000       1.000       1.000
    POS2             0.944       0.967       0.981       1.049       1.122       1.136       1.165
    POS3             0.704       0.730       0.742       0.808       0.875       0.890       0.917
    POS5             0.671       0.696       0.710       0.786       0.864       0.879       0.911
    POS6             0.473       0.497       0.509       0.575       0.646       0.661       0.693

 LS       BY
    LS1              1.000       1.000       1.000       1.000       1.000       1.000       1.000
    LS2              0.832       0.854       0.867       0.936       1.009       1.023       1.054
    LS3              0.930       0.956       0.968       1.037       1.112       1.128       1.158
    LS4              0.847       0.881       0.898       0.988       1.086       1.103       1.141
    LS5              0.829       0.865       0.882       0.981       1.087       1.108       1.152

 SCO      BY
    ASC              1.000       1.000       1.000       1.000       1.000       1.000       1.000
    OSC              0.902       0.939       0.963       1.065       1.151       1.165       1.190

 RD       ON
    BLUE            -0.196      -0.163      -0.148      -0.077      -0.005       0.008       0.036
    SCO             -0.691      -0.519      -0.420       0.087       0.577       0.681       0.831
    SCOU            -0.142      -0.113      -0.097      -0.016       0.066       0.079       0.109
    SCOD             0.002       0.028       0.043       0.116       0.192       0.206       0.238

 POS      ON
    BLUE            -0.085      -0.047      -0.031       0.061       0.158       0.176       0.210
    SCO             -1.473      -1.219      -1.096      -0.444       0.197       0.336       0.578
    SCOU            -0.051      -0.014       0.010       0.116       0.219       0.242       0.282
    SCOD            -0.010       0.026       0.044       0.140       0.237       0.257       0.296

 LS       ON
    BLUE            -0.003       0.021       0.033       0.098       0.161       0.173       0.201
    SCO             -0.035      -0.005       0.010       0.095       0.178       0.196       0.232
    RD              -0.826      -0.783      -0.760      -0.650      -0.552      -0.536      -0.502
    POS              0.354       0.376       0.388       0.454       0.519       0.532       0.558

 RD       ON
    USC             -0.143      -0.122      -0.105       0.016       0.090       0.105       0.128
    DSC              0.288       0.317       0.333       0.417       0.497       0.511       0.540

 POS      ON
    USC             -0.037      -0.012       0.004       0.111       0.186       0.198       0.217
    DSC             -0.111      -0.072      -0.058       0.032       0.113       0.127       0.155

 LS       ON
    USC             -0.119      -0.092      -0.072       0.005       0.075       0.085       0.108
    DSC             -0.104      -0.074      -0.060       0.012       0.082       0.095       0.123

 SCO      WITH
    BLUE            -0.006       0.028       0.046       0.129       0.215       0.231       0.261

 Intercepts
    BLUE1            5.337       5.380       5.399       5.500       5.595       5.613       5.649
    BLUE2            5.664       5.702       5.719       5.818       5.908       5.925       5.954
    BLUE3            5.007       5.047       5.070       5.183       5.289       5.308       5.343
    BLUE4            5.483       5.520       5.540       5.648       5.743       5.761       5.792
    BLUE5            5.372       5.413       5.432       5.538       5.634       5.652       5.679
    BLUE6            5.756       5.797       5.816       5.917       6.010       6.025       6.055
    BLUE7            5.648       5.684       5.703       5.805       5.895       5.912       5.947
    ASC1             4.187       4.231       4.253       4.363       4.471       4.489       4.530
    ASC2             4.727       4.765       4.784       4.883       4.982       5.002       5.042
    ASC3             5.024       5.059       5.078       5.168       5.257       5.279       5.310
    ASC4             4.497       4.539       4.560       4.666       4.774       4.796       4.841
    ASC5             3.916       3.954       3.978       4.095       4.210       4.232       4.274
    OSC1             4.533       4.571       4.588       4.686       4.785       4.804       4.843
    OSC2             4.638       4.678       4.697       4.796       4.890       4.909       4.949
    OSC3             4.926       4.968       4.986       5.090       5.190       5.208       5.245
    OSC4             4.996       5.030       5.050       5.146       5.243       5.262       5.296
    OSC6             4.232       4.271       4.293       4.401       4.510       4.530       4.574
    OSC7             4.295       4.338       4.358       4.473       4.586       4.607       4.653
    POS1             2.532       2.626       2.680       3.096       3.779       3.872       3.964
    POS2             2.128       2.208       2.265       2.702       3.425       3.524       3.622
    POS3             3.154       3.232       3.274       3.620       4.175       4.253       4.344
    POS5             2.379       2.458       2.508       2.849       3.399       3.465       3.555
    POS6             3.645       3.700       3.736       3.998       4.394       4.451       4.520
    RD1              2.375       2.488       2.574       3.078       3.846       3.943       4.053
    RD2              0.824       1.006       1.108       1.681       2.644       2.758       2.874
    RD3              0.788       0.988       1.068       1.581       2.395       2.487       2.598
    RD4              1.207       1.389       1.522       2.141       3.154       3.278       3.423
    RD5              1.114       1.269       1.361       1.817       2.546       2.616       2.723
    LS1              4.324       4.430       4.502       5.053       5.527       5.624       5.764
    LS2              4.173       4.276       4.342       4.860       5.299       5.400       5.528
    LS3              4.637       4.744       4.818       5.396       5.885       5.993       6.139
    LS4              4.205       4.318       4.398       4.942       5.414       5.511       5.663
    LS5              3.128       3.256       3.330       3.875       4.352       4.446       4.588

 Variances
    BLUE             0.850       0.898       0.926       1.090       1.264       1.303       1.383
    SCO              1.000       1.000       1.000       1.000       1.000       1.000       1.000

 Residual Variances
    BLUE1            0.487       0.509       0.520       0.584       0.657       0.675       0.704
    BLUE2            0.299       0.314       0.321       0.365       0.414       0.424       0.447
    BLUE3            0.938       0.977       0.995       1.114       1.245       1.267       1.323
    BLUE4            0.480       0.501       0.512       0.577       0.649       0.665       0.698
    BLUE5            0.484       0.501       0.513       0.575       0.649       0.665       0.697
    BLUE6            0.277       0.291       0.299       0.341       0.389       0.399       0.421
    BLUE7            0.228       0.242       0.248       0.285       0.329       0.338       0.357
    ASC1             1.040       1.094       1.116       1.249       1.404       1.436       1.504
    ASC2             0.942       0.986       1.007       1.126       1.265       1.294       1.358
    ASC3             0.826       0.862       0.878       0.979       1.094       1.117       1.166
    ASC4             1.003       1.045       1.066       1.199       1.347       1.379       1.446
    ASC5             0.795       0.836       0.859       0.985       1.124       1.156       1.215
    OSC1             0.591       0.619       0.631       0.716       0.818       0.841       0.882
    OSC2             0.752       0.782       0.801       0.901       1.018       1.044       1.096
    OSC3             1.131       1.180       1.205       1.341       1.503       1.537       1.605
    OSC4             1.087       1.136       1.158       1.292       1.444       1.472       1.543
    OSC6             0.838       0.875       0.896       1.012       1.143       1.171       1.224
    OSC7             0.927       0.973       0.997       1.127       1.274       1.306       1.377
    POS1             0.495       0.525       0.540       0.631       0.734       0.754       0.800
    POS2             0.490       0.520       0.538       0.630       0.735       0.756       0.803
    POS3             0.608       0.644       0.660       0.752       0.853       0.869       0.909
    POS5             1.105       1.145       1.170       1.312       1.471       1.504       1.562
    POS6             0.876       0.912       0.932       1.041       1.168       1.197       1.252
    RD1              1.094       1.142       1.164       1.308       1.476       1.509       1.577
    RD2              0.680       0.729       0.753       0.875       1.006       1.037       1.096
    RD3              1.064       1.113       1.140       1.285       1.451       1.484       1.558
    RD4              0.880       0.926       0.952       1.093       1.257       1.292       1.362
    RD5              1.304       1.361       1.399       1.564       1.756       1.797       1.891
    LS1              0.418       0.443       0.456       0.525       0.606       0.619       0.651
    LS2              0.500       0.527       0.543       0.618       0.706       0.722       0.761
    LS3              0.435       0.461       0.474       0.549       0.629       0.647       0.688
    LS4              1.181       1.229       1.255       1.407       1.582       1.620       1.695
    LS5              1.518       1.572       1.604       1.792       2.006       2.047       2.135
    ASC              0.006       0.009       0.013       0.069       0.149       0.163       0.191
    OSC              0.002       0.007       0.010       0.055       0.130       0.144       0.167
    RD               0.534       0.591       0.619       0.771       0.952       0.993       1.069
    POS              1.124       1.186       1.220       1.416       1.639       1.683       1.771
    LS               0.347       0.369       0.384       0.463       0.556       0.574       0.613

New/Additional Parameters
    L_SCO           -1.000      -1.000      -1.000      -1.000      -1.000      -1.000      -1.000
    M_SCO            0.000       0.000       0.000       0.000       0.000       0.000       0.000
    H_SCO            1.000       1.000       1.000       1.000       1.000       1.000       1.000
    IE_RD           -0.086      -0.068      -0.058      -0.010       0.068       0.077       0.092
    IE_POS          -0.051      -0.033      -0.026       0.014       0.051       0.058       0.072
    IE_L_RD         -0.140      -0.109      -0.095      -0.017       0.071       0.088       0.119
    IE_M_RD         -0.086      -0.068      -0.058      -0.010       0.068       0.077       0.092
    IE_H_RD         -0.110      -0.081      -0.069       0.003       0.092       0.108       0.135
    IE_L_POS        -0.140      -0.118      -0.105      -0.049       0.004       0.014       0.036
    IE_M_POS        -0.051      -0.033      -0.026       0.014       0.051       0.058       0.072
    IE_H_POS        -0.016       0.001       0.014       0.077       0.142       0.154       0.177
    DIF_LM_R        -0.096      -0.075      -0.064      -0.011       0.042       0.052       0.073
    DIF_LH_R        -0.191      -0.150      -0.127      -0.021       0.084       0.104       0.145
    DIF_MH_R        -0.096      -0.075      -0.064      -0.011       0.042       0.052       0.073
    DIF_LM_P        -0.137      -0.118      -0.110      -0.063      -0.020      -0.012       0.004
    DIF_LH_P        -0.275      -0.236      -0.219      -0.125      -0.039      -0.024       0.009
    DIF_MH_P        -0.137      -0.118      -0.110      -0.063      -0.020      -0.012       0.004


CREDIBILITY INTERVALS OF STANDARDIZED MODEL RESULTS


STDYX Standardization

                  Lower .5%  Lower 2.5%    Lower 5%    Estimate    Upper 5%  Upper 2.5%   Upper .5%

 BLUE     BY
    BLUE1            0.756       0.769       0.775       0.806       0.833       0.837       0.846
    BLUE2            0.835       0.843       0.848       0.869       0.889       0.892       0.898
    BLUE3            0.628       0.645       0.653       0.695       0.733       0.740       0.753
    BLUE4            0.777       0.790       0.795       0.823       0.847       0.851       0.859
    BLUE5            0.773       0.786       0.792       0.820       0.845       0.849       0.856
    BLUE6            0.854       0.863       0.868       0.887       0.904       0.908       0.913
    BLUE7            0.875       0.882       0.887       0.905       0.919       0.922       0.927

 ASC      BY
    ASC1             0.641       0.650       0.654       0.680       0.704       0.709       0.718
    ASC2             0.573       0.593       0.602       0.653       0.698       0.706       0.720
    ASC3             0.510       0.533       0.544       0.598       0.647       0.656       0.674
    ASC4             0.610       0.633       0.644       0.689       0.731       0.738       0.754
    ASC5             0.733       0.746       0.754       0.790       0.822       0.827       0.839

 OSC      BY
    OSC1             0.731       0.746       0.753       0.791       0.819       0.823       0.833
    OSC2             0.640       0.661       0.670       0.713       0.752       0.758       0.772
    OSC3             0.449       0.477       0.487       0.546       0.601       0.611       0.629
    OSC4             0.445       0.471       0.483       0.543       0.598       0.609       0.627
    OSC6             0.676       0.693       0.703       0.744       0.780       0.786       0.797
    OSC7             0.677       0.695       0.703       0.746       0.781       0.787       0.799

 RD       BY
    RD1              0.595       0.616       0.626       0.677       0.722       0.731       0.746
    RD2              0.748       0.764       0.771       0.807       0.840       0.846       0.857
    RD3              0.613       0.634       0.645       0.694       0.737       0.745       0.758
    RD4              0.732       0.746       0.756       0.795       0.827       0.833       0.844
    RD5              0.524       0.547       0.558       0.615       0.666       0.676       0.694

 POS      BY
    POS1             0.811       0.822       0.827       0.856       0.881       0.885       0.893
    POS2             0.818       0.833       0.839       0.867       0.890       0.894       0.903
    POS3             0.713       0.728       0.737       0.775       0.808       0.814       0.826
    POS5             0.593       0.612       0.622       0.670       0.713       0.721       0.734
    POS6             0.508       0.528       0.540       0.595       0.646       0.656       0.674

 LS       BY
    LS1              0.793       0.805       0.811       0.839       0.864       0.868       0.876
    LS2              0.747       0.761       0.767       0.799       0.828       0.833       0.842
    LS3              0.798       0.810       0.816       0.843       0.867       0.871       0.880
    LS4              0.609       0.628       0.638       0.682       0.722       0.729       0.742
    LS5              0.557       0.577       0.586       0.633       0.677       0.685       0.698

 SCO      BY
    ASC              0.916       0.927       0.933       0.967       0.994       0.996       0.997
    OSC              0.922       0.934       0.941       0.977       0.996       0.997       0.999

 RD       ON
    BLUE            -0.186      -0.160      -0.146      -0.077      -0.005       0.008       0.036
    SCO             -0.653      -0.486      -0.397       0.083       0.549       0.642       0.780
    SCOU            -0.140      -0.111      -0.096      -0.016       0.065       0.079       0.106
    SCOD             0.002       0.030       0.048       0.124       0.198       0.212       0.242

 POS      ON
    BLUE            -0.066      -0.038      -0.025       0.049       0.125       0.137       0.164
    SCO             -1.100      -0.921      -0.826      -0.338       0.152       0.256       0.436
    SCOU            -0.040      -0.011       0.008       0.093       0.174       0.192       0.220
    SCOD            -0.009       0.023       0.038       0.119       0.199       0.214       0.245

 LS       ON
    BLUE            -0.003       0.020       0.031       0.092       0.150       0.161       0.183
    SCO             -0.032      -0.005       0.009       0.085       0.159       0.175       0.204
    RD              -0.728      -0.699      -0.684      -0.613      -0.539      -0.523      -0.494
    POS              0.429       0.452       0.466       0.534       0.599       0.610       0.632

 RD       ON
    USC             -0.134      -0.115      -0.101       0.016       0.091       0.105       0.130
    DSC              0.312       0.342       0.359       0.446       0.511       0.523       0.548

 POS      ON
    USC             -0.029      -0.009       0.004       0.088       0.149       0.159       0.172
    DSC             -0.094      -0.062      -0.049       0.027       0.096       0.107       0.132

 LS       ON
    USC             -0.111      -0.084      -0.068       0.004       0.070       0.079       0.100
    DSC             -0.103      -0.073      -0.060       0.012       0.083       0.095       0.122

 SCO      WITH
    BLUE            -0.005       0.028       0.044       0.124       0.203       0.218       0.245

 Intercepts
    BLUE1            3.887       3.977       4.020       4.253       4.489       4.532       4.623
    BLUE2            4.329       4.445       4.496       4.756       5.010       5.057       5.155
    BLUE3            3.215       3.292       3.334       3.531       3.727       3.770       3.845
    BLUE4            3.850       3.941       3.986       4.223       4.453       4.497       4.571
    BLUE5            3.805       3.891       3.939       4.178       4.412       4.456       4.539
    BLUE6            4.275       4.380       4.426       4.676       4.930       4.977       5.073
    BLUE7            4.231       4.340       4.385       4.634       4.881       4.930       5.019
    ASC1             2.673       2.716       2.739       2.862       2.987       3.009       3.054
    ASC2             3.194       3.259       3.295       3.483       3.677       3.712       3.785
    ASC3             3.832       3.924       3.962       4.182       4.411       4.453       4.532
    ASC4             2.822       2.889       2.920       3.086       3.262       3.292       3.359
    ASC5             2.310       2.361       2.390       2.528       2.678       2.706       2.762
    OSC1             3.134       3.194       3.221       3.386       3.588       3.628       3.695
    OSC2             3.245       3.311       3.343       3.536       3.736       3.770       3.846
    OSC3             3.370       3.440       3.471       3.679       3.884       3.925       4.009
    OSC4             3.488       3.545       3.590       3.799       4.012       4.051       4.124
    OSC6             2.671       2.730       2.761       2.922       3.088       3.117       3.184
    OSC7             2.572       2.631       2.659       2.806       2.969       2.998       3.071
    POS1             1.604       1.686       1.724       2.012       2.458       2.527       2.626
    POS2             1.298       1.372       1.408       1.695       2.145       2.215       2.298
    POS3             2.213       2.302       2.347       2.643       3.052       3.123       3.237
    POS5             1.475       1.558       1.597       1.848       2.203       2.258       2.347
    POS6             2.726       2.815       2.870       3.151       3.485       3.545       3.652
    RD1              1.486       1.575       1.638       1.991       2.471       2.530       2.650
    RD2              0.519       0.628       0.698       1.067       1.669       1.742       1.829
    RD3              0.493       0.619       0.677       1.011       1.524       1.582       1.668
    RD4              0.669       0.793       0.879       1.251       1.841       1.902       1.994
    RD5              0.689       0.794       0.847       1.152       1.605       1.661       1.746
    LS1              3.187       3.297       3.363       3.780       4.164       4.235       4.378
    LS2              3.092       3.232       3.298       3.707       4.079       4.147       4.271
    LS3              3.292       3.411       3.479       3.912       4.307       4.374       4.527
    LS4              2.520       2.627       2.693       3.041       3.358       3.427       3.532
    LS5              1.774       1.863       1.912       2.233       2.519       2.569       2.665

 Variances
    BLUE             1.000       1.000       1.000       1.000       1.000       1.000       1.000
    SCO              1.000       1.000       1.000       1.000       1.000       1.000       1.000

 Residual Variances
    BLUE1            0.283       0.299       0.306       0.350       0.399       0.409       0.428
    BLUE2            0.193       0.204       0.210       0.245       0.281       0.289       0.303
    BLUE3            0.433       0.453       0.462       0.516       0.574       0.584       0.605
    BLUE4            0.262       0.275       0.282       0.323       0.368       0.376       0.396
    BLUE5            0.267       0.279       0.286       0.328       0.373       0.383       0.403
    BLUE6            0.166       0.176       0.182       0.213       0.247       0.256       0.270
    BLUE7            0.140       0.150       0.155       0.182       0.214       0.221       0.234
    ASC1             0.484       0.498       0.504       0.538       0.572       0.577       0.589
    ASC2             0.481       0.502       0.512       0.574       0.637       0.648       0.671
    ASC3             0.545       0.569       0.582       0.642       0.704       0.716       0.740
    ASC4             0.431       0.455       0.466       0.525       0.586       0.599       0.628
    ASC5             0.296       0.316       0.325       0.376       0.431       0.443       0.462
    OSC1             0.305       0.323       0.329       0.375       0.432       0.443       0.466
    OSC2             0.403       0.425       0.435       0.491       0.551       0.563       0.589
    OSC3             0.603       0.626       0.639       0.702       0.763       0.772       0.798
    OSC4             0.607       0.629       0.643       0.705       0.766       0.778       0.802
    OSC6             0.364       0.382       0.392       0.447       0.506       0.519       0.543
    OSC7             0.361       0.380       0.390       0.444       0.505       0.517       0.542
    POS1             0.202       0.216       0.224       0.267       0.315       0.325       0.341
    POS2             0.185       0.201       0.208       0.249       0.296       0.305       0.331
    POS3             0.317       0.338       0.348       0.400       0.457       0.470       0.491
    POS5             0.459       0.481       0.492       0.552       0.613       0.626       0.647
    POS6             0.545       0.570       0.583       0.645       0.709       0.721       0.741
    RD1              0.442       0.465       0.478       0.542       0.608       0.621       0.645
    RD2              0.266       0.284       0.295       0.348       0.405       0.416       0.441
    RD3              0.425       0.445       0.456       0.519       0.584       0.597       0.624
    RD4              0.287       0.306       0.316       0.368       0.428       0.443       0.464
    RD5              0.518       0.543       0.556       0.622       0.688       0.701       0.725
    LS1              0.232       0.246       0.254       0.296       0.342       0.351       0.370
    LS2              0.291       0.306       0.314       0.361       0.411       0.421       0.442
    LS3              0.226       0.241       0.249       0.290       0.334       0.344       0.364
    LS4              0.450       0.469       0.479       0.535       0.592       0.605       0.629
    LS5              0.511       0.531       0.541       0.599       0.657       0.668       0.689
    ASC              0.006       0.009       0.012       0.064       0.129       0.140       0.160
    OSC              0.002       0.005       0.008       0.046       0.115       0.128       0.150
    RD               0.585       0.614       0.626       0.699       0.767       0.779       0.804
    POS              0.717       0.745       0.757       0.824       0.881       0.890       0.906
    LS               0.289       0.308       0.319       0.371       0.430       0.440       0.460


PLOT INFORMATION

The following plots are available:

  Loop plots
  Bayesian posterior parameter distributions
  Bayesian posterior parameter trace plots
  Bayesian autocorrelation plots
  Bayesian prior parameter distributions

DIAGRAM INFORMATION

  Use View Diagram under the Diagram menu in the Mplus Editor to view the diagram.
  If running Mplus from the Mplus Diagrammer, the diagram opens automatically.

  Diagram output
    f:\yuki_project\sco\5_analysis\5_8_formal_3\output\sem\mplus\sem.mod.usc_dsc.dgm

     Beginning Time:  13:38:25
        Ending Time:  13:42:30
       Elapsed Time:  00:04:05



MUTHEN & MUTHEN
3463 Stoner Ave.
Los Angeles, CA  90066

Tel: (310) 391-9971
Fax: (310) 391-8971
Web: www.StatModel.com
Support: Support@StatModel.com

Copyright (c) 1998-2019 Muthen & Muthen
