Mplus VERSION 8.3
MUTHEN & MUTHEN
02/06/2024   3:13 PM

INPUT INSTRUCTIONS

  TITLE:

      Mediation;

  DATA:
  FILE = "./OUTPUT/SEM/Mplus/SEM.med.SCS_e93fc9b538d68b98315a24d657a50de6.dat";

  VARIABLE:
  NAMES = Gender Age Edu Marriage Blue1 Blue2 Blue3 Blue4 Blue5 Blue6 Blue7 DI1 DI2
       DI3 DC1 DC2 DC3 UI1 UI2 UI3 UC1 UC2 UC3 POS1 POS2 POS3 POS5 POS6 RD1 RD2 RD3
       RD4 RD5 LS1 LS2 LS3 LS4 LS5;
   MISSING=.;

  ANALYSIS:

      TYPE =general;
      bootstrap = 5000;
      process=16;

  MODEL:

      Blue by Blue1-Blue7;

      UI by UI1-UI3;
      UC by UC1-UC3;
      DI by DI1-DI3;
      DC by DC1-DC3;

      RD by RD1-RD5;
      POS by POS1-POS3 POS5 POS6;

      LS by LS1-LS5;

      RD on Gender Age Edu Marriage
            Blue
            UI(a1i)
            UC(a1c);
      POS on Gender Age Edu Marriage
             Blue
             DI(a2i)
             DC(a2c);
      LS on Gender Age Edu Marriage
            Blue
            UI
            UC
            DI
            DC
            RD(b1)
            POS(b2);

  MODEL CONSTRAINT:

     NEW(
        RD_I RD_C POS_I POS_C
        UI_UC DI_DC
        RD_IC POS_IC
     );
      RD_I = a1i*b1;
      RD_C = a1c*b1;
      POS_I = a2i*b2;
      POS_C = a2c*b2;

      UI_UC = a1i + a1c;
      DI_DC = a2i + a2c;

      RD_IC = RD_I + RD_C;
      POS_IC = POS_I + POS_C;

  OUTPUT:

      cint;
      STDYX



INPUT READING TERMINATED NORMALLY





Mediation;

SUMMARY OF ANALYSIS

Number of groups                                                 1
Number of observations                                         506

Number of dependent variables                                   34
Number of independent variables                                  4
Number of continuous latent variables                            8

Observed dependent variables

  Continuous
   BLUE1       BLUE2       BLUE3       BLUE4       BLUE5       BLUE6
   BLUE7       DI1         DI2         DI3         DC1         DC2
   DC3         UI1         UI2         UI3         UC1         UC2
   UC3         POS1        POS2        POS3        POS5        POS6
   RD1         RD2         RD3         RD4         RD5         LS1
   LS2         LS3         LS4         LS5

Observed independent variables
   GENDER      AGE         EDU         MARRIAGE

Continuous latent variables
   BLUE        UI          UC          DI          DC          RD
   POS         LS


Estimator                                                       ML
Information matrix                                        OBSERVED
Maximum number of iterations                                  1000
Convergence criterion                                    0.500D-04
Maximum number of steepest descent iterations                   20
Maximum number of iterations for H1                           2000
Convergence criterion for H1                             0.100D-03
Number of bootstrap draws
    Requested                                                 5000
    Completed                                                 5000

Input data file(s)
  ./OUTPUT/SEM/Mplus/SEM.med.SCS_e93fc9b538d68b98315a24d657a50de6.dat

Input data format  FREE


SUMMARY OF DATA

     Number of missing data patterns             1


COVARIANCE COVERAGE OF DATA

Minimum covariance coverage value   0.100


     PROPORTION OF DATA PRESENT


           Covariance Coverage
              BLUE1         BLUE2         BLUE3         BLUE4         BLUE5
              ________      ________      ________      ________      ________
 BLUE1          1.000
 BLUE2          1.000         1.000
 BLUE3          1.000         1.000         1.000
 BLUE4          1.000         1.000         1.000         1.000
 BLUE5          1.000         1.000         1.000         1.000         1.000
 BLUE6          1.000         1.000         1.000         1.000         1.000
 BLUE7          1.000         1.000         1.000         1.000         1.000
 DI1            1.000         1.000         1.000         1.000         1.000
 DI2            1.000         1.000         1.000         1.000         1.000
 DI3            1.000         1.000         1.000         1.000         1.000
 DC1            1.000         1.000         1.000         1.000         1.000
 DC2            1.000         1.000         1.000         1.000         1.000
 DC3            1.000         1.000         1.000         1.000         1.000
 UI1            1.000         1.000         1.000         1.000         1.000
 UI2            1.000         1.000         1.000         1.000         1.000
 UI3            1.000         1.000         1.000         1.000         1.000
 UC1            1.000         1.000         1.000         1.000         1.000
 UC2            1.000         1.000         1.000         1.000         1.000
 UC3            1.000         1.000         1.000         1.000         1.000
 POS1           1.000         1.000         1.000         1.000         1.000
 POS2           1.000         1.000         1.000         1.000         1.000
 POS3           1.000         1.000         1.000         1.000         1.000
 POS5           1.000         1.000         1.000         1.000         1.000
 POS6           1.000         1.000         1.000         1.000         1.000
 RD1            1.000         1.000         1.000         1.000         1.000
 RD2            1.000         1.000         1.000         1.000         1.000
 RD3            1.000         1.000         1.000         1.000         1.000
 RD4            1.000         1.000         1.000         1.000         1.000
 RD5            1.000         1.000         1.000         1.000         1.000
 LS1            1.000         1.000         1.000         1.000         1.000
 LS2            1.000         1.000         1.000         1.000         1.000
 LS3            1.000         1.000         1.000         1.000         1.000
 LS4            1.000         1.000         1.000         1.000         1.000
 LS5            1.000         1.000         1.000         1.000         1.000
 GENDER         1.000         1.000         1.000         1.000         1.000
 AGE            1.000         1.000         1.000         1.000         1.000
 EDU            1.000         1.000         1.000         1.000         1.000
 MARRIAGE       1.000         1.000         1.000         1.000         1.000


           Covariance Coverage
              BLUE6         BLUE7         DI1           DI2           DI3
              ________      ________      ________      ________      ________
 BLUE6          1.000
 BLUE7          1.000         1.000
 DI1            1.000         1.000         1.000
 DI2            1.000         1.000         1.000         1.000
 DI3            1.000         1.000         1.000         1.000         1.000
 DC1            1.000         1.000         1.000         1.000         1.000
 DC2            1.000         1.000         1.000         1.000         1.000
 DC3            1.000         1.000         1.000         1.000         1.000
 UI1            1.000         1.000         1.000         1.000         1.000
 UI2            1.000         1.000         1.000         1.000         1.000
 UI3            1.000         1.000         1.000         1.000         1.000
 UC1            1.000         1.000         1.000         1.000         1.000
 UC2            1.000         1.000         1.000         1.000         1.000
 UC3            1.000         1.000         1.000         1.000         1.000
 POS1           1.000         1.000         1.000         1.000         1.000
 POS2           1.000         1.000         1.000         1.000         1.000
 POS3           1.000         1.000         1.000         1.000         1.000
 POS5           1.000         1.000         1.000         1.000         1.000
 POS6           1.000         1.000         1.000         1.000         1.000
 RD1            1.000         1.000         1.000         1.000         1.000
 RD2            1.000         1.000         1.000         1.000         1.000
 RD3            1.000         1.000         1.000         1.000         1.000
 RD4            1.000         1.000         1.000         1.000         1.000
 RD5            1.000         1.000         1.000         1.000         1.000
 LS1            1.000         1.000         1.000         1.000         1.000
 LS2            1.000         1.000         1.000         1.000         1.000
 LS3            1.000         1.000         1.000         1.000         1.000
 LS4            1.000         1.000         1.000         1.000         1.000
 LS5            1.000         1.000         1.000         1.000         1.000
 GENDER         1.000         1.000         1.000         1.000         1.000
 AGE            1.000         1.000         1.000         1.000         1.000
 EDU            1.000         1.000         1.000         1.000         1.000
 MARRIAGE       1.000         1.000         1.000         1.000         1.000


           Covariance Coverage
              DC1           DC2           DC3           UI1           UI2
              ________      ________      ________      ________      ________
 DC1            1.000
 DC2            1.000         1.000
 DC3            1.000         1.000         1.000
 UI1            1.000         1.000         1.000         1.000
 UI2            1.000         1.000         1.000         1.000         1.000
 UI3            1.000         1.000         1.000         1.000         1.000
 UC1            1.000         1.000         1.000         1.000         1.000
 UC2            1.000         1.000         1.000         1.000         1.000
 UC3            1.000         1.000         1.000         1.000         1.000
 POS1           1.000         1.000         1.000         1.000         1.000
 POS2           1.000         1.000         1.000         1.000         1.000
 POS3           1.000         1.000         1.000         1.000         1.000
 POS5           1.000         1.000         1.000         1.000         1.000
 POS6           1.000         1.000         1.000         1.000         1.000
 RD1            1.000         1.000         1.000         1.000         1.000
 RD2            1.000         1.000         1.000         1.000         1.000
 RD3            1.000         1.000         1.000         1.000         1.000
 RD4            1.000         1.000         1.000         1.000         1.000
 RD5            1.000         1.000         1.000         1.000         1.000
 LS1            1.000         1.000         1.000         1.000         1.000
 LS2            1.000         1.000         1.000         1.000         1.000
 LS3            1.000         1.000         1.000         1.000         1.000
 LS4            1.000         1.000         1.000         1.000         1.000
 LS5            1.000         1.000         1.000         1.000         1.000
 GENDER         1.000         1.000         1.000         1.000         1.000
 AGE            1.000         1.000         1.000         1.000         1.000
 EDU            1.000         1.000         1.000         1.000         1.000
 MARRIAGE       1.000         1.000         1.000         1.000         1.000


           Covariance Coverage
              UI3           UC1           UC2           UC3           POS1
              ________      ________      ________      ________      ________
 UI3            1.000
 UC1            1.000         1.000
 UC2            1.000         1.000         1.000
 UC3            1.000         1.000         1.000         1.000
 POS1           1.000         1.000         1.000         1.000         1.000
 POS2           1.000         1.000         1.000         1.000         1.000
 POS3           1.000         1.000         1.000         1.000         1.000
 POS5           1.000         1.000         1.000         1.000         1.000
 POS6           1.000         1.000         1.000         1.000         1.000
 RD1            1.000         1.000         1.000         1.000         1.000
 RD2            1.000         1.000         1.000         1.000         1.000
 RD3            1.000         1.000         1.000         1.000         1.000
 RD4            1.000         1.000         1.000         1.000         1.000
 RD5            1.000         1.000         1.000         1.000         1.000
 LS1            1.000         1.000         1.000         1.000         1.000
 LS2            1.000         1.000         1.000         1.000         1.000
 LS3            1.000         1.000         1.000         1.000         1.000
 LS4            1.000         1.000         1.000         1.000         1.000
 LS5            1.000         1.000         1.000         1.000         1.000
 GENDER         1.000         1.000         1.000         1.000         1.000
 AGE            1.000         1.000         1.000         1.000         1.000
 EDU            1.000         1.000         1.000         1.000         1.000
 MARRIAGE       1.000         1.000         1.000         1.000         1.000


           Covariance Coverage
              POS2          POS3          POS5          POS6          RD1
              ________      ________      ________      ________      ________
 POS2           1.000
 POS3           1.000         1.000
 POS5           1.000         1.000         1.000
 POS6           1.000         1.000         1.000         1.000
 RD1            1.000         1.000         1.000         1.000         1.000
 RD2            1.000         1.000         1.000         1.000         1.000
 RD3            1.000         1.000         1.000         1.000         1.000
 RD4            1.000         1.000         1.000         1.000         1.000
 RD5            1.000         1.000         1.000         1.000         1.000
 LS1            1.000         1.000         1.000         1.000         1.000
 LS2            1.000         1.000         1.000         1.000         1.000
 LS3            1.000         1.000         1.000         1.000         1.000
 LS4            1.000         1.000         1.000         1.000         1.000
 LS5            1.000         1.000         1.000         1.000         1.000
 GENDER         1.000         1.000         1.000         1.000         1.000
 AGE            1.000         1.000         1.000         1.000         1.000
 EDU            1.000         1.000         1.000         1.000         1.000
 MARRIAGE       1.000         1.000         1.000         1.000         1.000


           Covariance Coverage
              RD2           RD3           RD4           RD5           LS1
              ________      ________      ________      ________      ________
 RD2            1.000
 RD3            1.000         1.000
 RD4            1.000         1.000         1.000
 RD5            1.000         1.000         1.000         1.000
 LS1            1.000         1.000         1.000         1.000         1.000
 LS2            1.000         1.000         1.000         1.000         1.000
 LS3            1.000         1.000         1.000         1.000         1.000
 LS4            1.000         1.000         1.000         1.000         1.000
 LS5            1.000         1.000         1.000         1.000         1.000
 GENDER         1.000         1.000         1.000         1.000         1.000
 AGE            1.000         1.000         1.000         1.000         1.000
 EDU            1.000         1.000         1.000         1.000         1.000
 MARRIAGE       1.000         1.000         1.000         1.000         1.000


           Covariance Coverage
              LS2           LS3           LS4           LS5           GENDER
              ________      ________      ________      ________      ________
 LS2            1.000
 LS3            1.000         1.000
 LS4            1.000         1.000         1.000
 LS5            1.000         1.000         1.000         1.000
 GENDER         1.000         1.000         1.000         1.000         1.000
 AGE            1.000         1.000         1.000         1.000         1.000
 EDU            1.000         1.000         1.000         1.000         1.000
 MARRIAGE       1.000         1.000         1.000         1.000         1.000


           Covariance Coverage
              AGE           EDU           MARRIAGE
              ________      ________      ________
 AGE            1.000
 EDU            1.000         1.000
 MARRIAGE       1.000         1.000         1.000



UNIVARIATE SAMPLE STATISTICS


     UNIVARIATE HIGHER-ORDER MOMENT DESCRIPTIVE STATISTICS

         Variable/         Mean/     Skewness/   Minimum/ % with                Percentiles
        Sample Size      Variance    Kurtosis    Maximum  Min/Max      20%/60%    40%/80%    Median

     BLUE1                 5.494      -1.180       1.000    1.58%       5.000      5.000      6.000
             506.000       1.677       1.660       7.000   21.74%       6.000      7.000
     BLUE2                 5.812      -1.428       1.000    0.99%       5.000      6.000      6.000
             506.000       1.481       2.466       7.000   32.02%       6.000      7.000
     BLUE3                 5.178      -0.833       1.000    2.17%       4.000      5.000      5.000
             506.000       2.130       0.317       7.000   18.77%       6.000      6.000
     BLUE4                 5.640      -1.072       1.000    0.99%       5.000      6.000      6.000
             506.000       1.768       0.942       7.000   31.03%       6.000      7.000
     BLUE5                 5.532      -1.038       1.000    1.19%       5.000      5.000      6.000
             506.000       1.739       1.077       7.000   26.09%       6.000      7.000
     BLUE6                 5.911      -1.517       1.000    0.99%       5.000      6.000      6.000
             506.000       1.583       2.523       7.000   39.92%       6.000      7.000
     BLUE7                 5.798      -1.411       1.000    0.99%       5.000      6.000      6.000
             506.000       1.552       2.309       7.000   32.81%       6.000      7.000
     DI1                   4.097      -0.043       1.000    3.75%       3.000      4.000      4.000
             506.000       2.510      -0.960       7.000    5.53%       5.000      6.000
     DI2                   3.974      -0.035       1.000    7.71%       2.000      3.000      4.000
             506.000       3.029      -1.109       7.000    6.52%       5.000      6.000
     DI3                   3.949      -0.019       1.000    7.31%       2.000      3.000      4.000
             506.000       2.891      -1.030       7.000    6.32%       5.000      6.000
     DC1                   4.449      -0.277       1.000    3.16%       3.000      4.000      5.000
             506.000       2.346      -0.640       7.000    8.10%       5.000      6.000
     DC2                   4.723      -0.567       1.000    4.15%       3.000      5.000      5.000
             506.000       2.493      -0.379       7.000   11.26%       5.000      6.000
     DC3                   4.836      -0.674       1.000    2.37%       4.000      5.000      5.000
             506.000       2.145      -0.112       7.000    9.88%       5.000      6.000
     UI1                   5.478      -0.782       2.000    1.98%       5.000      5.000      6.000
             506.000       1.380       0.400       7.000   19.17%       6.000      6.000
     UI2                   5.583      -0.897       1.000    0.20%       5.000      5.000      6.000
             506.000       1.417       0.651       7.000   23.12%       6.000      7.000
     UI3                   5.271      -0.698       1.000    0.59%       4.000      5.000      5.000
             506.000       1.585       0.341       7.000   16.21%       6.000      6.000
     UC1                   4.014       0.006       1.000    4.94%       2.000      3.000      4.000
             506.000       2.622      -0.936       7.000    5.93%       5.000      6.000
     UC2                   3.883       0.069       1.000    6.92%       2.000      3.000      4.000
             506.000       2.830      -1.056       7.000    5.34%       5.000      6.000
     UC3                   4.271      -0.241       1.000    4.35%       3.000      4.000      4.000
             506.000       2.510      -0.817       7.000    6.13%       5.000      6.000
     POS1                  3.787       0.019       1.000    7.71%       2.000      3.000      4.000
             506.000       2.310      -0.596       7.000    3.75%       4.000      5.000
     POS2                  3.429       0.247       1.000   12.65%       2.000      3.000      3.000
             506.000       2.486      -0.693       7.000    2.96%       4.000      5.000
     POS3                  4.180      -0.210       1.000    3.16%       3.000      4.000      4.000
             506.000       1.847      -0.296       7.000    3.16%       5.000      5.000
     POS5                  3.393       0.219       1.000   12.45%       2.000      3.000      3.000
             506.000       2.341      -0.648       7.000    2.17%       4.000      5.000
     POS6                  4.399      -0.323       1.000    2.37%       4.000      4.000      4.000
             506.000       1.596       0.245       7.000    4.15%       5.000      5.000
     RD1                   4.215      -0.226       1.000    4.35%       3.000      4.000      4.000
             506.000       2.335      -0.677       7.000    5.73%       5.000      5.000
     RD2                   3.081       0.600       1.000   15.81%       2.000      2.000      3.000
             506.000       2.403      -0.313       7.000    2.57%       3.000      4.000
     RD3                   2.763       0.700       1.000   24.90%       1.000      2.000      2.000
             506.000       2.394      -0.349       7.000    1.58%       3.000      4.000
     RD4                   3.626       0.228       1.000    9.88%       2.000      3.000      4.000
             506.000       2.839      -0.915       7.000    4.94%       4.000      5.000
     RD5                   2.872       0.646       1.000   21.34%       1.000      2.000      2.000
             506.000       2.440      -0.404       7.000    2.17%       3.000      4.000
     LS1                   4.680      -0.549       1.000    1.19%       3.000      5.000      5.000
             506.000       1.890      -0.313       7.000    5.73%       5.000      6.000
     LS2                   4.514      -0.404       1.000    2.57%       4.000      4.000      5.000
             506.000       1.819      -0.016       7.000    5.53%       5.000      6.000
     LS3                   5.010      -0.589       1.000    1.19%       4.000      5.000      5.000
             506.000       2.026      -0.207       7.000   14.23%       6.000      6.000
     LS4                   4.577      -0.428       1.000    3.95%       3.000      4.000      5.000
             506.000       2.742      -0.801       7.000   10.47%       5.000      6.000
     LS5                   3.518       0.195       1.000   16.01%       2.000      3.000      3.000
             506.000       3.099      -1.011       7.000    4.55%       4.000      5.000
     GENDER                1.514      -0.055       1.000   48.62%       1.000      1.000      2.000
             506.000       0.250      -1.997       2.000   51.38%       2.000      2.000
     AGE                  31.761       0.759      18.000    0.20%      27.000     30.000     31.000
             506.000      38.415       1.518      58.000    0.20%      32.000     36.000
     EDU                   3.931      -1.654       1.000    0.20%       4.000      4.000      4.000
             506.000       0.258       6.700       5.000    6.52%       4.000      4.000
     MARRIAGE              1.652       0.367       1.000   42.09%       1.000      1.000      2.000
             506.000       0.373      -0.666       3.000    7.31%       2.000      2.000


THE MODEL ESTIMATION TERMINATED NORMALLY



MODEL FIT INFORMATION

Number of Free Parameters                      137

Loglikelihood

          H0 Value                      -26095.612
          H1 Value                      -25195.198

Information Criteria

          Akaike (AIC)                   52465.225
          Bayesian (BIC)                 53044.260
          Sample-Size Adjusted BIC       52609.407
            (n* = (n + 2) / 24)

Chi-Square Test of Model Fit

          Value                           1800.828
          Degrees of Freedom                   628
          P-Value                           0.0000

RMSEA (Root Mean Square Error Of Approximation)

          Estimate                           0.061
          90 Percent C.I.                    0.057  0.064
          Probability RMSEA <= .05           0.000

CFI/TLI

          CFI                                0.891
          TLI                                0.879

Chi-Square Test of Model Fit for the Baseline Model

          Value                          11414.377
          Degrees of Freedom                   697
          P-Value                           0.0000

SRMR (Standardized Root Mean Square Residual)

          Value                              0.077



MODEL RESULTS

                                                    Two-Tailed
                    Estimate       S.E.  Est./S.E.    P-Value

 BLUE     BY
    BLUE1              1.000      0.000    999.000    999.000
    BLUE2              1.009      0.037     27.000      0.000
    BLUE3              0.969      0.056     17.303      0.000
    BLUE4              1.046      0.055     19.124      0.000
    BLUE5              1.032      0.062     16.770      0.000
    BLUE6              1.065      0.052     20.379      0.000
    BLUE7              1.075      0.053     20.293      0.000

 UI       BY
    UI1                1.000      0.000    999.000    999.000
    UI2                1.080      0.098     11.034      0.000
    UI3                1.117      0.107     10.480      0.000

 UC       BY
    UC1                1.000      0.000    999.000    999.000
    UC2                1.285      0.089     14.507      0.000
    UC3                1.002      0.068     14.737      0.000

 DI       BY
    DI1                1.000      0.000    999.000    999.000
    DI2                1.196      0.049     24.358      0.000
    DI3                1.100      0.046     23.701      0.000

 DC       BY
    DC1                1.000      0.000    999.000    999.000
    DC2                1.166      0.081     14.483      0.000
    DC3                0.962      0.058     16.518      0.000

 RD       BY
    RD1                1.000      0.000    999.000    999.000
    RD2                1.180      0.077     15.271      0.000
    RD3                1.011      0.087     11.639      0.000
    RD4                1.295      0.076     17.113      0.000
    RD5                0.932      0.078     11.975      0.000

 POS      BY
    POS1               1.000      0.000    999.000    999.000
    POS2               1.049      0.039     26.936      0.000
    POS3               0.821      0.047     17.455      0.000
    POS5               0.793      0.044     17.842      0.000
    POS6               0.597      0.057     10.549      0.000

 LS       BY
    LS1                1.000      0.000    999.000    999.000
    LS2                0.935      0.045     20.869      0.000
    LS3                1.040      0.044     23.830      0.000
    LS4                0.993      0.052     18.953      0.000
    LS5                0.980      0.056     17.407      0.000

 RD       ON
    BLUE              -0.031      0.055     -0.558      0.577
    UI                -0.264      0.084     -3.153      0.002
    UC                 0.528      0.065      8.139      0.000

 POS      ON
    BLUE               0.104      0.064      1.621      0.105
    DI                -0.116      0.053     -2.168      0.030
    DC                 0.230      0.068      3.368      0.001

 LS       ON
    BLUE               0.083      0.043      1.920      0.055
    UI                 0.291      0.077      3.751      0.000
    UC                 0.055      0.066      0.827      0.408
    DI                -0.015      0.039     -0.375      0.708
    DC                -0.053      0.040     -1.326      0.185
    RD                -0.539      0.073     -7.400      0.000
    POS                0.455      0.042     10.802      0.000

 RD       ON
    GENDER             0.119      0.082      1.441      0.150
    AGE                0.000      0.008     -0.022      0.982
    EDU               -0.062      0.071     -0.874      0.382
    MARRIAGE          -0.009      0.079     -0.116      0.907

 POS      ON
    GENDER            -0.168      0.123     -1.364      0.173
    AGE                0.024      0.012      2.058      0.040
    EDU                0.148      0.141      1.050      0.294
    MARRIAGE          -0.024      0.117     -0.204      0.839

 LS       ON
    GENDER             0.180      0.076      2.365      0.018
    AGE                0.003      0.007      0.381      0.703
    EDU                0.131      0.075      1.731      0.083
    MARRIAGE           0.037      0.072      0.524      0.601

 UI       WITH
    BLUE               0.160      0.049      3.273      0.001

 UC       WITH
    BLUE               0.063      0.061      1.036      0.300
    UI                -0.300      0.057     -5.245      0.000

 DI       WITH
    BLUE               0.127      0.074      1.709      0.087
    UI                -0.061      0.061     -0.996      0.319
    UC                 0.741      0.088      8.379      0.000

 DC       WITH
    BLUE               0.127      0.067      1.892      0.058
    UI                 0.094      0.062      1.531      0.126
    UC                 0.110      0.077      1.439      0.150
    DI                 0.386      0.091      4.228      0.000

 Intercepts
    BLUE1              5.494      0.058     94.491      0.000
    BLUE2              5.812      0.054    106.853      0.000
    BLUE3              5.178      0.064     80.403      0.000
    BLUE4              5.640      0.059     95.009      0.000
    BLUE5              5.532      0.058     94.810      0.000
    BLUE6              5.911      0.056    105.910      0.000
    BLUE7              5.798      0.056    103.824      0.000
    DI1                4.097      0.069     58.965      0.000
    DI2                3.974      0.076     52.157      0.000
    DI3                3.949      0.075     52.781      0.000
    DC1                4.449      0.068     65.624      0.000
    DC2                4.723      0.070     67.499      0.000
    DC3                4.836      0.065     74.007      0.000
    UI1                5.478      0.052    105.150      0.000
    UI2                5.583      0.053    105.937      0.000
    UI3                5.271      0.056     94.462      0.000
    UC1                4.014      0.071     56.268      0.000
    UC2                3.883      0.075     51.929      0.000
    UC3                4.271      0.069     61.944      0.000
    POS1               2.732      0.709      3.854      0.000
    POS2               2.322      0.740      3.140      0.002
    POS3               3.314      0.584      5.670      0.000
    POS5               2.557      0.563      4.544      0.000
    POS6               3.770      0.435      8.658      0.000
    RD1                4.301      0.403     10.673      0.000
    RD2                3.182      0.481      6.613      0.000
    RD3                2.849      0.410      6.951      0.000
    RD4                3.737      0.525      7.116      0.000
    RD5                2.951      0.384      7.679      0.000
    LS1                3.218      0.525      6.129      0.000
    LS2                3.147      0.494      6.372      0.000
    LS3                3.490      0.540      6.462      0.000
    LS4                3.126      0.532      5.873      0.000
    LS5                2.085      0.518      4.027      0.000

 Variances
    BLUE               1.098      0.144      7.615      0.000
    UI                 0.663      0.104      6.379      0.000
    UC                 1.279      0.152      8.435      0.000
    DI                 1.765      0.126     13.967      0.000
    DC                 1.350      0.142      9.516      0.000

 Residual Variances
    BLUE1              0.579      0.083      6.993      0.000
    BLUE2              0.362      0.054      6.706      0.000
    BLUE3              1.100      0.119      9.214      0.000
    BLUE4              0.567      0.076      7.512      0.000
    BLUE5              0.570      0.071      8.007      0.000
    BLUE6              0.338      0.052      6.526      0.000
    BLUE7              0.283      0.036      7.780      0.000
    DI1                0.745      0.083      8.924      0.000
    DI2                0.502      0.071      7.122      0.000
    DI3                0.756      0.080      9.398      0.000
    DC1                0.996      0.112      8.887      0.000
    DC2                0.658      0.109      6.053      0.000
    DC3                0.896      0.090      9.974      0.000
    UI1                0.717      0.072      9.909      0.000
    UI2                0.643      0.072      8.963      0.000
    UI3                0.758      0.088      8.582      0.000
    UC1                1.343      0.133     10.135      0.000
    UC2                0.719      0.103      6.964      0.000
    UC3                1.224      0.101     12.152      0.000
    POS1               0.643      0.075      8.565      0.000
    POS2               0.650      0.073      8.897      0.000
    POS3               0.724      0.067     10.779      0.000
    POS5               1.294      0.112     11.588      0.000
    POS6               1.001      0.096     10.442      0.000
    RD1                1.267      0.104     12.165      0.000
    RD2                0.915      0.088     10.402      0.000
    RD3                1.303      0.119     10.937      0.000
    RD4                1.047      0.103     10.134      0.000
    RD5                1.513      0.119     12.665      0.000
    LS1                0.515      0.061      8.433      0.000
    LS2                0.617      0.051     12.077      0.000
    LS3                0.541      0.055      9.861      0.000
    LS4                1.388      0.115     12.111      0.000
    LS5                1.779      0.123     14.454      0.000
    RD                 0.564      0.081      6.949      0.000
    POS                1.539      0.130     11.805      0.000
    LS                 0.407      0.051      7.898      0.000

New/Additional Parameters
    RD_I               0.142      0.047      3.053      0.002
    RD_C              -0.284      0.050     -5.671      0.000
    POS_I             -0.053      0.025     -2.144      0.032
    POS_C              0.105      0.034      3.123      0.002
    UI_UC              0.264      0.120      2.205      0.027
    DI_DC              0.114      0.078      1.460      0.144
    RD_IC             -0.142      0.069     -2.057      0.040
    POS_IC             0.052      0.037      1.419      0.156


STANDARDIZED MODEL RESULTS


STDYX Standardization

                                                    Two-Tailed
                    Estimate       S.E.  Est./S.E.    P-Value

 BLUE     BY
    BLUE1              0.809      0.031     25.855      0.000
    BLUE2              0.869      0.022     39.501      0.000
    BLUE3              0.696      0.034     20.233      0.000
    BLUE4              0.824      0.026     31.916      0.000
    BLUE5              0.820      0.027     30.767      0.000
    BLUE6              0.887      0.020     45.280      0.000
    BLUE7              0.904      0.014     62.588      0.000

 UI       BY
    UI1                0.693      0.040     17.277      0.000
    UI2                0.739      0.037     19.906      0.000
    UI3                0.722      0.042     17.135      0.000

 UC       BY
    UC1                0.698      0.036     19.611      0.000
    UC2                0.864      0.022     39.788      0.000
    UC3                0.716      0.029     24.629      0.000

 DI       BY
    DI1                0.839      0.020     42.183      0.000
    DI2                0.913      0.013     68.540      0.000
    DI3                0.859      0.017     50.895      0.000

 DC       BY
    DC1                0.759      0.031     24.105      0.000
    DC2                0.858      0.026     32.602      0.000
    DC3                0.763      0.028     26.819      0.000

 RD       BY
    RD1                0.674      0.029     23.191      0.000
    RD2                0.785      0.024     32.815      0.000
    RD3                0.673      0.034     19.946      0.000
    RD4                0.793      0.024     33.330      0.000
    RD5                0.615      0.038     16.292      0.000

 POS      BY
    POS1               0.849      0.020     43.477      0.000
    POS2               0.859      0.018     48.496      0.000
    POS3               0.780      0.025     31.502      0.000
    POS5               0.669      0.033     20.007      0.000
    POS6               0.610      0.044     13.997      0.000

 LS       BY
    LS1                0.840      0.020     42.141      0.000
    LS2                0.798      0.019     41.862      0.000
    LS3                0.844      0.018     45.717      0.000
    LS4                0.684      0.029     23.542      0.000
    LS5                0.633      0.029     21.529      0.000

 RD       ON
    BLUE              -0.031      0.055     -0.563      0.573
    UI                -0.209      0.061     -3.430      0.001
    UC                 0.581      0.051     11.451      0.000

 POS      ON
    BLUE               0.085      0.051      1.652      0.098
    DI                -0.119      0.055     -2.175      0.030
    DC                 0.207      0.059      3.494      0.000

 LS       ON
    BLUE               0.078      0.040      1.928      0.054
    UI                 0.213      0.052      4.121      0.000
    UC                 0.056      0.068      0.827      0.408
    DI                -0.018      0.047     -0.375      0.707
    DC                -0.056      0.041     -1.356      0.175
    RD                -0.498      0.062     -8.093      0.000
    POS                0.528      0.042     12.511      0.000

 RD       ON
    GENDER             0.058      0.040      1.442      0.149
    AGE               -0.001      0.048     -0.022      0.982
    EDU               -0.031      0.035     -0.878      0.380
    MARRIAGE          -0.005      0.047     -0.116      0.907

 POS      ON
    GENDER            -0.065      0.048     -1.358      0.174
    AGE                0.116      0.055      2.099      0.036
    EDU                0.058      0.055      1.058      0.290
    MARRIAGE          -0.011      0.055     -0.204      0.838

 LS       ON
    GENDER             0.081      0.034      2.361      0.018
    AGE                0.015      0.040      0.382      0.703
    EDU                0.060      0.034      1.767      0.077
    MARRIAGE           0.021      0.039      0.524      0.600

 UI       WITH
    BLUE               0.187      0.057      3.275      0.001

 UC       WITH
    BLUE               0.053      0.050      1.056      0.291
    UI                -0.326      0.051     -6.428      0.000

 DI       WITH
    BLUE               0.091      0.052      1.761      0.078
    UI                -0.056      0.057     -0.975      0.330
    UC                 0.493      0.047     10.442      0.000

 DC       WITH
    BLUE               0.104      0.055      1.908      0.056
    UI                 0.100      0.065      1.533      0.125
    UC                 0.084      0.059      1.424      0.154
    DI                 0.250      0.056      4.440      0.000

 Intercepts
    BLUE1              4.243      0.215     19.777      0.000
    BLUE2              4.777      0.265     18.043      0.000
    BLUE3              3.547      0.151     23.423      0.000
    BLUE4              4.242      0.195     21.702      0.000
    BLUE5              4.195      0.195     21.482      0.000
    BLUE6              4.698      0.261     18.005      0.000
    BLUE7              4.654      0.252     18.436      0.000
    DI1                2.586      0.075     34.398      0.000
    DI2                2.284      0.066     34.685      0.000
    DI3                2.322      0.068     34.363      0.000
    DC1                2.904      0.096     30.207      0.000
    DC2                2.992      0.112     26.717      0.000
    DC3                3.302      0.128     25.731      0.000
    UI1                4.663      0.191     24.438      0.000
    UI2                4.690      0.198     23.636      0.000
    UI3                4.187      0.169     24.785      0.000
    UC1                2.479      0.072     34.413      0.000
    UC2                2.308      0.065     35.358      0.000
    UC3                2.696      0.086     31.208      0.000
    POS1               1.799      0.474      3.796      0.000
    POS2               1.474      0.472      3.124      0.002
    POS3               2.440      0.449      5.434      0.000
    POS5               1.672      0.375      4.463      0.000
    POS6               2.986      0.376      7.951      0.000
    RD1                2.821      0.274     10.293      0.000
    RD2                2.059      0.315      6.535      0.000
    RD3                1.846      0.270      6.834      0.000
    RD4                2.225      0.317      7.022      0.000
    RD5                1.893      0.247      7.672      0.000
    LS1                2.431      0.409      5.946      0.000
    LS2                2.414      0.391      6.175      0.000
    LS3                2.547      0.402      6.343      0.000
    LS4                1.936      0.339      5.706      0.000
    LS5                1.210      0.302      4.002      0.000

 Variances
    BLUE               1.000      0.000    999.000    999.000
    UI                 1.000      0.000    999.000    999.000
    UC                 1.000      0.000    999.000    999.000
    DI                 1.000      0.000    999.000    999.000
    DC                 1.000      0.000    999.000    999.000

 Residual Variances
    BLUE1              0.345      0.050      6.878      0.000
    BLUE2              0.245      0.038      6.443      0.000
    BLUE3              0.516      0.048     10.843      0.000
    BLUE4              0.321      0.042      7.582      0.000
    BLUE5              0.328      0.043      7.560      0.000
    BLUE6              0.214      0.035      6.179      0.000
    BLUE7              0.182      0.026      6.996      0.000
    DI1                0.297      0.033      8.922      0.000
    DI2                0.166      0.024      6.820      0.000
    DI3                0.261      0.029      9.023      0.000
    DC1                0.425      0.047      8.948      0.000
    DC2                0.264      0.045      5.848      0.000
    DC3                0.418      0.043      9.655      0.000
    UI1                0.519      0.055      9.410      0.000
    UI2                0.454      0.055      8.307      0.000
    UI3                0.478      0.060      7.903      0.000
    UC1                0.512      0.049     10.349      0.000
    UC2                0.254      0.037      6.781      0.000
    UC3                0.488      0.042     11.747      0.000
    POS1               0.279      0.033      8.422      0.000
    POS2               0.262      0.030      8.638      0.000
    POS3               0.392      0.038     10.196      0.000
    POS5               0.553      0.045     12.405      0.000
    POS6               0.628      0.053     11.856      0.000
    RD1                0.545      0.039     13.952      0.000
    RD2                0.383      0.037     10.217      0.000
    RD3                0.547      0.045     12.089      0.000
    RD4                0.371      0.038      9.872      0.000
    RD5                0.622      0.046     13.492      0.000
    LS1                0.294      0.033      8.813      0.000
    LS2                0.363      0.030     11.959      0.000
    LS3                0.288      0.031      9.267      0.000
    LS4                0.533      0.040     13.444      0.000
    LS5                0.600      0.037     16.166      0.000
    RD                 0.534      0.056      9.526      0.000
    POS                0.926      0.027     34.104      0.000
    LS                 0.329      0.034      9.556      0.000


R-SQUARE

    Observed                                        Two-Tailed
    Variable        Estimate       S.E.  Est./S.E.    P-Value

    BLUE1              0.655      0.050     13.050      0.000
    BLUE2              0.755      0.038     19.894      0.000
    BLUE3              0.484      0.048     10.167      0.000
    BLUE4              0.679      0.042     16.038      0.000
    BLUE5              0.672      0.043     15.492      0.000
    BLUE6              0.786      0.035     22.746      0.000
    BLUE7              0.818      0.026     31.399      0.000
    DI1                0.703      0.033     21.144      0.000
    DI2                0.834      0.024     34.297      0.000
    DI3                0.739      0.029     25.490      0.000
    DC1                0.575      0.047     12.125      0.000
    DC2                0.736      0.045     16.321      0.000
    DC3                0.582      0.043     13.465      0.000
    UI1                0.481      0.055      8.709      0.000
    UI2                0.546      0.055     10.002      0.000
    UI3                0.522      0.060      8.629      0.000
    UC1                0.488      0.049      9.855      0.000
    UC2                0.746      0.037     19.907      0.000
    UC3                0.512      0.042     12.331      0.000
    POS1               0.721      0.033     21.793      0.000
    POS2               0.738      0.030     24.332      0.000
    POS3               0.608      0.038     15.793      0.000
    POS5               0.447      0.045     10.025      0.000
    POS6               0.372      0.053      7.021      0.000
    RD1                0.455      0.039     11.638      0.000
    RD2                0.617      0.037     16.451      0.000
    RD3                0.453      0.045     10.030      0.000
    RD4                0.629      0.038     16.717      0.000
    RD5                0.378      0.046      8.189      0.000
    LS1                0.706      0.033     21.143      0.000
    LS2                0.637      0.030     20.973      0.000
    LS3                0.712      0.031     22.906      0.000
    LS4                0.467      0.040     11.796      0.000
    LS5                0.400      0.037     10.798      0.000

     Latent                                         Two-Tailed
    Variable        Estimate       S.E.  Est./S.E.    P-Value

    RD                 0.466      0.056      8.326      0.000
    POS                0.074      0.027      2.744      0.006
    LS                 0.671      0.034     19.510      0.000


CONFIDENCE INTERVALS OF MODEL RESULTS

                  Lower .5%  Lower 2.5%    Lower 5%    Estimate    Upper 5%  Upper 2.5%   Upper .5%

 BLUE     BY
    BLUE1            1.000       1.000       1.000       1.000       1.000       1.000       1.000
    BLUE2            0.913       0.936       0.948       1.009       1.071       1.082       1.105
    BLUE3            0.825       0.859       0.877       0.969       1.061       1.079       1.113
    BLUE4            0.905       0.938       0.956       1.046       1.135       1.153       1.186
    BLUE5            0.873       0.911       0.930       1.032       1.133       1.152       1.190
    BLUE6            0.930       0.962       0.979       1.065       1.151       1.167       1.199
    BLUE7            0.939       0.971       0.988       1.075       1.162       1.179       1.212

 UI       BY
    UI1              1.000       1.000       1.000       1.000       1.000       1.000       1.000
    UI2              0.828       0.888       0.919       1.080       1.241       1.272       1.333
    UI3              0.842       0.908       0.941       1.117       1.292       1.326       1.391

 UC       BY
    UC1              1.000       1.000       1.000       1.000       1.000       1.000       1.000
    UC2              1.057       1.111       1.139       1.285       1.430       1.458       1.513
    UC3              0.827       0.869       0.891       1.002       1.114       1.136       1.178

 DI       BY
    DI1              1.000       1.000       1.000       1.000       1.000       1.000       1.000
    DI2              1.070       1.100       1.115       1.196       1.277       1.293       1.323
    DI3              0.980       1.009       1.023       1.100       1.176       1.191       1.219

 DC       BY
    DC1              1.000       1.000       1.000       1.000       1.000       1.000       1.000
    DC2              0.959       1.008       1.034       1.166       1.298       1.324       1.373
    DC3              0.812       0.848       0.866       0.962       1.058       1.076       1.112

 RD       BY
    RD1              1.000       1.000       1.000       1.000       1.000       1.000       1.000
    RD2              0.981       1.029       1.053       1.180       1.308       1.332       1.380
    RD3              0.787       0.841       0.868       1.011       1.154       1.181       1.235
    RD4              1.100       1.147       1.171       1.295       1.420       1.444       1.490
    RD5              0.732       0.779       0.804       0.932       1.060       1.085       1.132

 POS      BY
    POS1             1.000       1.000       1.000       1.000       1.000       1.000       1.000
    POS2             0.949       0.973       0.985       1.049       1.113       1.126       1.150
    POS3             0.700       0.729       0.743       0.821       0.898       0.913       0.942
    POS5             0.678       0.706       0.720       0.793       0.866       0.880       0.907
    POS6             0.451       0.486       0.504       0.597       0.690       0.708       0.743

 LS       BY
    LS1              1.000       1.000       1.000       1.000       1.000       1.000       1.000
    LS2              0.820       0.847       0.862       0.935       1.009       1.023       1.051
    LS3              0.927       0.954       0.968       1.040       1.111       1.125       1.152
    LS4              0.858       0.890       0.906       0.993       1.079       1.095       1.127
    LS5              0.835       0.870       0.888       0.980       1.073       1.091       1.125

 RD       ON
    BLUE            -0.172      -0.138      -0.121      -0.031       0.060       0.077       0.111
    UI              -0.480      -0.429      -0.402      -0.264      -0.126      -0.100      -0.048
    UC               0.361       0.401       0.421       0.528       0.635       0.655       0.695

 POS      ON
    BLUE            -0.062      -0.022      -0.002       0.104       0.210       0.231       0.270
    DI              -0.253      -0.220      -0.203      -0.116      -0.028      -0.011       0.022
    DC               0.054       0.096       0.118       0.230       0.343       0.364       0.406

 LS       ON
    BLUE            -0.028      -0.002       0.012       0.083       0.153       0.167       0.194
    UI               0.091       0.139       0.163       0.291       0.418       0.442       0.490
    UC              -0.116      -0.075      -0.054       0.055       0.164       0.185       0.226
    DI              -0.116      -0.092      -0.079      -0.015       0.050       0.062       0.086
    DC              -0.157      -0.133      -0.120      -0.053       0.013       0.026       0.050
    RD              -0.726      -0.681      -0.658      -0.539      -0.419      -0.396      -0.351
    POS              0.347       0.373       0.386       0.455       0.524       0.538       0.564

 RD       ON
    GENDER          -0.094      -0.043      -0.017       0.119       0.254       0.280       0.331
    AGE             -0.021      -0.016      -0.013       0.000       0.013       0.016       0.020
    EDU             -0.245      -0.202      -0.179      -0.062       0.055       0.077       0.121
    MARRIAGE        -0.213      -0.164      -0.139      -0.009       0.121       0.146       0.195

 POS      ON
    GENDER          -0.484      -0.408      -0.370      -0.168       0.035       0.073       0.149
    AGE             -0.006       0.001       0.005       0.024       0.043       0.047       0.054
    EDU             -0.214      -0.128      -0.084       0.148       0.379       0.423       0.510
    MARRIAGE        -0.326      -0.254      -0.217      -0.024       0.169       0.206       0.278

 LS       ON
    GENDER          -0.016       0.031       0.055       0.180       0.306       0.330       0.377
    AGE             -0.016      -0.011      -0.009       0.003       0.015       0.017       0.021
    EDU             -0.064      -0.017       0.007       0.131       0.255       0.279       0.325
    MARRIAGE        -0.147      -0.103      -0.080       0.037       0.155       0.178       0.222

 UI       WITH
    BLUE             0.034       0.064       0.079       0.160       0.240       0.255       0.285

 UC       WITH
    BLUE            -0.094      -0.056      -0.037       0.063       0.163       0.183       0.220
    UI              -0.448      -0.413      -0.395      -0.300      -0.206      -0.188      -0.153

 DI       WITH
    BLUE            -0.064      -0.019       0.005       0.127       0.249       0.273       0.319
    UI              -0.217      -0.180      -0.160      -0.061       0.039       0.059       0.096
    UC               0.513       0.567       0.595       0.741       0.886       0.914       0.968

 DC       WITH
    BLUE            -0.046      -0.005       0.017       0.127       0.238       0.259       0.300
    UI              -0.065      -0.026      -0.007       0.094       0.196       0.215       0.253
    UC              -0.087      -0.040      -0.016       0.110       0.236       0.260       0.307
    DI               0.151       0.207       0.236       0.386       0.537       0.566       0.622

 Intercepts
    BLUE1            5.344       5.380       5.398       5.494       5.590       5.608       5.644
    BLUE2            5.672       5.706       5.723       5.812       5.902       5.919       5.952
    BLUE3            5.012       5.052       5.072       5.178       5.284       5.304       5.344
    BLUE4            5.487       5.524       5.543       5.640       5.738       5.757       5.793
    BLUE5            5.381       5.417       5.436       5.532       5.628       5.646       5.682
    BLUE6            5.767       5.802       5.819       5.911       6.003       6.020       6.055
    BLUE7            5.655       5.689       5.707       5.798       5.890       5.908       5.942
    DI1              3.918       3.961       3.983       4.097       4.211       4.233       4.276
    DI2              3.778       3.825       3.849       3.974       4.100       4.124       4.171
    DI3              3.756       3.802       3.826       3.949       4.072       4.095       4.141
    DC1              4.274       4.316       4.337       4.449       4.560       4.581       4.623
    DC2              4.543       4.586       4.608       4.723       4.838       4.860       4.904
    DC3              4.668       4.708       4.728       4.836       4.943       4.964       5.004
    UI1              5.344       5.376       5.393       5.478       5.564       5.580       5.612
    UI2              5.447       5.480       5.496       5.583       5.670       5.686       5.719
    UI3              5.127       5.161       5.179       5.271       5.363       5.380       5.414
    UC1              3.830       3.874       3.896       4.014       4.131       4.154       4.198
    UC2              3.691       3.737       3.760       3.883       4.006       4.030       4.076
    UC3              4.093       4.136       4.157       4.271       4.384       4.406       4.448
    POS1             0.906       1.343       1.566       2.732       3.898       4.122       4.558
    POS2             0.417       0.873       1.106       2.322       3.539       3.772       4.228
    POS3             1.809       2.169       2.353       3.314       4.276       4.460       4.820
    POS5             1.108       1.454       1.632       2.557       3.483       3.660       4.007
    POS6             2.648       2.916       3.053       3.770       4.486       4.623       4.891
    RD1              3.263       3.511       3.638       4.301       4.964       5.091       5.339
    RD2              1.942       2.239       2.390       3.182       3.973       4.125       4.421
    RD3              1.793       2.046       2.175       2.849       3.523       3.652       3.905
    RD4              2.384       2.708       2.873       3.737       4.601       4.766       5.090
    RD5              1.961       2.198       2.319       2.951       3.583       3.704       3.941
    LS1              1.866       2.189       2.354       3.218       4.082       4.247       4.570
    LS2              1.875       2.179       2.334       3.147       3.959       4.114       4.419
    LS3              2.099       2.432       2.602       3.490       4.379       4.549       4.881
    LS4              1.755       2.083       2.251       3.126       4.002       4.169       4.497
    LS5              0.751       1.070       1.233       2.085       2.936       3.099       3.418

 Variances
    BLUE             0.727       0.815       0.861       1.098       1.335       1.381       1.470
    UI               0.395       0.459       0.492       0.663       0.834       0.867       0.931
    UC               0.889       0.982       1.030       1.279       1.529       1.576       1.670
    DI               1.440       1.518       1.558       1.765       1.973       2.013       2.091
    DC               0.985       1.072       1.117       1.350       1.583       1.628       1.715

 Residual Variances
    BLUE1            0.366       0.417       0.443       0.579       0.715       0.741       0.792
    BLUE2            0.223       0.256       0.273       0.362       0.451       0.468       0.501
    BLUE3            0.792       0.866       0.903       1.100       1.296       1.333       1.407
    BLUE4            0.373       0.419       0.443       0.567       0.692       0.716       0.762
    BLUE5            0.387       0.431       0.453       0.570       0.688       0.710       0.754
    BLUE6            0.205       0.237       0.253       0.338       0.423       0.440       0.472
    BLUE7            0.189       0.212       0.223       0.283       0.343       0.354       0.376
    DI1              0.530       0.581       0.608       0.745       0.882       0.909       0.960
    DI2              0.321       0.364       0.386       0.502       0.618       0.641       0.684
    DI3              0.549       0.598       0.623       0.756       0.888       0.913       0.963
    DC1              0.707       0.777       0.812       0.996       1.181       1.216       1.285
    DC2              0.378       0.445       0.479       0.658       0.836       0.870       0.937
    DC3              0.664       0.720       0.748       0.896       1.044       1.072       1.127
    UI1              0.530       0.575       0.598       0.717       0.836       0.858       0.903
    UI2              0.458       0.502       0.525       0.643       0.761       0.783       0.828
    UI3              0.530       0.585       0.612       0.758       0.903       0.931       0.985
    UC1              1.002       1.083       1.125       1.343       1.561       1.603       1.685
    UC2              0.453       0.517       0.549       0.719       0.889       0.922       0.985
    UC3              0.965       1.027       1.059       1.224       1.390       1.422       1.484
    POS1             0.449       0.496       0.519       0.643       0.766       0.790       0.836
    POS2             0.462       0.507       0.530       0.650       0.770       0.793       0.838
    POS3             0.551       0.592       0.613       0.724       0.834       0.855       0.897
    POS5             1.006       1.075       1.110       1.294       1.477       1.512       1.581
    POS6             0.754       0.813       0.844       1.001       1.159       1.189       1.248
    RD1              0.999       1.063       1.096       1.267       1.439       1.471       1.536
    RD2              0.688       0.742       0.770       0.915       1.059       1.087       1.141
    RD3              0.996       1.069       1.107       1.303       1.498       1.536       1.609
    RD4              0.781       0.845       0.877       1.047       1.217       1.250       1.313
    RD5              1.205       1.279       1.316       1.513       1.709       1.747       1.820
    LS1              0.358       0.396       0.415       0.515       0.616       0.635       0.673
    LS2              0.485       0.517       0.533       0.617       0.701       0.717       0.748
    LS3              0.399       0.433       0.450       0.541       0.631       0.648       0.682
    LS4              1.093       1.164       1.200       1.388       1.577       1.613       1.684
    LS5              1.462       1.538       1.577       1.779       1.982       2.020       2.096
    RD               0.355       0.405       0.431       0.564       0.698       0.723       0.773
    POS              1.204       1.284       1.325       1.539       1.754       1.795       1.875
    LS               0.274       0.306       0.322       0.407       0.491       0.507       0.539

New/Additional Parameters
    RD_I             0.022       0.051       0.066       0.142       0.219       0.234       0.262
    RD_C            -0.413      -0.383      -0.367      -0.284      -0.202      -0.186      -0.155
    POS_I           -0.116      -0.101      -0.093      -0.053      -0.012      -0.005       0.011
    POS_C            0.018       0.039       0.050       0.105       0.160       0.171       0.191
    UI_UC           -0.044       0.029       0.067       0.264       0.460       0.498       0.572
    DI_DC           -0.088      -0.039      -0.015       0.114       0.243       0.268       0.316
    RD_IC           -0.320      -0.277      -0.256      -0.142      -0.028      -0.007       0.036
    POS_IC          -0.042      -0.020      -0.008       0.052       0.113       0.124       0.147


CONFIDENCE INTERVALS OF STANDARDIZED MODEL RESULTS


STDYX Standardization

                  Lower .5%  Lower 2.5%    Lower 5%    Estimate    Upper 5%  Upper 2.5%   Upper .5%

 BLUE     BY
    BLUE1            0.729       0.748       0.758       0.809       0.861       0.871       0.890
    BLUE2            0.812       0.826       0.833       0.869       0.905       0.912       0.926
    BLUE3            0.607       0.628       0.639       0.696       0.752       0.763       0.784
    BLUE4            0.758       0.773       0.782       0.824       0.866       0.875       0.891
    BLUE5            0.751       0.768       0.776       0.820       0.864       0.872       0.888
    BLUE6            0.836       0.848       0.855       0.887       0.919       0.925       0.937
    BLUE7            0.867       0.876       0.881       0.904       0.928       0.933       0.942

 UI       BY
    UI1              0.590       0.615       0.627       0.693       0.759       0.772       0.797
    UI2              0.643       0.666       0.678       0.739       0.800       0.812       0.835
    UI3              0.614       0.640       0.653       0.722       0.792       0.805       0.831

 UC       BY
    UC1              0.607       0.629       0.640       0.698       0.757       0.768       0.790
    UC2              0.808       0.821       0.828       0.864       0.899       0.906       0.920
    UC3              0.641       0.659       0.668       0.716       0.763       0.773       0.790

 DI       BY
    DI1              0.787       0.800       0.806       0.839       0.871       0.878       0.890
    DI2              0.879       0.887       0.891       0.913       0.935       0.939       0.948
    DI3              0.816       0.826       0.832       0.859       0.887       0.892       0.903

 DC       BY
    DC1              0.677       0.697       0.707       0.759       0.810       0.820       0.840
    DC2              0.790       0.806       0.815       0.858       0.901       0.910       0.926
    DC3              0.690       0.707       0.716       0.763       0.810       0.819       0.836

 RD       BY
    RD1              0.599       0.617       0.627       0.674       0.722       0.731       0.749
    RD2              0.724       0.739       0.746       0.785       0.825       0.832       0.847
    RD3              0.586       0.607       0.618       0.673       0.729       0.740       0.760
    RD4              0.732       0.746       0.754       0.793       0.832       0.840       0.854
    RD5              0.517       0.541       0.553       0.615       0.677       0.689       0.712

 POS      BY
    POS1             0.799       0.811       0.817       0.849       0.881       0.888       0.900
    POS2             0.813       0.824       0.830       0.859       0.888       0.894       0.905
    POS3             0.716       0.731       0.739       0.780       0.820       0.828       0.843
    POS5             0.582       0.603       0.614       0.669       0.724       0.734       0.755
    POS6             0.498       0.524       0.538       0.610       0.682       0.695       0.722

 LS       BY
    LS1              0.789       0.801       0.807       0.840       0.873       0.879       0.891
    LS2              0.749       0.761       0.767       0.798       0.829       0.835       0.847
    LS3              0.796       0.808       0.813       0.844       0.874       0.880       0.891
    LS4              0.609       0.627       0.636       0.684       0.731       0.741       0.758
    LS5              0.557       0.575       0.584       0.633       0.681       0.690       0.709

 RD       ON
    BLUE            -0.174      -0.140      -0.122      -0.031       0.060       0.077       0.111
    UI              -0.367      -0.329      -0.310      -0.209      -0.109      -0.090      -0.052
    UC               0.450       0.481       0.497       0.581       0.664       0.680       0.711

 POS      ON
    BLUE            -0.047      -0.016       0.000       0.085       0.169       0.185       0.217
    DI              -0.260      -0.227      -0.209      -0.119      -0.029      -0.012       0.022
    DC               0.054       0.091       0.110       0.207       0.305       0.324       0.360

 LS       ON
    BLUE            -0.026      -0.001       0.011       0.078       0.144       0.157       0.182
    UI               0.080       0.112       0.128       0.213       0.298       0.314       0.346
    UC              -0.118      -0.077      -0.055       0.056       0.167       0.188       0.230
    DI              -0.138      -0.109      -0.095      -0.018       0.059       0.074       0.103
    DC              -0.162      -0.137      -0.124      -0.056       0.012       0.025       0.050
    RD              -0.656      -0.618      -0.599      -0.498      -0.397      -0.377      -0.339
    POS              0.419       0.445       0.458       0.528       0.597       0.611       0.637

 RD       ON
    GENDER          -0.045      -0.021      -0.008       0.058       0.124       0.136       0.161
    AGE             -0.125      -0.095      -0.080      -0.001       0.078       0.093       0.123
    EDU             -0.121      -0.099      -0.088      -0.031       0.027       0.038       0.059
    MARRIAGE        -0.127      -0.098      -0.083      -0.005       0.072       0.087       0.116

 POS      ON
    GENDER          -0.188      -0.159      -0.144      -0.065       0.014       0.029       0.058
    AGE             -0.026       0.008       0.025       0.116       0.207       0.225       0.259
    EDU             -0.083      -0.050      -0.032       0.058       0.149       0.166       0.200
    MARRIAGE        -0.154      -0.120      -0.103      -0.011       0.080       0.097       0.132

 LS       ON
    GENDER          -0.007       0.014       0.025       0.081       0.138       0.148       0.170
    AGE             -0.088      -0.063      -0.051       0.015       0.081       0.094       0.119
    EDU             -0.027      -0.007       0.004       0.060       0.115       0.126       0.147
    MARRIAGE        -0.081      -0.056      -0.044       0.021       0.085       0.098       0.122

 UI       WITH
    BLUE             0.040       0.075       0.093       0.187       0.281       0.299       0.334

 UC       WITH
    BLUE            -0.077      -0.046      -0.030       0.053       0.136       0.152       0.183
    UI              -0.457      -0.426      -0.410      -0.326      -0.243      -0.227      -0.195

 DI       WITH
    BLUE            -0.042      -0.010       0.006       0.091       0.177       0.193       0.225
    UI              -0.204      -0.168      -0.150      -0.056       0.038       0.057       0.092
    UC               0.371       0.400       0.415       0.493       0.571       0.585       0.615

 DC       WITH
    BLUE            -0.037      -0.003       0.014       0.104       0.195       0.212       0.246
    UI              -0.068      -0.028      -0.007       0.100       0.207       0.227       0.268
    UC              -0.068      -0.032      -0.013       0.084       0.181       0.199       0.235
    DI               0.105       0.140       0.158       0.250       0.343       0.361       0.396

 Intercepts
    BLUE1            3.690       3.822       3.890       4.243       4.596       4.663       4.795
    BLUE2            4.095       4.258       4.341       4.777       5.212       5.296       5.459
    BLUE3            3.157       3.251       3.298       3.547       3.797       3.844       3.938
    BLUE4            3.739       3.859       3.921       4.242       4.564       4.625       4.746
    BLUE5            3.692       3.812       3.873       4.195       4.516       4.577       4.698
    BLUE6            4.026       4.187       4.269       4.698       5.127       5.210       5.370
    BLUE7            4.004       4.159       4.239       4.654       5.069       5.149       5.304
    DI1              2.392       2.438       2.462       2.586       2.709       2.733       2.779
    DI2              2.114       2.155       2.175       2.284       2.392       2.413       2.453
    DI3              2.148       2.190       2.211       2.322       2.434       2.455       2.497
    DC1              2.657       2.716       2.746       2.904       3.062       3.093       3.152
    DC2              2.703       2.772       2.808       2.992       3.176       3.211       3.280
    DC3              2.971       3.050       3.091       3.302       3.513       3.553       3.632
    UI1              4.172       4.289       4.350       4.663       4.977       5.037       5.155
    UI2              4.179       4.301       4.364       4.690       5.016       5.079       5.201
    UI3              3.752       3.856       3.909       4.187       4.465       4.518       4.622
    UC1              2.293       2.337       2.360       2.479       2.597       2.620       2.664
    UC2              2.140       2.180       2.201       2.308       2.416       2.436       2.476
    UC3              2.473       2.527       2.554       2.696       2.838       2.865       2.918
    POS1             0.578       0.870       1.019       1.799       2.579       2.728       3.020
    POS2             0.259       0.549       0.698       1.474       2.251       2.399       2.690
    POS3             1.284       1.560       1.702       2.440       3.179       3.321       3.597
    POS5             0.707       0.938       1.056       1.672       2.289       2.407       2.637
    POS6             2.018       2.250       2.368       2.986       3.603       3.722       3.953
    RD1              2.115       2.284       2.370       2.821       3.272       3.358       3.527
    RD2              1.247       1.442       1.541       2.059       2.578       2.677       2.871
    RD3              1.150       1.316       1.401       1.846       2.290       2.375       2.541
    RD4              1.409       1.604       1.704       2.225       2.746       2.846       3.041
    RD5              1.257       1.409       1.487       1.893       2.299       2.376       2.528
    LS1              1.378       1.630       1.758       2.431       3.104       3.232       3.484
    LS2              1.407       1.648       1.771       2.414       3.057       3.180       3.421
    LS3              1.513       1.760       1.887       2.547       3.208       3.335       3.582
    LS4              1.062       1.271       1.378       1.936       2.494       2.601       2.810
    LS5              0.431       0.617       0.713       1.210       1.708       1.803       1.989

 Variances
    BLUE             1.000       1.000       1.000       1.000       1.000       1.000       1.000
    UI               1.000       1.000       1.000       1.000       1.000       1.000       1.000
    UC               1.000       1.000       1.000       1.000       1.000       1.000       1.000
    DI               1.000       1.000       1.000       1.000       1.000       1.000       1.000
    DC               1.000       1.000       1.000       1.000       1.000       1.000       1.000

 Residual Variances
    BLUE1            0.216       0.247       0.263       0.345       0.428       0.443       0.474
    BLUE2            0.147       0.170       0.182       0.245       0.307       0.319       0.342
    BLUE3            0.394       0.423       0.438       0.516       0.594       0.609       0.639
    BLUE4            0.212       0.238       0.251       0.321       0.391       0.404       0.430
    BLUE5            0.216       0.243       0.257       0.328       0.399       0.413       0.440
    BLUE6            0.125       0.146       0.157       0.214       0.270       0.281       0.303
    BLUE7            0.115       0.131       0.139       0.182       0.225       0.233       0.249
    DI1              0.211       0.232       0.242       0.297       0.351       0.362       0.382
    DI2              0.103       0.118       0.126       0.166       0.206       0.214       0.229
    DI3              0.187       0.205       0.214       0.261       0.309       0.318       0.336
    DC1              0.302       0.332       0.347       0.425       0.503       0.518       0.547
    DC2              0.148       0.175       0.190       0.264       0.338       0.352       0.380
    DC3              0.306       0.333       0.346       0.418       0.489       0.502       0.529
    UI1              0.377       0.411       0.429       0.519       0.610       0.628       0.662
    UI2              0.313       0.347       0.364       0.454       0.544       0.561       0.594
    UI3              0.322       0.359       0.379       0.478       0.578       0.597       0.634
    UC1              0.385       0.415       0.431       0.512       0.594       0.609       0.640
    UC2              0.158       0.181       0.192       0.254       0.316       0.328       0.351
    UC3              0.381       0.406       0.420       0.488       0.556       0.569       0.595
    POS1             0.193       0.214       0.224       0.279       0.333       0.344       0.364
    POS2             0.184       0.203       0.212       0.262       0.312       0.321       0.340
    POS3             0.293       0.317       0.329       0.392       0.456       0.468       0.491
    POS5             0.438       0.466       0.480       0.553       0.626       0.640       0.668
    POS6             0.492       0.524       0.541       0.628       0.715       0.732       0.765
    RD1              0.445       0.469       0.481       0.545       0.610       0.622       0.646
    RD2              0.287       0.310       0.321       0.383       0.445       0.457       0.480
    RD3              0.430       0.458       0.472       0.547       0.621       0.635       0.663
    RD4              0.274       0.298       0.309       0.371       0.433       0.445       0.468
    RD5              0.503       0.532       0.546       0.622       0.698       0.713       0.741
    LS1              0.208       0.229       0.239       0.294       0.349       0.360       0.380
    LS2              0.285       0.304       0.313       0.363       0.413       0.423       0.441
    LS3              0.208       0.227       0.237       0.288       0.339       0.349       0.368
    LS4              0.431       0.455       0.467       0.533       0.598       0.610       0.635
    LS5              0.504       0.527       0.539       0.600       0.661       0.672       0.695
    RD               0.389       0.424       0.441       0.534       0.626       0.643       0.678
    POS              0.856       0.872       0.881       0.926       0.970       0.979       0.995
    LS               0.240       0.261       0.272       0.329       0.385       0.396       0.417


     Beginning Time:  15:13:13
        Ending Time:  15:19:02
       Elapsed Time:  00:05:49



MUTHEN & MUTHEN
3463 Stoner Ave.
Los Angeles, CA  90066

Tel: (310) 391-9971
Fax: (310) 391-8971
Web: www.StatModel.com
Support: Support@StatModel.com

Copyright (c) 1998-2019 Muthen & Muthen
