Mplus VERSION 8.3
MUTHEN & MUTHEN
02/06/2024   2:08 PM

INPUT INSTRUCTIONS

  TITLE:

      Mediation;

  DATA:
  FILE = "./OUTPUT/SEM/Mplus/SEM.med.usc_dsc_4fd1b5e5da71364cfbb77c0fa0fc5e4d.dat";

  VARIABLE:
  NAMES = Gender Age Edu Marriage Blue1 Blue2 Blue3 Blue4 Blue5 Blue6 Blue7 USC DSC
       POS1 POS2 POS3 POS5 POS6 RD1 RD2 RD3 RD4 RD5 LS1 LS2 LS3 LS4 LS5;
   MISSING=.;

  ANALYSIS:

      TYPE =general;
      bootstrap = 5000;
      process=16;

  MODEL:

      Blue by Blue1-Blue7;
      RD by RD1-RD5;
      POS by POS1-POS3 POS5 POS6;

      LS by LS1-LS5;

      RD on Gender Age Edu Marriage
            Blue
            USC(a1);
      POS on Gender Age Edu Marriage
             Blue
             DSC(a2);
      LS on Gender Age Edu Marriage
            Blue
            USC(c1)
            DSC(c2)
            RD(b1)
            POS(b2);

  MODEL CONSTRAINT:

     NEW(IE_RD
         IE_POS);

      IE_RD = a1*b1;
      IE_POS = a2*b2;

  OUTPUT:

      CINT(bcbootstrap);
      STDYX



INPUT READING TERMINATED NORMALLY





Mediation;

SUMMARY OF ANALYSIS

Number of groups                                                 1
Number of observations                                         506

Number of dependent variables                                   22
Number of independent variables                                  6
Number of continuous latent variables                            4

Observed dependent variables

  Continuous
   BLUE1       BLUE2       BLUE3       BLUE4       BLUE5       BLUE6
   BLUE7       POS1        POS2        POS3        POS5        POS6
   RD1         RD2         RD3         RD4         RD5         LS1
   LS2         LS3         LS4         LS5

Observed independent variables
   GENDER      AGE         EDU         MARRIAGE    USC         DSC

Continuous latent variables
   BLUE        RD          POS         LS


Estimator                                                       ML
Information matrix                                        OBSERVED
Maximum number of iterations                                  1000
Convergence criterion                                    0.500D-04
Maximum number of steepest descent iterations                   20
Maximum number of iterations for H1                           2000
Convergence criterion for H1                             0.100D-03
Number of bootstrap draws
    Requested                                                 5000
    Completed                                                 5000

Input data file(s)
  ./OUTPUT/SEM/Mplus/SEM.med.usc_dsc_4fd1b5e5da71364cfbb77c0fa0fc5e4d.dat

Input data format  FREE


SUMMARY OF DATA

     Number of missing data patterns             1


COVARIANCE COVERAGE OF DATA

Minimum covariance coverage value   0.100


     PROPORTION OF DATA PRESENT


           Covariance Coverage
              BLUE1         BLUE2         BLUE3         BLUE4         BLUE5
              ________      ________      ________      ________      ________
 BLUE1          1.000
 BLUE2          1.000         1.000
 BLUE3          1.000         1.000         1.000
 BLUE4          1.000         1.000         1.000         1.000
 BLUE5          1.000         1.000         1.000         1.000         1.000
 BLUE6          1.000         1.000         1.000         1.000         1.000
 BLUE7          1.000         1.000         1.000         1.000         1.000
 POS1           1.000         1.000         1.000         1.000         1.000
 POS2           1.000         1.000         1.000         1.000         1.000
 POS3           1.000         1.000         1.000         1.000         1.000
 POS5           1.000         1.000         1.000         1.000         1.000
 POS6           1.000         1.000         1.000         1.000         1.000
 RD1            1.000         1.000         1.000         1.000         1.000
 RD2            1.000         1.000         1.000         1.000         1.000
 RD3            1.000         1.000         1.000         1.000         1.000
 RD4            1.000         1.000         1.000         1.000         1.000
 RD5            1.000         1.000         1.000         1.000         1.000
 LS1            1.000         1.000         1.000         1.000         1.000
 LS2            1.000         1.000         1.000         1.000         1.000
 LS3            1.000         1.000         1.000         1.000         1.000
 LS4            1.000         1.000         1.000         1.000         1.000
 LS5            1.000         1.000         1.000         1.000         1.000
 GENDER         1.000         1.000         1.000         1.000         1.000
 AGE            1.000         1.000         1.000         1.000         1.000
 EDU            1.000         1.000         1.000         1.000         1.000
 MARRIAGE       1.000         1.000         1.000         1.000         1.000
 USC            1.000         1.000         1.000         1.000         1.000
 DSC            1.000         1.000         1.000         1.000         1.000


           Covariance Coverage
              BLUE6         BLUE7         POS1          POS2          POS3
              ________      ________      ________      ________      ________
 BLUE6          1.000
 BLUE7          1.000         1.000
 POS1           1.000         1.000         1.000
 POS2           1.000         1.000         1.000         1.000
 POS3           1.000         1.000         1.000         1.000         1.000
 POS5           1.000         1.000         1.000         1.000         1.000
 POS6           1.000         1.000         1.000         1.000         1.000
 RD1            1.000         1.000         1.000         1.000         1.000
 RD2            1.000         1.000         1.000         1.000         1.000
 RD3            1.000         1.000         1.000         1.000         1.000
 RD4            1.000         1.000         1.000         1.000         1.000
 RD5            1.000         1.000         1.000         1.000         1.000
 LS1            1.000         1.000         1.000         1.000         1.000
 LS2            1.000         1.000         1.000         1.000         1.000
 LS3            1.000         1.000         1.000         1.000         1.000
 LS4            1.000         1.000         1.000         1.000         1.000
 LS5            1.000         1.000         1.000         1.000         1.000
 GENDER         1.000         1.000         1.000         1.000         1.000
 AGE            1.000         1.000         1.000         1.000         1.000
 EDU            1.000         1.000         1.000         1.000         1.000
 MARRIAGE       1.000         1.000         1.000         1.000         1.000
 USC            1.000         1.000         1.000         1.000         1.000
 DSC            1.000         1.000         1.000         1.000         1.000


           Covariance Coverage
              POS5          POS6          RD1           RD2           RD3
              ________      ________      ________      ________      ________
 POS5           1.000
 POS6           1.000         1.000
 RD1            1.000         1.000         1.000
 RD2            1.000         1.000         1.000         1.000
 RD3            1.000         1.000         1.000         1.000         1.000
 RD4            1.000         1.000         1.000         1.000         1.000
 RD5            1.000         1.000         1.000         1.000         1.000
 LS1            1.000         1.000         1.000         1.000         1.000
 LS2            1.000         1.000         1.000         1.000         1.000
 LS3            1.000         1.000         1.000         1.000         1.000
 LS4            1.000         1.000         1.000         1.000         1.000
 LS5            1.000         1.000         1.000         1.000         1.000
 GENDER         1.000         1.000         1.000         1.000         1.000
 AGE            1.000         1.000         1.000         1.000         1.000
 EDU            1.000         1.000         1.000         1.000         1.000
 MARRIAGE       1.000         1.000         1.000         1.000         1.000
 USC            1.000         1.000         1.000         1.000         1.000
 DSC            1.000         1.000         1.000         1.000         1.000


           Covariance Coverage
              RD4           RD5           LS1           LS2           LS3
              ________      ________      ________      ________      ________
 RD4            1.000
 RD5            1.000         1.000
 LS1            1.000         1.000         1.000
 LS2            1.000         1.000         1.000         1.000
 LS3            1.000         1.000         1.000         1.000         1.000
 LS4            1.000         1.000         1.000         1.000         1.000
 LS5            1.000         1.000         1.000         1.000         1.000
 GENDER         1.000         1.000         1.000         1.000         1.000
 AGE            1.000         1.000         1.000         1.000         1.000
 EDU            1.000         1.000         1.000         1.000         1.000
 MARRIAGE       1.000         1.000         1.000         1.000         1.000
 USC            1.000         1.000         1.000         1.000         1.000
 DSC            1.000         1.000         1.000         1.000         1.000


           Covariance Coverage
              LS4           LS5           GENDER        AGE           EDU
              ________      ________      ________      ________      ________
 LS4            1.000
 LS5            1.000         1.000
 GENDER         1.000         1.000         1.000
 AGE            1.000         1.000         1.000         1.000
 EDU            1.000         1.000         1.000         1.000         1.000
 MARRIAGE       1.000         1.000         1.000         1.000         1.000
 USC            1.000         1.000         1.000         1.000         1.000
 DSC            1.000         1.000         1.000         1.000         1.000


           Covariance Coverage
              MARRIAGE      USC           DSC
              ________      ________      ________
 MARRIAGE       1.000
 USC            1.000         1.000
 DSC            1.000         1.000         1.000



UNIVARIATE SAMPLE STATISTICS


     UNIVARIATE HIGHER-ORDER MOMENT DESCRIPTIVE STATISTICS

         Variable/         Mean/     Skewness/   Minimum/ % with                Percentiles
        Sample Size      Variance    Kurtosis    Maximum  Min/Max      20%/60%    40%/80%    Median

     BLUE1                 5.494      -1.180       1.000    1.58%       5.000      5.000      6.000
             506.000       1.677       1.660       7.000   21.74%       6.000      7.000
     BLUE2                 5.812      -1.428       1.000    0.99%       5.000      6.000      6.000
             506.000       1.481       2.466       7.000   32.02%       6.000      7.000
     BLUE3                 5.178      -0.833       1.000    2.17%       4.000      5.000      5.000
             506.000       2.130       0.317       7.000   18.77%       6.000      6.000
     BLUE4                 5.640      -1.072       1.000    0.99%       5.000      6.000      6.000
             506.000       1.768       0.942       7.000   31.03%       6.000      7.000
     BLUE5                 5.532      -1.038       1.000    1.19%       5.000      5.000      6.000
             506.000       1.739       1.077       7.000   26.09%       6.000      7.000
     BLUE6                 5.911      -1.517       1.000    0.99%       5.000      6.000      6.000
             506.000       1.583       2.523       7.000   39.92%       6.000      7.000
     BLUE7                 5.798      -1.411       1.000    0.99%       5.000      6.000      6.000
             506.000       1.552       2.309       7.000   32.81%       6.000      7.000
     POS1                  3.787       0.019       1.000    7.71%       2.000      3.000      4.000
             506.000       2.310      -0.596       7.000    3.75%       4.000      5.000
     POS2                  3.429       0.247       1.000   12.65%       2.000      3.000      3.000
             506.000       2.486      -0.693       7.000    2.96%       4.000      5.000
     POS3                  4.180      -0.210       1.000    3.16%       3.000      4.000      4.000
             506.000       1.847      -0.296       7.000    3.16%       5.000      5.000
     POS5                  3.393       0.219       1.000   12.45%       2.000      3.000      3.000
             506.000       2.341      -0.648       7.000    2.17%       4.000      5.000
     POS6                  4.399      -0.323       1.000    2.37%       4.000      4.000      4.000
             506.000       1.596       0.245       7.000    4.15%       5.000      5.000
     RD1                   4.215      -0.226       1.000    4.35%       3.000      4.000      4.000
             506.000       2.335      -0.677       7.000    5.73%       5.000      5.000
     RD2                   3.081       0.600       1.000   15.81%       2.000      2.000      3.000
             506.000       2.403      -0.313       7.000    2.57%       3.000      4.000
     RD3                   2.763       0.700       1.000   24.90%       1.000      2.000      2.000
             506.000       2.394      -0.349       7.000    1.58%       3.000      4.000
     RD4                   3.626       0.228       1.000    9.88%       2.000      3.000      4.000
             506.000       2.839      -0.915       7.000    4.94%       4.000      5.000
     RD5                   2.872       0.646       1.000   21.34%       1.000      2.000      2.000
             506.000       2.440      -0.404       7.000    2.17%       3.000      4.000
     LS1                   4.680      -0.549       1.000    1.19%       3.000      5.000      5.000
             506.000       1.890      -0.313       7.000    5.73%       5.000      6.000
     LS2                   4.514      -0.404       1.000    2.57%       4.000      4.000      5.000
             506.000       1.819      -0.016       7.000    5.53%       5.000      6.000
     LS3                   5.010      -0.589       1.000    1.19%       4.000      5.000      5.000
             506.000       2.026      -0.207       7.000   14.23%       6.000      6.000
     LS4                   4.577      -0.428       1.000    3.95%       3.000      4.000      5.000
             506.000       2.742      -0.801       7.000   10.47%       5.000      6.000
     LS5                   3.518       0.195       1.000   16.01%       2.000      3.000      3.000
             506.000       3.099      -1.011       7.000    4.55%       4.000      5.000
     GENDER                1.514      -0.055       1.000   48.62%       1.000      1.000      2.000
             506.000       0.250      -1.997       2.000   51.38%       2.000      2.000
     AGE                  31.761       0.759      18.000    0.20%      27.000     30.000     31.000
             506.000      38.415       1.518      58.000    0.20%      32.000     36.000
     EDU                   3.931      -1.654       1.000    0.20%       4.000      4.000      4.000
             506.000       0.258       6.700       5.000    6.52%       4.000      4.000
     MARRIAGE              1.652       0.367       1.000   42.09%       1.000      1.000      2.000
             506.000       0.373      -0.666       3.000    7.31%       2.000      2.000
     USC                   5.077      -0.071       1.000    0.20%       4.000      5.000      5.000
             506.000       1.095       0.083       7.000    9.88%       5.000      6.000
     DSC                   2.530       0.881       1.000   15.22%       2.000      2.000      2.000
             506.000       1.253       0.836       6.000    2.57%       3.000      3.000


THE MODEL ESTIMATION TERMINATED NORMALLY



MODEL FIT INFORMATION

Number of Free Parameters                       87

Loglikelihood

          H0 Value                      -16472.853
          H1 Value                      -15808.820

Information Criteria

          Akaike (AIC)                   33119.706
          Bayesian (BIC)                 33487.414
          Sample-Size Adjusted BIC       33211.267
            (n* = (n + 2) / 24)

Chi-Square Test of Model Fit

          Value                           1328.065
          Degrees of Freedom                   320
          P-Value                           0.0000

RMSEA (Root Mean Square Error Of Approximation)

          Estimate                           0.079
          90 Percent C.I.                    0.075  0.083
          Probability RMSEA <= .05           0.000

CFI/TLI

          CFI                                0.869
          TLI                                0.851

Chi-Square Test of Model Fit for the Baseline Model

          Value                           8059.948
          Degrees of Freedom                   363
          P-Value                           0.0000

SRMR (Standardized Root Mean Square Residual)

          Value                              0.092



MODEL RESULTS

                                                    Two-Tailed
                    Estimate       S.E.  Est./S.E.    P-Value

 BLUE     BY
    BLUE1              1.000      0.000    999.000    999.000
    BLUE2              1.009      0.037     27.031      0.000
    BLUE3              0.967      0.056     17.423      0.000
    BLUE4              1.043      0.054     19.301      0.000
    BLUE5              1.030      0.061     16.929      0.000
    BLUE6              1.064      0.052     20.491      0.000
    BLUE7              1.074      0.052     20.505      0.000

 RD       BY
    RD1                1.000      0.000    999.000    999.000
    RD2                1.179      0.078     15.155      0.000
    RD3                0.991      0.087     11.358      0.000
    RD4                1.326      0.078     17.064      0.000
    RD5                0.944      0.079     11.997      0.000

 POS      BY
    POS1               1.000      0.000    999.000    999.000
    POS2               1.047      0.039     26.722      0.000
    POS3               0.819      0.047     17.386      0.000
    POS5               0.790      0.044     17.778      0.000
    POS6               0.593      0.056     10.499      0.000

 LS       BY
    LS1                1.000      0.000    999.000    999.000
    LS2                0.941      0.045     20.761      0.000
    LS3                1.042      0.044     23.877      0.000
    LS4                0.993      0.053     18.721      0.000
    LS5                0.985      0.057     17.416      0.000

 RD       ON
    BLUE              -0.032      0.054     -0.601      0.548

 POS      ON
    BLUE               0.115      0.062      1.849      0.064

 LS       ON
    BLUE               0.116      0.042      2.749      0.006
    RD                -0.588      0.058    -10.220      0.000
    POS                0.464      0.044     10.537      0.000

 RD       ON
    GENDER             0.201      0.101      1.988      0.047
    AGE               -0.020      0.009     -2.108      0.035
    EDU               -0.174      0.099     -1.753      0.080
    MARRIAGE           0.012      0.097      0.125      0.901
    USC               -0.067      0.053     -1.258      0.208

 POS      ON
    GENDER            -0.166      0.125     -1.325      0.185
    AGE                0.024      0.012      2.034      0.042
    EDU                0.112      0.145      0.774      0.439
    MARRIAGE           0.021      0.121      0.177      0.860
    DSC               -0.044      0.056     -0.780      0.435

 LS       ON
    GENDER             0.209      0.077      2.700      0.007
    AGE                0.004      0.007      0.557      0.577
    EDU                0.138      0.079      1.742      0.081
    MARRIAGE           0.039      0.074      0.522      0.602
    USC                0.026      0.043      0.605      0.545
    DSC               -0.037      0.041     -0.904      0.366

 Intercepts
    BLUE1              5.494      0.058     94.491      0.000
    BLUE2              5.812      0.054    106.853      0.000
    BLUE3              5.178      0.064     80.403      0.000
    BLUE4              5.640      0.059     95.009      0.000
    BLUE5              5.532      0.058     94.810      0.000
    BLUE6              5.911      0.056    105.910      0.000
    BLUE7              5.798      0.056    103.824      0.000
    POS1               2.900      0.744      3.897      0.000
    POS2               2.500      0.775      3.226      0.001
    POS3               3.454      0.609      5.667      0.000
    POS5               2.693      0.588      4.577      0.000
    POS6               3.873      0.450      8.615      0.000
    RD1                5.538      0.575      9.626      0.000
    RD2                4.640      0.676      6.863      0.000
    RD3                4.073      0.570      7.141      0.000
    RD4                5.379      0.762      7.057      0.000
    RD5                4.120      0.563      7.322      0.000
    LS1                2.398      0.691      3.469      0.001
    LS2                2.367      0.652      3.631      0.000
    LS3                2.632      0.712      3.699      0.000
    LS4                2.311      0.708      3.266      0.001
    LS5                1.271      0.687      1.849      0.064

 Variances
    BLUE               1.100      0.144      7.657      0.000

 Residual Variances
    BLUE1              0.577      0.082      6.994      0.000
    BLUE2              0.360      0.053      6.735      0.000
    BLUE3              1.102      0.119      9.223      0.000
    BLUE4              0.571      0.076      7.537      0.000
    BLUE5              0.572      0.071      8.038      0.000
    BLUE6              0.337      0.052      6.485      0.000
    BLUE7              0.283      0.036      7.769      0.000
    POS1               0.635      0.074      8.540      0.000
    POS2               0.650      0.073      8.850      0.000
    POS3               0.724      0.068     10.584      0.000
    POS5               1.297      0.112     11.628      0.000
    POS6               1.007      0.097     10.429      0.000
    RD1                1.277      0.107     11.937      0.000
    RD2                0.933      0.092     10.094      0.000
    RD3                1.356      0.123     10.985      0.000
    RD4                0.980      0.104      9.380      0.000
    RD5                1.497      0.119     12.528      0.000
    LS1                0.523      0.062      8.480      0.000
    LS2                0.609      0.051     12.000      0.000
    LS3                0.541      0.054      9.984      0.000
    LS4                1.394      0.116     12.060      0.000
    LS5                1.774      0.122     14.487      0.000
    RD                 1.018      0.107      9.526      0.000
    POS                1.619      0.128     12.629      0.000
    LS                 0.442      0.054      8.157      0.000

New/Additional Parameters
    IE_RD              0.039      0.032      1.241      0.215
    IE_POS            -0.020      0.026     -0.775      0.438


STANDARDIZED MODEL RESULTS


STDYX Standardization

                                                    Two-Tailed
                    Estimate       S.E.  Est./S.E.    P-Value

 BLUE     BY
    BLUE1              0.810      0.031     26.084      0.000
    BLUE2              0.870      0.022     40.077      0.000
    BLUE3              0.695      0.034     20.151      0.000
    BLUE4              0.823      0.026     31.731      0.000
    BLUE5              0.819      0.027     30.727      0.000
    BLUE6              0.887      0.020     45.312      0.000
    BLUE7              0.904      0.014     62.522      0.000

 RD       BY
    RD1                0.673      0.030     22.470      0.000
    RD2                0.782      0.025     31.535      0.000
    RD3                0.658      0.035     18.703      0.000
    RD4                0.809      0.023     34.881      0.000
    RD5                0.622      0.038     16.494      0.000

 POS      BY
    POS1               0.851      0.019     44.090      0.000
    POS2               0.859      0.018     48.160      0.000
    POS3               0.780      0.025     31.084      0.000
    POS5               0.668      0.033     19.982      0.000
    POS6               0.607      0.044     13.854      0.000

 LS       BY
    LS1                0.839      0.020     41.433      0.000
    LS2                0.803      0.019     43.037      0.000
    LS3                0.845      0.018     46.842      0.000
    LS4                0.684      0.029     23.347      0.000
    LS5                0.636      0.029     22.007      0.000

 RD       ON
    BLUE              -0.033      0.054     -0.610      0.542

 POS      ON
    BLUE               0.094      0.050      1.883      0.060

 LS       ON
    BLUE               0.109      0.039      2.804      0.005
    RD                -0.542      0.042    -13.034      0.000
    POS                0.539      0.043     12.444      0.000

 RD       ON
    GENDER             0.098      0.049      2.014      0.044
    AGE               -0.118      0.055     -2.143      0.032
    EDU               -0.086      0.049     -1.771      0.076
    MARRIAGE           0.007      0.058      0.124      0.901
    USC               -0.068      0.054     -1.259      0.208

 POS      ON
    GENDER            -0.064      0.049     -1.319      0.187
    AGE                0.117      0.056      2.080      0.038
    EDU                0.044      0.057      0.777      0.437
    MARRIAGE           0.010      0.057      0.177      0.860
    DSC               -0.038      0.048     -0.779      0.436

 LS       ON
    GENDER             0.093      0.035      2.702      0.007
    AGE                0.023      0.041      0.559      0.576
    EDU                0.063      0.035      1.781      0.075
    MARRIAGE           0.021      0.041      0.522      0.602
    USC                0.025      0.041      0.605      0.545
    DSC               -0.037      0.041     -0.902      0.367

 Intercepts
    BLUE1              4.243      0.215     19.777      0.000
    BLUE2              4.777      0.265     18.043      0.000
    BLUE3              3.547      0.151     23.423      0.000
    BLUE4              4.242      0.195     21.702      0.000
    BLUE5              4.195      0.195     21.482      0.000
    BLUE6              4.698      0.261     18.005      0.000
    BLUE7              4.654      0.252     18.436      0.000
    POS1               1.908      0.497      3.838      0.000
    POS2               1.586      0.494      3.212      0.001
    POS3               2.542      0.465      5.463      0.000
    POS5               1.760      0.392      4.489      0.000
    POS6               3.067      0.386      7.944      0.000
    RD1                3.625      0.375      9.655      0.000
    RD2                2.994      0.430      6.957      0.000
    RD3                2.633      0.369      7.127      0.000
    RD4                3.194      0.448      7.128      0.000
    RD5                2.638      0.352      7.486      0.000
    LS1                1.805      0.533      3.387      0.001
    LS2                1.810      0.511      3.542      0.000
    LS3                1.914      0.527      3.634      0.000
    LS4                1.428      0.447      3.195      0.001
    LS5                0.737      0.401      1.837      0.066

 Variances
    BLUE               1.000      0.000    999.000    999.000

 Residual Variances
    BLUE1              0.344      0.050      6.903      0.000
    BLUE2              0.243      0.038      6.488      0.000
    BLUE3              0.517      0.048     10.846      0.000
    BLUE4              0.323      0.042      7.599      0.000
    BLUE5              0.329      0.043      7.580      0.000
    BLUE6              0.213      0.035      6.155      0.000
    BLUE7              0.182      0.026      6.999      0.000
    POS1               0.275      0.033      8.387      0.000
    POS2               0.262      0.031      8.565      0.000
    POS3               0.392      0.039     10.055      0.000
    POS5               0.554      0.045     12.451      0.000
    POS6               0.631      0.053     11.903      0.000
    RD1                0.547      0.040     13.629      0.000
    RD2                0.388      0.039     10.045      0.000
    RD3                0.566      0.046     12.283      0.000
    RD4                0.345      0.037      9.231      0.000
    RD5                0.614      0.047     13.180      0.000
    LS1                0.296      0.034      8.738      0.000
    LS2                0.356      0.030     11.913      0.000
    LS3                0.286      0.030      9.395      0.000
    LS4                0.532      0.040     13.297      0.000
    LS5                0.595      0.037     16.238      0.000
    RD                 0.963      0.020     47.167      0.000
    POS                0.967      0.018     52.960      0.000
    LS                 0.355      0.036      9.956      0.000


R-SQUARE

    Observed                                        Two-Tailed
    Variable        Estimate       S.E.  Est./S.E.    P-Value

    BLUE1              0.656      0.050     13.163      0.000
    BLUE2              0.757      0.038     20.178      0.000
    BLUE3              0.483      0.048     10.126      0.000
    BLUE4              0.677      0.042     15.945      0.000
    BLUE5              0.671      0.043     15.473      0.000
    BLUE6              0.787      0.035     22.762      0.000
    BLUE7              0.818      0.026     31.365      0.000
    POS1               0.725      0.033     22.104      0.000
    POS2               0.738      0.031     24.168      0.000
    POS3               0.608      0.039     15.586      0.000
    POS5               0.446      0.045     10.014      0.000
    POS6               0.369      0.053      6.948      0.000
    RD1                0.453      0.040     11.278      0.000
    RD2                0.612      0.039     15.821      0.000
    RD3                0.434      0.046      9.404      0.000
    RD4                0.655      0.037     17.492      0.000
    RD5                0.386      0.047      8.296      0.000
    LS1                0.704      0.034     20.790      0.000
    LS2                0.644      0.030     21.551      0.000
    LS3                0.714      0.030     23.458      0.000
    LS4                0.468      0.040     11.702      0.000
    LS5                0.405      0.037     11.035      0.000

     Latent                                         Two-Tailed
    Variable        Estimate       S.E.  Est./S.E.    P-Value

    RD                 0.037      0.020      1.816      0.069
    POS                0.033      0.018      1.785      0.074
    LS                 0.645      0.036     18.063      0.000


CONFIDENCE INTERVALS OF MODEL RESULTS

                  Lower .5%  Lower 2.5%    Lower 5%    Estimate    Upper 5%  Upper 2.5%   Upper .5%

 BLUE     BY
    BLUE1            1.000       1.000       1.000       1.000       1.000       1.000       1.000
    BLUE2            0.917       0.938       0.950       1.009       1.072       1.085       1.113
    BLUE3            0.838       0.871       0.886       0.967       1.068       1.088       1.127
    BLUE4            0.913       0.946       0.963       1.043       1.136       1.159       1.197
    BLUE5            0.893       0.924       0.939       1.030       1.141       1.164       1.214
    BLUE6            0.930       0.967       0.983       1.064       1.151       1.170       1.210
    BLUE7            0.959       0.983       0.997       1.074       1.168       1.189       1.233

 RD       BY
    RD1              1.000       1.000       1.000       1.000       1.000       1.000       1.000
    RD2              0.993       1.039       1.062       1.179       1.322       1.347       1.397
    RD3              0.790       0.834       0.859       0.991       1.147       1.177       1.240
    RD4              1.145       1.186       1.207       1.326       1.458       1.486       1.545
    RD5              0.742       0.794       0.817       0.944       1.075       1.105       1.158

 POS      BY
    POS1             1.000       1.000       1.000       1.000       1.000       1.000       1.000
    POS2             0.954       0.973       0.985       1.047       1.116       1.129       1.159
    POS3             0.702       0.732       0.745       0.819       0.899       0.914       0.940
    POS5             0.676       0.702       0.716       0.790       0.862       0.876       0.906
    POS6             0.453       0.486       0.502       0.593       0.689       0.705       0.742

 LS       BY
    LS1              1.000       1.000       1.000       1.000       1.000       1.000       1.000
    LS2              0.827       0.855       0.867       0.941       1.017       1.033       1.061
    LS3              0.937       0.960       0.973       1.042       1.118       1.133       1.157
    LS4              0.851       0.887       0.905       0.993       1.077       1.095       1.128
    LS5              0.843       0.879       0.895       0.985       1.079       1.098       1.135

 RD       ON
    BLUE            -0.178      -0.142      -0.124      -0.032       0.054       0.069       0.103

 POS      ON
    BLUE            -0.049      -0.005       0.012       0.115       0.218       0.239       0.282

 LS       ON
    BLUE             0.008       0.035       0.051       0.116       0.189       0.204       0.235
    RD              -0.750      -0.707      -0.687      -0.588      -0.498      -0.482      -0.447
    POS              0.354       0.383       0.394       0.464       0.540       0.555       0.584

 RD       ON
    GENDER          -0.053       0.012       0.046       0.201       0.372       0.404       0.470
    AGE             -0.044      -0.038      -0.035      -0.020      -0.005      -0.002       0.004
    EDU             -0.429      -0.372      -0.338      -0.174      -0.011       0.023       0.083
    MARRIAGE        -0.242      -0.174      -0.143       0.012       0.176       0.209       0.273
    USC             -0.210      -0.172      -0.156      -0.067       0.018       0.037       0.068

 POS      ON
    GENDER          -0.494      -0.413      -0.373      -0.166       0.038       0.077       0.149
    AGE             -0.007       0.001       0.005       0.024       0.044       0.048       0.055
    EDU             -0.269      -0.178      -0.129       0.112       0.348       0.396       0.495
    MARRIAGE        -0.298      -0.219      -0.180       0.021       0.218       0.253       0.327
    DSC             -0.184      -0.152      -0.134      -0.044       0.053       0.070       0.098

 LS       ON
    GENDER           0.016       0.059       0.081       0.209       0.335       0.361       0.408
    AGE             -0.015      -0.010      -0.007       0.004       0.017       0.019       0.023
    EDU             -0.059      -0.014       0.009       0.138       0.267       0.293       0.342
    MARRIAGE        -0.151      -0.110      -0.084       0.039       0.159       0.180       0.229
    USC             -0.085      -0.059      -0.046       0.026       0.096       0.111       0.143
    DSC             -0.141      -0.117      -0.104      -0.037       0.031       0.044       0.067

 Intercepts
    BLUE1            5.336       5.377       5.395       5.494       5.585       5.605       5.640
    BLUE2            5.664       5.706       5.721       5.812       5.901       5.917       5.945
    BLUE3            5.008       5.053       5.073       5.178       5.285       5.302       5.338
    BLUE4            5.484       5.524       5.543       5.640       5.737       5.757       5.794
    BLUE5            5.377       5.419       5.437       5.532       5.628       5.646       5.678
    BLUE6            5.767       5.798       5.814       5.911       6.000       6.018       6.047
    BLUE7            5.646       5.688       5.706       5.798       5.887       5.905       5.939
    POS1             1.041       1.472       1.684       2.900       4.158       4.369       4.800
    POS2             0.561       1.027       1.232       2.500       3.816       4.060       4.475
    POS3             1.920       2.275       2.461       3.454       4.486       4.668       5.000
    POS5             1.180       1.543       1.726       2.693       3.669       3.835       4.163
    POS6             2.673       2.981       3.129       3.873       4.617       4.749       4.982
    RD1              4.016       4.383       4.588       5.538       6.479       6.676       7.067
    RD2              2.845       3.245       3.505       4.640       5.732       5.957       6.409
    RD3              2.606       2.946       3.147       4.073       5.023       5.200       5.591
    RD4              3.379       3.818       4.108       5.379       6.598       6.886       7.307
    RD5              2.699       3.012       3.192       4.120       5.049       5.244       5.607
    LS1              0.695       1.063       1.289       2.398       3.554       3.777       4.229
    LS2              0.738       1.109       1.315       2.367       3.464       3.660       4.098
    LS3              0.846       1.300       1.497       2.632       3.856       4.075       4.540
    LS4              0.505       0.924       1.135       2.311       3.470       3.699       4.150
    LS5             -0.432      -0.072       0.164       1.271       2.430       2.639       3.074

 Variances
    BLUE             0.763       0.833       0.877       1.100       1.351       1.408       1.504

 Residual Variances
    BLUE1            0.409       0.444       0.462       0.577       0.747       0.782       0.835
    BLUE2            0.247       0.272       0.284       0.360       0.465       0.484       0.523
    BLUE3            0.816       0.887       0.918       1.102       1.313       1.351       1.433
    BLUE4            0.405       0.442       0.463       0.571       0.712       0.742       0.806
    BLUE5            0.411       0.441       0.461       0.572       0.696       0.721       0.763
    BLUE6            0.227       0.251       0.264       0.337       0.439       0.459       0.498
    BLUE7            0.205       0.222       0.232       0.283       0.354       0.369       0.397
    POS1             0.456       0.498       0.520       0.635       0.764       0.788       0.848
    POS2             0.486       0.522       0.543       0.650       0.787       0.813       0.861
    POS3             0.562       0.601       0.620       0.724       0.848       0.872       0.925
    POS5             1.028       1.090       1.125       1.297       1.492       1.537       1.605
    POS6             0.778       0.831       0.860       1.007       1.181       1.210       1.267
    RD1              1.018       1.084       1.116       1.277       1.471       1.503       1.567
    RD2              0.705       0.761       0.789       0.933       1.094       1.125       1.189
    RD3              1.057       1.124       1.155       1.356       1.566       1.617       1.689
    RD4              0.735       0.793       0.822       0.980       1.173       1.209       1.288
    RD5              1.209       1.275       1.313       1.497       1.704       1.750       1.825
    LS1              0.384       0.417       0.436       0.523       0.640       0.662       0.714
    LS2              0.485       0.515       0.530       0.609       0.698       0.716       0.747
    LS3              0.418       0.446       0.462       0.541       0.640       0.659       0.693
    LS4              1.126       1.185       1.219       1.394       1.603       1.643       1.713
    LS5              1.485       1.554       1.591       1.774       1.994       2.044       2.134
    RD               0.774       0.832       0.866       1.018       1.218       1.250       1.319
    POS              1.327       1.395       1.434       1.619       1.863       1.901       1.992
    LS               0.325       0.357       0.371       0.442       0.558       0.580       0.619

New/Additional Parameters
    IE_RD           -0.040      -0.022      -0.011       0.039       0.092       0.103       0.125
    IE_POS          -0.088      -0.071      -0.063      -0.020       0.025       0.033       0.046


CONFIDENCE INTERVALS OF STANDARDIZED MODEL RESULTS


STDYX Standardization

                  Lower .5%  Lower 2.5%    Lower 5%    Estimate    Upper 5%  Upper 2.5%   Upper .5%

 BLUE     BY
    BLUE1            0.714       0.737       0.748       0.810       0.853       0.861       0.874
    BLUE2            0.800       0.819       0.829       0.870       0.900       0.906       0.914
    BLUE3            0.604       0.626       0.636       0.695       0.749       0.758       0.777
    BLUE4            0.748       0.766       0.776       0.823       0.862       0.869       0.881
    BLUE5            0.743       0.762       0.771       0.819       0.859       0.865       0.878
    BLUE6            0.828       0.843       0.851       0.887       0.916       0.920       0.929
    BLUE7            0.856       0.871       0.877       0.904       0.925       0.929       0.936

 RD       BY
    RD1              0.586       0.611       0.620       0.673       0.719       0.729       0.745
    RD2              0.710       0.729       0.739       0.782       0.821       0.827       0.840
    RD3              0.559       0.586       0.599       0.658       0.715       0.724       0.741
    RD4              0.740       0.758       0.766       0.809       0.843       0.850       0.863
    RD5              0.510       0.540       0.555       0.622       0.678       0.689       0.707

 POS      BY
    POS1             0.796       0.810       0.817       0.851       0.880       0.886       0.896
    POS2             0.808       0.818       0.825       0.859       0.885       0.890       0.899
    POS3             0.707       0.726       0.736       0.780       0.818       0.825       0.839
    POS5             0.576       0.600       0.611       0.668       0.721       0.732       0.749
    POS6             0.488       0.516       0.533       0.607       0.676       0.691       0.711

 LS       BY
    LS1              0.775       0.792       0.801       0.839       0.869       0.874       0.885
    LS2              0.751       0.764       0.772       0.803       0.832       0.838       0.847
    LS3              0.794       0.805       0.812       0.845       0.872       0.877       0.887
    LS4              0.599       0.620       0.631       0.684       0.728       0.736       0.752
    LS5              0.553       0.575       0.585       0.636       0.680       0.688       0.702

 RD       ON
    BLUE            -0.172      -0.141      -0.123      -0.033       0.055       0.072       0.107

 POS      ON
    BLUE            -0.038      -0.004       0.010       0.094       0.173       0.189       0.220

 LS       ON
    BLUE             0.008       0.034       0.048       0.109       0.176       0.187       0.215
    RD              -0.650      -0.622      -0.608      -0.542      -0.471      -0.458      -0.428
    POS              0.425       0.452       0.466       0.539       0.608       0.619       0.645

 RD       ON
    GENDER          -0.027       0.005       0.021       0.098       0.178       0.192       0.216
    AGE             -0.257      -0.225      -0.208      -0.118      -0.028      -0.010       0.026
    EDU             -0.201      -0.178      -0.164      -0.086      -0.005       0.013       0.042
    MARRIAGE        -0.140      -0.103      -0.085       0.007       0.104       0.125       0.164
    USC             -0.215      -0.174      -0.158      -0.068       0.018       0.038       0.070

 POS      ON
    GENDER          -0.191      -0.161      -0.144      -0.064       0.015       0.029       0.058
    AGE             -0.033       0.003       0.022       0.117       0.206       0.221       0.254
    EDU             -0.103      -0.070      -0.050       0.044       0.137       0.156       0.189
    MARRIAGE        -0.138      -0.104      -0.085       0.010       0.103       0.122       0.157
    DSC             -0.160      -0.132      -0.117      -0.038       0.045       0.061       0.083

 LS       ON
    GENDER           0.007       0.026       0.035       0.093       0.148       0.161       0.182
    AGE             -0.081      -0.055      -0.041       0.023       0.092       0.105       0.126
    EDU             -0.027      -0.006       0.004       0.063       0.119       0.131       0.148
    MARRIAGE        -0.082      -0.060      -0.046       0.021       0.086       0.099       0.124
    USC             -0.079      -0.054      -0.043       0.025       0.090       0.104       0.127
    DSC             -0.145      -0.119      -0.105      -0.037       0.030       0.043       0.066

 Intercepts
    BLUE1            3.735       3.847       3.916       4.243       4.607       4.680       4.856
    BLUE2            4.147       4.289       4.360       4.777       5.228       5.323       5.496
    BLUE3            3.184       3.273       3.312       3.547       3.802       3.868       3.964
    BLUE4            3.760       3.864       3.924       4.242       4.562       4.636       4.772
    BLUE5            3.701       3.813       3.867       4.195       4.519       4.584       4.700
    BLUE6            4.085       4.216       4.292       4.698       5.143       5.238       5.422
    BLUE7            4.033       4.173       4.249       4.654       5.075       5.165       5.354
    POS1             0.678       0.947       1.086       1.908       2.747       2.898       3.174
    POS2             0.350       0.648       0.775       1.586       2.421       2.571       2.849
    POS3             1.368       1.621       1.780       2.542       3.319       3.462       3.745
    POS5             0.740       0.996       1.109       1.760       2.404       2.527       2.749
    POS6             2.043       2.289       2.418       3.067       3.675       3.808       4.022
    RD1              2.580       2.847       2.996       3.625       4.219       4.351       4.575
    RD2              1.816       2.107       2.265       2.994       3.683       3.809       4.070
    RD3              1.671       1.895       2.022       2.633       3.238       3.367       3.592
    RD4              1.983       2.260       2.419       3.194       3.903       4.039       4.307
    RD5              1.744       1.940       2.058       2.638       3.212       3.335       3.527
    LS1              0.495       0.781       0.954       1.805       2.700       2.874       3.245
    LS2              0.563       0.833       0.989       1.810       2.669       2.833       3.157
    LS3              0.584       0.928       1.079       1.914       2.809       3.004       3.331
    LS4              0.306       0.559       0.687       1.428       2.168       2.318       2.613
    LS5             -0.257      -0.043       0.091       0.737       1.401       1.538       1.788

 Variances
    BLUE             1.000       1.000       1.000       1.000       1.000       1.000       1.000

 Residual Variances
    BLUE1            0.235       0.258       0.272       0.344       0.440       0.457       0.489
    BLUE2            0.165       0.180       0.190       0.243       0.313       0.329       0.360
    BLUE3            0.395       0.425       0.438       0.517       0.596       0.608       0.635
    BLUE4            0.223       0.246       0.256       0.323       0.397       0.413       0.440
    BLUE5            0.228       0.251       0.262       0.329       0.405       0.419       0.447
    BLUE6            0.137       0.153       0.162       0.213       0.276       0.290       0.315
    BLUE7            0.124       0.138       0.145       0.182       0.231       0.241       0.266
    POS1             0.197       0.215       0.225       0.275       0.333       0.344       0.367
    POS2             0.192       0.208       0.217       0.262       0.319       0.330       0.348
    POS3             0.296       0.319       0.331       0.392       0.459       0.473       0.500
    POS5             0.438       0.465       0.480       0.554       0.627       0.641       0.668
    POS6             0.495       0.523       0.542       0.631       0.716       0.734       0.760
    RD1              0.445       0.469       0.483       0.547       0.615       0.627       0.656
    RD2              0.295       0.315       0.326       0.388       0.455       0.468       0.496
    RD3              0.451       0.476       0.489       0.566       0.641       0.656       0.686
    RD4              0.256       0.278       0.289       0.345       0.412       0.425       0.452
    RD5              0.500       0.526       0.540       0.614       0.692       0.708       0.739
    LS1              0.217       0.236       0.245       0.296       0.359       0.372       0.398
    LS2              0.282       0.298       0.307       0.356       0.405       0.416       0.435
    LS3              0.213       0.230       0.240       0.286       0.341       0.351       0.370
    LS4              0.434       0.458       0.470       0.532       0.602       0.616       0.641
    LS5              0.507       0.526       0.538       0.595       0.658       0.669       0.693
    RD               0.921       0.936       0.943       0.963       0.992       0.993       0.996
    POS              0.932       0.945       0.951       0.967       0.992       0.993       0.997
    LS               0.279       0.299       0.310       0.355       0.433       0.442       0.468


     Beginning Time:  14:08:42
        Ending Time:  14:10:01
       Elapsed Time:  00:01:19



MUTHEN & MUTHEN
3463 Stoner Ave.
Los Angeles, CA  90066

Tel: (310) 391-9971
Fax: (310) 391-8971
Web: www.StatModel.com
Support: Support@StatModel.com

Copyright (c) 1998-2019 Muthen & Muthen
