Mplus VERSION 8.3
MUTHEN & MUTHEN
02/01/2024   2:28 PM

INPUT INSTRUCTIONS

  TITLE:

      Moderator is USC DSC;

  DATA:
  FILE = "./OUTPUT/SEM/Mplus/SEM.mod.USC_DSC_BASE_b9bad1f39354471880f006ecee1f2520.dat";

  VARIABLE:
  NAMES = Blue1 Blue2 Blue3 Blue4 Blue5 Blue6 Blue7 USC DSC ASC1 ASC2 ASC3 ASC4 ASC5
       OSC1 OSC2 OSC3 OSC4 OSC6 OSC7 POS1 POS2 POS3 POS5 POS6 RD1 RD2 RD3 RD4 RD5 LS1
       LS2 LS3 LS4 LS5;
   MISSING=.;

  ANALYSIS:

      TYPE =general;
      estimator=BAYES;

  MODEL:

      Blue by Blue1-Blue7;

      ASC by ASC1-ASC5;
      OSC by OSC1-OSC4 OSC6 OSC7;
      SCO by ASC OSC;

      RD by RD1-RD5;
      POS by POS1-POS3 POS5 POS6;

      LS by LS1-LS5;

      RD on Blue
            USC(a1)
            DSC
            SCO;
      POS on Blue
             USC
             DSC(a2)
             SCO;
      LS on Blue
            USC
            DSC
            SCO(c)
            RD(b1)
            POS(b2);

  MODEL CONSTRAINT:

     NEW(IE_RD
         IE_POS
         );

      IE_RD = a1*b1;
      IE_POS = a2*b2;

  MODEL PRIORS:

      c ~ N(-0.063, 0.023);

  OUTPUT:

      cint;
      STDYX
  PLOT:

      TYPE = plot2;




INPUT READING TERMINATED NORMALLY





Moderator is USC DSC;

SUMMARY OF ANALYSIS

Number of groups                                                 1
Number of observations                                         506

Number of dependent variables                                   33
Number of independent variables                                  2
Number of continuous latent variables                            7

Observed dependent variables

  Continuous
   BLUE1       BLUE2       BLUE3       BLUE4       BLUE5       BLUE6
   BLUE7       ASC1        ASC2        ASC3        ASC4        ASC5
   OSC1        OSC2        OSC3        OSC4        OSC6        OSC7
   POS1        POS2        POS3        POS5        POS6        RD1
   RD2         RD3         RD4         RD5         LS1         LS2
   LS3         LS4         LS5

Observed independent variables
   USC         DSC

Continuous latent variables
   BLUE        ASC         OSC         SCO         RD          POS
   LS


Estimator                                                    BAYES
Specifications for Bayesian Estimation
  Point estimate                                            MEDIAN
  Number of Markov chain Monte Carlo (MCMC) chains               2
  Random seed for the first chain                                0
  Starting value information                           UNPERTURBED
  Algorithm used for Markov chain Monte Carlo           GIBBS(PX1)
  Convergence criterion                                  0.500D-01
  Maximum number of iterations                               50000
  K-th iteration used for thinning                               1

Input data file(s)
  ./OUTPUT/SEM/Mplus/SEM.mod.USC_DSC_BASE_b9bad1f39354471880f006ecee1f2520.dat
Input data format  FREE


SUMMARY OF DATA



COVARIANCE COVERAGE OF DATA

Minimum covariance coverage value   0.100

     Number of missing data patterns             1


     PROPORTION OF DATA PRESENT


           Covariance Coverage
              BLUE1         BLUE2         BLUE3         BLUE4         BLUE5
              ________      ________      ________      ________      ________
 BLUE1          1.000
 BLUE2          1.000         1.000
 BLUE3          1.000         1.000         1.000
 BLUE4          1.000         1.000         1.000         1.000
 BLUE5          1.000         1.000         1.000         1.000         1.000
 BLUE6          1.000         1.000         1.000         1.000         1.000
 BLUE7          1.000         1.000         1.000         1.000         1.000
 ASC1           1.000         1.000         1.000         1.000         1.000
 ASC2           1.000         1.000         1.000         1.000         1.000
 ASC3           1.000         1.000         1.000         1.000         1.000
 ASC4           1.000         1.000         1.000         1.000         1.000
 ASC5           1.000         1.000         1.000         1.000         1.000
 OSC1           1.000         1.000         1.000         1.000         1.000
 OSC2           1.000         1.000         1.000         1.000         1.000
 OSC3           1.000         1.000         1.000         1.000         1.000
 OSC4           1.000         1.000         1.000         1.000         1.000
 OSC6           1.000         1.000         1.000         1.000         1.000
 OSC7           1.000         1.000         1.000         1.000         1.000
 POS1           1.000         1.000         1.000         1.000         1.000
 POS2           1.000         1.000         1.000         1.000         1.000
 POS3           1.000         1.000         1.000         1.000         1.000
 POS5           1.000         1.000         1.000         1.000         1.000
 POS6           1.000         1.000         1.000         1.000         1.000
 RD1            1.000         1.000         1.000         1.000         1.000
 RD2            1.000         1.000         1.000         1.000         1.000
 RD3            1.000         1.000         1.000         1.000         1.000
 RD4            1.000         1.000         1.000         1.000         1.000
 RD5            1.000         1.000         1.000         1.000         1.000
 LS1            1.000         1.000         1.000         1.000         1.000
 LS2            1.000         1.000         1.000         1.000         1.000
 LS3            1.000         1.000         1.000         1.000         1.000
 LS4            1.000         1.000         1.000         1.000         1.000
 LS5            1.000         1.000         1.000         1.000         1.000
 USC            1.000         1.000         1.000         1.000         1.000
 DSC            1.000         1.000         1.000         1.000         1.000


           Covariance Coverage
              BLUE6         BLUE7         ASC1          ASC2          ASC3
              ________      ________      ________      ________      ________
 BLUE6          1.000
 BLUE7          1.000         1.000
 ASC1           1.000         1.000         1.000
 ASC2           1.000         1.000         1.000         1.000
 ASC3           1.000         1.000         1.000         1.000         1.000
 ASC4           1.000         1.000         1.000         1.000         1.000
 ASC5           1.000         1.000         1.000         1.000         1.000
 OSC1           1.000         1.000         1.000         1.000         1.000
 OSC2           1.000         1.000         1.000         1.000         1.000
 OSC3           1.000         1.000         1.000         1.000         1.000
 OSC4           1.000         1.000         1.000         1.000         1.000
 OSC6           1.000         1.000         1.000         1.000         1.000
 OSC7           1.000         1.000         1.000         1.000         1.000
 POS1           1.000         1.000         1.000         1.000         1.000
 POS2           1.000         1.000         1.000         1.000         1.000
 POS3           1.000         1.000         1.000         1.000         1.000
 POS5           1.000         1.000         1.000         1.000         1.000
 POS6           1.000         1.000         1.000         1.000         1.000
 RD1            1.000         1.000         1.000         1.000         1.000
 RD2            1.000         1.000         1.000         1.000         1.000
 RD3            1.000         1.000         1.000         1.000         1.000
 RD4            1.000         1.000         1.000         1.000         1.000
 RD5            1.000         1.000         1.000         1.000         1.000
 LS1            1.000         1.000         1.000         1.000         1.000
 LS2            1.000         1.000         1.000         1.000         1.000
 LS3            1.000         1.000         1.000         1.000         1.000
 LS4            1.000         1.000         1.000         1.000         1.000
 LS5            1.000         1.000         1.000         1.000         1.000
 USC            1.000         1.000         1.000         1.000         1.000
 DSC            1.000         1.000         1.000         1.000         1.000


           Covariance Coverage
              ASC4          ASC5          OSC1          OSC2          OSC3
              ________      ________      ________      ________      ________
 ASC4           1.000
 ASC5           1.000         1.000
 OSC1           1.000         1.000         1.000
 OSC2           1.000         1.000         1.000         1.000
 OSC3           1.000         1.000         1.000         1.000         1.000
 OSC4           1.000         1.000         1.000         1.000         1.000
 OSC6           1.000         1.000         1.000         1.000         1.000
 OSC7           1.000         1.000         1.000         1.000         1.000
 POS1           1.000         1.000         1.000         1.000         1.000
 POS2           1.000         1.000         1.000         1.000         1.000
 POS3           1.000         1.000         1.000         1.000         1.000
 POS5           1.000         1.000         1.000         1.000         1.000
 POS6           1.000         1.000         1.000         1.000         1.000
 RD1            1.000         1.000         1.000         1.000         1.000
 RD2            1.000         1.000         1.000         1.000         1.000
 RD3            1.000         1.000         1.000         1.000         1.000
 RD4            1.000         1.000         1.000         1.000         1.000
 RD5            1.000         1.000         1.000         1.000         1.000
 LS1            1.000         1.000         1.000         1.000         1.000
 LS2            1.000         1.000         1.000         1.000         1.000
 LS3            1.000         1.000         1.000         1.000         1.000
 LS4            1.000         1.000         1.000         1.000         1.000
 LS5            1.000         1.000         1.000         1.000         1.000
 USC            1.000         1.000         1.000         1.000         1.000
 DSC            1.000         1.000         1.000         1.000         1.000


           Covariance Coverage
              OSC4          OSC6          OSC7          POS1          POS2
              ________      ________      ________      ________      ________
 OSC4           1.000
 OSC6           1.000         1.000
 OSC7           1.000         1.000         1.000
 POS1           1.000         1.000         1.000         1.000
 POS2           1.000         1.000         1.000         1.000         1.000
 POS3           1.000         1.000         1.000         1.000         1.000
 POS5           1.000         1.000         1.000         1.000         1.000
 POS6           1.000         1.000         1.000         1.000         1.000
 RD1            1.000         1.000         1.000         1.000         1.000
 RD2            1.000         1.000         1.000         1.000         1.000
 RD3            1.000         1.000         1.000         1.000         1.000
 RD4            1.000         1.000         1.000         1.000         1.000
 RD5            1.000         1.000         1.000         1.000         1.000
 LS1            1.000         1.000         1.000         1.000         1.000
 LS2            1.000         1.000         1.000         1.000         1.000
 LS3            1.000         1.000         1.000         1.000         1.000
 LS4            1.000         1.000         1.000         1.000         1.000
 LS5            1.000         1.000         1.000         1.000         1.000
 USC            1.000         1.000         1.000         1.000         1.000
 DSC            1.000         1.000         1.000         1.000         1.000


           Covariance Coverage
              POS3          POS5          POS6          RD1           RD2
              ________      ________      ________      ________      ________
 POS3           1.000
 POS5           1.000         1.000
 POS6           1.000         1.000         1.000
 RD1            1.000         1.000         1.000         1.000
 RD2            1.000         1.000         1.000         1.000         1.000
 RD3            1.000         1.000         1.000         1.000         1.000
 RD4            1.000         1.000         1.000         1.000         1.000
 RD5            1.000         1.000         1.000         1.000         1.000
 LS1            1.000         1.000         1.000         1.000         1.000
 LS2            1.000         1.000         1.000         1.000         1.000
 LS3            1.000         1.000         1.000         1.000         1.000
 LS4            1.000         1.000         1.000         1.000         1.000
 LS5            1.000         1.000         1.000         1.000         1.000
 USC            1.000         1.000         1.000         1.000         1.000
 DSC            1.000         1.000         1.000         1.000         1.000


           Covariance Coverage
              RD3           RD4           RD5           LS1           LS2
              ________      ________      ________      ________      ________
 RD3            1.000
 RD4            1.000         1.000
 RD5            1.000         1.000         1.000
 LS1            1.000         1.000         1.000         1.000
 LS2            1.000         1.000         1.000         1.000         1.000
 LS3            1.000         1.000         1.000         1.000         1.000
 LS4            1.000         1.000         1.000         1.000         1.000
 LS5            1.000         1.000         1.000         1.000         1.000
 USC            1.000         1.000         1.000         1.000         1.000
 DSC            1.000         1.000         1.000         1.000         1.000


           Covariance Coverage
              LS3           LS4           LS5           USC           DSC
              ________      ________      ________      ________      ________
 LS3            1.000
 LS4            1.000         1.000
 LS5            1.000         1.000         1.000
 USC            1.000         1.000         1.000         1.000
 DSC            1.000         1.000         1.000         1.000         1.000



UNIVARIATE SAMPLE STATISTICS


     UNIVARIATE HIGHER-ORDER MOMENT DESCRIPTIVE STATISTICS

         Variable/         Mean/     Skewness/   Minimum/ % with                Percentiles
        Sample Size      Variance    Kurtosis    Maximum  Min/Max      20%/60%    40%/80%    Median

     BLUE1                 5.494      -1.180       1.000    1.58%       5.000      5.000      6.000
             506.000       1.677       1.660       7.000   21.74%       6.000      7.000
     BLUE2                 5.812      -1.428       1.000    0.99%       5.000      6.000      6.000
             506.000       1.481       2.466       7.000   32.02%       6.000      7.000
     BLUE3                 5.178      -0.833       1.000    2.17%       4.000      5.000      5.000
             506.000       2.130       0.317       7.000   18.77%       6.000      6.000
     BLUE4                 5.640      -1.072       1.000    0.99%       5.000      6.000      6.000
             506.000       1.768       0.942       7.000   31.03%       6.000      7.000
     BLUE5                 5.532      -1.038       1.000    1.19%       5.000      5.000      6.000
             506.000       1.739       1.077       7.000   26.09%       6.000      7.000
     BLUE6                 5.911      -1.517       1.000    0.99%       5.000      6.000      6.000
             506.000       1.583       2.523       7.000   39.92%       6.000      7.000
     BLUE7                 5.798      -1.411       1.000    0.99%       5.000      6.000      6.000
             506.000       1.552       2.309       7.000   32.81%       6.000      7.000
     ASC1                  4.368      -0.274       1.000    3.36%       3.000      4.000      4.000
             506.000       2.264      -0.549       7.000    6.92%       5.000      6.000
     ASC2                  4.887      -0.548       1.000    0.99%       4.000      5.000      5.000
             506.000       1.926      -0.234       7.000   10.47%       5.000      6.000
     ASC3                  5.172      -0.822       1.000    0.99%       4.000      5.000      5.000
             506.000       1.498       0.877       7.000   11.46%       6.000      6.000
     ASC4                  4.670      -0.448       1.000    2.96%       3.000      4.000      5.000
             506.000       2.241      -0.364       7.000   10.08%       5.000      6.000
     ASC5                  4.101      -0.107       1.000    5.53%       3.000      4.000      4.000
             506.000       2.561      -0.840       7.000    5.73%       5.000      6.000
     OSC1                  4.692      -0.475       1.000    1.19%       3.000      5.000      5.000
             506.000       1.865      -0.298       7.000    6.92%       5.000      6.000
     OSC2                  4.800      -0.507       1.000    0.99%       4.000      5.000      5.000
             506.000       1.800      -0.232       7.000    7.71%       5.000      6.000
     OSC3                  5.093      -0.851       1.000    1.98%       4.000      5.000      5.000
             506.000       1.883       0.513       7.000   12.65%       6.000      6.000
     OSC4                  5.150      -0.797       1.000    1.19%       4.000      5.000      5.000
             506.000       1.807       0.447       7.000   14.43%       6.000      6.000
     OSC6                  4.407      -0.265       1.000    3.16%       3.000      4.000      5.000
             506.000       2.218      -0.548       7.000    6.92%       5.000      6.000
     OSC7                  4.478      -0.504       1.000    5.73%       3.000      4.000      5.000
             506.000       2.483      -0.482       7.000    6.72%       5.000      6.000
     POS1                  3.787       0.019       1.000    7.71%       2.000      3.000      4.000
             506.000       2.310      -0.596       7.000    3.75%       4.000      5.000
     POS2                  3.429       0.247       1.000   12.65%       2.000      3.000      3.000
             506.000       2.486      -0.693       7.000    2.96%       4.000      5.000
     POS3                  4.180      -0.210       1.000    3.16%       3.000      4.000      4.000
             506.000       1.847      -0.296       7.000    3.16%       5.000      5.000
     POS5                  3.393       0.219       1.000   12.45%       2.000      3.000      3.000
             506.000       2.341      -0.648       7.000    2.17%       4.000      5.000
     POS6                  4.399      -0.323       1.000    2.37%       4.000      4.000      4.000
             506.000       1.596       0.245       7.000    4.15%       5.000      5.000
     RD1                   4.215      -0.226       1.000    4.35%       3.000      4.000      4.000
             506.000       2.335      -0.677       7.000    5.73%       5.000      5.000
     RD2                   3.081       0.600       1.000   15.81%       2.000      2.000      3.000
             506.000       2.403      -0.313       7.000    2.57%       3.000      4.000
     RD3                   2.763       0.700       1.000   24.90%       1.000      2.000      2.000
             506.000       2.394      -0.349       7.000    1.58%       3.000      4.000
     RD4                   3.626       0.228       1.000    9.88%       2.000      3.000      4.000
             506.000       2.839      -0.915       7.000    4.94%       4.000      5.000
     RD5                   2.872       0.646       1.000   21.34%       1.000      2.000      2.000
             506.000       2.440      -0.404       7.000    2.17%       3.000      4.000
     LS1                   4.680      -0.549       1.000    1.19%       3.000      5.000      5.000
             506.000       1.890      -0.313       7.000    5.73%       5.000      6.000
     LS2                   4.514      -0.404       1.000    2.57%       4.000      4.000      5.000
             506.000       1.819      -0.016       7.000    5.53%       5.000      6.000
     LS3                   5.010      -0.589       1.000    1.19%       4.000      5.000      5.000
             506.000       2.026      -0.207       7.000   14.23%       6.000      6.000
     LS4                   4.577      -0.428       1.000    3.95%       3.000      4.000      5.000
             506.000       2.742      -0.801       7.000   10.47%       5.000      6.000
     LS5                   3.518       0.195       1.000   16.01%       2.000      3.000      3.000
             506.000       3.099      -1.011       7.000    4.55%       4.000      5.000
     USC                   5.077      -0.071       1.000    0.20%       4.000      5.000      5.000
             506.000       1.095       0.083       7.000    9.88%       5.000      6.000
     DSC                   2.530       0.881       1.000   15.22%       2.000      2.000      2.000
             506.000       1.253       0.836       6.000    2.57%       3.000      3.000


THE MODEL ESTIMATION TERMINATED NORMALLY

     USE THE FBITERATIONS OPTION TO INCREASE THE NUMBER OF ITERATIONS BY A FACTOR
     OF AT LEAST TWO TO CHECK CONVERGENCE AND THAT THE PSR VALUE DOES NOT INCREASE.



MODEL FIT INFORMATION

Number of Free Parameters                             116

Bayesian Posterior Predictive Checking using Chi-Square

          95% Confidence Interval for the Difference Between
          the Observed and the Replicated Chi-Square Values

                               1323.650          1489.586

          Posterior Predictive P-Value              0.000

          Prior Posterior Predictive P-Value        0.000

Information Criteria

          Deviance (DIC)                        50489.351
          Estimated Number of Parameters (pD)     114.995
          Bayesian (BIC)                        50980.992



MODEL RESULTS

                                Posterior  One-Tailed         95% C.I.
                    Estimate       S.D.      P-Value   Lower 2.5%  Upper 2.5%  Significance

 BLUE     BY
    BLUE1              1.000       0.000      0.000       1.000       1.000
    BLUE2              1.017       0.043      0.000       0.936       1.106      *
    BLUE3              0.975       0.057      0.000       0.867       1.090      *
    BLUE4              1.052       0.050      0.000       0.960       1.155      *
    BLUE5              1.040       0.050      0.000       0.946       1.141      *
    BLUE6              1.074       0.046      0.000       0.988       1.168      *
    BLUE7              1.084       0.045      0.000       1.000       1.177      *

 ASC      BY
    ASC1               1.000       0.000      0.000       1.000       1.000
    ASC2               0.906       0.072      0.000       0.773       1.056      *
    ASC3               0.734       0.064      0.000       0.616       0.867      *
    ASC4               1.032       0.078      0.000       0.890       1.197      *
    ASC5               1.267       0.087      0.000       1.111       1.450      *

 OSC      BY
    OSC1               1.000       0.000      0.000       1.000       1.000
    OSC2               0.890       0.055      0.000       0.788       1.005      *
    OSC3               0.699       0.059      0.000       0.588       0.819      *
    OSC4               0.680       0.058      0.000       0.570       0.798      *
    OSC6               1.025       0.060      0.000       0.913       1.148      *
    OSC7               1.087       0.065      0.000       0.966       1.221      *

 RD       BY
    RD1                1.000       0.000      0.000       1.000       1.000
    RD2                1.216       0.083      0.000       1.071       1.399      *
    RD3                1.041       0.081      0.000       0.895       1.214      *
    RD4                1.301       0.089      0.000       1.146       1.497      *
    RD5                0.929       0.079      0.000       0.786       1.096      *

 POS      BY
    POS1               1.000       0.000      0.000       1.000       1.000
    POS2               1.052       0.044      0.000       0.969       1.144      *
    POS3               0.810       0.042      0.000       0.731       0.895      *
    POS5               0.789       0.048      0.000       0.699       0.886      *
    POS6               0.581       0.042      0.000       0.500       0.666      *

 LS       BY
    LS1                1.000       0.000      0.000       1.000       1.000
    LS2                0.938       0.043      0.000       0.858       1.025      *
    LS3                1.038       0.044      0.000       0.957       1.128      *
    LS4                0.990       0.056      0.000       0.884       1.104      *
    LS5                0.980       0.061      0.000       0.864       1.102      *

 SCO      BY
    ASC                1.000       0.000      0.000       1.000       1.000
    OSC                1.108       0.084      0.000       0.937       1.275      *

 RD         ON
    BLUE              -0.081       0.044      0.031      -0.168       0.004
    SCO                0.260       0.061      0.000       0.148       0.387      *

 POS        ON
    BLUE               0.064       0.058      0.133      -0.047       0.178
    SCO                0.467       0.080      0.000       0.316       0.628      *

 LS         ON
    BLUE               0.098       0.039      0.006       0.020       0.176      *
    SCO                0.087       0.054      0.050      -0.016       0.194
    RD                -0.648       0.063      0.000      -0.781      -0.533      *
    POS                0.455       0.040      0.000       0.378       0.536      *

 RD         ON
    USC                0.022       0.050      0.332      -0.080       0.115
    DSC                0.404       0.047      0.000       0.312       0.495      *

 POS        ON
    USC                0.110       0.075      0.064      -0.034       0.268
    DSC                0.009       0.061      0.439      -0.108       0.130

 LS         ON
    USC                0.023       0.049      0.316      -0.079       0.115
    DSC                0.022       0.045      0.308      -0.068       0.109

 SCO      WITH
    BLUE               0.127       0.050      0.005       0.030       0.229      *

 Intercepts
    BLUE1              5.492       0.057      0.000       5.380       5.604      *
    BLUE2              5.810       0.054      0.000       5.705       5.916      *
    BLUE3              5.177       0.065      0.000       5.051       5.303      *
    BLUE4              5.638       0.059      0.000       5.522       5.754      *
    BLUE5              5.529       0.059      0.000       5.415       5.644      *
    BLUE6              5.909       0.056      0.000       5.800       6.017      *
    BLUE7              5.796       0.055      0.000       5.689       5.904      *
    ASC1               4.367       0.067      0.000       4.236       4.499      *
    ASC2               4.887       0.062      0.000       4.766       5.011      *
    ASC3               5.172       0.055      0.000       5.063       5.280      *
    ASC4               4.670       0.067      0.000       4.539       4.802      *
    ASC5               4.100       0.072      0.000       3.960       4.244      *
    OSC1               4.691       0.061      0.000       4.571       4.812      *
    OSC2               4.801       0.060      0.000       4.682       4.919      *
    OSC3               5.094       0.061      0.000       4.973       5.214      *
    OSC4               5.149       0.060      0.000       5.034       5.268      *
    OSC6               4.408       0.067      0.000       4.275       4.538      *
    OSC7               4.478       0.071      0.000       4.337       4.616      *
    POS1               3.198       0.487      0.000       2.179       4.135      *
    POS2               2.808       0.512      0.000       1.733       3.789      *
    POS3               3.702       0.395      0.000       2.874       4.461      *
    POS5               2.929       0.388      0.000       2.121       3.673      *
    POS6               4.060       0.287      0.000       3.457       4.604      *
    RD1                3.083       0.325      0.000       2.495       3.755      *
    RD2                1.702       0.395      0.000       0.975       2.508      *
    RD3                1.584       0.344      0.000       0.951       2.283      *
    RD4                2.153       0.422      0.000       1.383       3.016      *
    RD5                1.821       0.310      0.000       1.236       2.446      *
    LS1                4.949       0.389      0.000       4.157       5.721      *
    LS2                4.765       0.366      0.000       4.024       5.484      *
    LS3                5.288       0.405      0.000       4.466       6.084      *
    LS4                4.844       0.388      0.000       4.063       5.611      *
    LS5                3.783       0.386      0.000       2.999       4.543      *

 Variances
    BLUE               1.094       0.102      0.000       0.908       1.308      *
    SCO                0.915       0.127      0.000       0.700       1.194      *

 Residual Variances
    BLUE1              0.584       0.042      0.000       0.509       0.675      *
    BLUE2              0.365       0.029      0.000       0.314       0.426      *
    BLUE3              1.113       0.075      0.000       0.978       1.272      *
    BLUE4              0.576       0.041      0.000       0.501       0.664      *
    BLUE5              0.577       0.041      0.000       0.502       0.664      *
    BLUE6              0.340       0.028      0.000       0.290       0.398      *
    BLUE7              0.285       0.025      0.000       0.240       0.336      *
    ASC1               1.261       0.090      0.000       1.100       1.452      *
    ASC2               1.126       0.080      0.000       0.981       1.296      *
    ASC3               0.975       0.067      0.000       0.855       1.118      *
    ASC4               1.197       0.087      0.000       1.042       1.380      *
    ASC5               0.985       0.080      0.000       0.839       1.153      *
    OSC1               0.716       0.057      0.000       0.614       0.836      *
    OSC2               0.898       0.065      0.000       0.782       1.034      *
    OSC3               1.334       0.090      0.000       1.172       1.525      *
    OSC4               1.288       0.086      0.000       1.132       1.471      *
    OSC6               1.020       0.075      0.000       0.884       1.178      *
    OSC7               1.137       0.086      0.000       0.983       1.318      *
    POS1               0.632       0.058      0.000       0.529       0.755      *
    POS2               0.632       0.061      0.000       0.520       0.760      *
    POS3               0.751       0.058      0.000       0.646       0.873      *
    POS5               1.308       0.092      0.000       1.141       1.499      *
    POS6               1.039       0.072      0.000       0.910       1.191      *
    RD1                1.310       0.095      0.000       1.140       1.510      *
    RD2                0.876       0.078      0.000       0.733       1.039      *
    RD3                1.281       0.095      0.000       1.110       1.483      *
    RD4                1.092       0.096      0.000       0.919       1.296      *
    RD5                1.559       0.110      0.000       1.359       1.790      *
    LS1                0.525       0.045      0.000       0.443       0.621      *
    LS2                0.616       0.049      0.000       0.528       0.720      *
    LS3                0.549       0.048      0.000       0.461       0.650      *
    LS4                1.409       0.098      0.000       1.233       1.615      *
    LS5                1.793       0.124      0.000       1.570       2.058      *
    ASC                0.080       0.038      0.000       0.011       0.158      *
    OSC                0.036       0.032      0.000       0.004       0.120      *
    RD                 0.786       0.102      0.000       0.600       1.001      *
    POS                1.437       0.130      0.000       1.198       1.707      *
    LS                 0.465       0.053      0.000       0.369       0.577      *

New/Additional Parameters
    IE_RD             -0.014       0.033      0.332      -0.075       0.052
    IE_POS             0.004       0.028      0.439      -0.050       0.059


STANDARDIZED MODEL RESULTS


STDYX Standardization

                                Posterior  One-Tailed         95% C.I.
                    Estimate       S.D.      P-Value   Lower 2.5%  Upper 2.5%  Significance
 BLUE     BY
    BLUE1              0.807       0.017      0.000       0.770       0.839      *
    BLUE2              0.869       0.013      0.000       0.842       0.892      *
    BLUE3              0.695       0.024      0.000       0.644       0.740      *
    BLUE4              0.823       0.016      0.000       0.789       0.852      *
    BLUE5              0.820       0.016      0.000       0.786       0.849      *
    BLUE6              0.887       0.011      0.000       0.863       0.908      *
    BLUE7              0.905       0.010      0.000       0.883       0.923      *

 ASC      BY
    ASC1               0.665       0.029      0.000       0.606       0.718      *
    ASC2               0.649       0.029      0.000       0.587       0.703      *
    ASC3               0.596       0.032      0.000       0.529       0.656      *
    ASC4               0.686       0.027      0.000       0.629       0.736      *
    ASC5               0.787       0.021      0.000       0.743       0.825      *

 OSC      BY
    OSC1               0.786       0.021      0.000       0.743       0.824      *
    OSC2               0.711       0.025      0.000       0.659       0.757      *
    OSC3               0.546       0.034      0.000       0.476       0.610      *
    OSC4               0.542       0.035      0.000       0.472       0.607      *
    OSC6               0.738       0.023      0.000       0.689       0.781      *
    OSC7               0.739       0.024      0.000       0.689       0.782      *

 RD       BY
    RD1                0.668       0.029      0.000       0.607       0.719      *
    RD2                0.801       0.021      0.000       0.755       0.839      *
    RD3                0.687       0.028      0.000       0.628       0.738      *
    RD4                0.788       0.023      0.000       0.740       0.828      *
    RD5                0.607       0.033      0.000       0.539       0.667      *

 POS      BY
    POS1               0.852       0.016      0.000       0.817       0.881      *
    POS2               0.864       0.016      0.000       0.831       0.892      *
    POS3               0.771       0.022      0.000       0.726       0.811      *
    POS5               0.667       0.028      0.000       0.609       0.718      *
    POS6               0.594       0.032      0.000       0.528       0.653      *

 LS       BY
    LS1                0.840       0.016      0.000       0.805       0.869      *
    LS2                0.801       0.018      0.000       0.763       0.834      *
    LS3                0.843       0.016      0.000       0.809       0.872      *
    LS4                0.682       0.025      0.000       0.630       0.729      *
    LS5                0.634       0.028      0.000       0.576       0.685      *

 SCO      BY
    ASC                0.958       0.020      0.000       0.921       0.994      *
    OSC                0.985       0.014      0.000       0.947       0.998      *

 RD         ON
    BLUE              -0.083       0.044      0.031      -0.169       0.004
    SCO                0.243       0.050      0.000       0.145       0.342      *

 POS        ON
    BLUE               0.052       0.046      0.133      -0.039       0.142
    SCO                0.346       0.052      0.000       0.240       0.444      *

 LS         ON
    BLUE               0.091       0.036      0.006       0.019       0.163      *
    SCO                0.075       0.045      0.050      -0.014       0.164
    RD                -0.596       0.045      0.000      -0.682      -0.505      *
    POS                0.527       0.040      0.000       0.447       0.603      *

 RD         ON
    USC                0.023       0.051      0.332      -0.081       0.118
    DSC                0.441       0.044      0.000       0.352       0.521      *

 POS        ON
    USC                0.090       0.061      0.064      -0.027       0.216
    DSC                0.008       0.052      0.439      -0.093       0.113

 LS         ON
    USC                0.022       0.046      0.316      -0.073       0.108
    DSC                0.022       0.045      0.308      -0.068       0.109

 SCO      WITH
    BLUE               0.128       0.048      0.005       0.031       0.220      *

 Intercepts
    BLUE1              4.238       0.140      0.000       3.967       4.513      *
    BLUE2              4.749       0.155      0.000       4.449       5.058      *
    BLUE3              3.528       0.118      0.000       3.298       3.760      *
    BLUE4              4.218       0.140      0.000       3.945       4.493      *
    BLUE5              4.169       0.139      0.000       3.900       4.444      *
    BLUE6              4.670       0.153      0.000       4.373       4.970      *
    BLUE7              4.627       0.153      0.000       4.332       4.927      *
    ASC1               2.903       0.102      0.000       2.704       3.104      *
    ASC2               3.504       0.120      0.000       3.272       3.741      *
    ASC3               4.202       0.139      0.000       3.933       4.478      *
    ASC4               3.104       0.108      0.000       2.892       3.317      *
    ASC5               2.548       0.092      0.000       2.370       2.732      *
    OSC1               3.424       0.117      0.000       3.197       3.654      *
    OSC2               3.558       0.121      0.000       3.321       3.798      *
    OSC3               3.692       0.125      0.000       3.447       3.941      *
    OSC4               3.807       0.129      0.000       3.558       4.065      *
    OSC6               2.943       0.104      0.000       2.741       3.146      *
    OSC7               2.827       0.100      0.000       2.635       3.023      *
    POS1               2.109       0.321      0.000       1.425       2.706      *
    POS2               1.782       0.324      0.000       1.093       2.393      *
    POS3               2.722       0.298      0.000       2.093       3.283      *
    POS5               1.913       0.258      0.000       1.368       2.398      *
    POS6               3.206       0.249      0.000       2.690       3.666      *
    RD1                2.000       0.225      0.000       1.595       2.466      *
    RD2                1.089       0.257      0.000       0.615       1.612      *
    RD3                1.017       0.226      0.000       0.599       1.472      *
    RD4                1.269       0.254      0.000       0.799       1.784      *
    RD5                1.158       0.205      0.000       0.771       1.567      *
    LS1                3.728       0.302      0.000       3.096       4.296      *
    LS2                3.652       0.290      0.000       3.049       4.195      *
    LS3                3.855       0.305      0.000       3.216       4.425      *
    LS4                2.994       0.249      0.000       2.485       3.469      *
    LS5                2.193       0.228      0.000       1.722       2.624      *

 Variances
    BLUE               1.000       0.000      0.000       1.000       1.000
    SCO                1.000       0.000      0.000       1.000       1.000

 Residual Variances
    BLUE1              0.348       0.028      0.000       0.296       0.406      *
    BLUE2              0.244       0.022      0.000       0.204       0.291      *
    BLUE3              0.517       0.034      0.000       0.453       0.585      *
    BLUE4              0.322       0.026      0.000       0.274       0.377      *
    BLUE5              0.328       0.026      0.000       0.279       0.383      *
    BLUE6              0.212       0.020      0.000       0.176       0.254      *
    BLUE7              0.182       0.018      0.000       0.149       0.220      *
    ASC1               0.558       0.038      0.000       0.484       0.632      *
    ASC2               0.579       0.038      0.000       0.506       0.656      *
    ASC3               0.645       0.038      0.000       0.570       0.721      *
    ASC4               0.529       0.037      0.000       0.459       0.604      *
    ASC5               0.381       0.033      0.000       0.320       0.449      *
    OSC1               0.381       0.032      0.000       0.321       0.449      *
    OSC2               0.494       0.035      0.000       0.427       0.566      *
    OSC3               0.701       0.037      0.000       0.628       0.774      *
    OSC4               0.706       0.037      0.000       0.632       0.777      *
    OSC6               0.456       0.034      0.000       0.390       0.525      *
    OSC7               0.453       0.035      0.000       0.388       0.526      *
    POS1               0.273       0.028      0.000       0.223       0.332      *
    POS2               0.254       0.027      0.000       0.204       0.310      *
    POS3               0.405       0.033      0.000       0.343       0.473      *
    POS5               0.555       0.037      0.000       0.485       0.629      *
    POS6               0.648       0.038      0.000       0.573       0.722      *
    RD1                0.553       0.038      0.000       0.482       0.632      *
    RD2                0.359       0.034      0.000       0.295       0.430      *
    RD3                0.528       0.038      0.000       0.456       0.605      *
    RD4                0.379       0.035      0.000       0.314       0.452      *
    RD5                0.631       0.040      0.000       0.555       0.710      *
    LS1                0.295       0.027      0.000       0.245       0.352      *
    LS2                0.359       0.029      0.000       0.304       0.418      *
    LS3                0.289       0.027      0.000       0.239       0.345      *
    LS4                0.534       0.034      0.000       0.469       0.603      *
    LS5                0.599       0.035      0.000       0.530       0.669      *
    ASC                0.082       0.037      0.000       0.011       0.153      *
    OSC                0.030       0.028      0.000       0.003       0.104      *
    RD                 0.746       0.037      0.000       0.671       0.818      *
    POS                0.858       0.033      0.000       0.788       0.915      *
    LS                 0.372       0.035      0.000       0.306       0.444      *


R-SQUARE

                                Posterior  One-Tailed         95% C.I.
    Variable        Estimate       S.D.      P-Value   Lower 2.5%  Upper 2.5%

    BLUE1              0.652       0.028      0.000       0.594       0.704
    BLUE2              0.756       0.022      0.000       0.709       0.796
    BLUE3              0.483       0.034      0.000       0.415       0.547
    BLUE4              0.678       0.026      0.000       0.623       0.726
    BLUE5              0.672       0.026      0.000       0.617       0.721
    BLUE6              0.788       0.020      0.000       0.746       0.824
    BLUE7              0.818       0.018      0.000       0.780       0.851
    ASC1               0.442       0.038      0.000       0.368       0.516
    ASC2               0.421       0.038      0.000       0.344       0.494
    ASC3               0.355       0.038      0.000       0.279       0.430
    ASC4               0.471       0.037      0.000       0.396       0.541
    ASC5               0.619       0.033      0.000       0.551       0.680
    OSC1               0.619       0.032      0.000       0.551       0.679
    OSC2               0.506       0.035      0.000       0.434       0.573
    OSC3               0.299       0.037      0.000       0.226       0.372
    OSC4               0.294       0.037      0.000       0.223       0.368
    OSC6               0.544       0.034      0.000       0.475       0.610
    OSC7               0.547       0.035      0.000       0.474       0.612
    POS1               0.727       0.028      0.000       0.668       0.777
    POS2               0.746       0.027      0.000       0.690       0.796
    POS3               0.595       0.033      0.000       0.527       0.657
    POS5               0.445       0.037      0.000       0.371       0.515
    POS6               0.352       0.038      0.000       0.278       0.427
    RD1                0.447       0.038      0.000       0.368       0.518
    RD2                0.641       0.034      0.000       0.570       0.705
    RD3                0.472       0.038      0.000       0.395       0.544
    RD4                0.621       0.035      0.000       0.548       0.686
    RD5                0.369       0.040      0.000       0.290       0.445
    LS1                0.705       0.027      0.000       0.648       0.755
    LS2                0.641       0.029      0.000       0.582       0.696
    LS3                0.711       0.027      0.000       0.655       0.761
    LS4                0.466       0.034      0.000       0.397       0.531
    LS5                0.401       0.035      0.000       0.331       0.470

                                Posterior  One-Tailed         95% C.I.
    Variable        Estimate       S.D.      P-Value   Lower 2.5%  Upper 2.5%

    ASC                0.918       0.037      0.000       0.847       0.989
    OSC                0.970       0.028      0.000       0.896       0.997
    RD                 0.254       0.037      0.000       0.182       0.329
    POS                0.142       0.033      0.000       0.085       0.212
    LS                 0.628       0.035      0.000       0.556       0.694


CREDIBILITY INTERVALS OF MODEL RESULTS

                  Lower .5%  Lower 2.5%    Lower 5%    Estimate    Upper 5%  Upper 2.5%   Upper .5%

 BLUE     BY
    BLUE1            1.000       1.000       1.000       1.000       1.000       1.000       1.000
    BLUE2            0.913       0.936       0.949       1.017       1.091       1.106       1.137
    BLUE3            0.835       0.867       0.884       0.975       1.072       1.090       1.130
    BLUE4            0.931       0.960       0.974       1.052       1.137       1.155       1.190
    BLUE5            0.920       0.946       0.961       1.040       1.124       1.141       1.176
    BLUE6            0.961       0.988       1.001       1.074       1.152       1.168       1.201
    BLUE7            0.975       1.000       1.013       1.084       1.161       1.177       1.211

 ASC      BY
    ASC1             1.000       1.000       1.000       1.000       1.000       1.000       1.000
    ASC2             0.733       0.773       0.792       0.906       1.031       1.056       1.111
    ASC3             0.581       0.616       0.633       0.734       0.843       0.867       0.912
    ASC4             0.851       0.890       0.912       1.032       1.169       1.197       1.246
    ASC5             1.062       1.111       1.134       1.267       1.420       1.450       1.505

 OSC      BY
    OSC1             1.000       1.000       1.000       1.000       1.000       1.000       1.000
    OSC2             0.755       0.788       0.804       0.890       0.985       1.005       1.042
    OSC3             0.555       0.588       0.605       0.699       0.798       0.819       0.860
    OSC4             0.537       0.570       0.588       0.680       0.779       0.798       0.834
    OSC6             0.879       0.913       0.931       1.025       1.127       1.148       1.191
    OSC7             0.930       0.966       0.984       1.087       1.197       1.221       1.264

 RD       BY
    RD1              1.000       1.000       1.000       1.000       1.000       1.000       1.000
    RD2              1.025       1.071       1.091       1.216       1.367       1.399       1.458
    RD3              0.855       0.895       0.917       1.041       1.184       1.214       1.275
    RD4              1.101       1.146       1.168       1.301       1.460       1.497       1.564
    RD5              0.747       0.786       0.807       0.929       1.067       1.096       1.155

 POS      BY
    POS1             1.000       1.000       1.000       1.000       1.000       1.000       1.000
    POS2             0.945       0.969       0.982       1.052       1.127       1.144       1.175
    POS3             0.707       0.731       0.744       0.810       0.880       0.895       0.924
    POS5             0.669       0.699       0.713       0.789       0.870       0.886       0.919
    POS6             0.476       0.500       0.512       0.581       0.651       0.666       0.695

 LS       BY
    LS1              1.000       1.000       1.000       1.000       1.000       1.000       1.000
    LS2              0.834       0.858       0.870       0.938       1.010       1.025       1.053
    LS3              0.932       0.957       0.969       1.038       1.113       1.128       1.161
    LS4              0.852       0.884       0.900       0.990       1.085       1.104       1.145
    LS5              0.828       0.864       0.882       0.980       1.082       1.102       1.143

 SCO      BY
    ASC              1.000       1.000       1.000       1.000       1.000       1.000       1.000
    OSC              0.896       0.937       0.963       1.108       1.247       1.275       1.317

 RD       ON
    BLUE            -0.198      -0.168      -0.154      -0.081      -0.009       0.004       0.032
    SCO              0.117       0.148       0.167       0.260       0.365       0.387       0.432

 POS      ON
    BLUE            -0.083      -0.047      -0.031       0.064       0.160       0.178       0.213
    SCO              0.273       0.316       0.340       0.467       0.600       0.628       0.682

 LS       ON
    BLUE            -0.002       0.020       0.033       0.098       0.164       0.176       0.201
    SCO             -0.053      -0.016       0.000       0.087       0.177       0.194       0.227
    RD              -0.826      -0.781      -0.758      -0.648      -0.552      -0.533      -0.498
    POS              0.355       0.378       0.389       0.455       0.522       0.536       0.562

 RD       ON
    USC             -0.108      -0.080      -0.064       0.022       0.102       0.115       0.136
    DSC              0.284       0.312       0.327       0.404       0.481       0.495       0.522

 POS      ON
    USC             -0.090      -0.034      -0.009       0.110       0.242       0.268       0.304
    DSC             -0.147      -0.108      -0.090       0.009       0.111       0.130       0.166

 LS       ON
    USC             -0.117      -0.079      -0.062       0.023       0.101       0.115       0.139
    DSC             -0.101      -0.068      -0.053       0.022       0.096       0.109       0.135

 SCO      WITH
    BLUE             0.001       0.030       0.046       0.127       0.211       0.229       0.261

 Intercepts
    BLUE1            5.348       5.380       5.397       5.492       5.587       5.604       5.639
    BLUE2            5.672       5.705       5.722       5.810       5.898       5.916       5.949
    BLUE3            5.010       5.051       5.070       5.177       5.283       5.303       5.346
    BLUE4            5.485       5.522       5.542       5.638       5.735       5.754       5.791
    BLUE5            5.380       5.415       5.433       5.529       5.626       5.644       5.678
    BLUE6            5.765       5.800       5.817       5.909       5.999       6.017       6.051
    BLUE7            5.654       5.689       5.705       5.796       5.886       5.904       5.939
    ASC1             4.194       4.236       4.258       4.367       4.478       4.499       4.539
    ASC2             4.724       4.766       4.786       4.887       4.991       5.011       5.048
    ASC3             5.030       5.063       5.083       5.172       5.262       5.280       5.314
    ASC4             4.494       4.539       4.558       4.670       4.780       4.802       4.845
    ASC5             3.915       3.960       3.982       4.100       4.219       4.244       4.293
    OSC1             4.532       4.571       4.592       4.691       4.792       4.812       4.853
    OSC2             4.643       4.682       4.702       4.801       4.900       4.919       4.958
    OSC3             4.934       4.973       4.991       5.094       5.194       5.214       5.253
    OSC4             4.993       5.034       5.052       5.149       5.249       5.268       5.304
    OSC6             4.229       4.275       4.297       4.408       4.517       4.538       4.580
    OSC7             4.291       4.337       4.362       4.478       4.595       4.616       4.664
    POS1             1.962       2.179       2.335       3.198       3.981       4.135       4.513
    POS2             1.526       1.733       1.900       2.808       3.637       3.789       4.201
    POS3             2.712       2.874       3.013       3.702       4.341       4.461       4.781
    POS5             1.933       2.121       2.246       2.929       3.553       3.673       3.973
    POS6             3.316       3.457       3.556       4.060       4.518       4.604       4.814
    RD1              2.358       2.495       2.568       3.083       3.645       3.755       3.941
    RD2              0.783       0.975       1.076       1.702       2.375       2.508       2.734
    RD3              0.770       0.951       1.033       1.584       2.169       2.283       2.467
    RD4              1.180       1.383       1.478       2.153       2.869       3.016       3.254
    RD5              1.076       1.236       1.319       1.821       2.342       2.446       2.609
    LS1              3.972       4.157       4.299       4.949       5.632       5.721       5.836
    LS2              3.856       4.024       4.158       4.765       5.403       5.484       5.604
    LS3              4.274       4.466       4.613       5.288       5.994       6.084       6.213
    LS4              3.868       4.063       4.198       4.844       5.518       5.611       5.751
    LS5              2.806       2.999       3.144       3.783       4.449       4.543       4.686

 Variances
    BLUE             0.854       0.908       0.936       1.094       1.272       1.308       1.383
    SCO              0.650       0.700       0.729       0.915       1.145       1.194       1.297

 Residual Variances
    BLUE1            0.489       0.509       0.519       0.584       0.659       0.675       0.706
    BLUE2            0.301       0.314       0.321       0.365       0.416       0.426       0.449
    BLUE3            0.939       0.978       0.999       1.113       1.245       1.272       1.324
    BLUE4            0.481       0.501       0.512       0.576       0.648       0.664       0.694
    BLUE5            0.481       0.502       0.513       0.577       0.649       0.664       0.695
    BLUE6            0.276       0.290       0.298       0.340       0.388       0.398       0.419
    BLUE7            0.228       0.240       0.247       0.285       0.328       0.336       0.355
    ASC1             1.053       1.100       1.125       1.261       1.417       1.452       1.517
    ASC2             0.942       0.981       1.002       1.126       1.265       1.296       1.359
    ASC3             0.821       0.855       0.873       0.975       1.092       1.118       1.165
    ASC4             0.996       1.042       1.066       1.197       1.350       1.380       1.441
    ASC5             0.799       0.839       0.861       0.985       1.125       1.153       1.211
    OSC1             0.584       0.614       0.629       0.716       0.816       0.836       0.879
    OSC2             0.750       0.782       0.799       0.898       1.010       1.034       1.082
    OSC3             1.128       1.172       1.196       1.334       1.491       1.525       1.593
    OSC4             1.088       1.132       1.157       1.288       1.438       1.471       1.536
    OSC6             0.844       0.884       0.905       1.020       1.152       1.178       1.233
    OSC7             0.937       0.983       1.006       1.137       1.286       1.318       1.382
    POS1             0.497       0.529       0.544       0.632       0.734       0.755       0.799
    POS2             0.488       0.520       0.536       0.632       0.738       0.760       0.803
    POS3             0.613       0.646       0.662       0.751       0.852       0.873       0.917
    POS5             1.094       1.141       1.165       1.308       1.467       1.499       1.572
    POS6             0.875       0.910       0.929       1.039       1.165       1.191       1.238
    RD1              1.089       1.140       1.166       1.310       1.475       1.510       1.583
    RD2              0.692       0.733       0.754       0.876       1.011       1.039       1.093
    RD3              1.061       1.110       1.135       1.281       1.447       1.483       1.555
    RD4              0.868       0.919       0.946       1.092       1.262       1.296       1.364
    RD5              1.306       1.359       1.389       1.559       1.750       1.790       1.872
    LS1              0.418       0.443       0.455       0.525       0.605       0.621       0.657
    LS2              0.502       0.528       0.541       0.616       0.702       0.720       0.755
    LS3              0.436       0.461       0.476       0.549       0.633       0.650       0.686
    LS4              1.179       1.233       1.258       1.409       1.579       1.615       1.689
    LS5              1.507       1.570       1.603       1.793       2.011       2.058       2.151
    ASC              0.007       0.011       0.016       0.080       0.146       0.158       0.182
    OSC              0.002       0.004       0.005       0.036       0.104       0.120       0.148
    RD               0.553       0.600       0.628       0.786       0.962       1.001       1.076
    POS              1.131       1.198       1.237       1.437       1.662       1.707       1.806
    LS               0.342       0.369       0.384       0.465       0.558       0.577       0.617

New/Additional Parameters
    IE_RD           -0.091      -0.075      -0.067      -0.014       0.041       0.052       0.070
    IE_POS          -0.068      -0.050      -0.041       0.004       0.051       0.059       0.077


CREDIBILITY INTERVALS OF STANDARDIZED MODEL RESULTS


STDYX Standardization

                  Lower .5%  Lower 2.5%    Lower 5%    Estimate    Upper 5%  Upper 2.5%   Upper .5%

 BLUE     BY
    BLUE1            0.757       0.770       0.777       0.807       0.834       0.839       0.847
    BLUE2            0.833       0.842       0.847       0.869       0.889       0.892       0.899
    BLUE3            0.627       0.644       0.652       0.695       0.733       0.740       0.752
    BLUE4            0.778       0.789       0.795       0.823       0.847       0.852       0.861
    BLUE5            0.774       0.786       0.792       0.820       0.845       0.849       0.857
    BLUE6            0.855       0.863       0.868       0.887       0.905       0.908       0.913
    BLUE7            0.875       0.883       0.887       0.905       0.920       0.923       0.927

 ASC      BY
    ASC1             0.587       0.606       0.615       0.665       0.710       0.718       0.734
    ASC2             0.568       0.587       0.597       0.649       0.695       0.703       0.718
    ASC3             0.507       0.529       0.540       0.596       0.647       0.656       0.672
    ASC4             0.609       0.629       0.638       0.686       0.728       0.736       0.749
    ASC5             0.728       0.743       0.750       0.787       0.819       0.825       0.835

 OSC      BY
    OSC1             0.727       0.743       0.750       0.786       0.818       0.824       0.834
    OSC2             0.640       0.659       0.668       0.711       0.750       0.757       0.770
    OSC3             0.454       0.476       0.487       0.546       0.600       0.610       0.628
    OSC4             0.447       0.472       0.483       0.542       0.597       0.607       0.625
    OSC6             0.674       0.689       0.698       0.738       0.774       0.781       0.793
    OSC7             0.671       0.689       0.698       0.739       0.776       0.782       0.793

 RD       BY
    RD1              0.587       0.607       0.618       0.668       0.712       0.719       0.734
    RD2              0.741       0.755       0.763       0.801       0.833       0.839       0.850
    RD3              0.610       0.628       0.638       0.687       0.730       0.738       0.752
    RD4              0.723       0.740       0.748       0.788       0.822       0.828       0.840
    RD5              0.516       0.539       0.550       0.607       0.659       0.667       0.686

 POS      BY
    POS1             0.804       0.817       0.824       0.852       0.877       0.881       0.889
    POS2             0.819       0.831       0.836       0.864       0.888       0.892       0.900
    POS3             0.710       0.726       0.733       0.771       0.805       0.811       0.822
    POS5             0.590       0.609       0.619       0.667       0.710       0.718       0.732
    POS6             0.505       0.528       0.539       0.594       0.644       0.653       0.672

 LS       BY
    LS1              0.794       0.805       0.811       0.840       0.864       0.869       0.877
    LS2              0.750       0.763       0.769       0.801       0.829       0.834       0.844
    LS3              0.797       0.809       0.815       0.843       0.868       0.872       0.880
    LS4              0.612       0.630       0.639       0.682       0.722       0.729       0.742
    LS5              0.556       0.576       0.586       0.634       0.678       0.685       0.701

 SCO      BY
    ASC              0.908       0.921       0.926       0.958       0.992       0.994       0.997
    OSC              0.933       0.947       0.954       0.985       0.998       0.998       0.999

 RD       ON
    BLUE            -0.196      -0.169      -0.155      -0.083      -0.010       0.004       0.033
    SCO              0.113       0.145       0.160       0.243       0.325       0.342       0.371

 POS      ON
    BLUE            -0.067      -0.039      -0.026       0.052       0.129       0.142       0.170
    SCO              0.204       0.240       0.258       0.346       0.429       0.444       0.470

 LS       ON
    BLUE            -0.002       0.019       0.031       0.091       0.152       0.163       0.183
    SCO             -0.045      -0.014       0.000       0.075       0.149       0.164       0.193
    RD              -0.709      -0.682      -0.669      -0.596      -0.520      -0.505      -0.476
    POS              0.421       0.447       0.459       0.527       0.592       0.603       0.626

 RD       ON
    USC             -0.107      -0.081      -0.065       0.023       0.106       0.118       0.143
    DSC              0.323       0.352       0.366       0.441       0.510       0.521       0.542

 POS      ON
    USC             -0.070      -0.027      -0.007       0.090       0.196       0.216       0.244
    DSC             -0.125      -0.093      -0.077       0.008       0.096       0.113       0.143

 LS       ON
    USC             -0.108      -0.073      -0.058       0.022       0.095       0.108       0.129
    DSC             -0.099      -0.068      -0.052       0.022       0.096       0.109       0.135

 SCO      WITH
    BLUE             0.001       0.031       0.047       0.128       0.206       0.220       0.248

 Intercepts
    BLUE1            3.886       3.967       4.010       4.238       4.472       4.513       4.606
    BLUE2            4.357       4.449       4.495       4.749       5.007       5.058       5.149
    BLUE3            3.220       3.298       3.335       3.528       3.722       3.760       3.831
    BLUE4            3.856       3.945       3.988       4.218       4.448       4.493       4.577
    BLUE5            3.822       3.900       3.941       4.169       4.402       4.444       4.532
    BLUE6            4.279       4.373       4.422       4.670       4.921       4.970       5.061
    BLUE7            4.245       4.332       4.375       4.627       4.878       4.927       5.022
    ASC1             2.645       2.704       2.736       2.903       3.071       3.104       3.167
    ASC2             3.198       3.272       3.308       3.504       3.701       3.741       3.821
    ASC3             3.839       3.933       3.977       4.202       4.434       4.478       4.560
    ASC4             2.828       2.892       2.927       3.104       3.283       3.317       3.382
    ASC5             2.320       2.370       2.399       2.548       2.701       2.732       2.788
    OSC1             3.124       3.197       3.235       3.424       3.619       3.654       3.723
    OSC2             3.250       3.321       3.360       3.558       3.760       3.798       3.873
    OSC3             3.376       3.447       3.486       3.692       3.900       3.941       4.018
    OSC4             3.479       3.558       3.600       3.807       4.023       4.065       4.147
    OSC6             2.672       2.741       2.776       2.943       3.115       3.146       3.214
    OSC7             2.577       2.635       2.665       2.827       2.991       3.023       3.086
    POS1             1.264       1.425       1.531       2.109       2.616       2.706       2.914
    POS2             0.952       1.093       1.203       1.782       2.298       2.393       2.600
    POS3             1.946       2.093       2.203       2.722       3.194       3.283       3.463
    POS5             1.233       1.368       1.459       1.913       2.320       2.398       2.560
    POS6             2.541       2.690       2.775       3.206       3.597       3.666       3.817
    RD1              1.496       1.595       1.648       2.000       2.391       2.466       2.608
    RD2              0.491       0.615       0.681       1.089       1.524       1.612       1.764
    RD3              0.484       0.599       0.653       1.017       1.402       1.472       1.596
    RD4              0.681       0.799       0.862       1.269       1.698       1.784       1.934
    RD5              0.665       0.771       0.827       1.158       1.500       1.567       1.679
    LS1              2.942       3.096       3.208       3.728       4.221       4.296       4.419
    LS2              2.895       3.049       3.158       3.652       4.128       4.195       4.319
    LS3              3.045       3.216       3.335       3.855       4.352       4.425       4.559
    LS4              2.328       2.485       2.576       2.994       3.409       3.469       3.568
    LS5              1.596       1.722       1.809       2.193       2.570       2.624       2.713

 Variances
    BLUE             1.000       1.000       1.000       1.000       1.000       1.000       1.000
    SCO              1.000       1.000       1.000       1.000       1.000       1.000       1.000

 Residual Variances
    BLUE1            0.283       0.296       0.304       0.348       0.397       0.406       0.426
    BLUE2            0.192       0.204       0.210       0.244       0.282       0.291       0.307
    BLUE3            0.434       0.453       0.463       0.517       0.574       0.585       0.607
    BLUE4            0.259       0.274       0.282       0.322       0.368       0.377       0.394
    BLUE5            0.265       0.279       0.287       0.328       0.373       0.383       0.402
    BLUE6            0.166       0.176       0.182       0.212       0.247       0.254       0.270
    BLUE7            0.140       0.149       0.154       0.182       0.213       0.220       0.234
    ASC1             0.462       0.484       0.496       0.558       0.621       0.632       0.655
    ASC2             0.485       0.506       0.517       0.579       0.643       0.656       0.677
    ASC3             0.548       0.570       0.582       0.645       0.708       0.721       0.743
    ASC4             0.439       0.459       0.470       0.529       0.593       0.604       0.630
    ASC5             0.302       0.320       0.329       0.381       0.437       0.449       0.470
    OSC1             0.305       0.321       0.331       0.381       0.437       0.449       0.472
    OSC2             0.407       0.427       0.437       0.494       0.554       0.566       0.590
    OSC3             0.606       0.628       0.640       0.701       0.762       0.774       0.794
    OSC4             0.609       0.632       0.643       0.706       0.766       0.777       0.800
    OSC6             0.371       0.390       0.400       0.456       0.513       0.525       0.545
    OSC7             0.371       0.388       0.399       0.453       0.513       0.526       0.549
    POS1             0.209       0.223       0.231       0.273       0.322       0.332       0.353
    POS2             0.190       0.204       0.212       0.254       0.301       0.310       0.329
    POS3             0.324       0.343       0.353       0.405       0.462       0.473       0.496
    POS5             0.464       0.485       0.496       0.555       0.616       0.629       0.652
    POS6             0.548       0.573       0.585       0.648       0.709       0.722       0.744
    RD1              0.461       0.482       0.493       0.553       0.618       0.632       0.656
    RD2              0.278       0.295       0.305       0.359       0.418       0.430       0.452
    RD3              0.435       0.456       0.467       0.528       0.593       0.605       0.627
    RD4              0.295       0.314       0.324       0.379       0.440       0.452       0.478
    RD5              0.530       0.555       0.566       0.631       0.697       0.710       0.733
    LS1              0.231       0.245       0.253       0.295       0.342       0.352       0.369
    LS2              0.288       0.304       0.313       0.359       0.408       0.418       0.438
    LS3              0.225       0.239       0.247       0.289       0.335       0.345       0.365
    LS4              0.450       0.469       0.479       0.534       0.592       0.603       0.625
    LS5              0.509       0.530       0.541       0.599       0.657       0.669       0.691
    ASC              0.006       0.011       0.016       0.082       0.142       0.153       0.175
    OSC              0.002       0.003       0.004       0.030       0.090       0.104       0.129
    RD               0.647       0.671       0.684       0.746       0.806       0.818       0.839
    POS              0.763       0.788       0.799       0.858       0.907       0.915       0.929
    LS               0.286       0.306       0.316       0.372       0.432       0.444       0.465


PLOT INFORMATION

The following plots are available:

  Bayesian posterior parameter distributions
  Bayesian posterior parameter trace plots
  Bayesian autocorrelation plots
  Bayesian prior parameter distributions
  Bayesian posterior predictive checking scatterplots
  Bayesian posterior predictive checking distribution plots

     Beginning Time:  14:28:39
        Ending Time:  14:29:38
       Elapsed Time:  00:00:59



MUTHEN & MUTHEN
3463 Stoner Ave.
Los Angeles, CA  90066

Tel: (310) 391-9971
Fax: (310) 391-8971
Web: www.StatModel.com
Support: Support@StatModel.com

Copyright (c) 1998-2019 Muthen & Muthen
