Mplus VERSION 8.3
MUTHEN & MUTHEN
02/05/2024   4:04 PM

INPUT INSTRUCTIONS

  TITLE:

      Mediation;

  DATA:
  FILE = "./OUTPUT/SEM/Mplus/SEM.med_7e67df930591ecbf57341e6c33689c79.dat";

  VARIABLE:
  NAMES = Blue1 Blue2 Blue3 Blue4 Blue5 Blue6 Blue7 USC DSC POS1 POS2 POS3 POS5 POS6
       RD1 RD2 RD3 RD4 RD5 LS1 LS2 LS3 LS4 LS5;
   MISSING=.;

  ANALYSIS:

      TYPE =general;
      bootstrap = 5000;
      process=16;

  MODEL:

      Blue by Blue1-Blue7;
      RD by RD1-RD5;
      POS by POS1-POS3 POS5 POS6;

      LS by LS1-LS5;

      RD on Blue
            USC(a1);
      POS on Blue
             DSC(a2);
      LS on Blue
            USC(c1)
            DSC(c2)
            RD(b1)
            POS(b2);

  MODEL CONSTRAINT:

     NEW(IE_RD
         IE_POS);

      IE_RD = a1*b1;
      IE_POS = a2*b2;

  OUTPUT:

      CINT(bcbootstrap);
      STDYX



INPUT READING TERMINATED NORMALLY





Mediation;

SUMMARY OF ANALYSIS

Number of groups                                                 1
Number of observations                                         506

Number of dependent variables                                   22
Number of independent variables                                  2
Number of continuous latent variables                            4

Observed dependent variables

  Continuous
   BLUE1       BLUE2       BLUE3       BLUE4       BLUE5       BLUE6
   BLUE7       POS1        POS2        POS3        POS5        POS6
   RD1         RD2         RD3         RD4         RD5         LS1
   LS2         LS3         LS4         LS5

Observed independent variables
   USC         DSC

Continuous latent variables
   BLUE        RD          POS         LS


Estimator                                                       ML
Information matrix                                        OBSERVED
Maximum number of iterations                                  1000
Convergence criterion                                    0.500D-04
Maximum number of steepest descent iterations                   20
Maximum number of iterations for H1                           2000
Convergence criterion for H1                             0.100D-03
Number of bootstrap draws
    Requested                                                 5000
    Completed                                                 5000

Input data file(s)
  ./OUTPUT/SEM/Mplus/SEM.med_7e67df930591ecbf57341e6c33689c79.dat

Input data format  FREE


SUMMARY OF DATA

     Number of missing data patterns             1


COVARIANCE COVERAGE OF DATA

Minimum covariance coverage value   0.100


     PROPORTION OF DATA PRESENT


           Covariance Coverage
              BLUE1         BLUE2         BLUE3         BLUE4         BLUE5
              ________      ________      ________      ________      ________
 BLUE1          1.000
 BLUE2          1.000         1.000
 BLUE3          1.000         1.000         1.000
 BLUE4          1.000         1.000         1.000         1.000
 BLUE5          1.000         1.000         1.000         1.000         1.000
 BLUE6          1.000         1.000         1.000         1.000         1.000
 BLUE7          1.000         1.000         1.000         1.000         1.000
 POS1           1.000         1.000         1.000         1.000         1.000
 POS2           1.000         1.000         1.000         1.000         1.000
 POS3           1.000         1.000         1.000         1.000         1.000
 POS5           1.000         1.000         1.000         1.000         1.000
 POS6           1.000         1.000         1.000         1.000         1.000
 RD1            1.000         1.000         1.000         1.000         1.000
 RD2            1.000         1.000         1.000         1.000         1.000
 RD3            1.000         1.000         1.000         1.000         1.000
 RD4            1.000         1.000         1.000         1.000         1.000
 RD5            1.000         1.000         1.000         1.000         1.000
 LS1            1.000         1.000         1.000         1.000         1.000
 LS2            1.000         1.000         1.000         1.000         1.000
 LS3            1.000         1.000         1.000         1.000         1.000
 LS4            1.000         1.000         1.000         1.000         1.000
 LS5            1.000         1.000         1.000         1.000         1.000
 USC            1.000         1.000         1.000         1.000         1.000
 DSC            1.000         1.000         1.000         1.000         1.000


           Covariance Coverage
              BLUE6         BLUE7         POS1          POS2          POS3
              ________      ________      ________      ________      ________
 BLUE6          1.000
 BLUE7          1.000         1.000
 POS1           1.000         1.000         1.000
 POS2           1.000         1.000         1.000         1.000
 POS3           1.000         1.000         1.000         1.000         1.000
 POS5           1.000         1.000         1.000         1.000         1.000
 POS6           1.000         1.000         1.000         1.000         1.000
 RD1            1.000         1.000         1.000         1.000         1.000
 RD2            1.000         1.000         1.000         1.000         1.000
 RD3            1.000         1.000         1.000         1.000         1.000
 RD4            1.000         1.000         1.000         1.000         1.000
 RD5            1.000         1.000         1.000         1.000         1.000
 LS1            1.000         1.000         1.000         1.000         1.000
 LS2            1.000         1.000         1.000         1.000         1.000
 LS3            1.000         1.000         1.000         1.000         1.000
 LS4            1.000         1.000         1.000         1.000         1.000
 LS5            1.000         1.000         1.000         1.000         1.000
 USC            1.000         1.000         1.000         1.000         1.000
 DSC            1.000         1.000         1.000         1.000         1.000


           Covariance Coverage
              POS5          POS6          RD1           RD2           RD3
              ________      ________      ________      ________      ________
 POS5           1.000
 POS6           1.000         1.000
 RD1            1.000         1.000         1.000
 RD2            1.000         1.000         1.000         1.000
 RD3            1.000         1.000         1.000         1.000         1.000
 RD4            1.000         1.000         1.000         1.000         1.000
 RD5            1.000         1.000         1.000         1.000         1.000
 LS1            1.000         1.000         1.000         1.000         1.000
 LS2            1.000         1.000         1.000         1.000         1.000
 LS3            1.000         1.000         1.000         1.000         1.000
 LS4            1.000         1.000         1.000         1.000         1.000
 LS5            1.000         1.000         1.000         1.000         1.000
 USC            1.000         1.000         1.000         1.000         1.000
 DSC            1.000         1.000         1.000         1.000         1.000


           Covariance Coverage
              RD4           RD5           LS1           LS2           LS3
              ________      ________      ________      ________      ________
 RD4            1.000
 RD5            1.000         1.000
 LS1            1.000         1.000         1.000
 LS2            1.000         1.000         1.000         1.000
 LS3            1.000         1.000         1.000         1.000         1.000
 LS4            1.000         1.000         1.000         1.000         1.000
 LS5            1.000         1.000         1.000         1.000         1.000
 USC            1.000         1.000         1.000         1.000         1.000
 DSC            1.000         1.000         1.000         1.000         1.000


           Covariance Coverage
              LS4           LS5           USC           DSC
              ________      ________      ________      ________
 LS4            1.000
 LS5            1.000         1.000
 USC            1.000         1.000         1.000
 DSC            1.000         1.000         1.000         1.000



UNIVARIATE SAMPLE STATISTICS


     UNIVARIATE HIGHER-ORDER MOMENT DESCRIPTIVE STATISTICS

         Variable/         Mean/     Skewness/   Minimum/ % with                Percentiles
        Sample Size      Variance    Kurtosis    Maximum  Min/Max      20%/60%    40%/80%    Median

     BLUE1                 5.494      -1.180       1.000    1.58%       5.000      5.000      6.000
             506.000       1.677       1.660       7.000   21.74%       6.000      7.000
     BLUE2                 5.812      -1.428       1.000    0.99%       5.000      6.000      6.000
             506.000       1.481       2.466       7.000   32.02%       6.000      7.000
     BLUE3                 5.178      -0.833       1.000    2.17%       4.000      5.000      5.000
             506.000       2.130       0.317       7.000   18.77%       6.000      6.000
     BLUE4                 5.640      -1.072       1.000    0.99%       5.000      6.000      6.000
             506.000       1.768       0.942       7.000   31.03%       6.000      7.000
     BLUE5                 5.532      -1.038       1.000    1.19%       5.000      5.000      6.000
             506.000       1.739       1.077       7.000   26.09%       6.000      7.000
     BLUE6                 5.911      -1.517       1.000    0.99%       5.000      6.000      6.000
             506.000       1.583       2.523       7.000   39.92%       6.000      7.000
     BLUE7                 5.798      -1.411       1.000    0.99%       5.000      6.000      6.000
             506.000       1.552       2.309       7.000   32.81%       6.000      7.000
     POS1                  3.787       0.019       1.000    7.71%       2.000      3.000      4.000
             506.000       2.310      -0.596       7.000    3.75%       4.000      5.000
     POS2                  3.429       0.247       1.000   12.65%       2.000      3.000      3.000
             506.000       2.486      -0.693       7.000    2.96%       4.000      5.000
     POS3                  4.180      -0.210       1.000    3.16%       3.000      4.000      4.000
             506.000       1.847      -0.296       7.000    3.16%       5.000      5.000
     POS5                  3.393       0.219       1.000   12.45%       2.000      3.000      3.000
             506.000       2.341      -0.648       7.000    2.17%       4.000      5.000
     POS6                  4.399      -0.323       1.000    2.37%       4.000      4.000      4.000
             506.000       1.596       0.245       7.000    4.15%       5.000      5.000
     RD1                   4.215      -0.226       1.000    4.35%       3.000      4.000      4.000
             506.000       2.335      -0.677       7.000    5.73%       5.000      5.000
     RD2                   3.081       0.600       1.000   15.81%       2.000      2.000      3.000
             506.000       2.403      -0.313       7.000    2.57%       3.000      4.000
     RD3                   2.763       0.700       1.000   24.90%       1.000      2.000      2.000
             506.000       2.394      -0.349       7.000    1.58%       3.000      4.000
     RD4                   3.626       0.228       1.000    9.88%       2.000      3.000      4.000
             506.000       2.839      -0.915       7.000    4.94%       4.000      5.000
     RD5                   2.872       0.646       1.000   21.34%       1.000      2.000      2.000
             506.000       2.440      -0.404       7.000    2.17%       3.000      4.000
     LS1                   4.680      -0.549       1.000    1.19%       3.000      5.000      5.000
             506.000       1.890      -0.313       7.000    5.73%       5.000      6.000
     LS2                   4.514      -0.404       1.000    2.57%       4.000      4.000      5.000
             506.000       1.819      -0.016       7.000    5.53%       5.000      6.000
     LS3                   5.010      -0.589       1.000    1.19%       4.000      5.000      5.000
             506.000       2.026      -0.207       7.000   14.23%       6.000      6.000
     LS4                   4.577      -0.428       1.000    3.95%       3.000      4.000      5.000
             506.000       2.742      -0.801       7.000   10.47%       5.000      6.000
     LS5                   3.518       0.195       1.000   16.01%       2.000      3.000      3.000
             506.000       3.099      -1.011       7.000    4.55%       4.000      5.000
     USC                   5.077      -0.071       1.000    0.20%       4.000      5.000      5.000
             506.000       1.095       0.083       7.000    9.88%       5.000      6.000
     DSC                   2.530       0.881       1.000   15.22%       2.000      2.000      2.000
             506.000       1.253       0.836       6.000    2.57%       3.000      3.000


THE MODEL ESTIMATION TERMINATED NORMALLY



MODEL FIT INFORMATION

Number of Free Parameters                       75

Loglikelihood

          H0 Value                      -16490.609
          H1 Value                      -15878.139

Information Criteria

          Akaike (AIC)                   33131.217
          Bayesian (BIC)                 33448.208
          Sample-Size Adjusted BIC       33210.149
            (n* = (n + 2) / 24)

Chi-Square Test of Model Fit

          Value                           1224.939
          Degrees of Freedom                   244
          P-Value                           0.0000

RMSEA (Root Mean Square Error Of Approximation)

          Estimate                           0.089
          90 Percent C.I.                    0.084  0.094
          Probability RMSEA <= .05           0.000

CFI/TLI

          CFI                                0.872
          TLI                                0.855

Chi-Square Test of Model Fit for the Baseline Model

          Value                           7921.310
          Degrees of Freedom                   275
          P-Value                           0.0000

SRMR (Standardized Root Mean Square Residual)

          Value                              0.104



MODEL RESULTS

                                                    Two-Tailed
                    Estimate       S.E.  Est./S.E.    P-Value

 BLUE     BY
    BLUE1              1.000      0.000    999.000    999.000
    BLUE2              1.009      0.037     27.029      0.000
    BLUE3              0.967      0.055     17.425      0.000
    BLUE4              1.043      0.054     19.302      0.000
    BLUE5              1.030      0.061     16.931      0.000
    BLUE6              1.064      0.052     20.493      0.000
    BLUE7              1.074      0.052     20.506      0.000

 RD       BY
    RD1                1.000      0.000    999.000    999.000
    RD2                1.185      0.078     15.169      0.000
    RD3                0.997      0.088     11.388      0.000
    RD4                1.324      0.078     17.038      0.000
    RD5                0.943      0.079     11.926      0.000

 POS      BY
    POS1               1.000      0.000    999.000    999.000
    POS2               1.045      0.039     26.827      0.000
    POS3               0.818      0.047     17.470      0.000
    POS5               0.791      0.044     17.859      0.000
    POS6               0.592      0.056     10.515      0.000

 LS       BY
    LS1                1.000      0.000    999.000    999.000
    LS2                0.940      0.045     20.895      0.000
    LS3                1.042      0.043     23.989      0.000
    LS4                0.992      0.053     18.871      0.000
    LS5                0.983      0.056     17.448      0.000

 RD       ON
    BLUE              -0.043      0.054     -0.792      0.428

 POS      ON
    BLUE               0.124      0.063      1.975      0.048

 LS       ON
    BLUE               0.107      0.044      2.458      0.014
    RD                -0.590      0.057    -10.392      0.000
    POS                0.464      0.044     10.577      0.000

 RD       ON
    USC               -0.065      0.053     -1.230      0.219

 POS      ON
    DSC               -0.048      0.056     -0.868      0.385

 LS       ON
    USC                0.033      0.045      0.733      0.464
    DSC               -0.032      0.041     -0.782      0.434

 Intercepts
    BLUE1              5.494      0.058     94.491      0.000
    BLUE2              5.812      0.054    106.853      0.000
    BLUE3              5.178      0.064     80.403      0.000
    BLUE4              5.640      0.059     95.009      0.000
    BLUE5              5.532      0.058     94.810      0.000
    BLUE6              5.911      0.056    105.911      0.000
    BLUE7              5.798      0.056    103.825      0.000
    POS1               3.908      0.162     24.155      0.000
    POS2               3.556      0.168     21.194      0.000
    POS3               4.280      0.136     31.442      0.000
    POS5               3.490      0.136     25.715      0.000
    POS6               4.471      0.107     41.816      0.000
    RD1                4.548      0.268     16.941      0.000
    RD2                3.475      0.325     10.703      0.000
    RD3                3.094      0.277     11.180      0.000
    RD4                4.066      0.361     11.250      0.000
    RD5                3.185      0.268     11.867      0.000
    LS1                4.456      0.337     13.205      0.000
    LS2                4.303      0.320     13.432      0.000
    LS3                4.777      0.351     13.608      0.000
    LS4                4.355      0.338     12.878      0.000
    LS5                3.298      0.335      9.840      0.000

 Variances
    BLUE               1.100      0.144      7.658      0.000

 Residual Variances
    BLUE1              0.577      0.082      6.992      0.000
    BLUE2              0.361      0.054      6.736      0.000
    BLUE3              1.102      0.119      9.223      0.000
    BLUE4              0.570      0.076      7.537      0.000
    BLUE5              0.572      0.071      8.039      0.000
    BLUE6              0.337      0.052      6.477      0.000
    BLUE7              0.283      0.037      7.759      0.000
    POS1               0.633      0.074      8.520      0.000
    POS2               0.655      0.073      8.933      0.000
    POS3               0.725      0.068     10.709      0.000
    POS5               1.291      0.111     11.600      0.000
    POS6               1.007      0.096     10.465      0.000
    RD1                1.281      0.106     12.030      0.000
    RD2                0.922      0.091     10.084      0.000
    RD3                1.346      0.123     10.928      0.000
    RD4                0.991      0.106      9.375      0.000
    RD5                1.502      0.120     12.538      0.000
    LS1                0.521      0.061      8.469      0.000
    LS2                0.610      0.050     12.107      0.000
    LS3                0.540      0.054     10.020      0.000
    LS4                1.396      0.116     12.071      0.000
    LS5                1.776      0.123     14.496      0.000
    RD                 1.047      0.113      9.303      0.000
    POS                1.658      0.130     12.745      0.000
    LS                 0.459      0.056      8.224      0.000

New/Additional Parameters
    IE_RD              0.039      0.032      1.214      0.225
    IE_POS            -0.022      0.026     -0.863      0.388


STANDARDIZED MODEL RESULTS


STDYX Standardization

                                                    Two-Tailed
                    Estimate       S.E.  Est./S.E.    P-Value

 BLUE     BY
    BLUE1              0.810      0.031     26.083      0.000
    BLUE2              0.870      0.022     40.050      0.000
    BLUE3              0.695      0.034     20.149      0.000
    BLUE4              0.823      0.026     31.764      0.000
    BLUE5              0.819      0.027     30.725      0.000
    BLUE6              0.887      0.020     45.281      0.000
    BLUE7              0.904      0.014     62.447      0.000

 RD       BY
    RD1                0.672      0.030     22.493      0.000
    RD2                0.785      0.025     31.967      0.000
    RD3                0.662      0.035     18.899      0.000
    RD4                0.807      0.024     34.280      0.000
    RD5                0.620      0.038     16.290      0.000

 POS      BY
    POS1               0.852      0.019     44.290      0.000
    POS2               0.858      0.018     48.123      0.000
    POS3               0.779      0.025     31.274      0.000
    POS5               0.670      0.033     20.156      0.000
    POS6               0.607      0.044     13.878      0.000

 LS       BY
    LS1                0.838      0.020     41.350      0.000
    LS2                0.801      0.019     43.103      0.000
    LS3                0.844      0.018     46.685      0.000
    LS4                0.682      0.029     23.356      0.000
    LS5                0.634      0.029     21.871      0.000

 RD       ON
    BLUE              -0.044      0.054     -0.806      0.420

 POS      ON
    BLUE               0.100      0.050      2.004      0.045

 LS       ON
    BLUE               0.101      0.040      2.511      0.012
    RD                -0.545      0.041    -13.347      0.000
    POS                0.541      0.044     12.359      0.000

 RD       ON
    USC               -0.067      0.054     -1.231      0.218

 POS      ON
    DSC               -0.042      0.048     -0.869      0.385

 LS       ON
    USC                0.031      0.042      0.732      0.464
    DSC               -0.033      0.042     -0.781      0.435

 Intercepts
    BLUE1              4.243      0.215     19.777      0.000
    BLUE2              4.777      0.265     18.043      0.000
    BLUE3              3.547      0.151     23.423      0.000
    BLUE4              4.242      0.195     21.702      0.000
    BLUE5              4.195      0.195     21.482      0.000
    BLUE6              4.698      0.261     18.005      0.000
    BLUE7              4.654      0.252     18.436      0.000
    POS1               2.571      0.129     19.951      0.000
    POS2               2.255      0.116     19.400      0.000
    POS3               3.149      0.135     23.293      0.000
    POS5               2.281      0.105     21.788      0.000
    POS6               3.540      0.153     23.114      0.000
    RD1                2.976      0.193     15.435      0.000
    RD2                2.242      0.212     10.593      0.000
    RD3                2.000      0.184     10.869      0.000
    RD4                2.414      0.218     11.048      0.000
    RD5                2.039      0.170     11.962      0.000
    LS1                3.365      0.280     12.034      0.000
    LS2                3.302      0.266     12.391      0.000
    LS3                3.486      0.282     12.361      0.000
    LS4                2.697      0.226     11.926      0.000
    LS5                1.914      0.198      9.646      0.000

 Variances
    BLUE               1.000      0.000    999.000    999.000

 Residual Variances
    BLUE1              0.344      0.050      6.902      0.000
    BLUE2              0.244      0.038      6.491      0.000
    BLUE3              0.517      0.048     10.847      0.000
    BLUE4              0.323      0.042      7.601      0.000
    BLUE5              0.329      0.043      7.580      0.000
    BLUE6              0.213      0.035      6.147      0.000
    BLUE7              0.182      0.026      6.991      0.000
    POS1               0.274      0.033      8.373      0.000
    POS2               0.263      0.030      8.640      0.000
    POS3               0.393      0.039     10.131      0.000
    POS5               0.551      0.044     12.412      0.000
    POS6               0.631      0.053     11.918      0.000
    RD1                0.549      0.040     13.725      0.000
    RD2                0.384      0.038      9.990      0.000
    RD3                0.562      0.046     12.207      0.000
    RD4                0.349      0.038      9.229      0.000
    RD5                0.616      0.047     13.134      0.000
    LS1                0.297      0.034      8.765      0.000
    LS2                0.359      0.030     12.096      0.000
    LS3                0.287      0.030      9.427      0.000
    LS4                0.535      0.040     13.478      0.000
    LS5                0.599      0.037     16.358      0.000
    RD                 0.994      0.010     94.701      0.000
    POS                0.988      0.012     82.430      0.000
    LS                 0.372      0.037     10.161      0.000


R-SQUARE

    Observed                                        Two-Tailed
    Variable        Estimate       S.E.  Est./S.E.    P-Value

    BLUE1              0.656      0.050     13.162      0.000
    BLUE2              0.756      0.038     20.165      0.000
    BLUE3              0.483      0.048     10.125      0.000
    BLUE4              0.677      0.042     15.962      0.000
    BLUE5              0.671      0.043     15.471      0.000
    BLUE6              0.787      0.035     22.747      0.000
    BLUE7              0.818      0.026     31.328      0.000
    POS1               0.726      0.033     22.204      0.000
    POS2               0.737      0.030     24.153      0.000
    POS3               0.607      0.039     15.680      0.000
    POS5               0.449      0.044     10.101      0.000
    POS6               0.369      0.053      6.959      0.000
    RD1                0.451      0.040     11.291      0.000
    RD2                0.616      0.038     16.038      0.000
    RD3                0.438      0.046      9.499      0.000
    RD4                0.651      0.038     17.191      0.000
    RD5                0.384      0.047      8.195      0.000
    LS1                0.703      0.034     20.748      0.000
    LS2                0.641      0.030     21.580      0.000
    LS3                0.713      0.030     23.380      0.000
    LS4                0.465      0.040     11.705      0.000
    LS5                0.401      0.037     10.970      0.000

     Latent                                         Two-Tailed
    Variable        Estimate       S.E.  Est./S.E.    P-Value

    RD                 0.006      0.010      0.607      0.544
    POS                0.012      0.012      0.985      0.325
    LS                 0.628      0.037     17.143      0.000


CONFIDENCE INTERVALS OF MODEL RESULTS

                  Lower .5%  Lower 2.5%    Lower 5%    Estimate    Upper 5%  Upper 2.5%   Upper .5%

 BLUE     BY
    BLUE1            1.000       1.000       1.000       1.000       1.000       1.000       1.000
    BLUE2            0.917       0.938       0.949       1.009       1.072       1.085       1.113
    BLUE3            0.838       0.871       0.885       0.967       1.068       1.088       1.126
    BLUE4            0.913       0.946       0.963       1.043       1.137       1.160       1.198
    BLUE5            0.893       0.924       0.939       1.030       1.141       1.164       1.214
    BLUE6            0.930       0.967       0.983       1.064       1.151       1.171       1.210
    BLUE7            0.959       0.984       0.997       1.074       1.168       1.190       1.233

 RD       BY
    RD1              1.000       1.000       1.000       1.000       1.000       1.000       1.000
    RD2              0.999       1.043       1.067       1.185       1.324       1.350       1.406
    RD3              0.796       0.842       0.865       0.997       1.153       1.184       1.246
    RD4              1.142       1.183       1.205       1.324       1.457       1.484       1.546
    RD5              0.743       0.791       0.817       0.943       1.074       1.104       1.156

 POS      BY
    POS1             1.000       1.000       1.000       1.000       1.000       1.000       1.000
    POS2             0.952       0.972       0.984       1.045       1.113       1.126       1.155
    POS3             0.703       0.732       0.744       0.818       0.897       0.911       0.938
    POS5             0.678       0.704       0.718       0.791       0.864       0.878       0.906
    POS6             0.453       0.486       0.502       0.592       0.688       0.706       0.743

 LS       BY
    LS1              1.000       1.000       1.000       1.000       1.000       1.000       1.000
    LS2              0.826       0.855       0.866       0.940       1.014       1.030       1.060
    LS3              0.938       0.961       0.973       1.042       1.117       1.132       1.156
    LS4              0.849       0.886       0.904       0.992       1.075       1.093       1.125
    LS5              0.840       0.877       0.895       0.983       1.078       1.096       1.134

 RD       ON
    BLUE            -0.191      -0.154      -0.134      -0.043       0.044       0.061       0.096

 POS      ON
    BLUE            -0.042       0.005       0.022       0.124       0.228       0.250       0.290

 LS       ON
    BLUE            -0.007       0.023       0.038       0.107       0.181       0.196       0.228
    RD              -0.749      -0.707      -0.686      -0.590      -0.500      -0.485      -0.452
    POS              0.354       0.381       0.394       0.464       0.539       0.553       0.585

 RD       ON
    USC             -0.210      -0.172      -0.156      -0.065       0.020       0.038       0.069

 POS      ON
    DSC             -0.189      -0.155      -0.138      -0.048       0.046       0.065       0.098

 LS       ON
    USC             -0.083      -0.055      -0.043       0.033       0.104       0.119       0.147
    DSC             -0.136      -0.112      -0.098      -0.032       0.036       0.049       0.075

 Intercepts
    BLUE1            5.336       5.377       5.395       5.494       5.585       5.605       5.640
    BLUE2            5.664       5.706       5.721       5.812       5.901       5.917       5.943
    BLUE3            5.008       5.053       5.073       5.178       5.285       5.302       5.338
    BLUE4            5.484       5.524       5.543       5.640       5.737       5.757       5.794
    BLUE5            5.377       5.417       5.435       5.532       5.626       5.646       5.676
    BLUE6            5.767       5.798       5.814       5.911       6.000       6.018       6.047
    BLUE7            5.646       5.686       5.706       5.798       5.885       5.903       5.939
    POS1             3.453       3.575       3.627       3.908       4.163       4.209       4.310
    POS2             3.094       3.217       3.272       3.556       3.825       3.870       3.967
    POS3             3.915       4.006       4.053       4.280       4.499       4.546       4.620
    POS5             3.124       3.215       3.262       3.490       3.709       3.746       3.821
    POS6             4.182       4.262       4.298       4.471       4.648       4.680       4.752
    RD1              3.862       4.025       4.106       4.548       4.989       5.078       5.235
    RD2              2.645       2.839       2.950       3.475       4.018       4.118       4.365
    RD3              2.383       2.559       2.656       3.094       3.560       3.649       3.847
    RD4              3.146       3.361       3.483       4.066       4.671       4.769       5.005
    RD5              2.519       2.680       2.760       3.185       3.638       3.728       3.931
    LS1              3.580       3.791       3.905       4.456       5.009       5.111       5.308
    LS2              3.469       3.685       3.781       4.303       4.837       4.927       5.128
    LS3              3.841       4.087       4.202       4.777       5.351       5.453       5.680
    LS4              3.424       3.672       3.788       4.355       4.898       4.997       5.227
    LS5              2.417       2.633       2.761       3.298       3.856       3.952       4.172

 Variances
    BLUE             0.763       0.833       0.877       1.100       1.351       1.408       1.499

 Residual Variances
    BLUE1            0.409       0.444       0.462       0.577       0.747       0.782       0.834
    BLUE2            0.247       0.272       0.284       0.361       0.466       0.485       0.523
    BLUE3            0.816       0.887       0.918       1.102       1.314       1.351       1.434
    BLUE4            0.404       0.441       0.462       0.570       0.712       0.741       0.803
    BLUE5            0.411       0.441       0.461       0.572       0.696       0.721       0.763
    BLUE6            0.227       0.250       0.264       0.337       0.440       0.460       0.498
    BLUE7            0.205       0.222       0.231       0.283       0.354       0.369       0.397
    POS1             0.454       0.497       0.517       0.633       0.764       0.785       0.844
    POS2             0.492       0.528       0.548       0.655       0.793       0.817       0.866
    POS3             0.564       0.604       0.623       0.725       0.849       0.872       0.928
    POS5             1.022       1.085       1.119       1.291       1.487       1.528       1.596
    POS6             0.780       0.832       0.861       1.007       1.180       1.209       1.267
    RD1              1.024       1.087       1.120       1.281       1.472       1.508       1.571
    RD2              0.699       0.752       0.781       0.922       1.079       1.112       1.173
    RD3              1.050       1.111       1.148       1.346       1.554       1.608       1.680
    RD4              0.743       0.799       0.829       0.991       1.185       1.225       1.308
    RD5              1.215       1.279       1.319       1.502       1.712       1.758       1.832
    LS1              0.383       0.415       0.434       0.521       0.637       0.660       0.708
    LS2              0.486       0.517       0.532       0.610       0.698       0.716       0.746
    LS3              0.417       0.444       0.460       0.540       0.637       0.658       0.683
    LS4              1.129       1.187       1.221       1.396       1.608       1.643       1.709
    LS5              1.490       1.559       1.594       1.776       1.999       2.049       2.134
    RD               0.773       0.843       0.875       1.047       1.248       1.278       1.359
    POS              1.346       1.415       1.459       1.658       1.886       1.931       2.015
    LS               0.331       0.365       0.381       0.459       0.569       0.590       0.627

New/Additional Parameters
    IE_RD           -0.040      -0.023      -0.012       0.039       0.092       0.103       0.124
    IE_POS          -0.092      -0.073      -0.065      -0.022       0.021       0.030       0.045


CONFIDENCE INTERVALS OF STANDARDIZED MODEL RESULTS


STDYX Standardization

                  Lower .5%  Lower 2.5%    Lower 5%    Estimate    Upper 5%  Upper 2.5%   Upper .5%

 BLUE     BY
    BLUE1            0.715       0.737       0.749       0.810       0.853       0.861       0.875
    BLUE2            0.799       0.819       0.829       0.870       0.900       0.906       0.913
    BLUE3            0.604       0.626       0.636       0.695       0.749       0.758       0.777
    BLUE4            0.748       0.766       0.776       0.823       0.862       0.869       0.881
    BLUE5            0.743       0.762       0.771       0.819       0.859       0.865       0.878
    BLUE6            0.828       0.842       0.850       0.887       0.916       0.920       0.929
    BLUE7            0.856       0.871       0.877       0.904       0.925       0.929       0.936

 RD       BY
    RD1              0.587       0.611       0.620       0.672       0.718       0.728       0.744
    RD2              0.715       0.731       0.741       0.785       0.822       0.830       0.841
    RD3              0.562       0.590       0.602       0.662       0.717       0.727       0.742
    RD4              0.736       0.757       0.764       0.807       0.842       0.849       0.861
    RD5              0.504       0.537       0.552       0.620       0.677       0.687       0.706

 POS      BY
    POS1             0.797       0.811       0.818       0.852       0.881       0.886       0.897
    POS2             0.807       0.817       0.824       0.858       0.884       0.888       0.898
    POS3             0.707       0.725       0.736       0.779       0.817       0.825       0.839
    POS5             0.579       0.602       0.613       0.670       0.723       0.733       0.751
    POS6             0.490       0.516       0.533       0.607       0.676       0.690       0.711

 LS       BY
    LS1              0.775       0.793       0.801       0.838       0.868       0.874       0.884
    LS2              0.749       0.762       0.770       0.801       0.831       0.836       0.845
    LS3              0.793       0.804       0.811       0.844       0.871       0.876       0.887
    LS4              0.597       0.618       0.629       0.682       0.725       0.733       0.749
    LS5              0.551       0.573       0.582       0.634       0.678       0.685       0.700

 RD       ON
    BLUE            -0.185      -0.151      -0.133      -0.044       0.047       0.064       0.096

 POS      ON
    BLUE            -0.032       0.003       0.017       0.100       0.181       0.198       0.229

 LS       ON
    BLUE            -0.007       0.021       0.036       0.101       0.169       0.181       0.209
    RD              -0.647      -0.621      -0.610      -0.545      -0.475      -0.460      -0.433
    POS              0.427       0.453       0.467       0.541       0.611       0.623       0.646

 RD       ON
    USC             -0.213      -0.172      -0.157      -0.067       0.022       0.039       0.071

 POS      ON
    DSC             -0.163      -0.133      -0.119      -0.042       0.040       0.056       0.083

 LS       ON
    USC             -0.078      -0.051      -0.039       0.031       0.098       0.114       0.141
    DSC             -0.139      -0.113      -0.100      -0.033       0.036       0.049       0.072

 Intercepts
    BLUE1            3.735       3.847       3.916       4.243       4.607       4.680       4.856
    BLUE2            4.147       4.289       4.360       4.777       5.228       5.323       5.496
    BLUE3            3.184       3.273       3.312       3.547       3.802       3.866       3.964
    BLUE4            3.760       3.864       3.924       4.242       4.562       4.636       4.772
    BLUE5            3.701       3.812       3.867       4.195       4.518       4.584       4.700
    BLUE6            4.085       4.216       4.291       4.698       5.142       5.238       5.422
    BLUE7            4.033       4.174       4.249       4.654       5.076       5.165       5.354
    POS1             2.232       2.309       2.350       2.571       2.777       2.815       2.898
    POS2             1.947       2.016       2.057       2.255       2.439       2.477       2.545
    POS3             2.786       2.890       2.936       3.149       3.372       3.417       3.504
    POS5             2.012       2.065       2.105       2.281       2.446       2.478       2.549
    POS6             3.155       3.234       3.280       3.540       3.782       3.832       3.927
    RD1              2.477       2.599       2.653       2.976       3.282       3.349       3.475
    RD2              1.705       1.825       1.892       2.242       2.590       2.655       2.787
    RD3              1.523       1.646       1.702       2.000       2.304       2.365       2.468
    RD4              1.870       1.980       2.050       2.414       2.776       2.834       2.984
    RD5              1.602       1.709       1.761       2.039       2.324       2.380       2.490
    LS1              2.627       2.827       2.904       3.365       3.825       3.904       4.081
    LS2              2.610       2.791       2.866       3.302       3.742       3.824       3.998
    LS3              2.742       2.932       3.020       3.486       3.946       4.038       4.219
    LS4              2.070       2.243       2.314       2.697       3.061       3.125       3.260
    LS5              1.392       1.512       1.599       1.914       2.238       2.298       2.421

 Variances
    BLUE             1.000       1.000       1.000       1.000       1.000       1.000       1.000

 Residual Variances
    BLUE1            0.235       0.258       0.272       0.344       0.440       0.457       0.489
    BLUE2            0.165       0.180       0.190       0.244       0.313       0.329       0.360
    BLUE3            0.395       0.426       0.438       0.517       0.596       0.608       0.635
    BLUE4            0.223       0.245       0.256       0.323       0.397       0.413       0.440
    BLUE5            0.228       0.252       0.262       0.329       0.406       0.419       0.447
    BLUE6            0.137       0.153       0.161       0.213       0.277       0.290       0.315
    BLUE7            0.124       0.138       0.145       0.182       0.231       0.241       0.266
    POS1             0.196       0.214       0.224       0.274       0.331       0.342       0.365
    POS2             0.193       0.211       0.219       0.263       0.321       0.333       0.348
    POS3             0.296       0.320       0.332       0.393       0.458       0.474       0.499
    POS5             0.435       0.463       0.477       0.551       0.624       0.637       0.665
    POS6             0.494       0.524       0.542       0.631       0.716       0.734       0.760
    RD1              0.446       0.470       0.484       0.549       0.616       0.627       0.655
    RD2              0.292       0.311       0.324       0.384       0.451       0.465       0.489
    RD3              0.448       0.472       0.485       0.562       0.637       0.652       0.684
    RD4              0.258       0.279       0.290       0.349       0.417       0.428       0.459
    RD5              0.502       0.527       0.542       0.616       0.696       0.712       0.745
    LS1              0.218       0.237       0.246       0.297       0.359       0.372       0.399
    LS2              0.285       0.302       0.310       0.359       0.408       0.419       0.438
    LS3              0.213       0.232       0.241       0.287       0.341       0.353       0.372
    LS4              0.439       0.462       0.474       0.535       0.605       0.618       0.643
    LS5              0.510       0.530       0.541       0.599       0.661       0.672       0.695
    RD               0.964       0.975       0.980       0.994       1.000       1.000       1.000
    POS              0.949       0.962       0.968       0.988       0.999       1.000       1.000
    LS               0.291       0.311       0.321       0.372       0.446       0.459       0.481


     Beginning Time:  16:04:50
        Ending Time:  16:05:28
       Elapsed Time:  00:00:38



MUTHEN & MUTHEN
3463 Stoner Ave.
Los Angeles, CA  90066

Tel: (310) 391-9971
Fax: (310) 391-8971
Web: www.StatModel.com
Support: Support@StatModel.com

Copyright (c) 1998-2019 Muthen & Muthen
