Mplus VERSION 8.3
MUTHEN & MUTHEN
02/06/2024   1:00 PM

INPUT INSTRUCTIONS

  TITLE:

      Mediation;

  DATA:
  FILE = "./OUTPUT/SEM/Mplus/SEM.med_47afaa7a0123ac5c4e8996130a64a0a2.dat";

  VARIABLE:
  NAMES = Gender Age Edu Marriage RD1 RD2 RD3 RD4 RD5 POS1 POS2 POS3 POS5 POS6 LS1 LS2
       LS3 LS4 LS5 USC DSC;
   MISSING=.;

  ANALYSIS:

      TYPE =general;
      bootstrap = 5000;
      process=16;

  MODEL:

      RD by RD1-RD5;
      POS by POS1-POS3 POS5 POS6;

      LS by LS1-LS5;

      RD on  Gender Age Edu Marriage
             USC(a1);
      POS on Gender Age Edu Marriage
             DSC(a2);
      LS on Gender Age Edu Marriage
            USC(c1)
            DSC(c2)
            RD(b1)
            POS(b2);

  MODEL CONSTRAINT:

     NEW(IE_RD
         IE_POS);

      IE_RD = a1*b1;
      IE_POS = a2*b2;

  OUTPUT:

      CINT(bcbootstrap);
      STDYX



INPUT READING TERMINATED NORMALLY





Mediation;

SUMMARY OF ANALYSIS

Number of groups                                                 1
Number of observations                                         303

Number of dependent variables                                   15
Number of independent variables                                  6
Number of continuous latent variables                            3

Observed dependent variables

  Continuous
   RD1         RD2         RD3         RD4         RD5         POS1
   POS2        POS3        POS5        POS6        LS1         LS2
   LS3         LS4         LS5

Observed independent variables
   GENDER      AGE         EDU         MARRIAGE    USC         DSC

Continuous latent variables
   RD          POS         LS


Estimator                                                       ML
Information matrix                                        OBSERVED
Maximum number of iterations                                  1000
Convergence criterion                                    0.500D-04
Maximum number of steepest descent iterations                   20
Maximum number of iterations for H1                           2000
Convergence criterion for H1                             0.100D-03
Number of bootstrap draws
    Requested                                                 5000
    Completed                                                 5000

Input data file(s)
  ./OUTPUT/SEM/Mplus/SEM.med_47afaa7a0123ac5c4e8996130a64a0a2.dat

Input data format  FREE


SUMMARY OF DATA

     Number of missing data patterns             1


COVARIANCE COVERAGE OF DATA

Minimum covariance coverage value   0.100


     PROPORTION OF DATA PRESENT


           Covariance Coverage
              RD1           RD2           RD3           RD4           RD5
              ________      ________      ________      ________      ________
 RD1            1.000
 RD2            1.000         1.000
 RD3            1.000         1.000         1.000
 RD4            1.000         1.000         1.000         1.000
 RD5            1.000         1.000         1.000         1.000         1.000
 POS1           1.000         1.000         1.000         1.000         1.000
 POS2           1.000         1.000         1.000         1.000         1.000
 POS3           1.000         1.000         1.000         1.000         1.000
 POS5           1.000         1.000         1.000         1.000         1.000
 POS6           1.000         1.000         1.000         1.000         1.000
 LS1            1.000         1.000         1.000         1.000         1.000
 LS2            1.000         1.000         1.000         1.000         1.000
 LS3            1.000         1.000         1.000         1.000         1.000
 LS4            1.000         1.000         1.000         1.000         1.000
 LS5            1.000         1.000         1.000         1.000         1.000
 GENDER         1.000         1.000         1.000         1.000         1.000
 AGE            1.000         1.000         1.000         1.000         1.000
 EDU            1.000         1.000         1.000         1.000         1.000
 MARRIAGE       1.000         1.000         1.000         1.000         1.000
 USC            1.000         1.000         1.000         1.000         1.000
 DSC            1.000         1.000         1.000         1.000         1.000


           Covariance Coverage
              POS1          POS2          POS3          POS5          POS6
              ________      ________      ________      ________      ________
 POS1           1.000
 POS2           1.000         1.000
 POS3           1.000         1.000         1.000
 POS5           1.000         1.000         1.000         1.000
 POS6           1.000         1.000         1.000         1.000         1.000
 LS1            1.000         1.000         1.000         1.000         1.000
 LS2            1.000         1.000         1.000         1.000         1.000
 LS3            1.000         1.000         1.000         1.000         1.000
 LS4            1.000         1.000         1.000         1.000         1.000
 LS5            1.000         1.000         1.000         1.000         1.000
 GENDER         1.000         1.000         1.000         1.000         1.000
 AGE            1.000         1.000         1.000         1.000         1.000
 EDU            1.000         1.000         1.000         1.000         1.000
 MARRIAGE       1.000         1.000         1.000         1.000         1.000
 USC            1.000         1.000         1.000         1.000         1.000
 DSC            1.000         1.000         1.000         1.000         1.000


           Covariance Coverage
              LS1           LS2           LS3           LS4           LS5
              ________      ________      ________      ________      ________
 LS1            1.000
 LS2            1.000         1.000
 LS3            1.000         1.000         1.000
 LS4            1.000         1.000         1.000         1.000
 LS5            1.000         1.000         1.000         1.000         1.000
 GENDER         1.000         1.000         1.000         1.000         1.000
 AGE            1.000         1.000         1.000         1.000         1.000
 EDU            1.000         1.000         1.000         1.000         1.000
 MARRIAGE       1.000         1.000         1.000         1.000         1.000
 USC            1.000         1.000         1.000         1.000         1.000
 DSC            1.000         1.000         1.000         1.000         1.000


           Covariance Coverage
              GENDER        AGE           EDU           MARRIAGE      USC
              ________      ________      ________      ________      ________
 GENDER         1.000
 AGE            1.000         1.000
 EDU            1.000         1.000         1.000
 MARRIAGE       1.000         1.000         1.000         1.000
 USC            1.000         1.000         1.000         1.000         1.000
 DSC            1.000         1.000         1.000         1.000         1.000


           Covariance Coverage
              DSC
              ________
 DSC            1.000



UNIVARIATE SAMPLE STATISTICS


     UNIVARIATE HIGHER-ORDER MOMENT DESCRIPTIVE STATISTICS

         Variable/         Mean/     Skewness/   Minimum/ % with                Percentiles
        Sample Size      Variance    Kurtosis    Maximum  Min/Max      20%/60%    40%/80%    Median

     RD1                   4.188      -0.136       1.000    3.63%       3.000      4.000      4.000
             303.000       2.588      -0.972       7.000    6.27%       5.000      6.000
     RD2                   3.083       0.516       1.000   18.48%       2.000      2.000      3.000
             303.000       2.551      -0.478       7.000    2.97%       3.000      4.000
     RD3                   2.818       0.541       1.000   24.09%       1.000      2.000      3.000
             303.000       2.274      -0.512       7.000    0.99%       3.000      4.000
     RD4                   3.964      -0.072       1.000    9.57%       2.000      3.000      4.000
             303.000       3.104      -1.112       7.000    5.94%       5.000      6.000
     RD5                   3.419       0.303       1.000   14.19%       2.000      3.000      3.000
             303.000       2.857      -0.828       7.000    4.62%       4.000      5.000
     POS1                  3.475       0.104       1.000    7.92%       2.000      3.000      4.000
             303.000       1.913      -0.434       7.000    2.31%       4.000      5.000
     POS2                  3.158       0.363       1.000   16.83%       2.000      3.000      3.000
             303.000       2.430      -0.702       7.000    1.65%       3.000      5.000
     POS3                  4.112      -0.164       1.000    3.30%       3.000      4.000      4.000
             303.000       1.822      -0.181       7.000    3.63%       4.000      5.000
     POS5                  3.149       0.119       1.000   12.54%       2.000      3.000      3.000
             303.000       1.750      -0.637       7.000    0.33%       3.000      4.000
     POS6                  4.063      -0.170       1.000    3.96%       3.000      4.000      4.000
             303.000       2.072      -0.607       7.000    2.97%       5.000      5.000
     LS1                   4.046      -0.248       1.000    6.93%       2.000      4.000      4.000
             303.000       2.612      -0.927       7.000    3.96%       5.000      5.000
     LS2                   4.132      -0.141       1.000    3.96%       3.000      4.000      4.000
             303.000       2.167      -0.610       7.000    4.29%       5.000      5.000
     LS3                   4.611      -0.553       1.000    6.27%       3.000      4.000      5.000
             303.000       2.858      -0.617       7.000   10.23%       5.000      6.000
     LS4                   4.264      -0.311       1.000    8.25%       3.000      4.000      5.000
             303.000       3.046      -0.923       7.000    8.58%       5.000      6.000
     LS5                   3.182       0.424       1.000   23.43%       1.000      2.000      3.000
             303.000       3.251      -0.957       7.000    3.63%       3.000      5.000
     GENDER                1.554      -0.219       1.000   44.55%       1.000      1.000      2.000
             303.000       0.247      -1.952       2.000   55.45%       2.000      2.000
     AGE                  33.251       1.028      18.000    0.33%      27.000     31.000     32.000
             303.000      59.653       1.262      59.000    0.66%      33.000     38.000
     EDU                   3.904      -1.436       1.000    0.66%       4.000      4.000      4.000
             303.000       0.384       4.560       5.000    9.57%       4.000      4.000
     MARRIAGE              1.838      -1.341       1.000   17.16%       2.000      2.000      2.000
             303.000       0.155       1.281       3.000    0.99%       2.000      2.000
     USC                   4.495      -0.273       1.000    0.66%       3.000      4.000      5.000
             303.000       1.867      -0.509       7.000    5.94%       5.000      6.000
     DSC                   2.759       0.808       1.000   14.52%       2.000      2.000      2.000
             303.000       1.727       0.257       7.000    0.66%       3.000      4.000


THE MODEL ESTIMATION TERMINATED NORMALLY



MODEL FIT INFORMATION

Number of Free Parameters                       63

Loglikelihood

          H0 Value                       -7129.442
          H1 Value                       -6863.718

Information Criteria

          Akaike (AIC)                   14384.884
          Bayesian (BIC)                 14618.850
          Sample-Size Adjusted BIC       14419.047
            (n* = (n + 2) / 24)

Chi-Square Test of Model Fit

          Value                            531.449
          Degrees of Freedom                   162
          P-Value                           0.0000

RMSEA (Root Mean Square Error Of Approximation)

          Estimate                           0.087
          90 Percent C.I.                    0.079  0.095
          Probability RMSEA <= .05           0.000

CFI/TLI

          CFI                                0.878
          TLI                                0.853

Chi-Square Test of Model Fit for the Baseline Model

          Value                           3228.826
          Degrees of Freedom                   195
          P-Value                           0.0000

SRMR (Standardized Root Mean Square Residual)

          Value                              0.118



MODEL RESULTS

                                                    Two-Tailed
                    Estimate       S.E.  Est./S.E.    P-Value

 RD       BY
    RD1                1.000      0.000    999.000    999.000
    RD2                1.091      0.074     14.758      0.000
    RD3                0.941      0.078     11.998      0.000
    RD4                1.200      0.086     13.935      0.000
    RD5                1.182      0.086     13.819      0.000

 POS      BY
    POS1               1.000      0.000    999.000    999.000
    POS2               1.134      0.059     19.350      0.000
    POS3               1.042      0.088     11.784      0.000
    POS5               0.615      0.076      8.129      0.000
    POS6               1.067      0.087     12.217      0.000

 LS       BY
    LS1                1.000      0.000    999.000    999.000
    LS2                0.892      0.049     18.229      0.000
    LS3                1.074      0.045     23.823      0.000
    LS4                0.938      0.055     17.205      0.000
    LS5                0.807      0.063     12.826      0.000

 LS       ON
    RD                -0.524      0.081     -6.444      0.000
    POS                0.772      0.089      8.646      0.000

 RD       ON
    GENDER            -0.039      0.141     -0.279      0.780
    AGE               -0.006      0.010     -0.622      0.534
    EDU               -0.254      0.123     -2.077      0.038
    MARRIAGE          -0.608      0.189     -3.217      0.001
    USC                0.189      0.058      3.271      0.001

 POS      ON
    GENDER            -0.051      0.131     -0.385      0.700
    AGE                0.003      0.009      0.280      0.779
    EDU                0.302      0.107      2.813      0.005
    MARRIAGE           0.494      0.171      2.889      0.004
    DSC                0.097      0.055      1.768      0.077

 LS       ON
    GENDER             0.154      0.112      1.370      0.171
    AGE                0.001      0.010      0.121      0.904
    EDU                0.014      0.101      0.135      0.893
    MARRIAGE           0.072      0.154      0.467      0.641
    USC                0.023      0.047      0.478      0.633
    DSC                0.067      0.049      1.356      0.175

 Intercepts
    RD1                5.712      0.739      7.731      0.000
    RD2                4.745      0.823      5.767      0.000
    RD3                4.252      0.708      6.006      0.000
    RD4                5.793      0.915      6.330      0.000
    RD5                5.220      0.897      5.817      0.000
    POS1               1.117      0.673      1.660      0.097
    POS2               0.484      0.777      0.623      0.534
    POS3               1.655      0.756      2.190      0.029
    POS5               1.698      0.441      3.846      0.000
    POS6               1.546      0.760      2.036      0.042
    LS1                0.679      0.929      0.731      0.465
    LS2                1.127      0.879      1.283      0.200
    LS3                0.994      1.020      0.974      0.330
    LS4                1.105      0.858      1.288      0.198
    LS5                0.465      0.792      0.587      0.557

 Residual Variances
    RD1                1.225      0.132      9.274      0.000
    RD2                0.928      0.107      8.711      0.000
    RD3                1.068      0.100     10.717      0.000
    RD4                1.139      0.130      8.763      0.000
    RD5                0.954      0.147      6.469      0.000
    POS1               0.761      0.104      7.349      0.000
    POS2               0.949      0.116      8.170      0.000
    POS3               0.572      0.081      7.074      0.000
    POS5               1.314      0.114     11.553      0.000
    POS6               0.760      0.099      7.690      0.000
    LS1                0.638      0.080      8.005      0.000
    LS2                0.595      0.069      8.581      0.000
    LS3                0.580      0.067      8.647      0.000
    LS4                1.309      0.153      8.550      0.000
    LS5                1.966      0.161     12.248      0.000
    RD                 1.231      0.151      8.129      0.000
    POS                1.073      0.133      8.039      0.000
    LS                 0.494      0.078      6.318      0.000

New/Additional Parameters
    IE_RD             -0.099      0.032     -3.130      0.002
    IE_POS             0.075      0.042      1.783      0.075


STANDARDIZED MODEL RESULTS


STDYX Standardization

                                                    Two-Tailed
                    Estimate       S.E.  Est./S.E.    P-Value

 RD       BY
    RD1                0.726      0.035     20.860      0.000
    RD2                0.798      0.026     30.994      0.000
    RD3                0.728      0.030     24.597      0.000
    RD4                0.796      0.028     28.798      0.000
    RD5                0.816      0.030     26.964      0.000

 POS      BY
    POS1               0.776      0.034     22.742      0.000
    POS2               0.781      0.033     23.609      0.000
    POS3               0.828      0.030     27.405      0.000
    POS5               0.499      0.053      9.361      0.000
    POS6               0.796      0.031     25.292      0.000

 LS       BY
    LS1                0.849      0.021     41.184      0.000
    LS2                0.829      0.023     35.753      0.000
    LS3                0.875      0.016     55.525      0.000
    LS4                0.725      0.035     20.493      0.000
    LS5                0.594      0.039     15.172      0.000

 LS       ON
    RD                -0.477      0.064     -7.517      0.000
    POS                0.646      0.058     11.048      0.000

 RD       ON
    GENDER            -0.017      0.060     -0.278      0.781
    AGE               -0.040      0.065     -0.623      0.533
    EDU               -0.135      0.063     -2.146      0.032
    MARRIAGE          -0.205      0.063     -3.280      0.001
    USC                0.221      0.064      3.465      0.001

 POS      ON
    GENDER            -0.023      0.061     -0.387      0.699
    AGE                0.018      0.064      0.284      0.777
    EDU                0.174      0.062      2.812      0.005
    MARRIAGE           0.181      0.062      2.934      0.003
    DSC                0.118      0.066      1.800      0.072

 LS       ON
    GENDER             0.060      0.043      1.375      0.169
    AGE                0.007      0.058      0.122      0.903
    EDU                0.007      0.048      0.137      0.891
    MARRIAGE           0.022      0.047      0.471      0.638
    USC                0.024      0.050      0.480      0.631
    DSC                0.068      0.050      1.354      0.176

 Intercepts
    RD1                3.550      0.465      7.641      0.000
    RD2                2.971      0.509      5.838      0.000
    RD3                2.819      0.469      6.010      0.000
    RD4                3.288      0.513      6.411      0.000
    RD5                3.088      0.526      5.865      0.000
    POS1               0.808      0.493      1.638      0.101
    POS2               0.310      0.502      0.618      0.537
    POS3               1.226      0.584      2.098      0.036
    POS5               1.283      0.345      3.719      0.000
    POS6               1.074      0.544      1.976      0.048
    LS1                0.450      0.619      0.727      0.467
    LS2                0.817      0.646      1.264      0.206
    LS3                0.631      0.654      0.965      0.335
    LS4                0.666      0.522      1.277      0.202
    LS5                0.267      0.456      0.585      0.559

 Residual Variances
    RD1                0.473      0.050      9.421      0.000
    RD2                0.364      0.041      8.890      0.000
    RD3                0.469      0.043     10.942      0.000
    RD4                0.367      0.044      8.388      0.000
    RD5                0.334      0.049      6.808      0.000
    POS1               0.398      0.053      7.556      0.000
    POS2               0.390      0.051      7.603      0.000
    POS3               0.314      0.050      6.317      0.000
    POS5               0.751      0.053     14.225      0.000
    POS6               0.367      0.050      7.394      0.000
    LS1                0.280      0.035      8.012      0.000
    LS2                0.313      0.038      8.151      0.000
    LS3                0.234      0.028      8.499      0.000
    LS4                0.475      0.051      9.340      0.000
    LS5                0.648      0.046     13.943      0.000
    RD                 0.903      0.035     25.552      0.000
    POS                0.932      0.030     30.691      0.000
    LS                 0.301      0.040      7.509      0.000


R-SQUARE

    Observed                                        Two-Tailed
    Variable        Estimate       S.E.  Est./S.E.    P-Value

    RD1                0.527      0.050     10.488      0.000
    RD2                0.636      0.041     15.553      0.000
    RD3                0.531      0.043     12.366      0.000
    RD4                0.633      0.044     14.465      0.000
    RD5                0.666      0.049     13.593      0.000
    POS1               0.602      0.053     11.431      0.000
    POS2               0.610      0.051     11.878      0.000
    POS3               0.686      0.050     13.817      0.000
    POS5               0.249      0.053      4.718      0.000
    POS6               0.633      0.050     12.758      0.000
    LS1                0.720      0.035     20.647      0.000
    LS2                0.687      0.038     17.921      0.000
    LS3                0.766      0.028     27.786      0.000
    LS4                0.525      0.051     10.326      0.000
    LS5                0.352      0.046      7.590      0.000

     Latent                                         Two-Tailed
    Variable        Estimate       S.E.  Est./S.E.    P-Value

    RD                 0.097      0.035      2.744      0.006
    POS                0.068      0.030      2.254      0.024
    LS                 0.699      0.040     17.463      0.000


CONFIDENCE INTERVALS OF MODEL RESULTS

                  Lower .5%  Lower 2.5%    Lower 5%    Estimate    Upper 5%  Upper 2.5%   Upper .5%

 RD       BY
    RD1              1.000       1.000       1.000       1.000       1.000       1.000       1.000
    RD2              0.913       0.956       0.978       1.091       1.216       1.247       1.312
    RD3              0.751       0.798       0.819       0.941       1.077       1.109       1.156
    RD4              1.011       1.047       1.069       1.200       1.355       1.385       1.455
    RD5              0.979       1.023       1.047       1.182       1.323       1.360       1.437

 POS      BY
    POS1             1.000       1.000       1.000       1.000       1.000       1.000       1.000
    POS2             0.995       1.023       1.042       1.134       1.234       1.255       1.292
    POS3             0.823       0.877       0.905       1.042       1.194       1.224       1.275
    POS5             0.415       0.463       0.486       0.615       0.736       0.759       0.803
    POS6             0.846       0.905       0.930       1.067       1.219       1.250       1.314

 LS       BY
    LS1              1.000       1.000       1.000       1.000       1.000       1.000       1.000
    LS2              0.772       0.801       0.816       0.892       0.977       0.994       1.023
    LS3              0.962       0.988       1.003       1.074       1.150       1.167       1.204
    LS4              0.786       0.825       0.843       0.938       1.024       1.040       1.072
    LS5              0.646       0.679       0.703       0.807       0.908       0.929       0.969

 LS       ON
    RD              -0.762      -0.696      -0.667      -0.524      -0.400      -0.378      -0.338
    POS              0.552       0.602       0.627       0.772       0.916       0.946       1.013

 RD       ON
    GENDER          -0.412      -0.311      -0.269      -0.039       0.196       0.241       0.326
    AGE             -0.032      -0.026      -0.022      -0.006       0.010       0.013       0.019
    EDU             -0.571      -0.492      -0.450      -0.254      -0.050      -0.013       0.073
    MARRIAGE        -1.110      -0.989      -0.926      -0.608      -0.296      -0.245      -0.133
    USC              0.048       0.080       0.097       0.189       0.287       0.306       0.344

 POS      ON
    GENDER          -0.391      -0.309      -0.271      -0.051       0.165       0.210       0.285
    AGE             -0.021      -0.015      -0.012       0.003       0.018       0.021       0.026
    EDU              0.030       0.098       0.131       0.302       0.483       0.519       0.596
    MARRIAGE         0.049       0.152       0.210       0.494       0.772       0.821       0.931
    DSC             -0.047      -0.012       0.008       0.097       0.185       0.202       0.249

 LS       ON
    GENDER          -0.139      -0.066      -0.029       0.154       0.339       0.376       0.446
    AGE             -0.025      -0.018      -0.015       0.001       0.017       0.020       0.026
    EDU             -0.266      -0.192      -0.157       0.014       0.179       0.212       0.272
    MARRIAGE        -0.305      -0.216      -0.170       0.072       0.337       0.387       0.489
    USC             -0.103      -0.074      -0.059       0.023       0.096       0.112       0.143
    DSC             -0.065      -0.030      -0.015       0.067       0.147       0.162       0.193

 Intercepts
    RD1              3.792       4.233       4.504       5.712       6.924       7.165       7.581
    RD2              2.667       3.136       3.415       4.745       6.149       6.388       6.878
    RD3              2.441       2.858       3.111       4.252       5.436       5.691       6.119
    RD4              3.493       4.001       4.343       5.793       7.358       7.667       8.161
    RD5              2.927       3.437       3.743       5.220       6.716       7.007       7.523
    POS1            -0.843      -0.285      -0.030       1.117       2.173       2.374       2.775
    POS2            -1.655      -1.168      -0.867       0.484       1.692       1.919       2.379
    POS3            -0.448       0.095       0.341       1.655       2.842       3.065       3.480
    POS5             0.300       0.725       0.905       1.698       2.356       2.485       2.723
    POS6            -0.576       0.014       0.254       1.546       2.740       2.953       3.389
    LS1             -1.720      -1.190      -0.881       0.679       2.196       2.504       2.974
    LS2             -1.241      -0.693      -0.368       1.127       2.506       2.772       3.221
    LS3             -1.691      -1.044      -0.745       0.994       2.646       2.959       3.526
    LS4             -1.113      -0.634      -0.333       1.105       2.487       2.753       3.241
    LS5             -1.656      -1.170      -0.901       0.465       1.705       1.935       2.387

 Residual Variances
    RD1              0.901       0.984       1.020       1.225       1.455       1.502       1.601
    RD2              0.669       0.730       0.765       0.928       1.118       1.154       1.214
    RD3              0.834       0.889       0.918       1.068       1.247       1.285       1.357
    RD4              0.829       0.904       0.943       1.139       1.371       1.424       1.521
    RD5              0.655       0.719       0.756       0.954       1.263       1.322       1.464
    POS1             0.520       0.579       0.607       0.761       0.957       0.986       1.053
    POS2             0.692       0.748       0.782       0.949       1.168       1.218       1.314
    POS3             0.378       0.420       0.444       0.572       0.712       0.740       0.793
    POS5             1.045       1.112       1.147       1.314       1.518       1.563       1.644
    POS6             0.530       0.588       0.614       0.760       0.942       0.977       1.042
    LS1              0.457       0.497       0.521       0.638       0.786       0.816       0.874
    LS2              0.427       0.469       0.488       0.595       0.716       0.739       0.787
    LS3              0.427       0.462       0.481       0.580       0.702       0.727       0.775
    LS4              0.986       1.052       1.094       1.309       1.613       1.664       1.805
    LS5              1.563       1.668       1.720       1.966       2.242       2.294       2.371
    RD               0.891       0.972       1.018       1.231       1.523       1.572       1.652
    POS              0.765       0.842       0.881       1.073       1.322       1.370       1.478
    LS               0.333       0.374       0.395       0.494       0.669       0.697       0.756

New/Additional Parameters
    IE_RD           -0.198      -0.165      -0.156      -0.099      -0.052      -0.043      -0.029
    IE_POS          -0.038      -0.007       0.008       0.075       0.143       0.157       0.190


CONFIDENCE INTERVALS OF STANDARDIZED MODEL RESULTS


STDYX Standardization

                  Lower .5%  Lower 2.5%    Lower 5%    Estimate    Upper 5%  Upper 2.5%   Upper .5%

 RD       BY
    RD1              0.629       0.656       0.667       0.726       0.783       0.791       0.806
    RD2              0.728       0.744       0.753       0.798       0.838       0.846       0.860
    RD3              0.647       0.666       0.677       0.728       0.774       0.783       0.797
    RD4              0.715       0.736       0.748       0.796       0.838       0.846       0.859
    RD5              0.714       0.742       0.756       0.816       0.857       0.864       0.877

 POS      BY
    POS1             0.679       0.699       0.711       0.776       0.826       0.834       0.852
    POS2             0.672       0.703       0.718       0.781       0.827       0.835       0.851
    POS3             0.742       0.766       0.776       0.828       0.875       0.882       0.899
    POS5             0.335       0.382       0.402       0.499       0.578       0.593       0.620
    POS6             0.699       0.723       0.738       0.796       0.841       0.849       0.865

 LS       BY
    LS1              0.782       0.802       0.812       0.849       0.880       0.885       0.896
    LS2              0.761       0.779       0.787       0.829       0.864       0.871       0.880
    LS3              0.829       0.840       0.845       0.875       0.898       0.902       0.910
    LS4              0.608       0.641       0.655       0.725       0.774       0.783       0.799
    LS5              0.480       0.511       0.524       0.594       0.653       0.665       0.688

 LS       ON
    RD              -0.638      -0.602      -0.583      -0.477      -0.373      -0.353      -0.316
    POS              0.490       0.526       0.547       0.646       0.739       0.755       0.782

 RD       ON
    GENDER          -0.171      -0.133      -0.115      -0.017       0.084       0.104       0.136
    AGE             -0.205      -0.168      -0.149      -0.040       0.065       0.086       0.124
    EDU             -0.290      -0.256      -0.234      -0.135      -0.027      -0.008       0.035
    MARRIAGE        -0.366      -0.326      -0.306      -0.205      -0.100      -0.082      -0.046
    USC              0.059       0.097       0.116       0.221       0.328       0.345       0.387

 POS      ON
    GENDER          -0.175      -0.140      -0.122      -0.023       0.078       0.098       0.135
    AGE             -0.150      -0.106      -0.087       0.018       0.125       0.145       0.182
    EDU              0.017       0.055       0.076       0.174       0.277       0.298       0.338
    MARRIAGE         0.015       0.055       0.077       0.181       0.280       0.300       0.332
    DSC             -0.060      -0.015       0.008       0.118       0.222       0.240       0.289

 LS       ON
    GENDER          -0.055      -0.026      -0.012       0.060       0.130       0.145       0.168
    AGE             -0.141      -0.106      -0.087       0.007       0.102       0.124       0.158
    EDU             -0.123      -0.090      -0.075       0.007       0.086       0.101       0.131
    MARRIAGE        -0.095      -0.066      -0.053       0.022       0.102       0.117       0.147
    USC             -0.109      -0.077      -0.063       0.024       0.102       0.118       0.150
    DSC             -0.064      -0.031      -0.017       0.068       0.149       0.165       0.196

 Intercepts
    RD1              2.336       2.622       2.779       3.550       4.321       4.469       4.717
    RD2              1.642       1.943       2.118       2.971       3.807       3.954       4.262
    RD3              1.582       1.885       2.023       2.819       3.585       3.734       4.025
    RD4              2.002       2.265       2.444       3.288       4.156       4.320       4.599
    RD5              1.724       2.035       2.217       3.088       3.969       4.140       4.454
    POS1            -0.594      -0.205      -0.027       0.808       1.589       1.742       2.064
    POS2            -1.061      -0.727      -0.555       0.310       1.104       1.247       1.569
    POS3            -0.325       0.065       0.241       1.226       2.176       2.354       2.654
    POS5             0.208       0.517       0.661       1.283       1.801       1.898       2.106
    POS6            -0.405       0.005       0.163       1.074       1.943       2.102       2.420
    LS1             -1.103      -0.778      -0.578       0.450       1.466       1.670       2.007
    LS2             -0.866      -0.488      -0.260       0.817       1.849       2.062       2.371
    LS3             -1.068      -0.650      -0.474       0.631       1.698       1.894       2.266
    LS4             -0.651      -0.382      -0.203       0.666       1.511       1.671       1.973
    LS5             -0.951      -0.667      -0.520       0.267       0.986       1.131       1.380

 Residual Variances
    RD1              0.349       0.373       0.388       0.473       0.555       0.569       0.604
    RD2              0.260       0.285       0.297       0.364       0.432       0.447       0.470
    RD3              0.364       0.387       0.401       0.469       0.542       0.556       0.581
    RD4              0.261       0.284       0.298       0.367       0.440       0.457       0.487
    RD5              0.231       0.254       0.266       0.334       0.428       0.450       0.489
    POS1             0.274       0.304       0.318       0.398       0.494       0.511       0.539
    POS2             0.276       0.302       0.316       0.390       0.484       0.505       0.548
    POS3             0.191       0.222       0.234       0.314       0.398       0.414       0.447
    POS5             0.615       0.648       0.666       0.751       0.839       0.854       0.887
    POS6             0.252       0.280       0.293       0.367       0.455       0.477       0.511
    LS1              0.197       0.217       0.226       0.280       0.341       0.356       0.389
    LS2              0.225       0.242       0.253       0.313       0.380       0.392       0.420
    LS3              0.171       0.186       0.194       0.234       0.286       0.293       0.313
    LS4              0.361       0.386       0.401       0.475       0.571       0.589       0.630
    LS5              0.527       0.558       0.573       0.648       0.725       0.739       0.768
    RD               0.819       0.843       0.855       0.903       0.958       0.966       0.973
    POS              0.862       0.885       0.896       0.932       0.976       0.979       0.990
    LS               0.215       0.239       0.251       0.301       0.386       0.399       0.413


     Beginning Time:  13:00:50
        Ending Time:  13:01:29
       Elapsed Time:  00:00:39



MUTHEN & MUTHEN
3463 Stoner Ave.
Los Angeles, CA  90066

Tel: (310) 391-9971
Fax: (310) 391-8971
Web: www.StatModel.com
Support: Support@StatModel.com

Copyright (c) 1998-2019 Muthen & Muthen
