Mplus VERSION 8.3
MUTHEN & MUTHEN
02/06/2024   1:51 PM

INPUT INSTRUCTIONS

  TITLE:

      Moderator is USC DSC;

  DATA:
  FILE = "./OUTPUT/SEM/Mplus/SEM.mod.USC_DSC_BASE_9a2b45a65d4c8296c5cb8b72cacbca72.dat";

  VARIABLE:
  NAMES = Gender Age Edu Marriage ASC1 ASC2 ASC3 ASC4 ASC5 OSC1 OSC2 OSC3 OSC4 OSC6
       OSC7 RD1 RD2 RD3 RD4 RD5 POS1 POS2 POS3 POS5 POS6 LS1 LS2 LS3 LS4 LS5 USC DSC;
   MISSING=.;

  ANALYSIS:

      TYPE =general RANDOM;
      estimator=BAYES;
      ALGORITHM=INTEGRATION;
      convergence=0.01;

  MODEL:

      ASC by ASC1-ASC5;
      OSC by OSC1-OSC4 OSC6 OSC7;
      SCO by ASC OSC;

      RD by RD1-RD5;
      POS by POS1-POS3 POS5 POS6;

      LS by LS1-LS5;

      RD on Gender Age Edu Marriage
            USC(a1)
            SCO(c1);
      POS on Gender Age Edu Marriage
             DSC(a2)
             SCO(c2);
      LS on Gender Age Edu Marriage
            USC
            DSC
            SCO(c)
            RD(b1)
            POS(b2);

  MODEL CONSTRAINT:

     NEW(IE_RD
         IE_POS
         DIF_U
         DIF_D
         );

      IE_RD = a1*b1;
      IE_POS = a2*b2;

      DIF_U = a1-c1;
      DIF_D = a2-c2;

  MODEL PRIORS:

      c ~ N(-0.063, 0.023);

  OUTPUT:

      cint;
      STDYX
  PLOT:

      TYPE = plot2;




INPUT READING TERMINATED NORMALLY





Moderator is USC DSC;

SUMMARY OF ANALYSIS

Number of groups                                                 1
Number of observations                                         303

Number of dependent variables                                   26
Number of independent variables                                  6
Number of continuous latent variables                            6

Observed dependent variables

  Continuous
   ASC1        ASC2        ASC3        ASC4        ASC5        OSC1
   OSC2        OSC3        OSC4        OSC6        OSC7        RD1
   RD2         RD3         RD4         RD5         POS1        POS2
   POS3        POS5        POS6        LS1         LS2         LS3
   LS4         LS5

Observed independent variables
   GENDER      AGE         EDU         MARRIAGE    USC         DSC

Continuous latent variables
   ASC         OSC         SCO         RD          POS         LS


Estimator                                                    BAYES
Specifications for Bayesian Estimation
  Point estimate                                            MEDIAN
  Number of Markov chain Monte Carlo (MCMC) chains               2
  Random seed for the first chain                                0
  Starting value information                           UNPERTURBED
  Algorithm used for Markov chain Monte Carlo           GIBBS(PX1)
  Convergence criterion                                  0.500D-01
  Maximum number of iterations                               50000
  K-th iteration used for thinning                               1

Input data file(s)
  ./OUTPUT/SEM/Mplus/SEM.mod.USC_DSC_BASE_9a2b45a65d4c8296c5cb8b72cacbca72.dat
Input data format  FREE


SUMMARY OF DATA



COVARIANCE COVERAGE OF DATA

Minimum covariance coverage value   0.100

     Number of missing data patterns             1


     PROPORTION OF DATA PRESENT


           Covariance Coverage
              ASC1          ASC2          ASC3          ASC4          ASC5
              ________      ________      ________      ________      ________
 ASC1           1.000
 ASC2           1.000         1.000
 ASC3           1.000         1.000         1.000
 ASC4           1.000         1.000         1.000         1.000
 ASC5           1.000         1.000         1.000         1.000         1.000
 OSC1           1.000         1.000         1.000         1.000         1.000
 OSC2           1.000         1.000         1.000         1.000         1.000
 OSC3           1.000         1.000         1.000         1.000         1.000
 OSC4           1.000         1.000         1.000         1.000         1.000
 OSC6           1.000         1.000         1.000         1.000         1.000
 OSC7           1.000         1.000         1.000         1.000         1.000
 RD1            1.000         1.000         1.000         1.000         1.000
 RD2            1.000         1.000         1.000         1.000         1.000
 RD3            1.000         1.000         1.000         1.000         1.000
 RD4            1.000         1.000         1.000         1.000         1.000
 RD5            1.000         1.000         1.000         1.000         1.000
 POS1           1.000         1.000         1.000         1.000         1.000
 POS2           1.000         1.000         1.000         1.000         1.000
 POS3           1.000         1.000         1.000         1.000         1.000
 POS5           1.000         1.000         1.000         1.000         1.000
 POS6           1.000         1.000         1.000         1.000         1.000
 LS1            1.000         1.000         1.000         1.000         1.000
 LS2            1.000         1.000         1.000         1.000         1.000
 LS3            1.000         1.000         1.000         1.000         1.000
 LS4            1.000         1.000         1.000         1.000         1.000
 LS5            1.000         1.000         1.000         1.000         1.000
 GENDER         1.000         1.000         1.000         1.000         1.000
 AGE            1.000         1.000         1.000         1.000         1.000
 EDU            1.000         1.000         1.000         1.000         1.000
 MARRIAGE       1.000         1.000         1.000         1.000         1.000
 USC            1.000         1.000         1.000         1.000         1.000
 DSC            1.000         1.000         1.000         1.000         1.000


           Covariance Coverage
              OSC1          OSC2          OSC3          OSC4          OSC6
              ________      ________      ________      ________      ________
 OSC1           1.000
 OSC2           1.000         1.000
 OSC3           1.000         1.000         1.000
 OSC4           1.000         1.000         1.000         1.000
 OSC6           1.000         1.000         1.000         1.000         1.000
 OSC7           1.000         1.000         1.000         1.000         1.000
 RD1            1.000         1.000         1.000         1.000         1.000
 RD2            1.000         1.000         1.000         1.000         1.000
 RD3            1.000         1.000         1.000         1.000         1.000
 RD4            1.000         1.000         1.000         1.000         1.000
 RD5            1.000         1.000         1.000         1.000         1.000
 POS1           1.000         1.000         1.000         1.000         1.000
 POS2           1.000         1.000         1.000         1.000         1.000
 POS3           1.000         1.000         1.000         1.000         1.000
 POS5           1.000         1.000         1.000         1.000         1.000
 POS6           1.000         1.000         1.000         1.000         1.000
 LS1            1.000         1.000         1.000         1.000         1.000
 LS2            1.000         1.000         1.000         1.000         1.000
 LS3            1.000         1.000         1.000         1.000         1.000
 LS4            1.000         1.000         1.000         1.000         1.000
 LS5            1.000         1.000         1.000         1.000         1.000
 GENDER         1.000         1.000         1.000         1.000         1.000
 AGE            1.000         1.000         1.000         1.000         1.000
 EDU            1.000         1.000         1.000         1.000         1.000
 MARRIAGE       1.000         1.000         1.000         1.000         1.000
 USC            1.000         1.000         1.000         1.000         1.000
 DSC            1.000         1.000         1.000         1.000         1.000


           Covariance Coverage
              OSC7          RD1           RD2           RD3           RD4
              ________      ________      ________      ________      ________
 OSC7           1.000
 RD1            1.000         1.000
 RD2            1.000         1.000         1.000
 RD3            1.000         1.000         1.000         1.000
 RD4            1.000         1.000         1.000         1.000         1.000
 RD5            1.000         1.000         1.000         1.000         1.000
 POS1           1.000         1.000         1.000         1.000         1.000
 POS2           1.000         1.000         1.000         1.000         1.000
 POS3           1.000         1.000         1.000         1.000         1.000
 POS5           1.000         1.000         1.000         1.000         1.000
 POS6           1.000         1.000         1.000         1.000         1.000
 LS1            1.000         1.000         1.000         1.000         1.000
 LS2            1.000         1.000         1.000         1.000         1.000
 LS3            1.000         1.000         1.000         1.000         1.000
 LS4            1.000         1.000         1.000         1.000         1.000
 LS5            1.000         1.000         1.000         1.000         1.000
 GENDER         1.000         1.000         1.000         1.000         1.000
 AGE            1.000         1.000         1.000         1.000         1.000
 EDU            1.000         1.000         1.000         1.000         1.000
 MARRIAGE       1.000         1.000         1.000         1.000         1.000
 USC            1.000         1.000         1.000         1.000         1.000
 DSC            1.000         1.000         1.000         1.000         1.000


           Covariance Coverage
              RD5           POS1          POS2          POS3          POS5
              ________      ________      ________      ________      ________
 RD5            1.000
 POS1           1.000         1.000
 POS2           1.000         1.000         1.000
 POS3           1.000         1.000         1.000         1.000
 POS5           1.000         1.000         1.000         1.000         1.000
 POS6           1.000         1.000         1.000         1.000         1.000
 LS1            1.000         1.000         1.000         1.000         1.000
 LS2            1.000         1.000         1.000         1.000         1.000
 LS3            1.000         1.000         1.000         1.000         1.000
 LS4            1.000         1.000         1.000         1.000         1.000
 LS5            1.000         1.000         1.000         1.000         1.000
 GENDER         1.000         1.000         1.000         1.000         1.000
 AGE            1.000         1.000         1.000         1.000         1.000
 EDU            1.000         1.000         1.000         1.000         1.000
 MARRIAGE       1.000         1.000         1.000         1.000         1.000
 USC            1.000         1.000         1.000         1.000         1.000
 DSC            1.000         1.000         1.000         1.000         1.000


           Covariance Coverage
              POS6          LS1           LS2           LS3           LS4
              ________      ________      ________      ________      ________
 POS6           1.000
 LS1            1.000         1.000
 LS2            1.000         1.000         1.000
 LS3            1.000         1.000         1.000         1.000
 LS4            1.000         1.000         1.000         1.000         1.000
 LS5            1.000         1.000         1.000         1.000         1.000
 GENDER         1.000         1.000         1.000         1.000         1.000
 AGE            1.000         1.000         1.000         1.000         1.000
 EDU            1.000         1.000         1.000         1.000         1.000
 MARRIAGE       1.000         1.000         1.000         1.000         1.000
 USC            1.000         1.000         1.000         1.000         1.000
 DSC            1.000         1.000         1.000         1.000         1.000


           Covariance Coverage
              LS5           GENDER        AGE           EDU           MARRIAGE
              ________      ________      ________      ________      ________
 LS5            1.000
 GENDER         1.000         1.000
 AGE            1.000         1.000         1.000
 EDU            1.000         1.000         1.000         1.000
 MARRIAGE       1.000         1.000         1.000         1.000         1.000
 USC            1.000         1.000         1.000         1.000         1.000
 DSC            1.000         1.000         1.000         1.000         1.000


           Covariance Coverage
              USC           DSC
              ________      ________
 USC            1.000
 DSC            1.000         1.000



UNIVARIATE SAMPLE STATISTICS


     UNIVARIATE HIGHER-ORDER MOMENT DESCRIPTIVE STATISTICS

         Variable/         Mean/     Skewness/   Minimum/ % with                Percentiles
        Sample Size      Variance    Kurtosis    Maximum  Min/Max      20%/60%    40%/80%    Median

     ASC1                  4.211      -0.188       1.000    3.96%       3.000      4.000      4.000
             303.000       2.266      -0.665       7.000    5.28%       5.000      6.000
     ASC2                  4.858      -0.664       1.000    1.98%       4.000      5.000      5.000
             303.000       2.056      -0.094       7.000    9.57%       5.000      6.000
     ASC3                  5.135      -0.863       1.000    1.65%       4.000      5.000      5.000
             303.000       1.708       0.614       7.000   11.55%       6.000      6.000
     ASC4                  4.449      -0.356       1.000    4.29%       3.000      4.000      5.000
             303.000       2.630      -0.750       7.000    8.58%       5.000      6.000
     ASC5                  3.980      -0.144       1.000   11.22%       2.000      3.000      4.000
             303.000       3.188      -1.072       7.000    6.60%       5.000      6.000
     OSC1                  4.340      -0.312       1.000    3.30%       3.000      4.000      5.000
             303.000       2.409      -0.794       7.000    5.61%       5.000      6.000
     OSC2                  4.594      -0.457       1.000    3.63%       3.000      4.000      5.000
             303.000       2.380      -0.557       7.000    8.25%       5.000      6.000
     OSC3                  4.904      -0.646       1.000    2.64%       4.000      5.000      5.000
             303.000       2.318      -0.217       7.000   13.53%       6.000      6.000
     OSC4                  4.805      -0.543       1.000    2.64%       3.000      5.000      5.000
             303.000       2.375      -0.407       7.000   12.87%       5.000      6.000
     OSC6                  4.469      -0.314       1.000    4.29%       3.000      4.000      5.000
             303.000       2.553      -0.651       7.000    9.90%       5.000      6.000
     OSC7                  4.284      -0.199       1.000    5.28%       3.000      4.000      4.000
             303.000       2.797      -0.869       7.000    9.24%       5.000      6.000
     RD1                   4.188      -0.136       1.000    3.63%       3.000      4.000      4.000
             303.000       2.588      -0.972       7.000    6.27%       5.000      6.000
     RD2                   3.083       0.516       1.000   18.48%       2.000      2.000      3.000
             303.000       2.551      -0.478       7.000    2.97%       3.000      4.000
     RD3                   2.818       0.541       1.000   24.09%       1.000      2.000      3.000
             303.000       2.274      -0.512       7.000    0.99%       3.000      4.000
     RD4                   3.964      -0.072       1.000    9.57%       2.000      3.000      4.000
             303.000       3.104      -1.112       7.000    5.94%       5.000      6.000
     RD5                   3.419       0.303       1.000   14.19%       2.000      3.000      3.000
             303.000       2.857      -0.828       7.000    4.62%       4.000      5.000
     POS1                  3.475       0.104       1.000    7.92%       2.000      3.000      4.000
             303.000       1.913      -0.434       7.000    2.31%       4.000      5.000
     POS2                  3.158       0.363       1.000   16.83%       2.000      3.000      3.000
             303.000       2.430      -0.702       7.000    1.65%       3.000      5.000
     POS3                  4.112      -0.164       1.000    3.30%       3.000      4.000      4.000
             303.000       1.822      -0.181       7.000    3.63%       4.000      5.000
     POS5                  3.149       0.119       1.000   12.54%       2.000      3.000      3.000
             303.000       1.750      -0.637       7.000    0.33%       3.000      4.000
     POS6                  4.063      -0.170       1.000    3.96%       3.000      4.000      4.000
             303.000       2.072      -0.607       7.000    2.97%       5.000      5.000
     LS1                   4.046      -0.248       1.000    6.93%       2.000      4.000      4.000
             303.000       2.612      -0.927       7.000    3.96%       5.000      5.000
     LS2                   4.132      -0.141       1.000    3.96%       3.000      4.000      4.000
             303.000       2.167      -0.610       7.000    4.29%       5.000      5.000
     LS3                   4.611      -0.553       1.000    6.27%       3.000      4.000      5.000
             303.000       2.858      -0.617       7.000   10.23%       5.000      6.000
     LS4                   4.264      -0.311       1.000    8.25%       3.000      4.000      5.000
             303.000       3.046      -0.923       7.000    8.58%       5.000      6.000
     LS5                   3.182       0.424       1.000   23.43%       1.000      2.000      3.000
             303.000       3.251      -0.957       7.000    3.63%       3.000      5.000
     GENDER                1.554      -0.219       1.000   44.55%       1.000      1.000      2.000
             303.000       0.247      -1.952       2.000   55.45%       2.000      2.000
     AGE                  33.251       1.028      18.000    0.33%      27.000     31.000     32.000
             303.000      59.653       1.262      59.000    0.66%      33.000     38.000
     EDU                   3.904      -1.436       1.000    0.66%       4.000      4.000      4.000
             303.000       0.384       4.560       5.000    9.57%       4.000      4.000
     MARRIAGE              1.838      -1.341       1.000   17.16%       2.000      2.000      2.000
             303.000       0.155       1.281       3.000    0.99%       2.000      2.000
     USC                   4.495      -0.273       1.000    0.66%       3.000      4.000      5.000
             303.000       1.867      -0.509       7.000    5.94%       5.000      6.000
     DSC                   2.759       0.808       1.000   14.52%       2.000      2.000      2.000
             303.000       1.727       0.257       7.000    0.66%       3.000      4.000


THE MODEL ESTIMATION TERMINATED NORMALLY

     USE THE FBITERATIONS OPTION TO INCREASE THE NUMBER OF ITERATIONS BY A FACTOR
     OF AT LEAST TWO TO CHECK CONVERGENCE AND THAT THE PSR VALUE DOES NOT INCREASE.



MODEL FIT INFORMATION

Number of Free Parameters                             101

Bayesian Posterior Predictive Checking using Chi-Square

          95% Confidence Interval for the Difference Between
          the Observed and the Replicated Chi-Square Values

                                749.468           889.195

          Posterior Predictive P-Value              0.000

          Prior Posterior Predictive P-Value        0.000

Information Criteria

          Deviance (DIC)                        25076.689
          Estimated Number of Parameters (pD)      98.584
          Bayesian (BIC)                        25463.774



MODEL RESULTS

                                Posterior  One-Tailed         95% C.I.
                    Estimate       S.D.      P-Value   Lower 2.5%  Upper 2.5%  Significance

 ASC      BY
    ASC1               1.000       0.000      0.000       1.000       1.000
    ASC2               0.937       0.084      0.000       0.788       1.118      *
    ASC3               0.746       0.077      0.000       0.606       0.907      *
    ASC4               1.221       0.097      0.000       1.051       1.434      *
    ASC5               1.458       0.107      0.000       1.271       1.692      *

 OSC      BY
    OSC1               1.000       0.000      0.000       1.000       1.000
    OSC2               0.853       0.060      0.000       0.741       0.976      *
    OSC3               0.766       0.063      0.000       0.649       0.894      *
    OSC4               0.664       0.066      0.000       0.541       0.801      *
    OSC6               0.782       0.066      0.000       0.658       0.919      *
    OSC7               1.009       0.063      0.000       0.891       1.138      *

 RD       BY
    RD1                1.000       0.000      0.000       1.000       1.000
    RD2                1.079       0.081      0.000       0.936       1.252      *
    RD3                0.933       0.078      0.000       0.793       1.097      *
    RD4                1.180       0.090      0.000       1.018       1.371      *
    RD5                1.164       0.087      0.000       1.008       1.351      *

 POS      BY
    POS1               1.000       0.000      0.000       1.000       1.000
    POS2               1.127       0.076      0.000       0.988       1.286      *
    POS3               1.003       0.071      0.000       0.876       1.157      *
    POS5               0.608       0.071      0.000       0.474       0.753      *
    POS6               1.030       0.078      0.000       0.891       1.197      *

 LS       BY
    LS1                1.000       0.000      0.000       1.000       1.000
    LS2                0.887       0.047      0.000       0.800       0.982      *
    LS3                1.068       0.050      0.000       0.977       1.170      *
    LS4                0.936       0.059      0.000       0.824       1.052      *
    LS5                0.806       0.066      0.000       0.682       0.942      *

 SCO      BY
    ASC                1.000       0.000      0.000       1.000       1.000
    OSC                1.225       0.099      0.000       1.054       1.435      *

 RD         ON
    SCO                0.204       0.086      0.007       0.040       0.379      *

 POS        ON
    SCO                0.299       0.072      0.000       0.165       0.447      *

 LS         ON
    SCO                0.103       0.066      0.063      -0.029       0.232
    RD                -0.558       0.072      0.000      -0.704      -0.423      *
    POS                0.720       0.081      0.000       0.572       0.886      *

 RD         ON
    GENDER            -0.020       0.143      0.444      -0.306       0.258
    AGE               -0.002       0.011      0.426      -0.023       0.018
    EDU               -0.229       0.118      0.019      -0.470      -0.009      *
    MARRIAGE          -0.600       0.203      0.002      -1.007      -0.205      *
    USC                0.120       0.061      0.022       0.003       0.240      *

 POS        ON
    GENDER            -0.032       0.133      0.405      -0.287       0.231
    AGE                0.010       0.010      0.151      -0.009       0.029
    EDU                0.300       0.111      0.002       0.087       0.520      *
    MARRIAGE           0.440       0.183      0.008       0.084       0.806      *
    DSC                0.068       0.050      0.085      -0.028       0.168

 LS         ON
    GENDER             0.132       0.108      0.109      -0.080       0.346
    AGE                0.000       0.008      0.488      -0.016       0.015
    EDU               -0.017       0.088      0.423      -0.194       0.149
    MARRIAGE           0.053       0.156      0.371      -0.255       0.354
    USC               -0.023       0.046      0.307      -0.113       0.068
    DSC                0.054       0.042      0.099      -0.029       0.139

 Intercepts
    ASC1               4.212       0.088      0.000       4.037       4.385      *
    ASC2               4.859       0.084      0.000       4.693       5.023      *
    ASC3               5.135       0.076      0.000       4.984       5.284      *
    ASC4               4.451       0.096      0.000       4.260       4.636      *
    ASC5               3.983       0.105      0.000       3.771       4.186      *
    OSC1               4.342       0.091      0.000       4.160       4.515      *
    OSC2               4.594       0.090      0.000       4.416       4.771      *
    OSC3               4.906       0.090      0.000       4.726       5.081      *
    OSC4               4.805       0.089      0.000       4.629       4.978      *
    OSC6               4.469       0.093      0.000       4.289       4.655      *
    OSC7               4.287       0.098      0.000       4.091       4.473      *
    RD1                5.707       0.774      0.000       4.427       7.262      *
    RD2                4.729       0.826      0.000       3.346       6.425      *
    RD3                4.241       0.718      0.000       3.044       5.723      *
    RD4                5.759       0.903      0.000       4.263       7.619      *
    RD5                5.199       0.890      0.000       3.708       7.026      *
    POS1               1.050       0.714      0.091      -0.291       2.372
    POS2               0.407       0.808      0.319      -1.122       1.914
    POS3               1.658       0.722      0.005       0.304       2.991      *
    POS5               1.668       0.462      0.000       0.725       2.497      *
    POS6               1.543       0.742      0.014       0.132       2.905      *
    LS1                1.001       0.814      0.069      -0.437       2.867
    LS2                1.445       0.729      0.012       0.162       3.066      *
    LS3                1.371       0.869      0.038      -0.153       3.331
    LS4                1.443       0.770      0.017       0.090       3.149      *
    LS5                0.770       0.679      0.100      -0.457       2.227

 Variances
    SCO                1.091       0.171      0.000       0.791       1.460      *

 Residual Variances
    ASC1               1.124       0.103      0.000       0.943       1.351      *
    ASC2               1.079       0.098      0.000       0.909       1.290      *
    ASC3               1.100       0.096      0.000       0.930       1.303      *
    ASC4               0.965       0.097      0.000       0.794       1.170      *
    ASC5               0.803       0.092      0.000       0.638       0.999      *
    OSC1               0.701       0.076      0.000       0.567       0.864      *
    OSC2               1.157       0.107      0.000       0.968       1.388      *
    OSC3               1.335       0.120      0.000       1.124       1.590      *
    OSC4               1.647       0.144      0.000       1.396       1.962      *
    OSC6               1.529       0.137      0.000       1.294       1.830      *
    OSC7               1.078       0.105      0.000       0.893       1.310      *
    RD1                1.227       0.119      0.000       1.021       1.484      *
    RD2                0.940       0.100      0.000       0.762       1.152      *
    RD3                1.077       0.103      0.000       0.897       1.297      *
    RD4                1.182       0.123      0.000       0.960       1.448      *
    RD5                0.981       0.108      0.000       0.791       1.212      *
    POS1               0.748       0.084      0.000       0.599       0.929      *
    POS2               0.917       0.103      0.000       0.735       1.139      *
    POS3               0.618       0.072      0.000       0.489       0.771      *
    POS5               1.325       0.115      0.000       1.127       1.578      *
    POS6               0.807       0.088      0.000       0.651       0.993      *
    LS1                0.643       0.070      0.000       0.519       0.793      *
    LS2                0.613       0.064      0.000       0.500       0.752      *
    LS3                0.597       0.070      0.000       0.475       0.746      *
    LS4                1.328       0.122      0.000       1.111       1.594      *
    LS5                1.988       0.174      0.000       1.686       2.372      *
    ASC                0.044       0.037      0.000       0.000       0.137      *
    OSC                0.083       0.052      0.000       0.011       0.205      *
    RD                 1.260       0.182      0.000       0.947       1.659      *
    POS                1.056       0.139      0.000       0.808       1.350      *
    LS                 0.523       0.079      0.000       0.385       0.694      *

New/Additional Parameters
    IE_RD             -0.066       0.035      0.022      -0.137      -0.002      *
    IE_POS             0.049       0.037      0.085      -0.020       0.124
    DIF_U             -0.084       0.128      0.254      -0.338       0.164
    DIF_D             -0.231       0.094      0.005      -0.422      -0.050      *


STANDARDIZED MODEL RESULTS


STDYX Standardization

                                Posterior  One-Tailed         95% C.I.
                    Estimate       S.D.      P-Value   Lower 2.5%  Upper 2.5%  Significance
 ASC      BY
    ASC1               0.710       0.033      0.000       0.640       0.768      *
    ASC2               0.694       0.033      0.000       0.625       0.753      *
    ASC3               0.605       0.040      0.000       0.523       0.679      *
    ASC4               0.799       0.025      0.000       0.746       0.843      *
    ASC5               0.867       0.019      0.000       0.827       0.900      *

 OSC      BY
    OSC1               0.844       0.021      0.000       0.799       0.879      *
    OSC2               0.722       0.031      0.000       0.656       0.777      *
    OSC3               0.657       0.036      0.000       0.580       0.722      *
    OSC4               0.562       0.043      0.000       0.474       0.642      *
    OSC6               0.640       0.038      0.000       0.560       0.708      *
    OSC7               0.788       0.025      0.000       0.733       0.832      *

 RD       BY
    RD1                0.733       0.031      0.000       0.667       0.788      *
    RD2                0.799       0.026      0.000       0.744       0.845      *
    RD3                0.732       0.031      0.000       0.666       0.787      *
    RD4                0.792       0.026      0.000       0.735       0.838      *
    RD5                0.815       0.025      0.000       0.762       0.858      *

 POS      BY
    POS1               0.791       0.028      0.000       0.730       0.840      *
    POS2               0.797       0.028      0.000       0.736       0.845      *
    POS3               0.820       0.025      0.000       0.766       0.864      *
    POS5               0.509       0.047      0.000       0.411       0.595      *
    POS6               0.789       0.028      0.000       0.729       0.839      *

 LS       BY
    LS1                0.852       0.019      0.000       0.811       0.885      *
    LS2                0.828       0.021      0.000       0.783       0.865      *
    LS3                0.875       0.017      0.000       0.838       0.904      *
    LS4                0.727       0.029      0.000       0.666       0.778      *
    LS5                0.598       0.037      0.000       0.521       0.666      *

 SCO      BY
    ASC                0.980       0.016      0.000       0.941       1.000      *
    OSC                0.976       0.016      0.000       0.939       0.997      *

 RD         ON
    SCO                0.180       0.072      0.007       0.035       0.316      *

 POS        ON
    SCO                0.280       0.061      0.000       0.158       0.396      *

 LS         ON
    SCO                0.082       0.053      0.063      -0.023       0.185
    RD                -0.512       0.058      0.000      -0.622      -0.396      *
    POS                0.620       0.054      0.000       0.511       0.722      *

 RD         ON
    GENDER            -0.009       0.059      0.444      -0.125       0.106
    AGE               -0.013       0.067      0.426      -0.145       0.117
    EDU               -0.119       0.060      0.019      -0.236      -0.005      *
    MARRIAGE          -0.199       0.064      0.002      -0.320      -0.069      *
    USC                0.138       0.069      0.022       0.004       0.270      *

 POS        ON
    GENDER            -0.014       0.059      0.405      -0.126       0.102
    AGE                0.068       0.066      0.151      -0.061       0.197
    EDU                0.166       0.060      0.002       0.049       0.280      *
    MARRIAGE           0.156       0.063      0.008       0.030       0.278      *
    DSC                0.081       0.058      0.085      -0.033       0.195

 LS         ON
    GENDER             0.051       0.041      0.109      -0.031       0.131
    AGE               -0.001       0.047      0.488      -0.095       0.090
    EDU               -0.008       0.042      0.423      -0.092       0.071
    MARRIAGE           0.016       0.047      0.371      -0.078       0.107
    USC               -0.024       0.048      0.307      -0.116       0.071
    DSC                0.054       0.043      0.099      -0.029       0.138

 Intercepts
    ASC1               2.796       0.130      0.000       2.542       3.046      *
    ASC2               3.364       0.150      0.000       3.073       3.661      *
    ASC3               3.895       0.169      0.000       3.568       4.232      *
    ASC4               2.724       0.127      0.000       2.477       2.974      *
    ASC5               2.216       0.108      0.000       2.003       2.426      *
    OSC1               2.782       0.126      0.000       2.538       3.032      *
    OSC2               2.955       0.134      0.000       2.693       3.220      *
    OSC3               3.197       0.144      0.000       2.915       3.479      *
    OSC4               3.090       0.139      0.000       2.819       3.368      *
    OSC6               2.775       0.128      0.000       2.525       3.027      *
    OSC7               2.542       0.119      0.000       2.311       2.779      *
    RD1                3.513       0.466      0.000       2.680       4.434      *
    RD2                2.941       0.504      0.000       2.059       3.926      *
    RD3                2.788       0.464      0.000       1.976       3.711      *
    RD4                3.241       0.503      0.000       2.362       4.238      *
    RD5                3.047       0.515      0.000       2.157       4.062      *
    POS1               0.744       0.511      0.091      -0.202       1.698
    POS2               0.257       0.510      0.319      -0.689       1.221
    POS3               1.207       0.538      0.005       0.216       2.208      *
    POS5               1.246       0.361      0.000       0.522       1.908      *
    POS6               1.058       0.518      0.014       0.086       2.026      *
    LS1                0.656       0.538      0.069      -0.278       1.885
    LS2                1.038       0.532      0.012       0.113       2.219      *
    LS3                0.863       0.554      0.038      -0.094       2.110
    LS4                0.865       0.467      0.017       0.052       1.897      *
    LS5                0.440       0.389      0.100      -0.253       1.274

 Variances
    SCO                1.000       0.000      0.000       1.000       1.000

 Residual Variances
    ASC1               0.496       0.046      0.000       0.410       0.591      *
    ASC2               0.518       0.045      0.000       0.433       0.610      *
    ASC3               0.634       0.048      0.000       0.539       0.726      *
    ASC4               0.362       0.039      0.000       0.290       0.443      *
    ASC5               0.249       0.032      0.000       0.191       0.316      *
    OSC1               0.288       0.035      0.000       0.227       0.362      *
    OSC2               0.479       0.045      0.000       0.396       0.570      *
    OSC3               0.568       0.047      0.000       0.478       0.664      *
    OSC4               0.684       0.048      0.000       0.588       0.775      *
    OSC6               0.591       0.048      0.000       0.499       0.686      *
    OSC7               0.379       0.040      0.000       0.307       0.463      *
    RD1                0.462       0.045      0.000       0.379       0.555      *
    RD2                0.361       0.041      0.000       0.286       0.447      *
    RD3                0.464       0.045      0.000       0.381       0.557      *
    RD4                0.373       0.041      0.000       0.297       0.459      *
    RD5                0.335       0.040      0.000       0.264       0.420      *
    POS1               0.374       0.044      0.000       0.294       0.466      *
    POS2               0.365       0.044      0.000       0.286       0.458      *
    POS3               0.328       0.041      0.000       0.253       0.414      *
    POS5               0.741       0.047      0.000       0.646       0.831      *
    POS6               0.377       0.044      0.000       0.296       0.468      *
    LS1                0.275       0.032      0.000       0.217       0.342      *
    LS2                0.315       0.034      0.000       0.252       0.386      *
    LS3                0.235       0.029      0.000       0.183       0.298      *
    LS4                0.472       0.041      0.000       0.395       0.556      *
    LS5                0.643       0.044      0.000       0.557       0.728      *
    ASC                0.039       0.032      0.000       0.000       0.115      *
    OSC                0.048       0.030      0.000       0.007       0.118      *
    RD                 0.885       0.035      0.000       0.809       0.944      *
    POS                0.845       0.039      0.000       0.763       0.914      *
    LS                 0.308       0.039      0.000       0.238       0.391      *


R-SQUARE

                                Posterior  One-Tailed         95% C.I.
    Variable        Estimate       S.D.      P-Value   Lower 2.5%  Upper 2.5%

    ASC1               0.504       0.046      0.000       0.409       0.590
    ASC2               0.482       0.045      0.000       0.390       0.567
    ASC3               0.366       0.048      0.000       0.274       0.461
    ASC4               0.638       0.039      0.000       0.557       0.710
    ASC5               0.751       0.032      0.000       0.683       0.809
    OSC1               0.712       0.035      0.000       0.638       0.773
    OSC2               0.521       0.045      0.000       0.430       0.604
    OSC3               0.432       0.047      0.000       0.336       0.522
    OSC4               0.316       0.048      0.000       0.225       0.412
    OSC6               0.409       0.048      0.000       0.314       0.501
    OSC7               0.621       0.040      0.000       0.537       0.693
    RD1                0.538       0.045      0.000       0.445       0.621
    RD2                0.639       0.041      0.000       0.553       0.714
    RD3                0.536       0.045      0.000       0.443       0.619
    RD4                0.627       0.041      0.000       0.541       0.703
    RD5                0.665       0.040      0.000       0.580       0.736
    POS1               0.626       0.044      0.000       0.533       0.706
    POS2               0.635       0.044      0.000       0.542       0.714
    POS3               0.672       0.041      0.000       0.586       0.747
    POS5               0.259       0.047      0.000       0.169       0.354
    POS6               0.623       0.044      0.000       0.532       0.704
    LS1                0.725       0.032      0.000       0.658       0.783
    LS2                0.685       0.034      0.000       0.614       0.748
    LS3                0.765       0.029      0.000       0.702       0.817
    LS4                0.528       0.041      0.000       0.444       0.605
    LS5                0.357       0.044      0.000       0.272       0.443

                                Posterior  One-Tailed         95% C.I.
    Variable        Estimate       S.D.      P-Value   Lower 2.5%  Upper 2.5%

    ASC                0.961       0.032      0.000       0.885       1.000
    OSC                0.952       0.030      0.000       0.882       0.993
    RD                 0.115       0.035      0.000       0.056       0.191
    POS                0.155       0.039      0.000       0.086       0.237
    LS                 0.692       0.039      0.000       0.609       0.762


CREDIBILITY INTERVALS OF MODEL RESULTS

                  Lower .5%  Lower 2.5%    Lower 5%    Estimate    Upper 5%  Upper 2.5%   Upper .5%

 ASC      BY
    ASC1             1.000       1.000       1.000       1.000       1.000       1.000       1.000
    ASC2             0.745       0.788       0.811       0.937       1.087       1.118       1.190
    ASC3             0.562       0.606       0.627       0.746       0.880       0.907       0.964
    ASC4             0.998       1.051       1.076       1.221       1.396       1.434       1.507
    ASC5             1.215       1.271       1.300       1.458       1.650       1.692       1.778

 OSC      BY
    OSC1             1.000       1.000       1.000       1.000       1.000       1.000       1.000
    OSC2             0.705       0.741       0.757       0.853       0.955       0.976       1.014
    OSC3             0.612       0.649       0.666       0.766       0.873       0.894       0.940
    OSC4             0.499       0.541       0.562       0.664       0.777       0.801       0.848
    OSC6             0.617       0.658       0.679       0.782       0.897       0.919       0.963
    OSC7             0.857       0.891       0.909       1.009       1.115       1.138       1.184

 RD       BY
    RD1              1.000       1.000       1.000       1.000       1.000       1.000       1.000
    RD2              0.893       0.936       0.957       1.079       1.221       1.252       1.316
    RD3              0.751       0.793       0.814       0.933       1.069       1.097       1.162
    RD4              0.969       1.018       1.042       1.180       1.338       1.371       1.442
    RD5              0.966       1.008       1.032       1.164       1.319       1.351       1.416

 POS      BY
    POS1             1.000       1.000       1.000       1.000       1.000       1.000       1.000
    POS2             0.950       0.988       1.009       1.127       1.258       1.286       1.339
    POS3             0.843       0.876       0.897       1.003       1.130       1.157       1.212
    POS5             0.427       0.474       0.496       0.608       0.726       0.753       0.797
    POS6             0.849       0.891       0.913       1.030       1.167       1.197       1.256

 LS       BY
    LS1              1.000       1.000       1.000       1.000       1.000       1.000       1.000
    LS2              0.773       0.800       0.812       0.887       0.967       0.982       1.017
    LS3              0.949       0.977       0.991       1.068       1.154       1.170       1.207
    LS4              0.791       0.824       0.841       0.936       1.034       1.052       1.093
    LS5              0.640       0.682       0.702       0.806       0.919       0.942       0.986

 SCO      BY
    ASC              1.000       1.000       1.000       1.000       1.000       1.000       1.000
    OSC              0.996       1.054       1.078       1.225       1.404       1.435       1.499

 RD       ON
    SCO             -0.008       0.040       0.066       0.204       0.351       0.379       0.436

 POS      ON
    SCO              0.121       0.165       0.187       0.299       0.423       0.447       0.495

 LS       ON
    SCO             -0.069      -0.029      -0.008       0.103       0.211       0.232       0.271
    RD              -0.754      -0.704      -0.680      -0.558      -0.444      -0.423      -0.389
    POS              0.529       0.572       0.594       0.720       0.859       0.886       0.954

 RD       ON
    GENDER          -0.398      -0.306      -0.258      -0.020       0.211       0.258       0.345
    AGE             -0.029      -0.023      -0.019      -0.002       0.015       0.018       0.025
    EDU             -0.546      -0.470      -0.432      -0.229      -0.043      -0.009       0.057
    MARRIAGE        -1.135      -1.007      -0.934      -0.600      -0.268      -0.205      -0.091
    USC             -0.038       0.003       0.022       0.120       0.222       0.240       0.280

 POS      ON
    GENDER          -0.379      -0.287      -0.246      -0.032       0.187       0.231       0.314
    AGE             -0.015      -0.009      -0.006       0.010       0.026       0.029       0.035
    EDU              0.022       0.087       0.121       0.300       0.485       0.520       0.584
    MARRIAGE        -0.032       0.084       0.141       0.440       0.742       0.806       0.919
    DSC             -0.056      -0.028      -0.013       0.068       0.151       0.168       0.201

 LS       ON
    GENDER          -0.155      -0.080      -0.044       0.132       0.310       0.346       0.414
    AGE             -0.021      -0.016      -0.014       0.000       0.013       0.015       0.020
    EDU             -0.247      -0.194      -0.164      -0.017       0.123       0.149       0.197
    MARRIAGE        -0.347      -0.255      -0.207       0.053       0.308       0.354       0.461
    USC             -0.142      -0.113      -0.099      -0.023       0.054       0.068       0.094
    DSC             -0.055      -0.029      -0.015       0.054       0.125       0.139       0.165

 Intercepts
    ASC1             3.976       4.037       4.069       4.212       4.357       4.385       4.433
    ASC2             4.638       4.693       4.722       4.859       4.995       5.023       5.071
    ASC3             4.937       4.984       5.009       5.135       5.259       5.284       5.331
    ASC4             4.194       4.260       4.293       4.451       4.606       4.636       4.699
    ASC5             3.697       3.771       3.807       3.983       4.154       4.186       4.250
    OSC1             4.096       4.160       4.191       4.342       4.488       4.515       4.566
    OSC2             4.355       4.416       4.449       4.594       4.743       4.771       4.832
    OSC3             4.666       4.726       4.755       4.906       5.053       5.081       5.137
    OSC4             4.573       4.629       4.658       4.805       4.951       4.978       5.032
    OSC6             4.227       4.289       4.317       4.469       4.623       4.655       4.715
    OSC7             4.018       4.091       4.123       4.287       4.443       4.473       4.536
    RD1              4.167       4.427       4.584       5.707       7.092       7.262       7.601
    RD2              3.069       3.346       3.507       4.729       6.181       6.425       6.755
    RD3              2.823       3.044       3.181       4.241       5.510       5.723       6.045
    RD4              3.949       4.263       4.429       5.759       7.364       7.619       8.004
    RD5              3.410       3.708       3.875       5.199       6.760       7.026       7.395
    POS1            -0.574      -0.291      -0.148       1.050       2.122       2.372       2.775
    POS2            -1.492      -1.122      -0.932       0.407       1.651       1.914       2.374
    POS3             0.001       0.304       0.451       1.658       2.775       2.991       3.442
    POS5             0.486       0.725       0.861       1.668       2.371       2.497       2.740
    POS6            -0.174       0.132       0.294       1.543       2.693       2.905       3.357
    LS1             -0.660      -0.437      -0.193       1.001       2.513       2.867       3.238
    LS2             -0.152       0.162       0.402       1.445       2.766       3.066       3.415
    LS3             -0.466      -0.153       0.144       1.371       2.955       3.331       3.747
    LS4             -0.268       0.090       0.328       1.443       2.829       3.149       3.504
    LS5             -0.818      -0.457      -0.243       0.770       1.964       2.227       2.536

 Variances
    SCO              0.710       0.791       0.836       1.091       1.397       1.460       1.604

 Residual Variances
    ASC1             0.892       0.943       0.970       1.124       1.310       1.351       1.431
    ASC2             0.863       0.909       0.934       1.079       1.253       1.290       1.368
    ASC3             0.884       0.930       0.954       1.100       1.269       1.303       1.376
    ASC4             0.742       0.794       0.820       0.965       1.136       1.170       1.244
    ASC5             0.590       0.638       0.662       0.803       0.966       0.999       1.066
    OSC1             0.527       0.567       0.588       0.701       0.836       0.864       0.922
    OSC2             0.915       0.968       0.999       1.157       1.348       1.388       1.472
    OSC3             1.064       1.124       1.155       1.335       1.550       1.590       1.682
    OSC4             1.320       1.396       1.432       1.647       1.905       1.962       2.066
    OSC6             1.227       1.294       1.328       1.529       1.777       1.830       1.942
    OSC7             0.839       0.893       0.920       1.078       1.267       1.310       1.382
    RD1              0.967       1.021       1.051       1.227       1.440       1.484       1.585
    RD2              0.710       0.762       0.790       0.940       1.117       1.152       1.230
    RD3              0.843       0.897       0.923       1.077       1.261       1.297       1.379
    RD4              0.905       0.960       0.995       1.182       1.399       1.448       1.542
    RD5              0.739       0.791       0.819       0.981       1.171       1.212       1.296
    POS1             0.556       0.599       0.623       0.748       0.895       0.929       0.999
    POS2             0.687       0.735       0.761       0.917       1.101       1.139       1.216
    POS3             0.458       0.489       0.508       0.618       0.744       0.771       0.829
    POS5             1.072       1.127       1.157       1.325       1.529       1.578       1.675
    POS6             0.610       0.651       0.673       0.807       0.962       0.993       1.067
    LS1              0.487       0.519       0.538       0.643       0.766       0.793       0.849
    LS2              0.471       0.500       0.517       0.613       0.726       0.752       0.797
    LS3              0.440       0.475       0.493       0.597       0.720       0.746       0.800
    LS4              1.059       1.111       1.142       1.328       1.544       1.594       1.686
    LS5              1.602       1.686       1.728       1.988       2.298       2.372       2.495
    ASC              0.000       0.000       0.001       0.044       0.120       0.137       0.170
    OSC              0.003       0.011       0.017       0.083       0.186       0.205       0.255
    RD               0.862       0.947       0.992       1.260       1.586       1.659       1.802
    POS              0.736       0.808       0.845       1.056       1.302       1.350       1.451
    LS               0.348       0.385       0.405       0.523       0.664       0.694       0.756

New/Additional Parameters
    IE_RD           -0.163      -0.137      -0.126      -0.066      -0.012      -0.002       0.021
    IE_POS          -0.039      -0.020      -0.009       0.049       0.111       0.124       0.148
    DIF_U           -0.417      -0.338      -0.297      -0.084       0.123       0.164       0.239
    DIF_D           -0.487      -0.422      -0.390      -0.231      -0.079      -0.050       0.002


CREDIBILITY INTERVALS OF STANDARDIZED MODEL RESULTS


STDYX Standardization

                  Lower .5%  Lower 2.5%    Lower 5%    Estimate    Upper 5%  Upper 2.5%   Upper .5%

 ASC      BY
    ASC1             0.615       0.640       0.651       0.710       0.759       0.768       0.785
    ASC2             0.601       0.625       0.637       0.694       0.745       0.753       0.769
    ASC3             0.494       0.523       0.536       0.605       0.668       0.679       0.698
    ASC4             0.728       0.746       0.756       0.799       0.836       0.843       0.855
    ASC5             0.813       0.827       0.834       0.867       0.895       0.900       0.908

 OSC      BY
    OSC1             0.781       0.799       0.806       0.844       0.874       0.879       0.889
    OSC2             0.633       0.656       0.667       0.722       0.769       0.777       0.794
    OSC3             0.553       0.580       0.593       0.657       0.712       0.722       0.739
    OSC4             0.442       0.474       0.489       0.562       0.630       0.642       0.665
    OSC6             0.533       0.560       0.573       0.640       0.697       0.708       0.728
    OSC7             0.715       0.733       0.743       0.788       0.826       0.832       0.846

 RD       BY
    RD1              0.645       0.667       0.679       0.733       0.780       0.788       0.805
    RD2              0.723       0.744       0.753       0.799       0.838       0.845       0.858
    RD3              0.644       0.666       0.677       0.732       0.779       0.787       0.803
    RD4              0.717       0.735       0.745       0.792       0.832       0.838       0.851
    RD5              0.742       0.762       0.771       0.815       0.852       0.858       0.870

 POS      BY
    POS1             0.708       0.730       0.742       0.791       0.833       0.840       0.853
    POS2             0.712       0.736       0.747       0.797       0.838       0.845       0.858
    POS3             0.746       0.766       0.775       0.820       0.857       0.864       0.875
    POS5             0.375       0.411       0.427       0.509       0.582       0.595       0.619
    POS6             0.709       0.729       0.739       0.789       0.831       0.839       0.851

 LS       BY
    LS1              0.796       0.811       0.818       0.852       0.880       0.885       0.894
    LS2              0.769       0.783       0.791       0.828       0.860       0.865       0.875
    LS3              0.824       0.838       0.844       0.875       0.900       0.904       0.912
    LS4              0.645       0.666       0.677       0.727       0.771       0.778       0.792
    LS5              0.497       0.521       0.534       0.598       0.655       0.666       0.686

 SCO      BY
    ASC              0.927       0.941       0.947       0.980       1.000       1.000       1.000
    OSC              0.924       0.939       0.945       0.976       0.995       0.997       0.999

 RD       ON
    SCO             -0.007       0.035       0.058       0.180       0.296       0.316       0.359

 POS      ON
    SCO              0.117       0.158       0.178       0.280       0.378       0.396       0.432

 LS       ON
    SCO             -0.055      -0.023      -0.006       0.082       0.168       0.185       0.216
    RD              -0.653      -0.622      -0.605      -0.512      -0.414      -0.396      -0.361
    POS              0.473       0.511       0.528       0.620       0.706       0.722       0.752

 RD       ON
    GENDER          -0.162      -0.125      -0.107      -0.009       0.087       0.106       0.140
    AGE             -0.186      -0.145      -0.124      -0.013       0.097       0.117       0.158
    EDU             -0.271      -0.236      -0.220      -0.119      -0.023      -0.005       0.028
    MARRIAGE        -0.356      -0.320      -0.301      -0.199      -0.090      -0.069      -0.031
    USC             -0.043       0.004       0.025       0.138       0.250       0.270       0.307

 POS      ON
    GENDER          -0.163      -0.126      -0.108      -0.014       0.083       0.102       0.139
    AGE             -0.103      -0.061      -0.040       0.068       0.177       0.197       0.234
    EDU              0.013       0.049       0.067       0.166       0.262       0.280       0.314
    MARRIAGE        -0.011       0.030       0.050       0.156       0.258       0.278       0.314
    DSC             -0.065      -0.033      -0.015       0.081       0.176       0.195       0.230

 LS       ON
    GENDER          -0.058      -0.031      -0.017       0.051       0.118       0.131       0.157
    AGE             -0.126      -0.095      -0.080      -0.001       0.075       0.090       0.120
    EDU             -0.117      -0.092      -0.077      -0.008       0.059       0.071       0.093
    MARRIAGE        -0.105      -0.078      -0.063       0.016       0.093       0.107       0.138
    USC             -0.146      -0.116      -0.102      -0.024       0.056       0.071       0.101
    DSC             -0.056      -0.029      -0.015       0.054       0.125       0.138       0.164

 Intercepts
    ASC1             2.459       2.542       2.582       2.796       3.006       3.046       3.132
    ASC2             2.975       3.073       3.119       3.364       3.610       3.661       3.752
    ASC3             3.464       3.568       3.619       3.895       4.176       4.232       4.338
    ASC4             2.399       2.477       2.516       2.724       2.934       2.974       3.049
    ASC5             1.937       2.003       2.037       2.216       2.393       2.426       2.493
    OSC1             2.465       2.538       2.575       2.782       2.991       3.032       3.111
    OSC2             2.611       2.693       2.736       2.955       3.176       3.220       3.308
    OSC3             2.833       2.915       2.963       3.197       3.435       3.479       3.571
    OSC4             2.740       2.819       2.862       3.090       3.321       3.368       3.452
    OSC6             2.446       2.525       2.566       2.775       2.987       3.027       3.100
    OSC7             2.238       2.311       2.347       2.542       2.740       2.779       2.852
    RD1              2.502       2.680       2.779       3.513       4.305       4.434       4.633
    RD2              1.887       2.059       2.158       2.941       3.794       3.926       4.132
    RD3              1.823       1.976       2.076       2.788       3.587       3.711       3.888
    RD4              2.190       2.362       2.465       3.241       4.103       4.238       4.444
    RD5              1.978       2.157       2.256       3.047       3.927       4.062       4.278
    POS1            -0.392      -0.202      -0.102       0.744       1.539       1.698       1.962
    POS2            -0.905      -0.689      -0.576       0.257       1.060       1.221       1.511
    POS3             0.000       0.216       0.317       1.207       2.058       2.208       2.525
    POS5             0.342       0.522       0.626       1.246       1.811       1.908       2.093
    POS6            -0.114       0.086       0.197       1.058       1.875       2.026       2.309
    LS1             -0.420      -0.278      -0.125       0.656       1.669       1.885       2.119
    LS2             -0.105       0.113       0.285       1.038       2.019       2.219       2.473
    LS3             -0.284      -0.094       0.090       0.863       1.892       2.110       2.394
    LS4             -0.153       0.052       0.193       0.865       1.724       1.897       2.120
    LS5             -0.453      -0.253      -0.136       0.440       1.133       1.274       1.462

 Variances
    SCO              1.000       1.000       1.000       1.000       1.000       1.000       1.000

 Residual Variances
    ASC1             0.384       0.410       0.423       0.496       0.576       0.591       0.622
    ASC2             0.408       0.433       0.445       0.518       0.595       0.610       0.639
    ASC3             0.512       0.539       0.554       0.634       0.712       0.726       0.755
    ASC4             0.268       0.290       0.301       0.362       0.429       0.443       0.470
    ASC5             0.175       0.191       0.199       0.249       0.305       0.316       0.339
    OSC1             0.210       0.227       0.236       0.288       0.350       0.362       0.390
    OSC2             0.369       0.396       0.409       0.479       0.556       0.570       0.599
    OSC3             0.454       0.478       0.493       0.568       0.648       0.664       0.695
    OSC4             0.558       0.588       0.603       0.684       0.760       0.775       0.805
    OSC6             0.470       0.499       0.513       0.591       0.671       0.686       0.716
    OSC7             0.284       0.307       0.318       0.379       0.448       0.463       0.488
    RD1              0.352       0.379       0.391       0.462       0.539       0.555       0.584
    RD2              0.264       0.286       0.297       0.361       0.432       0.447       0.478
    RD3              0.354       0.381       0.393       0.464       0.541       0.557       0.585
    RD4              0.276       0.297       0.308       0.373       0.444       0.459       0.485
    RD5              0.244       0.264       0.275       0.335       0.405       0.420       0.449
    POS1             0.272       0.294       0.306       0.374       0.450       0.466       0.498
    POS2             0.264       0.286       0.298       0.365       0.442       0.458       0.492
    POS3             0.234       0.253       0.265       0.328       0.400       0.414       0.443
    POS5             0.617       0.646       0.662       0.741       0.818       0.831       0.859
    POS6             0.275       0.296       0.309       0.377       0.453       0.468       0.497
    LS1              0.201       0.217       0.226       0.275       0.331       0.342       0.366
    LS2              0.234       0.252       0.261       0.315       0.374       0.386       0.409
    LS3              0.168       0.183       0.191       0.235       0.287       0.298       0.320
    LS4              0.373       0.395       0.406       0.472       0.542       0.556       0.584
    LS5              0.530       0.557       0.571       0.643       0.715       0.728       0.753
    ASC              0.000       0.000       0.001       0.039       0.102       0.115       0.141
    OSC              0.002       0.007       0.010       0.048       0.107       0.118       0.146
    RD               0.785       0.809       0.823       0.885       0.936       0.944       0.959
    POS              0.734       0.763       0.777       0.845       0.904       0.914       0.931
    LS               0.216       0.238       0.247       0.308       0.377       0.391       0.417


PLOT INFORMATION

The following plots are available:

  Bayesian posterior parameter distributions
  Bayesian posterior parameter trace plots
  Bayesian autocorrelation plots
  Bayesian prior parameter distributions
  Bayesian posterior predictive checking scatterplots
  Bayesian posterior predictive checking distribution plots

     Beginning Time:  13:51:04
        Ending Time:  13:51:29
       Elapsed Time:  00:00:25



MUTHEN & MUTHEN
3463 Stoner Ave.
Los Angeles, CA  90066

Tel: (310) 391-9971
Fax: (310) 391-8971
Web: www.StatModel.com
Support: Support@StatModel.com

Copyright (c) 1998-2019 Muthen & Muthen
