Mplus VERSION 8.3
MUTHEN & MUTHEN
01/15/2024   7:29 PM

INPUT INSTRUCTIONS

  TITLE:

      Moderator is USC DSC;

  DATA:
  FILE = "./OUTPUT/SEM/Mplus/SEM.mod.USC_DSC_b1d11211bb68dadca71d2ce38af35d0b.dat";

  VARIABLE:
  NAMES = ASC1 ASC2 ASC3 ASC4 ASC5 OSC1 OSC2 OSC3 OSC4 OSC6 OSC7 RD1 RD2 RD3 RD4 RD5
       POS1 POS2 POS3 POS5 POS6 LS1 LS2 LS3 LS4 LS5 USC DSC;
   MISSING=.;

  ANALYSIS:

      TYPE =general RANDOM;
      estimator=BAYES;
      ALGORITHM=INTEGRATION;
      convergence=0.01;

  MODEL:

      ASC by ASC1-ASC5;
      OSC by OSC1-OSC4 OSC6 OSC7;
      SCO by ASC OSC;

      SCOU | SCO XWITH USC;
      SCOD | SCO XWITH DSC;

      RD by RD1-RD5;
      POS by POS1-POS3 POS5 POS6;

      LS by LS1-LS5;

      RD on SCO(a1)
            USC
            DSC
            SCOU(w1)
            SCOD;
      POS on SCO(a2)
             USC
             DSC
             SCOU
             SCOD(w2);
      LS on SCO(c)
            RD(b1)
            POS(b2);

  MODEL CONSTRAINT:

     NEW(L_UDSC M_UDSC H_UDSC
        IE_L_RD IE_M_RD IE_H_RD
        IE_L_POS IE_M_POS IE_H_POS

        DIF_LM_RD DIF_LH_RD DIF_MH_RD
        DIF_LM_POS DIF_LH_POS DIF_MH_POS
        );

      L_UDSC = 1;
      M_UDSC = 4;
      H_UDSC = 7;

      IE_L_RD = (a1+w1*L_UDSC)*b1;
      IE_M_RD = (a1+w1*M_UDSC)*b1;
      IE_H_RD = (a1+w1*H_UDSC)*b1;

      IE_L_POS = (a2+w2*L_UDSC)*b2;
      IE_M_POS = (a2+w2*M_UDSC)*b2;
      IE_H_POS = (a2+w2*H_UDSC)*b2;

      DIF_LM_RD = IE_L_RD - IE_M_RD;
      DIF_LH_RD = IE_L_RD - IE_H_RD;
      DIF_MH_RD = IE_M_RD - IE_H_RD;

      DIF_LM_POS = IE_L_POS - IE_M_POS;
      DIF_LH_POS = IE_L_POS - IE_H_POS;
      DIF_MH_POS = IE_M_POS - IE_H_POS;

      PLOT(P_L_RD P_M_RD P_H_RD
           P_L_POS P_M_POS P_H_POS);
      LOOP(XVAL,1,7,0.1);
      P_L_RD = IE_L_RD*XVAL;
      P_M_RD = IE_M_RD*XVAL;
      P_H_RD = IE_H_RD*XVAL;

      P_L_POS = IE_L_POS*XVAL;
      P_M_POS = IE_M_POS*XVAL;
      P_H_POS = IE_H_POS*XVAL;

  OUTPUT:

      cint;
      STDYX
  PLOT:

      TYPE = plot2;




INPUT READING TERMINATED NORMALLY





Moderator is USC DSC;

SUMMARY OF ANALYSIS

Number of groups                                                 1
Number of observations                                         303

Number of dependent variables                                   26
Number of independent variables                                  2
Number of continuous latent variables                            8

Observed dependent variables

  Continuous
   ASC1        ASC2        ASC3        ASC4        ASC5        OSC1
   OSC2        OSC3        OSC4        OSC6        OSC7        RD1
   RD2         RD3         RD4         RD5         POS1        POS2
   POS3        POS5        POS6        LS1         LS2         LS3
   LS4         LS5

Observed independent variables
   USC         DSC

Continuous latent variables
   ASC         OSC         SCO         RD          POS         LS
   SCOU        SCOD


Estimator                                                    BAYES
Specifications for Bayesian Estimation
  Point estimate                                            MEDIAN
  Number of Markov chain Monte Carlo (MCMC) chains               2
  Random seed for the first chain                                0
  Starting value information                           UNPERTURBED
  Algorithm used for Markov chain Monte Carlo           GIBBS(PX1)
  Convergence criterion                                  0.500D-01
  Maximum number of iterations                               50000
  K-th iteration used for thinning                               1

Input data file(s)
  ./OUTPUT/SEM/Mplus/SEM.mod.USC_DSC_b1d11211bb68dadca71d2ce38af35d0b.dat
Input data format  FREE


SUMMARY OF DATA



COVARIANCE COVERAGE OF DATA

Minimum covariance coverage value   0.100

     Number of missing data patterns             1


     PROPORTION OF DATA PRESENT


           Covariance Coverage
              ASC1          ASC2          ASC3          ASC4          ASC5
              ________      ________      ________      ________      ________
 ASC1           1.000
 ASC2           1.000         1.000
 ASC3           1.000         1.000         1.000
 ASC4           1.000         1.000         1.000         1.000
 ASC5           1.000         1.000         1.000         1.000         1.000
 OSC1           1.000         1.000         1.000         1.000         1.000
 OSC2           1.000         1.000         1.000         1.000         1.000
 OSC3           1.000         1.000         1.000         1.000         1.000
 OSC4           1.000         1.000         1.000         1.000         1.000
 OSC6           1.000         1.000         1.000         1.000         1.000
 OSC7           1.000         1.000         1.000         1.000         1.000
 RD1            1.000         1.000         1.000         1.000         1.000
 RD2            1.000         1.000         1.000         1.000         1.000
 RD3            1.000         1.000         1.000         1.000         1.000
 RD4            1.000         1.000         1.000         1.000         1.000
 RD5            1.000         1.000         1.000         1.000         1.000
 POS1           1.000         1.000         1.000         1.000         1.000
 POS2           1.000         1.000         1.000         1.000         1.000
 POS3           1.000         1.000         1.000         1.000         1.000
 POS5           1.000         1.000         1.000         1.000         1.000
 POS6           1.000         1.000         1.000         1.000         1.000
 LS1            1.000         1.000         1.000         1.000         1.000
 LS2            1.000         1.000         1.000         1.000         1.000
 LS3            1.000         1.000         1.000         1.000         1.000
 LS4            1.000         1.000         1.000         1.000         1.000
 LS5            1.000         1.000         1.000         1.000         1.000
 USC            1.000         1.000         1.000         1.000         1.000
 DSC            1.000         1.000         1.000         1.000         1.000


           Covariance Coverage
              OSC1          OSC2          OSC3          OSC4          OSC6
              ________      ________      ________      ________      ________
 OSC1           1.000
 OSC2           1.000         1.000
 OSC3           1.000         1.000         1.000
 OSC4           1.000         1.000         1.000         1.000
 OSC6           1.000         1.000         1.000         1.000         1.000
 OSC7           1.000         1.000         1.000         1.000         1.000
 RD1            1.000         1.000         1.000         1.000         1.000
 RD2            1.000         1.000         1.000         1.000         1.000
 RD3            1.000         1.000         1.000         1.000         1.000
 RD4            1.000         1.000         1.000         1.000         1.000
 RD5            1.000         1.000         1.000         1.000         1.000
 POS1           1.000         1.000         1.000         1.000         1.000
 POS2           1.000         1.000         1.000         1.000         1.000
 POS3           1.000         1.000         1.000         1.000         1.000
 POS5           1.000         1.000         1.000         1.000         1.000
 POS6           1.000         1.000         1.000         1.000         1.000
 LS1            1.000         1.000         1.000         1.000         1.000
 LS2            1.000         1.000         1.000         1.000         1.000
 LS3            1.000         1.000         1.000         1.000         1.000
 LS4            1.000         1.000         1.000         1.000         1.000
 LS5            1.000         1.000         1.000         1.000         1.000
 USC            1.000         1.000         1.000         1.000         1.000
 DSC            1.000         1.000         1.000         1.000         1.000


           Covariance Coverage
              OSC7          RD1           RD2           RD3           RD4
              ________      ________      ________      ________      ________
 OSC7           1.000
 RD1            1.000         1.000
 RD2            1.000         1.000         1.000
 RD3            1.000         1.000         1.000         1.000
 RD4            1.000         1.000         1.000         1.000         1.000
 RD5            1.000         1.000         1.000         1.000         1.000
 POS1           1.000         1.000         1.000         1.000         1.000
 POS2           1.000         1.000         1.000         1.000         1.000
 POS3           1.000         1.000         1.000         1.000         1.000
 POS5           1.000         1.000         1.000         1.000         1.000
 POS6           1.000         1.000         1.000         1.000         1.000
 LS1            1.000         1.000         1.000         1.000         1.000
 LS2            1.000         1.000         1.000         1.000         1.000
 LS3            1.000         1.000         1.000         1.000         1.000
 LS4            1.000         1.000         1.000         1.000         1.000
 LS5            1.000         1.000         1.000         1.000         1.000
 USC            1.000         1.000         1.000         1.000         1.000
 DSC            1.000         1.000         1.000         1.000         1.000


           Covariance Coverage
              RD5           POS1          POS2          POS3          POS5
              ________      ________      ________      ________      ________
 RD5            1.000
 POS1           1.000         1.000
 POS2           1.000         1.000         1.000
 POS3           1.000         1.000         1.000         1.000
 POS5           1.000         1.000         1.000         1.000         1.000
 POS6           1.000         1.000         1.000         1.000         1.000
 LS1            1.000         1.000         1.000         1.000         1.000
 LS2            1.000         1.000         1.000         1.000         1.000
 LS3            1.000         1.000         1.000         1.000         1.000
 LS4            1.000         1.000         1.000         1.000         1.000
 LS5            1.000         1.000         1.000         1.000         1.000
 USC            1.000         1.000         1.000         1.000         1.000
 DSC            1.000         1.000         1.000         1.000         1.000


           Covariance Coverage
              POS6          LS1           LS2           LS3           LS4
              ________      ________      ________      ________      ________
 POS6           1.000
 LS1            1.000         1.000
 LS2            1.000         1.000         1.000
 LS3            1.000         1.000         1.000         1.000
 LS4            1.000         1.000         1.000         1.000         1.000
 LS5            1.000         1.000         1.000         1.000         1.000
 USC            1.000         1.000         1.000         1.000         1.000
 DSC            1.000         1.000         1.000         1.000         1.000


           Covariance Coverage
              LS5           USC           DSC
              ________      ________      ________
 LS5            1.000
 USC            1.000         1.000
 DSC            1.000         1.000         1.000



UNIVARIATE SAMPLE STATISTICS


     UNIVARIATE HIGHER-ORDER MOMENT DESCRIPTIVE STATISTICS

         Variable/         Mean/     Skewness/   Minimum/ % with                Percentiles
        Sample Size      Variance    Kurtosis    Maximum  Min/Max      20%/60%    40%/80%    Median

     ASC1                  4.211      -0.188       1.000    3.96%       3.000      4.000      4.000
             303.000       2.266      -0.665       7.000    5.28%       5.000      6.000
     ASC2                  4.858      -0.664       1.000    1.98%       4.000      5.000      5.000
             303.000       2.056      -0.094       7.000    9.57%       5.000      6.000
     ASC3                  5.135      -0.863       1.000    1.65%       4.000      5.000      5.000
             303.000       1.708       0.614       7.000   11.55%       6.000      6.000
     ASC4                  4.449      -0.356       1.000    4.29%       3.000      4.000      5.000
             303.000       2.630      -0.750       7.000    8.58%       5.000      6.000
     ASC5                  3.980      -0.144       1.000   11.22%       2.000      3.000      4.000
             303.000       3.188      -1.072       7.000    6.60%       5.000      6.000
     OSC1                  4.340      -0.312       1.000    3.30%       3.000      4.000      5.000
             303.000       2.409      -0.794       7.000    5.61%       5.000      6.000
     OSC2                  4.594      -0.457       1.000    3.63%       3.000      4.000      5.000
             303.000       2.380      -0.557       7.000    8.25%       5.000      6.000
     OSC3                  4.904      -0.646       1.000    2.64%       4.000      5.000      5.000
             303.000       2.318      -0.217       7.000   13.53%       6.000      6.000
     OSC4                  4.805      -0.543       1.000    2.64%       3.000      5.000      5.000
             303.000       2.375      -0.407       7.000   12.87%       5.000      6.000
     OSC6                  4.469      -0.314       1.000    4.29%       3.000      4.000      5.000
             303.000       2.553      -0.651       7.000    9.90%       5.000      6.000
     OSC7                  4.284      -0.199       1.000    5.28%       3.000      4.000      4.000
             303.000       2.797      -0.869       7.000    9.24%       5.000      6.000
     RD1                   4.188      -0.136       1.000    3.63%       3.000      4.000      4.000
             303.000       2.588      -0.972       7.000    6.27%       5.000      6.000
     RD2                   3.083       0.516       1.000   18.48%       2.000      2.000      3.000
             303.000       2.551      -0.478       7.000    2.97%       3.000      4.000
     RD3                   2.818       0.541       1.000   24.09%       1.000      2.000      3.000
             303.000       2.274      -0.512       7.000    0.99%       3.000      4.000
     RD4                   3.964      -0.072       1.000    9.57%       2.000      3.000      4.000
             303.000       3.104      -1.112       7.000    5.94%       5.000      6.000
     RD5                   3.419       0.303       1.000   14.19%       2.000      3.000      3.000
             303.000       2.857      -0.828       7.000    4.62%       4.000      5.000
     POS1                  3.475       0.104       1.000    7.92%       2.000      3.000      4.000
             303.000       1.913      -0.434       7.000    2.31%       4.000      5.000
     POS2                  3.158       0.363       1.000   16.83%       2.000      3.000      3.000
             303.000       2.430      -0.702       7.000    1.65%       3.000      5.000
     POS3                  4.112      -0.164       1.000    3.30%       3.000      4.000      4.000
             303.000       1.822      -0.181       7.000    3.63%       4.000      5.000
     POS5                  3.149       0.119       1.000   12.54%       2.000      3.000      3.000
             303.000       1.750      -0.637       7.000    0.33%       3.000      4.000
     POS6                  4.063      -0.170       1.000    3.96%       3.000      4.000      4.000
             303.000       2.072      -0.607       7.000    2.97%       5.000      5.000
     LS1                   4.046      -0.248       1.000    6.93%       2.000      4.000      4.000
             303.000       2.612      -0.927       7.000    3.96%       5.000      5.000
     LS2                   4.132      -0.141       1.000    3.96%       3.000      4.000      4.000
             303.000       2.167      -0.610       7.000    4.29%       5.000      5.000
     LS3                   4.611      -0.553       1.000    6.27%       3.000      4.000      5.000
             303.000       2.858      -0.617       7.000   10.23%       5.000      6.000
     LS4                   4.264      -0.311       1.000    8.25%       3.000      4.000      5.000
             303.000       3.046      -0.923       7.000    8.58%       5.000      6.000
     LS5                   3.182       0.424       1.000   23.43%       1.000      2.000      3.000
             303.000       3.251      -0.957       7.000    3.63%       3.000      5.000
     USC                   4.495      -0.273       1.000    0.66%       3.000      4.000      5.000
             303.000       1.867      -0.509       7.000    5.94%       5.000      6.000
     DSC                   2.759       0.808       1.000   14.52%       2.000      2.000      2.000
             303.000       1.727       0.257       7.000    0.66%       3.000      4.000


THE MODEL ESTIMATION TERMINATED NORMALLY

     USE THE FBITERATIONS OPTION TO INCREASE THE NUMBER OF ITERATIONS BY A FACTOR
     OF AT LEAST TWO TO CHECK CONVERGENCE AND THAT THE PSR VALUE DOES NOT INCREASE.



MODEL FIT INFORMATION

Number of Free Parameters                              93



MODEL RESULTS

                                Posterior  One-Tailed         95% C.I.
                    Estimate       S.D.      P-Value   Lower 2.5%  Upper 2.5%  Significance

 ASC      BY
    ASC1               1.000       0.000      0.000       1.000       1.000
    ASC2               0.959       0.086      0.000       0.809       1.146      *
    ASC3               0.758       0.079      0.000       0.616       0.929      *
    ASC4               1.241       0.102      0.000       1.072       1.477      *
    ASC5               1.485       0.111      0.000       1.304       1.740      *

 OSC      BY
    OSC1               1.000       0.000      0.000       1.000       1.000
    OSC2               0.852       0.057      0.000       0.742       0.966      *
    OSC3               0.765       0.061      0.000       0.647       0.886      *
    OSC4               0.662       0.064      0.000       0.537       0.788      *
    OSC6               0.784       0.064      0.000       0.660       0.913      *
    OSC7               1.005       0.060      0.000       0.891       1.125      *

 RD       BY
    RD1                1.000       0.000      0.000       1.000       1.000
    RD2                1.092       0.085      0.000       0.944       1.271      *
    RD3                0.941       0.081      0.000       0.800       1.118      *
    RD4                1.184       0.094      0.000       1.025       1.391      *
    RD5                1.171       0.093      0.000       1.010       1.376      *

 POS      BY
    POS1               1.000       0.000      0.000       1.000       1.000
    POS2               1.132       0.076      0.000       0.992       1.290      *
    POS3               1.019       0.072      0.000       0.886       1.172      *
    POS5               0.615       0.072      0.000       0.480       0.760      *
    POS6               1.044       0.078      0.000       0.902       1.205      *

 LS       BY
    LS1                1.000       0.000      0.000       1.000       1.000
    LS2                0.886       0.047      0.000       0.798       0.983      *
    LS3                1.073       0.050      0.000       0.980       1.179      *
    LS4                0.935       0.060      0.000       0.823       1.059      *
    LS5                0.808       0.066      0.000       0.681       0.941      *

 SCO      BY
    ASC                1.000       0.000      0.000       1.000       1.000
    OSC                1.289       0.103      0.000       1.114       1.524      *

 RD         ON
    SCO                0.407       0.291      0.072      -0.124       0.996
    SCOU              -0.009       0.051      0.425      -0.112       0.090
    SCOD              -0.082       0.055      0.063      -0.195       0.023

 POS        ON
    SCO               -0.075       0.260      0.387      -0.589       0.427
    SCOU               0.034       0.047      0.227      -0.057       0.126
    SCOD               0.115       0.052      0.011       0.017       0.222      *

 LS         ON
    SCO                0.127       0.067      0.024       0.001       0.258      *
    RD                -0.564       0.072      0.000      -0.717      -0.433      *
    POS                0.726       0.082      0.000       0.581       0.901      *

 RD         ON
    USC                0.112       0.058      0.043      -0.018       0.217
    DSC                0.130       0.055      0.011       0.018       0.235      *

 POS        ON
    USC               -0.031       0.052      0.270      -0.131       0.074
    DSC                0.015       0.050      0.383      -0.082       0.114

 Intercepts
    ASC1               4.196       0.084      0.000       4.028       4.359      *
    ASC2               4.843       0.081      0.000       4.688       5.002      *
    ASC3               5.124       0.074      0.000       4.979       5.269      *
    ASC4               4.428       0.092      0.000       4.250       4.617      *
    ASC5               3.957       0.100      0.000       3.763       4.156      *
    OSC1               4.319       0.086      0.000       4.152       4.496      *
    OSC2               4.578       0.087      0.000       4.405       4.748      *
    OSC3               4.890       0.088      0.000       4.719       5.066      *
    OSC4               4.792       0.087      0.000       4.622       4.959      *
    OSC6               4.453       0.090      0.000       4.277       4.629      *
    OSC7               4.262       0.093      0.000       4.079       4.453      *
    RD1                3.353       0.340      0.000       2.757       4.160      *
    RD2                2.167       0.368      0.000       1.539       3.052      *
    RD3                2.036       0.322      0.000       1.460       2.791      *
    RD4                2.975       0.401      0.000       2.275       3.929      *
    RD5                2.449       0.396      0.000       1.752       3.388      *
    POS1               3.516       0.300      0.000       2.901       4.090      *
    POS2               3.208       0.339      0.000       2.504       3.847      *
    POS3               4.159       0.306      0.000       3.522       4.746      *
    POS5               3.177       0.195      0.000       2.781       3.549      *
    POS6               4.110       0.315      0.000       3.455       4.707      *
    LS1                4.552       0.277      0.000       3.990       5.114      *
    LS2                4.579       0.247      0.000       4.080       5.094      *
    LS3                5.156       0.297      0.000       4.558       5.763      *
    LS4                4.740       0.265      0.000       4.209       5.290      *
    LS5                3.586       0.237      0.000       3.115       4.065      *

 Variances
    SCO                1.017       0.159      0.000       0.724       1.341      *

 Residual Variances
    ASC1               1.132       0.104      0.000       0.950       1.353      *
    ASC2               1.075       0.098      0.000       0.904       1.290      *
    ASC3               1.099       0.096      0.000       0.933       1.308      *
    ASC4               0.966       0.096      0.000       0.798       1.176      *
    ASC5               0.802       0.093      0.000       0.638       1.000      *
    OSC1               0.700       0.076      0.000       0.565       0.859      *
    OSC2               1.150       0.106      0.000       0.963       1.375      *
    OSC3               1.332       0.119      0.000       1.122       1.593      *
    OSC4               1.651       0.146      0.000       1.391       1.957      *
    OSC6               1.519       0.134      0.000       1.279       1.802      *
    OSC7               1.082       0.104      0.000       0.899       1.306      *
    RD1                1.226       0.118      0.000       1.018       1.486      *
    RD2                0.930       0.101      0.000       0.750       1.147      *
    RD3                1.079       0.102      0.000       0.896       1.297      *
    RD4                1.193       0.125      0.000       0.977       1.461      *
    RD5                0.988       0.109      0.000       0.793       1.223      *
    POS1               0.752       0.083      0.000       0.609       0.930      *
    POS2               0.932       0.103      0.000       0.746       1.153      *
    POS3               0.608       0.071      0.000       0.482       0.762      *
    POS5               1.324       0.114      0.000       1.120       1.570      *
    POS6               0.801       0.087      0.000       0.647       0.992      *
    LS1                0.641       0.071      0.000       0.516       0.789      *
    LS2                0.618       0.064      0.000       0.509       0.755      *
    LS3                0.586       0.067      0.000       0.463       0.725      *
    LS4                1.333       0.126      0.000       1.115       1.606      *
    LS5                1.987       0.172      0.000       1.685       2.363      *
    ASC                0.080       0.039      0.000       0.016       0.161      *
    OSC                0.031       0.044      0.000       0.003       0.163      *
    RD                 1.283       0.187      0.000       0.951       1.677      *
    POS                1.053       0.140      0.000       0.811       1.352      *
    LS                 0.517       0.078      0.000       0.382       0.683      *

New/Additional Parameters
    L_UDSC             1.000       0.000      0.000       1.000       1.000
    M_UDSC             4.000       0.000      0.000       4.000       4.000
    H_UDSC             7.000       0.000      0.000       7.000       7.000
    IE_L_RD           -0.224       0.145      0.047      -0.530       0.034
    IE_M_RD           -0.209       0.101      0.011      -0.424      -0.026      *
    IE_H_RD           -0.194       0.120      0.046      -0.439       0.026
    IE_L_POS           0.029       0.175      0.437      -0.324       0.369
    IE_M_POS           0.275       0.175      0.050      -0.054       0.634
    IE_H_POS           0.521       0.240      0.010       0.083       1.024      *
    DIF_LM_R          -0.016       0.087      0.425      -0.191       0.153
    DIF_LH_R          -0.033       0.173      0.425      -0.381       0.306
    DIF_MH_R          -0.016       0.087      0.425      -0.191       0.153
    DIF_LM_P          -0.249       0.115      0.011      -0.490      -0.039      *
    DIF_LH_P          -0.498       0.231      0.011      -0.981      -0.078      *
    DIF_MH_P          -0.249       0.115      0.011      -0.490      -0.039      *


STANDARDIZED MODEL RESULTS


STDYX Standardization

                                Posterior  One-Tailed         95% C.I.
                    Estimate       S.D.      P-Value   Lower 2.5%  Upper 2.5%  Significance
 ASC      BY
    ASC1               0.702       0.034      0.000       0.625       0.760      *
    ASC2               0.695       0.033      0.000       0.625       0.754      *
    ASC3               0.604       0.040      0.000       0.519       0.675      *
    ASC4               0.798       0.024      0.000       0.746       0.842      *
    ASC5               0.867       0.019      0.000       0.825       0.899      *

 OSC      BY
    OSC1               0.845       0.019      0.000       0.804       0.880      *
    OSC2               0.724       0.031      0.000       0.657       0.777      *
    OSC3               0.658       0.037      0.000       0.581       0.723      *
    OSC4               0.563       0.043      0.000       0.474       0.639      *
    OSC6               0.643       0.037      0.000       0.565       0.709      *
    OSC7               0.787       0.025      0.000       0.733       0.832      *

 RD       BY
    RD1                0.729       0.032      0.000       0.661       0.785      *
    RD2                0.800       0.026      0.000       0.743       0.846      *
    RD3                0.730       0.031      0.000       0.665       0.786      *
    RD4                0.788       0.027      0.000       0.729       0.836      *
    RD5                0.812       0.025      0.000       0.758       0.857      *

 POS      BY
    POS1               0.792       0.028      0.000       0.732       0.840      *
    POS2               0.796       0.028      0.000       0.737       0.845      *
    POS3               0.826       0.025      0.000       0.771       0.871      *
    POS5               0.515       0.047      0.000       0.417       0.601      *
    POS6               0.795       0.028      0.000       0.735       0.843      *

 LS       BY
    LS1                0.851       0.019      0.000       0.810       0.884      *
    LS2                0.826       0.021      0.000       0.780       0.862      *
    LS3                0.876       0.016      0.000       0.841       0.906      *
    LS4                0.724       0.029      0.000       0.662       0.777      *
    LS5                0.596       0.037      0.000       0.520       0.663      *

 SCO      BY
    ASC                0.962       0.018      0.000       0.927       0.993      *
    OSC                0.991       0.013      0.000       0.953       0.999      *

 RD         ON
    SCO                0.350       0.241      0.072      -0.106       0.817
    SCOU              -0.011       0.059      0.425      -0.128       0.103
    SCOD              -0.092       0.060      0.063      -0.209       0.026

 POS        ON
    SCO               -0.067       0.232      0.387      -0.535       0.378
    SCOU               0.042       0.056      0.227      -0.069       0.154
    SCOD               0.136       0.058      0.011       0.020       0.247      *

 LS         ON
    SCO                0.099       0.050      0.024       0.001       0.196      *
    RD                -0.515       0.055      0.000      -0.619      -0.403      *
    POS                0.632       0.055      0.000       0.520       0.733      *

 RD         ON
    USC                0.130       0.067      0.043      -0.020       0.250
    DSC                0.147       0.061      0.011       0.020       0.258      *

 POS        ON
    USC               -0.038       0.063      0.270      -0.154       0.091
    DSC                0.017       0.059      0.383      -0.095       0.132

 Intercepts
    ASC1               2.809       0.132      0.000       2.556       3.070      *
    ASC2               3.353       0.150      0.000       3.064       3.660      *
    ASC3               3.892       0.169      0.000       3.564       4.227      *
    ASC4               2.714       0.126      0.000       2.473       2.968      *
    ASC5               2.203       0.107      0.000       1.993       2.418      *
    OSC1               2.762       0.121      0.000       2.532       3.003      *
    OSC2               2.942       0.134      0.000       2.687       3.211      *
    OSC3               3.185       0.144      0.000       2.908       3.474      *
    OSC4               3.080       0.140      0.000       2.812       3.362      *
    OSC6               2.767       0.128      0.000       2.511       3.013      *
    OSC7               2.528       0.117      0.000       2.296       2.761      *
    RD1                2.070       0.235      0.000       1.645       2.600      *
    RD2                1.346       0.241      0.000       0.932       1.898      *
    RD3                1.340       0.224      0.000       0.935       1.842      *
    RD4                1.675       0.242      0.000       1.246       2.214      *
    RD5                1.438       0.245      0.000       1.000       1.985      *
    POS1               2.481       0.218      0.000       2.039       2.896      *
    POS2               2.017       0.214      0.000       1.563       2.404      *
    POS3               3.007       0.233      0.000       2.526       3.435      *
    POS5               2.371       0.168      0.000       2.021       2.683      *
    POS6               2.793       0.223      0.000       2.327       3.202      *
    LS1                2.984       0.193      0.000       2.598       3.355      *
    LS2                3.282       0.191      0.000       2.904       3.646      *
    LS3                3.243       0.195      0.000       2.852       3.608      *
    LS4                2.824       0.172      0.000       2.482       3.158      *
    LS5                2.042       0.144      0.000       1.754       2.314      *

 Variances
    SCO                1.000       0.000      0.000       1.000       1.000

 Residual Variances
    ASC1               0.508       0.047      0.000       0.423       0.609      *
    ASC2               0.516       0.046      0.000       0.431       0.609      *
    ASC3               0.636       0.048      0.000       0.545       0.730      *
    ASC4               0.363       0.039      0.000       0.291       0.444      *
    ASC5               0.249       0.033      0.000       0.191       0.319      *
    OSC1               0.286       0.033      0.000       0.225       0.354      *
    OSC2               0.476       0.044      0.000       0.396       0.568      *
    OSC3               0.567       0.048      0.000       0.478       0.662      *
    OSC4               0.683       0.047      0.000       0.592       0.775      *
    OSC6               0.586       0.047      0.000       0.497       0.681      *
    OSC7               0.381       0.039      0.000       0.308       0.463      *
    RD1                0.468       0.046      0.000       0.385       0.563      *
    RD2                0.360       0.042      0.000       0.285       0.448      *
    RD3                0.467       0.045      0.000       0.382       0.558      *
    RD4                0.379       0.042      0.000       0.301       0.468      *
    RD5                0.341       0.041      0.000       0.265       0.426      *
    POS1               0.373       0.043      0.000       0.295       0.464      *
    POS2               0.366       0.044      0.000       0.286       0.456      *
    POS3               0.317       0.042      0.000       0.241       0.405      *
    POS5               0.735       0.048      0.000       0.639       0.826      *
    POS6               0.367       0.044      0.000       0.290       0.460      *
    LS1                0.276       0.032      0.000       0.219       0.344      *
    LS2                0.318       0.034      0.000       0.256       0.391      *
    LS3                0.232       0.029      0.000       0.179       0.292      *
    LS4                0.475       0.042      0.000       0.396       0.562      *
    LS5                0.645       0.044      0.000       0.560       0.730      *
    ASC                0.075       0.034      0.000       0.015       0.141      *
    OSC                0.018       0.025      0.000       0.001       0.092      *
    RD                 0.925       0.025      0.000       0.868       0.967      *
    POS                0.841       0.051      0.000       0.728       0.927      *
    LS                 0.309       0.040      0.000       0.238       0.392      *


R-SQUARE

                                Posterior  One-Tailed         95% C.I.
    Variable        Estimate       S.D.      P-Value   Lower 2.5%  Upper 2.5%

    ASC1               0.492       0.047      0.000       0.391       0.577
    ASC2               0.484       0.046      0.000       0.391       0.569
    ASC3               0.364       0.048      0.000       0.270       0.455
    ASC4               0.637       0.039      0.000       0.556       0.709
    ASC5               0.751       0.033      0.000       0.681       0.809
    OSC1               0.714       0.033      0.000       0.646       0.775
    OSC2               0.524       0.044      0.000       0.432       0.604
    OSC3               0.433       0.048      0.000       0.338       0.522
    OSC4               0.317       0.047      0.000       0.225       0.408
    OSC6               0.414       0.047      0.000       0.319       0.503
    OSC7               0.619       0.039      0.000       0.537       0.692
    RD1                0.532       0.046      0.000       0.437       0.615
    RD2                0.640       0.042      0.000       0.552       0.715
    RD3                0.533       0.045      0.000       0.442       0.618
    RD4                0.621       0.042      0.000       0.532       0.699
    RD5                0.659       0.041      0.000       0.574       0.735
    POS1               0.627       0.043      0.000       0.536       0.705
    POS2               0.634       0.044      0.000       0.544       0.714
    POS3               0.683       0.042      0.000       0.595       0.759
    POS5               0.265       0.048      0.000       0.174       0.361
    POS6               0.633       0.044      0.000       0.540       0.710
    LS1                0.724       0.032      0.000       0.656       0.781
    LS2                0.682       0.034      0.000       0.609       0.744
    LS3                0.768       0.029      0.000       0.708       0.821
    LS4                0.525       0.042      0.000       0.438       0.604
    LS5                0.355       0.044      0.000       0.270       0.440

                                Posterior  One-Tailed         95% C.I.
    Variable        Estimate       S.D.      P-Value   Lower 2.5%  Upper 2.5%

    ASC                0.925       0.034      0.000       0.859       0.985
    OSC                0.982       0.025      0.000       0.908       0.999
    RD                 0.075       0.025      0.000       0.033       0.132
    POS                0.159       0.051      0.000       0.073       0.272
    LS                 0.691       0.040      0.000       0.608       0.762


CREDIBILITY INTERVALS OF MODEL RESULTS

                  Lower .5%  Lower 2.5%    Lower 5%    Estimate    Upper 5%  Upper 2.5%   Upper .5%

 ASC      BY
    ASC1             1.000       1.000       1.000       1.000       1.000       1.000       1.000
    ASC2             0.765       0.809       0.830       0.959       1.113       1.146       1.210
    ASC3             0.574       0.616       0.638       0.758       0.899       0.929       0.985
    ASC4             1.031       1.072       1.098       1.241       1.435       1.477       1.544
    ASC5             1.251       1.304       1.332       1.485       1.695       1.740       1.814

 OSC      BY
    OSC1             1.000       1.000       1.000       1.000       1.000       1.000       1.000
    OSC2             0.703       0.742       0.757       0.852       0.947       0.966       1.002
    OSC3             0.611       0.647       0.665       0.765       0.866       0.886       0.928
    OSC4             0.501       0.537       0.558       0.662       0.768       0.788       0.829
    OSC6             0.630       0.660       0.679       0.784       0.892       0.913       0.954
    OSC7             0.854       0.891       0.908       1.005       1.105       1.125       1.167

 RD       BY
    RD1              1.000       1.000       1.000       1.000       1.000       1.000       1.000
    RD2              0.909       0.944       0.966       1.092       1.238       1.271       1.370
    RD3              0.764       0.800       0.821       0.941       1.084       1.118       1.196
    RD4              0.973       1.025       1.049       1.184       1.352       1.391       1.484
    RD5              0.963       1.010       1.036       1.171       1.337       1.376       1.461

 POS      BY
    POS1             1.000       1.000       1.000       1.000       1.000       1.000       1.000
    POS2             0.949       0.992       1.012       1.132       1.262       1.290       1.347
    POS3             0.853       0.886       0.906       1.019       1.146       1.172       1.227
    POS5             0.440       0.480       0.501       0.615       0.737       0.760       0.812
    POS6             0.864       0.902       0.922       1.044       1.179       1.205       1.261

 LS       BY
    LS1              1.000       1.000       1.000       1.000       1.000       1.000       1.000
    LS2              0.770       0.798       0.812       0.886       0.968       0.983       1.009
    LS3              0.952       0.980       0.995       1.073       1.161       1.179       1.210
    LS4              0.788       0.823       0.841       0.935       1.040       1.059       1.097
    LS5              0.640       0.681       0.700       0.808       0.918       0.941       0.981

 SCO      BY
    ASC              1.000       1.000       1.000       1.000       1.000       1.000       1.000
    OSC              1.068       1.114       1.143       1.289       1.493       1.524       1.571

 RD       ON
    SCO             -0.308      -0.124      -0.046       0.407       0.906       0.996       1.215
    SCOU            -0.148      -0.112      -0.094      -0.009       0.073       0.090       0.119
    SCOD            -0.236      -0.195      -0.176      -0.082       0.007       0.023       0.052

 POS      ON
    SCO             -0.740      -0.589      -0.512      -0.075       0.347       0.427       0.587
    SCOU            -0.089      -0.057      -0.042       0.034       0.110       0.126       0.154
    SCOD            -0.013       0.017       0.033       0.115       0.202       0.222       0.254

 LS       ON
    SCO             -0.045       0.001       0.019       0.127       0.237       0.258       0.306
    RD              -0.770      -0.717      -0.686      -0.564      -0.453      -0.433      -0.395
    POS              0.536       0.581       0.602       0.726       0.867       0.901       0.965

 RD       ON
    USC             -0.057      -0.018       0.005       0.112       0.199       0.217       0.251
    DSC             -0.017       0.018       0.036       0.130       0.219       0.235       0.266

 POS      ON
    USC             -0.153      -0.131      -0.116      -0.031       0.057       0.074       0.111
    DSC             -0.113      -0.082      -0.068       0.015       0.100       0.114       0.146

 Intercepts
    ASC1             3.977       4.028       4.057       4.196       4.332       4.359       4.419
    ASC2             4.635       4.688       4.711       4.843       4.976       5.002       5.055
    ASC3             4.931       4.979       5.002       5.124       5.246       5.269       5.311
    ASC4             4.191       4.250       4.281       4.428       4.583       4.617       4.671
    ASC5             3.705       3.763       3.794       3.957       4.121       4.156       4.226
    OSC1             4.104       4.152       4.178       4.319       4.463       4.496       4.565
    OSC2             4.354       4.405       4.435       4.578       4.720       4.748       4.806
    OSC3             4.670       4.719       4.744       4.890       5.035       5.066       5.127
    OSC4             4.575       4.622       4.646       4.792       4.933       4.959       5.012
    OSC6             4.223       4.277       4.306       4.453       4.598       4.629       4.687
    OSC7             4.026       4.079       4.111       4.262       4.420       4.453       4.523
    RD1              2.547       2.757       2.852       3.353       4.020       4.160       4.297
    RD2              1.319       1.539       1.647       2.167       2.904       3.052       3.202
    RD3              1.283       1.460       1.556       2.036       2.661       2.791       2.938
    RD4              2.048       2.275       2.386       2.975       3.752       3.929       4.099
    RD5              1.506       1.752       1.877       2.449       3.222       3.388       3.550
    POS1             2.713       2.901       3.016       3.516       4.025       4.090       4.179
    POS2             2.278       2.504       2.645       3.208       3.773       3.847       3.955
    POS3             3.343       3.522       3.640       4.159       4.678       4.746       4.833
    POS5             2.635       2.781       2.848       3.177       3.498       3.549       3.629
    POS6             3.254       3.455       3.583       4.110       4.643       4.707       4.797
    LS1              3.883       3.990       4.077       4.552       5.020       5.114       5.230
    LS2              3.984       4.080       4.153       4.579       5.000       5.094       5.184
    LS3              4.453       4.558       4.638       5.156       5.656       5.763       5.885
    LS4              4.105       4.209       4.279       4.740       5.188       5.290       5.399
    LS5              3.003       3.115       3.185       3.586       3.981       4.065       4.194

 Variances
    SCO              0.664       0.724       0.762       1.017       1.282       1.341       1.470

 Residual Variances
    ASC1             0.899       0.950       0.976       1.132       1.312       1.353       1.449
    ASC2             0.851       0.904       0.930       1.075       1.251       1.290       1.358
    ASC3             0.891       0.933       0.957       1.099       1.271       1.308       1.381
    ASC4             0.748       0.798       0.824       0.966       1.135       1.176       1.241
    ASC5             0.589       0.638       0.664       0.802       0.969       1.000       1.079
    OSC1             0.523       0.565       0.584       0.700       0.831       0.859       0.920
    OSC2             0.903       0.963       0.992       1.150       1.339       1.375       1.482
    OSC3             1.071       1.122       1.158       1.332       1.546       1.593       1.680
    OSC4             1.307       1.391       1.431       1.651       1.905       1.957       2.085
    OSC6             1.219       1.279       1.313       1.519       1.758       1.802       1.894
    OSC7             0.857       0.899       0.927       1.082       1.266       1.306       1.397
    RD1              0.963       1.018       1.050       1.226       1.435       1.486       1.566
    RD2              0.707       0.750       0.777       0.930       1.108       1.147       1.224
    RD3              0.850       0.896       0.922       1.079       1.258       1.297       1.372
    RD4              0.913       0.977       1.007       1.193       1.417       1.461       1.562
    RD5              0.743       0.793       0.820       0.988       1.177       1.223       1.314
    POS1             0.560       0.609       0.628       0.752       0.897       0.930       0.995
    POS2             0.694       0.746       0.773       0.932       1.113       1.153       1.230
    POS3             0.448       0.482       0.501       0.608       0.733       0.762       0.812
    POS5             1.061       1.120       1.152       1.324       1.521       1.570       1.651
    POS6             0.603       0.647       0.669       0.801       0.955       0.992       1.053
    LS1              0.482       0.516       0.533       0.641       0.764       0.789       0.849
    LS2              0.474       0.509       0.523       0.618       0.730       0.755       0.810
    LS3              0.426       0.463       0.482       0.586       0.702       0.725       0.775
    LS4              1.060       1.115       1.147       1.333       1.557       1.606       1.702
    LS5              1.602       1.685       1.727       1.987       2.295       2.363       2.479
    ASC              0.010       0.016       0.021       0.080       0.144       0.161       0.193
    OSC              0.001       0.003       0.004       0.031       0.141       0.163       0.199
    RD               0.841       0.951       1.001       1.283       1.609       1.677       1.820
    POS              0.740       0.811       0.846       1.053       1.305       1.352       1.475
    LS               0.348       0.382       0.402       0.517       0.655       0.683       0.748

New/Additional Parameters
    L_UDSC           1.000       1.000       1.000       1.000       1.000       1.000       1.000
    M_UDSC           4.000       4.000       4.000       4.000       4.000       4.000       4.000
    H_UDSC           7.000       7.000       7.000       7.000       7.000       7.000       7.000
    IE_L_RD         -0.642      -0.530      -0.477      -0.224      -0.003       0.034       0.122
    IE_M_RD         -0.496      -0.424      -0.388      -0.209      -0.053      -0.026       0.030
    IE_H_RD         -0.532      -0.439      -0.400      -0.194      -0.004       0.026       0.093
    IE_L_POS        -0.418      -0.324      -0.264       0.029       0.313       0.369       0.479
    IE_M_POS        -0.152      -0.054       0.000       0.275       0.569       0.634       0.770
    IE_H_POS        -0.063       0.083       0.149       0.521       0.942       1.024       1.208
    DIF_LM_R        -0.266      -0.191      -0.160      -0.016       0.122       0.153       0.207
    DIF_LH_R        -0.532      -0.381      -0.320      -0.033       0.243       0.306       0.414
    DIF_MH_R        -0.266      -0.191      -0.160      -0.016       0.122       0.153       0.207
    DIF_LM_P        -0.582      -0.490      -0.449      -0.249      -0.071      -0.039       0.029
    DIF_LH_P        -1.163      -0.981      -0.899      -0.498      -0.142      -0.078       0.058
    DIF_MH_P        -0.582      -0.490      -0.449      -0.249      -0.071      -0.039       0.029


CREDIBILITY INTERVALS OF STANDARDIZED MODEL RESULTS


STDYX Standardization

                  Lower .5%  Lower 2.5%    Lower 5%    Estimate    Upper 5%  Upper 2.5%   Upper .5%

 ASC      BY
    ASC1             0.603       0.625       0.639       0.702       0.751       0.760       0.774
    ASC2             0.603       0.625       0.637       0.695       0.745       0.754       0.773
    ASC3             0.488       0.519       0.533       0.604       0.664       0.675       0.694
    ASC4             0.727       0.746       0.756       0.798       0.836       0.842       0.855
    ASC5             0.811       0.825       0.832       0.867       0.894       0.899       0.909

 OSC      BY
    OSC1             0.789       0.804       0.811       0.845       0.874       0.880       0.890
    OSC2             0.631       0.657       0.668       0.724       0.770       0.777       0.795
    OSC3             0.552       0.581       0.595       0.658       0.713       0.723       0.742
    OSC4             0.444       0.474       0.490       0.563       0.628       0.639       0.659
    OSC6             0.539       0.565       0.579       0.643       0.700       0.709       0.729
    OSC7             0.710       0.733       0.742       0.787       0.825       0.832       0.843

 RD       BY
    RD1              0.633       0.661       0.672       0.729       0.777       0.785       0.801
    RD2              0.723       0.743       0.754       0.800       0.840       0.846       0.858
    RD3              0.641       0.665       0.676       0.730       0.778       0.786       0.801
    RD4              0.709       0.729       0.740       0.788       0.829       0.836       0.851
    RD5              0.737       0.758       0.768       0.812       0.850       0.857       0.868

 POS      BY
    POS1             0.712       0.732       0.743       0.792       0.833       0.840       0.855
    POS2             0.715       0.737       0.747       0.796       0.838       0.845       0.859
    POS3             0.753       0.771       0.781       0.826       0.864       0.871       0.883
    POS5             0.383       0.417       0.433       0.515       0.588       0.601       0.626
    POS6             0.716       0.735       0.745       0.795       0.836       0.843       0.855

 LS       BY
    LS1              0.797       0.810       0.817       0.851       0.880       0.884       0.893
    LS2              0.763       0.780       0.788       0.826       0.856       0.862       0.873
    LS3              0.829       0.841       0.848       0.876       0.901       0.906       0.914
    LS4              0.640       0.662       0.673       0.724       0.769       0.777       0.791
    LS5              0.493       0.520       0.533       0.596       0.653       0.663       0.683

 SCO      BY
    ASC              0.913       0.927       0.933       0.962       0.990       0.993       0.995
    OSC              0.943       0.953       0.958       0.991       0.999       0.999       1.000

 RD       ON
    SCO             -0.255      -0.106      -0.042       0.350       0.743       0.817       0.990
    SCOU            -0.165      -0.128      -0.108      -0.011       0.084       0.103       0.138
    SCOD            -0.244      -0.209      -0.190      -0.092       0.008       0.026       0.059

 POS      ON
    SCO             -0.666      -0.535      -0.459      -0.067       0.307       0.378       0.516
    SCOU            -0.107      -0.069      -0.050       0.042       0.135       0.154       0.182
    SCOD            -0.017       0.020       0.039       0.136       0.230       0.247       0.283

 LS       ON
    SCO             -0.034       0.001       0.015       0.099       0.180       0.196       0.224
    RD              -0.653      -0.619      -0.603      -0.515      -0.422      -0.403      -0.368
    POS              0.479       0.520       0.539       0.632       0.719       0.733       0.762

 RD       ON
    USC             -0.065      -0.020       0.006       0.130       0.228       0.250       0.282
    DSC             -0.020       0.020       0.041       0.147       0.240       0.258       0.287

 POS      ON
    USC             -0.182      -0.154      -0.139      -0.038       0.072       0.091       0.135
    DSC             -0.126      -0.095      -0.079       0.017       0.117       0.132       0.170

 Intercepts
    ASC1             2.478       2.556       2.597       2.809       3.029       3.070       3.166
    ASC2             2.979       3.064       3.114       3.353       3.606       3.660       3.746
    ASC3             3.464       3.564       3.619       3.892       4.174       4.227       4.346
    ASC4             2.396       2.473       2.507       2.714       2.924       2.968       3.047
    ASC5             1.931       1.993       2.030       2.203       2.381       2.418       2.481
    OSC1             2.458       2.532       2.565       2.762       2.965       3.003       3.070
    OSC2             2.608       2.687       2.729       2.942       3.171       3.211       3.292
    OSC3             2.819       2.908       2.958       3.185       3.426       3.474       3.571
    OSC4             2.723       2.812       2.854       3.080       3.315       3.362       3.451
    OSC6             2.440       2.511       2.553       2.767       2.975       3.013       3.087
    OSC7             2.227       2.296       2.337       2.528       2.721       2.761       2.845
    RD1              1.531       1.645       1.708       2.070       2.495       2.600       2.732
    RD2              0.792       0.932       0.998       1.346       1.813       1.898       2.009
    RD3              0.819       0.935       1.000       1.340       1.759       1.842       1.945
    RD4              1.115       1.246       1.309       1.675       2.120       2.214       2.337
    RD5              0.854       1.000       1.075       1.438       1.888       1.985       2.113
    POS1             1.914       2.039       2.117       2.481       2.839       2.896       3.009
    POS2             1.418       1.563       1.641       2.017       2.354       2.404       2.489
    POS3             2.367       2.526       2.606       3.007       3.368       3.435       3.535
    POS5             1.904       2.021       2.081       2.371       2.635       2.683       2.771
    POS6             2.185       2.327       2.405       2.793       3.142       3.202       3.312
    LS1              2.503       2.598       2.649       2.984       3.295       3.355       3.480
    LS2              2.779       2.904       2.961       3.282       3.592       3.646       3.756
    LS3              2.740       2.852       2.906       3.243       3.556       3.608       3.747
    LS4              2.388       2.482       2.535       2.824       3.105       3.158       3.278
    LS5              1.672       1.754       1.796       2.042       2.273       2.314       2.401

 Variances
    SCO              1.000       1.000       1.000       1.000       1.000       1.000       1.000

 Residual Variances
    ASC1             0.401       0.423       0.437       0.508       0.592       0.609       0.637
    ASC2             0.403       0.431       0.444       0.516       0.595       0.609       0.636
    ASC3             0.518       0.545       0.559       0.636       0.716       0.730       0.762
    ASC4             0.269       0.291       0.302       0.363       0.429       0.444       0.471
    ASC5             0.174       0.191       0.201       0.249       0.307       0.319       0.343
    OSC1             0.208       0.225       0.235       0.286       0.343       0.354       0.377
    OSC2             0.369       0.396       0.408       0.476       0.553       0.568       0.601
    OSC3             0.450       0.478       0.492       0.567       0.646       0.662       0.695
    OSC4             0.565       0.592       0.605       0.683       0.760       0.775       0.803
    OSC6             0.469       0.497       0.509       0.586       0.665       0.681       0.710
    OSC7             0.289       0.308       0.319       0.381       0.450       0.463       0.496
    RD1              0.359       0.385       0.397       0.468       0.549       0.563       0.600
    RD2              0.263       0.285       0.295       0.360       0.432       0.448       0.477
    RD3              0.358       0.382       0.395       0.467       0.543       0.558       0.589
    RD4              0.277       0.301       0.313       0.379       0.452       0.468       0.497
    RD5              0.247       0.265       0.277       0.341       0.411       0.426       0.456
    POS1             0.269       0.295       0.306       0.373       0.448       0.464       0.494
    POS2             0.263       0.286       0.298       0.366       0.441       0.456       0.489
    POS3             0.220       0.241       0.253       0.317       0.391       0.405       0.434
    POS5             0.608       0.639       0.654       0.735       0.813       0.826       0.853
    POS6             0.270       0.290       0.300       0.367       0.446       0.460       0.488
    LS1              0.202       0.219       0.226       0.276       0.333       0.344       0.365
    LS2              0.239       0.256       0.267       0.318       0.379       0.391       0.418
    LS3              0.164       0.179       0.188       0.232       0.281       0.292       0.313
    LS4              0.375       0.396       0.408       0.475       0.547       0.562       0.590
    LS5              0.533       0.560       0.574       0.645       0.716       0.730       0.757
    ASC              0.009       0.015       0.020       0.075       0.130       0.141       0.167
    OSC              0.001       0.001       0.002       0.018       0.082       0.092       0.111
    RD               0.847       0.868       0.878       0.925       0.961       0.967       0.977
    POS              0.688       0.728       0.748       0.841       0.915       0.927       0.950
    LS               0.218       0.238       0.249       0.309       0.378       0.392       0.422


PLOT INFORMATION

The following plots are available:

  Loop plots
  Bayesian posterior parameter distributions
  Bayesian posterior parameter trace plots
  Bayesian autocorrelation plots
  Bayesian prior parameter distributions

     Beginning Time:  19:29:24
        Ending Time:  19:30:27
       Elapsed Time:  00:01:03



MUTHEN & MUTHEN
3463 Stoner Ave.
Los Angeles, CA  90066

Tel: (310) 391-9971
Fax: (310) 391-8971
Web: www.StatModel.com
Support: Support@StatModel.com

Copyright (c) 1998-2019 Muthen & Muthen
